#
# There is insufficient memory for the Java Runtime Environment to continue.
# Native memory allocation (malloc) failed to allocate 132120576 bytes for committing reserved memory.
# Possible reasons:
#   The system is out of physical RAM or swap space
#   In 32 bit mode, the process size limit was hit
# Possible solutions:
#   Reduce memory load on the system
#   Increase physical memory or swap space
#   Check if swap backing store is full
#   Use 64 bit Java on a 64 bit OS
#   Decrease Java heap size (-Xmx/-Xms)
#   Decrease number of Java threads
#   Decrease Java thread stack sizes (-Xss)
#   Set larger code cache with -XX:ReservedCodeCacheSize=
# This output file may be truncated or incomplete.
#
#  Out of Memory Error (os_linux.cpp:2827), pid=7476, tid=140446817638144
#
# JRE version: OpenJDK Runtime Environment (7.0_121) (build 1.7.0_121-b00)
# Java VM: OpenJDK 64-Bit Server VM (24.121-b00 mixed mode linux-amd64 compressed oops)
# Derivative: IcedTea 2.6.8
# Distribution: Ubuntu 14.04 LTS, package 7u121-2.6.8-1ubuntu0.14.04.1
# Failed to write core dump. Core dumps have been disabled. To enable core dumping, try "ulimit -c unlimited" before starting Java again
#

---------------  T H R E A D  ---------------

Current thread (0x00007fbc5c075800):  VMThread [stack: 0x00007fbc529cd000,0x00007fbc52ace000] [id=7484]

Stack: [0x00007fbc529cd000,0x00007fbc52ace000],  sp=0x00007fbc52acc490,  free space=1021k
Native frames: (J=compiled Java code, j=interpreted, Vv=VM code, C=native code)
V  [libjvm.so+0x95d825]
V  [libjvm.so+0x497994]
V  [libjvm.so+0x7d692b]
V  [libjvm.so+0x7d12ef]
V  [libjvm.so+0x8465eb]
V  [libjvm.so+0x835e8b]
V  [libjvm.so+0x83604b]
V  [libjvm.so+0x836f78]
V  [libjvm.so+0x83d884]
V  [libjvm.so+0x843eed]
V  [libjvm.so+0x7f9443]
V  [libjvm.so+0x95f234]
V  [libjvm.so+0x963337]
V  [libjvm.so+0x961df8]
V  [libjvm.so+0x962259]
V  [libjvm.so+0x9626a2]
V  [libjvm.so+0x7d3722]

VM_Operation (0x00007fbc631aea10): ParallelGCFailedAllocation, mode: safepoint, requested by thread 0x00007fbc5c00a000


---------------  P R O C E S S  ---------------

Java Threads: ( => current thread )
  0x00007fbc5c517000 JavaThread "process reaper" daemon [_thread_blocked, id=7493, stack(0x00007fbc5035d000,0x00007fbc50396000)]
  0x00007fbc5c0af000 JavaThread "Service Thread" daemon [_thread_blocked, id=7490, stack(0x00007fbc51ce4000,0x00007fbc51de5000)]
  0x00007fbc5c0ad000 JavaThread "C2 CompilerThread1" daemon [_thread_blocked, id=7489, stack(0x00007fbc51de5000,0x00007fbc51ee6000)]
  0x00007fbc5c0aa000 JavaThread "C2 CompilerThread0" daemon [_thread_blocked, id=7488, stack(0x00007fbc51ee6000,0x00007fbc51fe7000)]
  0x00007fbc5c0a8000 JavaThread "Signal Dispatcher" daemon [_thread_blocked, id=7487, stack(0x00007fbc51fe7000,0x00007fbc520e8000)]
  0x00007fbc5c07c000 JavaThread "Finalizer" daemon [_thread_blocked, id=7486, stack(0x00007fbc527cb000,0x00007fbc528cc000)]
  0x00007fbc5c07a000 JavaThread "Reference Handler" daemon [_thread_blocked, id=7485, stack(0x00007fbc528cc000,0x00007fbc529cd000)]
  0x00007fbc5c00a000 JavaThread "main" [_thread_blocked, id=7479, stack(0x00007fbc630b1000,0x00007fbc631b2000)]

Other Threads:
=>0x00007fbc5c075800 VMThread [stack: 0x00007fbc529cd000,0x00007fbc52ace000] [id=7484]
  0x00007fbc5c0ba000 WatcherThread [stack: 0x00007fbc51be3000,0x00007fbc51ce4000] [id=7491]

VM state:at safepoint (normal execution)

VM Mutex/Monitor currently owned by a thread:  ([mutex/lock_event])
[0x00007fbc5c0060d0] ExpandHeap_lock - owner thread: 0x00007fbc5c075800
[0x00007fbc5c006750] Threads_lock - owner thread: 0x00007fbc5c075800
[0x00007fbc5c006c50] Heap_lock - owner thread: 0x00007fbc5c00a000

Heap
 PSYoungGen      total 196096K, used 5092K [0x00000007d6e00000, 0x00000007e7c80000, 0x0000000800000000)
  eden space 163328K, 0% used [0x00000007d6e00000,0x00000007d6e00000,0x00000007e0d80000)
  from space 32768K, 15% used [0x00000007e5300000,0x00000007e57f9190,0x00000007e7300000)
  to   space 56832K, 0% used [0x00000007e0d80000,0x00000007e0d80000,0x00000007e4500000)
 ParOldGen       total 139776K, used 139337K [0x0000000784a00000, 0x000000078d280000, 0x00000007d6e00000)
  object space 139776K, 99% used [0x0000000784a00000,0x000000078d212458,0x000000078d280000)
 PSPermGen       total 37376K, used 18541K [0x000000077a400000, 0x000000077c880000, 0x0000000784a00000)
  object space 37376K, 49% used [0x000000077a400000,0x000000077b61b6c8,0x000000077c880000)

Card table byte_map: [0x00007fbc587bd000,0x00007fbc58bec000] byte_map_base: 0x00007fbc54beb000

Polling page: 0x00007fbc631cc000

Code Cache  [0x00007fbc58bec000, 0x00007fbc58eec000, 0x00007fbc5bbec000)
 total_blobs=1009 nmethods=703 adapters=258 free_code_cache=46385Kb largest_free_block=47242304

Compilation events (10 events):
Event: 16.684 Thread 0x00007fbc5c0ad000 nmethod 794 0x00007fbc58cc8110 code [0x00007fbc58cc8260, 0x00007fbc58cc83d8]
Event: 16.684 Thread 0x00007fbc5c0ad000  795             com.sun.tools.javac.tree.JCTree$JCMethodDecl::<init> (56 bytes)
Event: 16.684 Thread 0x00007fbc5c0ad000 nmethod 795 0x00007fbc58c8e310 code [0x00007fbc58c8e440, 0x00007fbc58c8e518]
Event: 16.689 Thread 0x00007fbc5c0ad000  796             com.sun.tools.javac.tree.TreeMaker::TypeIdent (19 bytes)
Event: 16.690 Thread 0x00007fbc5c0ad000 nmethod 796 0x00007fbc58c8e050 code [0x00007fbc58c8e1a0, 0x00007fbc58c8e278]
Event: 16.694 Thread 0x00007fbc5c0aa000 nmethod 793 0x00007fbc58d48e90 code [0x00007fbc58d49100, 0x00007fbc58d49a28]
Event: 17.783 Thread 0x00007fbc5c0ad000  797             com.sun.tools.javac.file.ZipFileIndex$ZipDirectory::readEntry (587 bytes)
Event: 17.806 Thread 0x00007fbc5c0ad000 nmethod 797 0x00007fbc58dcd850 code [0x00007fbc58dcdb60, 0x00007fbc58dcef98]
Event: 17.901 Thread 0x00007fbc5c0aa000  798 %           com.sun.tools.javac.file.ZipFileIndex$ZipDirectory::readEntry @ 102 (587 bytes)
Event: 17.927 Thread 0x00007fbc5c0aa000 nmethod 798% 0x00007fbc58df10d0 code [0x00007fbc58df13e0, 0x00007fbc58df2a18]

GC Heap History (10 events):
Event: 8.802 GC heap after
Heap after GC invocations=7 (full 0):
 PSYoungGen      total 72192K, used 7486K [0x00000007d6e00000, 0x00000007dfc00000, 0x0000000800000000)
  eden space 64512K, 0% used [0x00000007d6e00000,0x00000007d6e00000,0x00000007dad00000)
  from space 7680K, 97% used [0x00000007dad00000,0x00000007db44fb90,0x00000007db480000)
  to   space 8192K, 0% used [0x00000007df400000,0x00000007df400000,0x00000007dfc00000)
 ParOldGen       total 83968K, used 6268K [0x0000000784a00000, 0x0000000789c00000, 0x00000007d6e00000)
  object space 83968K, 7% used [0x0000000784a00000,0x000000078501f360,0x0000000789c00000)
 PSPermGen       total 21504K, used 14638K [0x000000077a400000, 0x000000077b900000, 0x0000000784a00000)
  object space 21504K, 68% used [0x000000077a400000,0x000000077b24baa0,0x000000077b900000)
}
Event: 9.718 GC heap before
{Heap before GC invocations=8 (full 0):
 PSYoungGen      total 72192K, used 71998K [0x00000007d6e00000, 0x00000007dfc00000, 0x0000000800000000)
  eden space 64512K, 100% used [0x00000007d6e00000,0x00000007dad00000,0x00000007dad00000)
  from space 7680K, 97% used [0x00000007dad00000,0x00000007db44fb90,0x00000007db480000)
  to   space 8192K, 0% used [0x00000007df400000,0x00000007df400000,0x00000007dfc00000)
 ParOldGen       total 83968K, used 6268K [0x0000000784a00000, 0x0000000789c00000, 0x00000007d6e00000)
  object space 83968K, 7% used [0x0000000784a00000,0x000000078501f360,0x0000000789c00000)
 PSPermGen       total 21504K, used 18115K [0x000000077a400000, 0x000000077b900000, 0x0000000784a00000)
  object space 21504K, 84% used [0x000000077a400000,0x000000077b5b0f10,0x000000077b900000)
Event: 9.757 GC heap after
Heap after GC invocations=8 (full 0):
 PSYoungGen      total 134144K, used 8183K [0x00000007d6e00000, 0x00000007e0200000, 0x0000000800000000)
  eden space 125952K, 0% used [0x00000007d6e00000,0x00000007d6e00000,0x00000007de900000)
  from space 8192K, 99% used [0x00000007df400000,0x00000007dfbfde98,0x00000007dfc00000)
  to   space 11264K, 0% used [0x00000007de900000,0x00000007de900000,0x00000007df400000)
 ParOldGen       total 83968K, used 11571K [0x0000000784a00000, 0x0000000789c00000, 0x00000007d6e00000)
  object space 83968K, 13% used [0x0000000784a00000,0x000000078554cd30,0x0000000789c00000)
 PSPermGen       total 21504K, used 18115K [0x000000077a400000, 0x000000077b900000, 0x0000000784a00000)
  object space 21504K, 84% used [0x000000077a400000,0x000000077b5b0f10,0x000000077b900000)
}
Event: 13.210 GC heap before
{Heap before GC invocations=9 (full 0):
 PSYoungGen      total 134144K, used 134135K [0x00000007d6e00000, 0x00000007e0200000, 0x0000000800000000)
  eden space 125952K, 100% used [0x00000007d6e00000,0x00000007de900000,0x00000007de900000)
  from space 8192K, 99% used [0x00000007df400000,0x00000007dfbfde98,0x00000007dfc00000)
  to   space 11264K, 0% used [0x00000007de900000,0x00000007de900000,0x00000007df400000)
 ParOldGen       total 83968K, used 11571K [0x0000000784a00000, 0x0000000789c00000, 0x00000007d6e00000)
  object space 83968K, 13% used [0x0000000784a00000,0x000000078554cd30,0x0000000789c00000)
 PSPermGen       total 21504K, used 18439K [0x000000077a400000, 0x000000077b900000, 0x0000000784a00000)
  object space 21504K, 85% used [0x000000077a400000,0x000000077b601e18,0x000000077b900000)
Event: 13.320 GC heap after
Heap after GC invocations=9 (full 0):
 PSYoungGen      total 137216K, used 11262K [0x00000007d6e00000, 0x00000007e7300000, 0x0000000800000000)
  eden space 125952K, 0% used [0x00000007d6e00000,0x00000007d6e00000,0x00000007de900000)
  from space 11264K, 99% used [0x00000007de900000,0x00000007df3ffa88,0x00000007df400000)
  to   space 32768K, 0% used [0x00000007e5300000,0x00000007e5300000,0x00000007e7300000)
 ParOldGen       total 83968K, used 61916K [0x0000000784a00000, 0x0000000789c00000, 0x00000007d6e00000)
  object space 83968K, 73% used [0x0000000784a00000,0x0000000788677048,0x0000000789c00000)
 PSPermGen       total 21504K, used 18439K [0x000000077a400000, 0x000000077b900000, 0x0000000784a00000)
  object space 21504K, 85% used [0x000000077a400000,0x000000077b601e18,0x000000077b900000)
}
Event: 13.320 GC heap before
{Heap before GC invocations=10 (full 1):
 PSYoungGen      total 137216K, used 11262K [0x00000007d6e00000, 0x00000007e7300000, 0x0000000800000000)
  eden space 125952K, 0% used [0x00000007d6e00000,0x00000007d6e00000,0x00000007de900000)
  from space 11264K, 99% used [0x00000007de900000,0x00000007df3ffa88,0x00000007df400000)
  to   space 32768K, 0% used [0x00000007e5300000,0x00000007e5300000,0x00000007e7300000)
 ParOldGen       total 83968K, used 61916K [0x0000000784a00000, 0x0000000789c00000, 0x00000007d6e00000)
  object space 83968K, 73% used [0x0000000784a00000,0x0000000788677048,0x0000000789c00000)
 PSPermGen       total 21504K, used 18439K [0x000000077a400000, 0x000000077b900000, 0x0000000784a00000)
  object space 21504K, 85% used [0x000000077a400000,0x000000077b601e18,0x000000077b900000)
Event: 13.688 GC heap after
Heap after GC invocations=10 (full 1):
 PSYoungGen      total 137216K, used 0K [0x00000007d6e00000, 0x00000007e7300000, 0x0000000800000000)
  eden space 125952K, 0% used [0x00000007d6e00000,0x00000007d6e00000,0x00000007de900000)
  from space 11264K, 0% used [0x00000007de900000,0x00000007de900000,0x00000007df400000)
  to   space 32768K, 0% used [0x00000007e5300000,0x00000007e5300000,0x00000007e7300000)
 ParOldGen       total 139776K, used 67110K [0x0000000784a00000, 0x000000078d280000, 0x00000007d6e00000)
  object space 139776K, 48% used [0x0000000784a00000,0x0000000788b89a20,0x000000078d280000)
 PSPermGen       total 37376K, used 18427K [0x000000077a400000, 0x000000077c880000, 0x0000000784a00000)
  object space 37376K, 49% used [0x000000077a400000,0x000000077b5feeb8,0x000000077c880000)
}
Event: 18.151 GC heap before
{Heap before GC invocations=11 (full 1):
 PSYoungGen      total 137216K, used 125161K [0x00000007d6e00000, 0x00000007e7300000, 0x0000000800000000)
  eden space 125952K, 99% used [0x00000007d6e00000,0x00000007de83a770,0x00000007de900000)
  from space 11264K, 0% used [0x00000007de900000,0x00000007de900000,0x00000007df400000)
  to   space 32768K, 0% used [0x00000007e5300000,0x00000007e5300000,0x00000007e7300000)
 ParOldGen       total 139776K, used 67110K [0x0000000784a00000, 0x000000078d280000, 0x00000007d6e00000)
  object space 139776K, 48% used [0x0000000784a00000,0x0000000788b89a20,0x000000078d280000)
 PSPermGen       total 37376K, used 18541K [0x000000077a400000, 0x000000077c880000, 0x0000000784a00000)
  object space 37376K, 49% used [0x000000077a400000,0x000000077b61b748,0x000000077c880000)
Event: 18.261 GC heap after
Heap after GC invocations=11 (full 1):
 PSYoungGen      total 196096K, used 32762K [0x00000007d6e00000, 0x00000007e7c80000, 0x0000000800000000)
  eden space 163328K, 0% used [0x00000007d6e00000,0x00000007d6e00000,0x00000007e0d80000)
  from space 32768K, 99% used [0x00000007e5300000,0x00000007e72feb80,0x00000007e7300000)
  to   space 56832K, 0% used [0x00000007e0d80000,0x00000007e0d80000,0x00000007e4500000)
 ParOldGen       total 139776K, used 116618K [0x0000000784a00000, 0x000000078d280000, 0x00000007d6e00000)
  object space 139776K, 83% used [0x0000000784a00000,0x000000078bbe2870,0x000000078d280000)
 PSPermGen       total 37376K, used 18541K [0x000000077a400000, 0x000000077c880000, 0x0000000784a00000)
  object space 37376K, 49% used [0x000000077a400000,0x000000077b61b748,0x000000077c880000)
}
Event: 18.261 GC heap before
{Heap before GC invocations=12 (full 2):
 PSYoungGen      total 196096K, used 32762K [0x00000007d6e00000, 0x00000007e7c80000, 0x0000000800000000)
  eden space 163328K, 0% used [0x00000007d6e00000,0x00000007d6e00000,0x00000007e0d80000)
  from space 32768K, 99% used [0x00000007e5300000,0x00000007e72feb80,0x00000007e7300000)
  to   space 56832K, 0% used [0x00000007e0d80000,0x00000007e0d80000,0x00000007e4500000)
 ParOldGen       total 139776K, used 116618K [0x0000000784a00000, 0x000000078d280000, 0x00000007d6e00000)
  object space 139776K, 83% used [0x0000000784a00000,0x000000078bbe2870,0x000000078d280000)
 PSPermGen       total 37376K, used 18541K [0x000000077a400000, 0x000000077c880000, 0x0000000784a00000)
  object space 37376K, 49% used [0x000000077a400000,0x000000077b61b748,0x000000077c880000)

Deoptimization events (10 events):
Event: 14.072 Thread 0x00007fbc5c00a000 Uncommon trap: reason=unstable_if action=reinterpret pc=0x00007fbc58e71a40 method=com.sun.tools.javac.parser.JavacParser.term3()Lcom/sun/tools/javac/tree/JCTree$JCExpression; @ 572
Event: 14.722 Thread 0x00007fbc5c00a000 Uncommon trap: reason=unstable_if action=reinterpret pc=0x00007fbc58e0e674 method=com.sun.tools.javac.parser.JavacParser.blockStatements()Lcom/sun/tools/javac/util/List; @ 698
Event: 15.231 Thread 0x00007fbc5c00a000 Uncommon trap: reason=unstable_if action=reinterpret pc=0x00007fbc58eb4de4 method=com.sun.tools.javac.parser.JavacParser.typeArgumentsOpt(I)Lcom/sun/tools/javac/util/List; @ 12
Event: 15.231 Thread 0x00007fbc5c00a000 Uncommon trap: reason=unstable_if action=reinterpret pc=0x00007fbc58cc6dbc method=com.sun.tools.javac.tree.JCTree$JCMethodInvocation.<init>(Lcom/sun/tools/javac/util/List;Lcom/sun/tools/javac/tree/JCTree$JCExpression;Lcom/sun/tools/javac/util/List;)V @ 6
Event: 15.232 Thread 0x00007fbc5c00a000 Uncommon trap: reason=unstable_if action=reinterpret pc=0x00007fbc58dfe730 method=com.sun.tools.javac.parser.JavacParser.typeArgumentsOpt(Lcom/sun/tools/javac/tree/JCTree$JCExpression;)Lcom/sun/tools/javac/tree/JCTree$JCExpression; @ 30
Event: 15.233 Thread 0x00007fbc5c00a000 Uncommon trap: reason=unstable_if action=reinterpret pc=0x00007fbc58df652c method=com.sun.tools.javac.parser.JavacParser.typeArgumentsOpt(I)Lcom/sun/tools/javac/util/List; @ 12
Event: 15.233 Thread 0x00007fbc5c00a000 Uncommon trap: reason=unstable_if action=reinterpret pc=0x00007fbc58cc5ab4 method=com.sun.tools.javac.tree.JCTree$JCMethodInvocation.<init>(Lcom/sun/tools/javac/util/List;Lcom/sun/tools/javac/tree/JCTree$JCExpression;Lcom/sun/tools/javac/util/List;)V @ 6
Event: 15.233 Thread 0x00007fbc5c00a000 Uncommon trap: reason=unstable_if action=reinterpret pc=0x00007fbc58dfd658 method=com.sun.tools.javac.tree.JCTree$JCMethodInvocation.<init>(Lcom/sun/tools/javac/util/List;Lcom/sun/tools/javac/tree/JCTree$JCExpression;Lcom/sun/tools/javac/util/List;)V @ 6
Event: 16.249 Thread 0x00007fbc5c00a000 Uncommon trap: reason=unstable_if action=reinterpret pc=0x00007fbc58e8fb84 method=com.sun.tools.javac.parser.JavacParser.classOrInterfaceBodyDeclaration(Lcom/sun/tools/javac/util/Name;Z)Lcom/sun/tools/javac/util/List; @ 130
Event: 17.900 Thread 0x00007fbc5c00a000 Uncommon trap: reason=unstable_if action=reinterpret pc=0x00007fbc58dceda4 method=com.sun.tools.javac.file.ZipFileIndex$ZipDirectory.readEntry(ILjava/util/List;Ljava/util/Map;)I @ 190

Internal exceptions (10 events):
Event: 17.640 Thread 0x00007fbc5c00a000 Threw 0x00000007de78d618 at /build/openjdk-7-A9DpoP/openjdk-7-7u121-2.6.8/build/openjdk/hotspot/src/share/vm/prims/jvm.cpp:1322
Event: 17.640 Thread 0x00007fbc5c00a000 Threw 0x00000007de7925c8 at /build/openjdk-7-A9DpoP/openjdk-7-7u121-2.6.8/build/openjdk/hotspot/src/share/vm/prims/jvm.cpp:1322
Event: 17.640 Thread 0x00007fbc5c00a000 Threw 0x00000007de792c68 at /build/openjdk-7-A9DpoP/openjdk-7-7u121-2.6.8/build/openjdk/hotspot/src/share/vm/prims/jvm.cpp:1322
Event: 17.781 Thread 0x00007fbc5c00a000 Threw 0x00000007de7a5d10 at /build/openjdk-7-A9DpoP/openjdk-7-7u121-2.6.8/build/openjdk/hotspot/src/share/vm/prims/jvm.cpp:1322
Event: 17.781 Thread 0x00007fbc5c00a000 Threw 0x00000007de7a6420 at /build/openjdk-7-A9DpoP/openjdk-7-7u121-2.6.8/build/openjdk/hotspot/src/share/vm/prims/jvm.cpp:1322
Event: 17.781 Thread 0x00007fbc5c00a000 Threw 0x00000007de7b4cf0 at /build/openjdk-7-A9DpoP/openjdk-7-7u121-2.6.8/build/openjdk/hotspot/src/share/vm/prims/jvm.cpp:1322
Event: 17.781 Thread 0x00007fbc5c00a000 Threw 0x00000007de7b5420 at /build/openjdk-7-A9DpoP/openjdk-7-7u121-2.6.8/build/openjdk/hotspot/src/share/vm/prims/jvm.cpp:1322
Event: 17.782 Thread 0x00007fbc5c00a000 Threw 0x00000007de7bc068 at /build/openjdk-7-A9DpoP/openjdk-7-7u121-2.6.8/build/openjdk/hotspot/src/share/vm/prims/jvm.cpp:1322
Event: 17.782 Thread 0x00007fbc5c00a000 Threw 0x00000007de7bc748 at /build/openjdk-7-A9DpoP/openjdk-7-7u121-2.6.8/build/openjdk/hotspot/src/share/vm/prims/jvm.cpp:1322
Event: 17.900 Thread 0x00007fbc5c00a000 Implicit null exception at 0x00007fbc58dcdd78 to 0x00007fbc58dced81

Events (10 events):
Event: 17.806 Thread 0x00007fbc5c0ad000 flushing nmethod 0x00007fbc58debc50
Event: 17.806 Thread 0x00007fbc5c0ad000 flushing nmethod 0x00007fbc58deee50
Event: 17.806 Thread 0x00007fbc5c0ad000 flushing nmethod 0x00007fbc58df6b50
Event: 17.806 Thread 0x00007fbc5c0ad000 flushing nmethod 0x00007fbc58df7310
Event: 17.806 Thread 0x00007fbc5c0ad000 flushing nmethod 0x00007fbc58e06590
Event: 17.900 Thread 0x00007fbc5c00a000 Uncommon trap: trap_request=0xffffff75 fr.pc=0x00007fbc58dceda4
Event: 17.900 Thread 0x00007fbc5c00a000 DEOPT PACKING pc=0x00007fbc58dceda4 sp=0x00007fbc631aeb20
Event: 17.900 Thread 0x00007fbc5c00a000 DEOPT UNPACKING pc=0x00007fbc58c25445 sp=0x00007fbc631aeb10 mode 2
Event: 17.927 Thread 0x00007fbc5c0aa000 flushing nmethod 0x00007fbc58e13c50
Event: 18.151 Executing VM operation: ParallelGCFailedAllocation


Dynamic libraries:
00400000-00401000 r-xp 00000000 08:04 1713316                            /usr/lib/jvm/java-7-openjdk-amd64/jre/bin/java
00600000-00601000 r--p 00000000 08:04 1713316                            /usr/lib/jvm/java-7-openjdk-amd64/jre/bin/java
00601000-00602000 rw-p 00001000 08:04 1713316                            /usr/lib/jvm/java-7-openjdk-amd64/jre/bin/java
00cc9000-00cea000 rw-p 00000000 00:00 0                                  [heap]
77a400000-77c880000 rw-p 00000000 00:00 0 
77c880000-784a00000 rw-p 00000000 00:00 0 
784a00000-78d280000 rw-p 00000000 00:00 0 
795080000-7d6e00000 rw-p 00000000 00:00 0 
7d6e00000-7e7c80000 rw-p 00000000 00:00 0 
7e7c80000-800000000 rw-p 00000000 00:00 0 
7fbc10000000-7fbc10021000 rw-p 00000000 00:00 0 
7fbc10021000-7fbc14000000 ---p 00000000 00:00 0 
7fbc18000000-7fbc18021000 rw-p 00000000 00:00 0 
7fbc18021000-7fbc1c000000 ---p 00000000 00:00 0 
7fbc1c000000-7fbc1c021000 rw-p 00000000 00:00 0 
7fbc1c021000-7fbc20000000 ---p 00000000 00:00 0 
7fbc20000000-7fbc20f10000 rw-p 00000000 00:00 0 
7fbc20f10000-7fbc24000000 ---p 00000000 00:00 0 
7fbc24000000-7fbc24ff6000 rw-p 00000000 00:00 0 
7fbc24ff6000-7fbc28000000 ---p 00000000 00:00 0 
7fbc28000000-7fbc28021000 rw-p 00000000 00:00 0 
7fbc28021000-7fbc2c000000 ---p 00000000 00:00 0 
7fbc2c000000-7fbc2c021000 rw-p 00000000 00:00 0 
7fbc2c021000-7fbc30000000 ---p 00000000 00:00 0 
7fbc30000000-7fbc30021000 rw-p 00000000 00:00 0 
7fbc30021000-7fbc34000000 ---p 00000000 00:00 0 
7fbc37d20000-7fbc3c000000 rw-p 00000000 00:00 0 
7fbc3c000000-7fbc3c021000 rw-p 00000000 00:00 0 
7fbc3c021000-7fbc40000000 ---p 00000000 00:00 0 
7fbc40000000-7fbc40021000 rw-p 00000000 00:00 0 
7fbc40021000-7fbc44000000 ---p 00000000 00:00 0 
7fbc44000000-7fbc44021000 rw-p 00000000 00:00 0 
7fbc44021000-7fbc48000000 ---p 00000000 00:00 0 
7fbc4c000000-7fbc4c021000 rw-p 00000000 00:00 0 
7fbc4c021000-7fbc50000000 ---p 00000000 00:00 0 
7fbc50257000-7fbc50258000 rw-p 00000000 00:00 0 
7fbc50258000-7fbc502c3000 r--s 0069c000 08:04 1836197                    /usr/lib/jvm/java-7-openjdk-amd64/lib/tools.jar
7fbc502c3000-7fbc502c6000 r--s 0001b000 08:04 19662904                   /home/archmage/.m2/repository/junit/junit/3.8.2/junit-3.8.2.jar
7fbc502c6000-7fbc502d4000 r--s 0008f000 08:04 19662902                   /home/archmage/.m2/repository/com/google/collections/google-collections/1.0/google-collections-1.0.jar
7fbc502d4000-7fbc502d5000 r--s 0000a000 08:04 19662900                   /home/archmage/.m2/repository/commons-logging/commons-logging-api/1.1/commons-logging-api-1.1.jar
7fbc502d5000-7fbc502dc000 r--s 00051000 08:04 19269300                   /home/archmage/.m2/repository/log4j/log4j/1.2.12/log4j-1.2.12.jar
7fbc502dc000-7fbc502e0000 r--s 0001d000 08:04 19532231                   /home/archmage/.m2/repository/org/apache/xbean/xbean-reflect/3.4/xbean-reflect-3.4.jar
7fbc502e0000-7fbc502e1000 r--s 00004000 08:04 19662896                   /home/archmage/.m2/repository/org/codehaus/plexus/plexus-compiler-javac/2.2/plexus-compiler-javac-2.2.jar
7fbc502e1000-7fbc502e3000 r--s 00000000 08:04 19662895                   /home/archmage/.m2/repository/org/codehaus/plexus/plexus-compiler-manager/2.2/plexus-compiler-manager-2.2.jar
7fbc502e3000-7fbc502e5000 r--s 00005000 08:04 19662889                   /home/archmage/.m2/repository/org/codehaus/plexus/plexus-compiler-api/2.2/plexus-compiler-api-2.2.jar
7fbc502e5000-7fbc502e7000 r--s 00002000 08:04 19662892                   /home/archmage/.m2/repository/org/apache/maven/shared/maven-shared-incremental/1.1/maven-shared-incremental-1.1.jar
7fbc502e7000-7fbc502e9000 r--s 00006000 08:04 19662891                   /home/archmage/.m2/repository/com/google/code/findbugs/jsr305/2.0.1/jsr305-2.0.1.jar
7fbc502e9000-7fbc502ec000 r--s 00023000 08:04 19662888                   /home/archmage/.m2/repository/org/apache/maven/shared/maven-shared-utils/0.1/maven-shared-utils-0.1.jar
7fbc502ec000-7fbc502f0000 r--s 00030000 08:04 19662890                   /home/archmage/.m2/repository/org/codehaus/plexus/plexus-utils/1.5.1/plexus-utils-1.5.1.jar
7fbc502f0000-7fbc502f2000 r--s 00009000 08:04 18745789                   /home/archmage/.m2/repository/org/apache/maven/plugins/maven-compiler-plugin/3.1/maven-compiler-plugin-3.1.jar
7fbc502f2000-7fbc502f4000 r--s 0000d000 08:04 19662689                   /home/archmage/.m2/repository/org/codehaus/plexus/plexus-interpolation/1.13/plexus-interpolation-1.13.jar
7fbc502f4000-7fbc502f5000 r--s 00001000 08:04 19662686                   /home/archmage/.m2/repository/org/sonatype/plexus/plexus-build-api/0.0.4/plexus-build-api-0.0.4.jar
7fbc502f5000-7fbc502f7000 r--s 00009000 08:04 19662688                   /home/archmage/.m2/repository/org/apache/maven/shared/maven-filtering/1.0/maven-filtering-1.0.jar
7fbc502f7000-7fbc502f8000 r--s 00001000 08:04 19662685                   /home/archmage/.m2/repository/org/apache/maven/doxia/doxia-sink-api/1.0-alpha-7/doxia-sink-api-1.0-alpha-7.jar
7fbc502f8000-7fbc502f9000 r--s 00002000 08:04 19662684                   /home/archmage/.m2/repository/org/apache/maven/reporting/maven-reporting-api/2.0.6/maven-reporting-api-2.0.6.jar
7fbc502f9000-7fbc502fb000 r--s 00005000 08:04 18614538                   /home/archmage/.m2/repository/org/apache/maven/plugins/maven-resources-plugin/2.5/maven-resources-plugin-2.5.jar
7fbc502fb000-7fbc50309000 r--s 0007f000 08:04 19662599                   /home/archmage/.m2/repository/commons-collections/commons-collections/3.2.1/commons-collections-3.2.1.jar
7fbc50309000-7fbc5030e000 r--s 00041000 08:04 19662597                   /home/archmage/.m2/repository/commons-lang/commons-lang/2.6/commons-lang-2.6.jar
7fbc5030e000-7fbc50310000 r--s 00006000 08:04 19662596                   /home/archmage/.m2/repository/org/apache/maven/shared/maven-invoker/2.0.11/maven-invoker-2.0.11.jar
7fbc50310000-7fbc50312000 r--s 00006000 08:04 19662593                   /home/archmage/.m2/repository/org/apache/maven/shared/maven-common-artifact-filters/1.4/maven-common-artifact-filters-1.4.jar
7fbc50312000-7fbc50314000 r--s 0000c000 08:04 19662591                   /home/archmage/.m2/repository/org/apache/maven/shared/maven-dependency-tree/2.0/maven-dependency-tree-2.0.jar
7fbc50314000-7fbc50316000 r--s 00000000 08:04 19662589                   /home/archmage/.m2/repository/org/codehaus/plexus/plexus-component-annotations/1.5.5/plexus-component-annotations-1.5.5.jar
7fbc50316000-7fbc50317000 r--s 0000a000 08:04 19662587                   /home/archmage/.m2/repository/asm/asm/3.3.1/asm-3.3.1.jar
7fbc50317000-7fbc50319000 r--s 00005000 08:04 19662585                   /home/archmage/.m2/repository/org/apache/maven/shared/maven-dependency-analyzer/1.3/maven-dependency-analyzer-1.3.jar
7fbc50319000-7fbc5031c000 r--s 0000c000 08:04 19662583                   /home/archmage/.m2/repository/org/codehaus/plexus/plexus-io/2.0.6/plexus-io-2.0.6.jar
7fbc5031c000-7fbc5031f000 r--s 0001b000 08:04 19662581                   /home/archmage/.m2/repository/junit/junit/3.8.1/junit-3.8.1.jar
7fbc5031f000-7fbc50321000 r--s 00008000 08:04 19662579                   /home/archmage/.m2/repository/org/apache/maven/shared/maven-shared-io/1.1/maven-shared-io-1.1.jar
7fbc50321000-7fbc50323000 r--s 00008000 08:04 19662578                   /home/archmage/.m2/repository/org/apache/maven/shared/file-management/1.2.1/file-management-1.2.1.jar
7fbc50323000-7fbc50327000 r--s 00035000 08:04 19662576                   /home/archmage/.m2/repository/org/codehaus/plexus/plexus-utils/3.0.9/plexus-utils-3.0.9.jar
7fbc50327000-7fbc5032c000 r--s 00029000 08:04 19662574                   /home/archmage/.m2/repository/org/codehaus/plexus/plexus-archiver/2.2/plexus-archiver-2.2.jar
7fbc5032c000-7fbc5032e000 r--s 00004000 08:04 19662572                   /home/archmage/.m2/repository/org/apache/maven/doxia/doxia-module-xhtml/1.0/doxia-module-xhtml-1.0.jar
7fbc5032e000-7fbc5032f000 r--s 00006000 08:04 19662570                   /home/archmage/.m2/repository/org/apache/maven/doxia/doxia-module-xdoc/1.0/doxia-module-xdoc-1.0.jar
7fbc5032f000-7fbc50330000 r--s 00004000 08:04 19662568                   /home/archmage/.m2/repository/org/apache/maven/doxia/doxia-module-fml/1.0/doxia-module-fml-1.0.jar
7fbc50330000-7fbc50332000 r--s 0000a000 08:04 19662567                   /home/archmage/.m2/repository/org/apache/maven/doxia/doxia-module-apt/1.0/doxia-module-apt-1.0.jar
7fbc50332000-7fbc50333000 r--s 0000b000 08:04 19662565                   /home/archmage/.m2/repository/org/apache/maven/doxia/doxia-decoration-model/1.0/doxia-decoration-model-1.0.jar
7fbc50333000-7fbc5033b000 r--s 00058000 08:04 19532229                   /home/archmage/.m2/repository/org/apache/velocity/velocity/1.5/velocity-1.5.jar
7fbc5033b000-7fbc5033c000 r--s 00001000 08:04 19662563                   /home/archmage/.m2/repository/org/codehaus/plexus/plexus-velocity/1.1.7/plexus-velocity-1.1.7.jar
7fbc5033c000-7fbc5033d000 r--s 00002000 08:04 19662560                   /home/archmage/.m2/repository/org/codehaus/plexus/plexus-i18n/1.0-beta-7/plexus-i18n-1.0-beta-7.jar
7fbc5033d000-7fbc5033f000 r--s 0000a000 08:04 19662558                   /home/archmage/.m2/repository/org/apache/maven/doxia/doxia-site-renderer/1.0/doxia-site-renderer-1.0.jar
7fbc5033f000-7fbc50340000 r--s 00002000 08:04 19662556                   /home/archmage/.m2/repository/org/apache/maven/doxia/doxia-sink-api/1.0/doxia-sink-api-1.0.jar
7fbc50340000-7fbc50345000 r--s 00016000 08:04 19269298                   /home/archmage/.m2/repository/xml-apis/xml-apis/1.0.b2/xml-apis-1.0.b2.jar
7fbc50345000-7fbc50347000 r--s 0000e000 08:04 19662553                   /home/archmage/.m2/repository/oro/oro/2.0.8/oro-2.0.8.jar
7fbc50347000-7fbc50349000 r--s 00008000 08:04 19662551                   /home/archmage/.m2/repository/commons-logging/commons-logging/1.0.4/commons-logging-1.0.4.jar
7fbc50349000-7fbc5034d000 r--s 00026000 08:04 19662548                   /home/archmage/.m2/repository/commons-digester/commons-digester/1.6/commons-digester-1.6.jar
7fbc5034d000-7fbc50352000 r--s 0002a000 08:04 19662549                   /home/archmage/.m2/repository/commons-beanutils/commons-beanutils/1.7.0/commons-beanutils-1.7.0.jar
7fbc50352000-7fbc50355000 r--s 00014000 08:04 19662545                   /home/archmage/.m2/repository/commons-validator/commons-validator/1.2.0/commons-validator-1.2.0.jar
7fbc50355000-7fbc50358000 r--s 00018000 08:04 19662543                   /home/archmage/.m2/repository/commons-io/commons-io/1.4/commons-io-1.4.jar
7fbc50358000-7fbc5035a000 r--s 00009000 08:04 19662542                   /home/archmage/.m2/repository/org/apache/maven/shared/maven-doxia-tools/1.0.2/maven-doxia-tools-1.0.2.jar
7fbc5035a000-7fbc5035d000 r--s 0000b000 08:04 19662536                   /home/archmage/.m2/repository/org/apache/maven/doxia/doxia-core/1.0/doxia-core-1.0.jar
7fbc5035d000-7fbc50360000 ---p 00000000 00:00 0 
7fbc50360000-7fbc503c7000 rw-p 00000000 00:00 0 
7fbc503c7000-7fbc50404000 r-xp 00000000 08:04 19403050                   /lib/x86_64-linux-gnu/libpcre.so.3.13.1
7fbc50404000-7fbc50603000 ---p 0003d000 08:04 19403050                   /lib/x86_64-linux-gnu/libpcre.so.3.13.1
7fbc50603000-7fbc50604000 r--p 0003c000 08:04 19403050                   /lib/x86_64-linux-gnu/libpcre.so.3.13.1
7fbc50604000-7fbc50605000 rw-p 0003d000 08:04 19403050                   /lib/x86_64-linux-gnu/libpcre.so.3.13.1
7fbc50605000-7fbc5060c000 r-xp 00000000 08:04 1187668                    /usr/lib/x86_64-linux-gnu/libffi.so.6.0.1
7fbc5060c000-7fbc5080b000 ---p 00007000 08:04 1187668                    /usr/lib/x86_64-linux-gnu/libffi.so.6.0.1
7fbc5080b000-7fbc5080c000 r--p 00006000 08:04 1187668                    /usr/lib/x86_64-linux-gnu/libffi.so.6.0.1
7fbc5080c000-7fbc5080d000 rw-p 00007000 08:04 1187668                    /usr/lib/x86_64-linux-gnu/libffi.so.6.0.1
7fbc5080d000-7fbc50824000 r-xp 00000000 08:04 19398675                   /lib/x86_64-linux-gnu/libresolv-2.19.so
7fbc50824000-7fbc50a24000 ---p 00017000 08:04 19398675                   /lib/x86_64-linux-gnu/libresolv-2.19.so
7fbc50a24000-7fbc50a25000 r--p 00017000 08:04 19398675                   /lib/x86_64-linux-gnu/libresolv-2.19.so
7fbc50a25000-7fbc50a26000 rw-p 00018000 08:04 19398675                   /lib/x86_64-linux-gnu/libresolv-2.19.so
7fbc50a26000-7fbc50a28000 rw-p 00000000 00:00 0 
7fbc50a28000-7fbc50a48000 r-xp 00000000 08:04 19403089                   /lib/x86_64-linux-gnu/libselinux.so.1
7fbc50a48000-7fbc50c47000 ---p 00020000 08:04 19403089                   /lib/x86_64-linux-gnu/libselinux.so.1
7fbc50c47000-7fbc50c48000 r--p 0001f000 08:04 19403089                   /lib/x86_64-linux-gnu/libselinux.so.1
7fbc50c48000-7fbc50c49000 rw-p 00020000 08:04 19403089                   /lib/x86_64-linux-gnu/libselinux.so.1
7fbc50c49000-7fbc50c4b000 rw-p 00000000 00:00 0 
7fbc50c4b000-7fbc50c4e000 r-xp 00000000 08:04 1187781                    /usr/lib/x86_64-linux-gnu/libgmodule-2.0.so.0.4002.0
7fbc50c4e000-7fbc50e4d000 ---p 00003000 08:04 1187781                    /usr/lib/x86_64-linux-gnu/libgmodule-2.0.so.0.4002.0
7fbc50e4d000-7fbc50e4e000 r--p 00002000 08:04 1187781                    /usr/lib/x86_64-linux-gnu/libgmodule-2.0.so.0.4002.0
7fbc50e4e000-7fbc50e4f000 rw-p 00003000 08:04 1187781                    /usr/lib/x86_64-linux-gnu/libgmodule-2.0.so.0.4002.0
7fbc50e4f000-7fbc50f55000 r-xp 00000000 08:04 19402990                   /lib/x86_64-linux-gnu/libglib-2.0.so.0.4002.0
7fbc50f55000-7fbc51154000 ---p 00106000 08:04 19402990                   /lib/x86_64-linux-gnu/libglib-2.0.so.0.4002.0
7fbc51154000-7fbc51155000 r--p 00105000 08:04 19402990                   /lib/x86_64-linux-gnu/libglib-2.0.so.0.4002.0
7fbc51155000-7fbc51156000 rw-p 00106000 08:04 19402990                   /lib/x86_64-linux-gnu/libglib-2.0.so.0.4002.0
7fbc51156000-7fbc51157000 rw-p 00000000 00:00 0 
7fbc51157000-7fbc511a6000 r-xp 00000000 08:04 1187797                    /usr/lib/x86_64-linux-gnu/libgobject-2.0.so.0.4002.0
7fbc511a6000-7fbc513a6000 ---p 0004f000 08:04 1187797                    /usr/lib/x86_64-linux-gnu/libgobject-2.0.so.0.4002.0
7fbc513a6000-7fbc513a7000 r--p 0004f000 08:04 1187797                    /usr/lib/x86_64-linux-gnu/libgobject-2.0.so.0.4002.0
7fbc513a7000-7fbc513a8000 rw-p 00050000 08:04 1187797                    /usr/lib/x86_64-linux-gnu/libgobject-2.0.so.0.4002.0
7fbc513a8000-7fbc51514000 r-xp 00000000 08:04 1187769                    /usr/lib/x86_64-linux-gnu/libgio-2.0.so.0.4002.0
7fbc51514000-7fbc51713000 ---p 0016c000 08:04 1187769                    /usr/lib/x86_64-linux-gnu/libgio-2.0.so.0.4002.0
7fbc51713000-7fbc51717000 r--p 0016b000 08:04 1187769                    /usr/lib/x86_64-linux-gnu/libgio-2.0.so.0.4002.0
7fbc51717000-7fbc51719000 rw-p 0016f000 08:04 1187769                    /usr/lib/x86_64-linux-gnu/libgio-2.0.so.0.4002.0
7fbc51719000-7fbc5171b000 rw-p 00000000 00:00 0 
7fbc5171b000-7fbc5171d000 r--s 00004000 08:04 19662538                   /home/archmage/.m2/repository/org/apache/maven/reporting/maven-reporting-impl/2.0.5/maven-reporting-impl-2.0.5.jar
7fbc5171d000-7fbc5171e000 r--s 00002000 08:04 19662539                   /home/archmage/.m2/repository/org/apache/maven/reporting/maven-reporting-api/3.0/maven-reporting-api-3.0.jar
7fbc5171e000-7fbc51720000 r--s 00002000 08:04 19662537                   /home/archmage/.m2/repository/org/codehaus/plexus/plexus-interactivity-api/1.0-alpha-4/plexus-interactivity-api-1.0-alpha-4.jar
7fbc51720000-7fbc51722000 r--s 00006000 08:04 19662535                   /home/archmage/.m2/repository/commons-cli/commons-cli/1.0/commons-cli-1.0.jar
7fbc51722000-7fbc51725000 r--s 00021000 08:04 18745793                   /home/archmage/.m2/repository/org/apache/maven/plugins/maven-dependency-plugin/2.6/maven-dependency-plugin-2.6.jar
7fbc51725000-7fbc51729000 r--s 00033000 08:04 19662683                   /home/archmage/.m2/repository/org/codehaus/plexus/plexus-utils/2.0.5/plexus-utils-2.0.5.jar
7fbc51729000-7fbc5172a000 r--s 00005000 08:04 18876719                   /home/archmage/.m2/repository/org/apache/maven/plugins/maven-clean-plugin/2.4.1/maven-clean-plugin-2.4.1.jar
7fbc5172a000-7fbc5172b000 r--p 00000000 00:00 0 
7fbc5172b000-7fbc5172f000 r--s 0004f000 08:04 1713291                    /usr/lib/jvm/java-7-openjdk-amd64/jre/lib/jsse.jar
7fbc5172f000-7fbc51731000 r--s 0000c000 08:04 19661406                   /home/archmage/.netbeans/8.0.2/maven-nblib/netbeans-eventspy.jar
7fbc51731000-7fbc51748000 r-xp 00000000 08:04 1712966                    /usr/lib/jvm/java-7-openjdk-amd64/jre/lib/amd64/libnet.so
7fbc51748000-7fbc51947000 ---p 00017000 08:04 1712966                    /usr/lib/jvm/java-7-openjdk-amd64/jre/lib/amd64/libnet.so
7fbc51947000-7fbc51948000 r--p 00016000 08:04 1712966                    /usr/lib/jvm/java-7-openjdk-amd64/jre/lib/amd64/libnet.so
7fbc51948000-7fbc51949000 rw-p 00017000 08:04 1712966                    /usr/lib/jvm/java-7-openjdk-amd64/jre/lib/amd64/libnet.so
7fbc51949000-7fbc51959000 r-xp 00000000 08:04 1712887                    /usr/lib/jvm/java-7-openjdk-amd64/jre/lib/amd64/libnio.so
7fbc51959000-7fbc51b59000 ---p 00010000 08:04 1712887                    /usr/lib/jvm/java-7-openjdk-amd64/jre/lib/amd64/libnio.so
7fbc51b59000-7fbc51b5a000 r--p 00010000 08:04 1712887                    /usr/lib/jvm/java-7-openjdk-amd64/jre/lib/amd64/libnio.so
7fbc51b5a000-7fbc51b5b000 rw-p 00011000 08:04 1712887                    /usr/lib/jvm/java-7-openjdk-amd64/jre/lib/amd64/libnio.so
7fbc51b5b000-7fbc51b5f000 r--s 0001c000 08:04 2101015                    /usr/local/netbeans-8.0.2/java/maven/lib/aether-util-1.13.1.jar
7fbc51b5f000-7fbc51b64000 r--s 00020000 08:04 2100948                    /usr/local/netbeans-8.0.2/java/maven/lib/maven-model-builder-3.0.5.jar
7fbc51b64000-7fbc51b67000 r--s 00033000 08:04 2101013                    /usr/local/netbeans-8.0.2/java/maven/lib/plexus-utils-2.0.6.jar
7fbc51b67000-7fbc51b73000 r--s 0007b000 08:04 2101027                    /usr/local/netbeans-8.0.2/java/maven/lib/maven-core-3.0.5.jar
7fbc51b73000-7fbc51b7a000 r--s 0003e000 08:04 2100989                    /usr/local/netbeans-8.0.2/java/maven/lib/sisu-inject-bean-2.3.0.jar
7fbc51b7a000-7fbc51b7c000 r--s 00000000 08:04 2100712                    /usr/local/netbeans-8.0.2/java/maven/lib/plexus-component-annotations-1.5.5.jar
7fbc51b7c000-7fbc51b7e000 r--s 00006000 08:04 2100878                    /usr/local/netbeans-8.0.2/java/maven/lib/aether-connector-wagon-1.13.1.jar
7fbc51b7e000-7fbc51b81000 r--s 00025000 08:04 2101019                    /usr/local/netbeans-8.0.2/java/maven/lib/maven-model-3.0.5.jar
7fbc51b81000-7fbc51b83000 r--s 0000c000 08:04 2100919                    /usr/local/netbeans-8.0.2/java/maven/lib/maven-aether-provider-3.0.5.jar
7fbc51b83000-7fbc51b85000 r--s 0000d000 08:04 2100950                    /usr/local/netbeans-8.0.2/java/maven/lib/plexus-interpolation-1.14.jar
7fbc51b85000-7fbc51ba0000 r--s 000e0000 08:04 2100997                    /usr/local/netbeans-8.0.2/java/maven/lib/wagon-http-2.4-shaded.jar
7fbc51ba0000-7fbc51ba1000 r--s 00006000 08:04 2100949                    /usr/local/netbeans-8.0.2/java/maven/lib/plexus-sec-dispatcher-1.3.jar
7fbc51ba1000-7fbc51ba3000 r--s 0000b000 08:04 2101002                    /usr/local/netbeans-8.0.2/java/maven/lib/maven-artifact-3.0.5.jar
7fbc51ba3000-7fbc51ba5000 r--s 00006000 08:04 2100816                    /usr/local/netbeans-8.0.2/java/maven/lib/maven-repository-metadata-3.0.5.jar
7fbc51ba5000-7fbc51ba6000 r--s 00003000 08:04 2101022                    /usr/local/netbeans-8.0.2/java/maven/lib/aether-spi-1.13.1.jar
7fbc51ba6000-7fbc51bac000 r--s 0003e000 08:04 2101016                    /usr/local/netbeans-8.0.2/java/maven/lib/maven-compat-3.0.5.jar
7fbc51bac000-7fbc51baf000 r--s 00008000 08:04 2100903                    /usr/local/netbeans-8.0.2/java/maven/lib/maven-settings-builder-3.0.5.jar
7fbc51baf000-7fbc51bb0000 r--s 00009000 08:04 2101030                    /usr/local/netbeans-8.0.2/java/maven/lib/commons-cli-1.2.jar
7fbc51bb0000-7fbc51bce000 r--s 0014f000 08:04 2101028                    /usr/local/netbeans-8.0.2/java/maven/lib/sisu-guava-0.9.9.jar
7fbc51bce000-7fbc51bd6000 r--s 0004e000 08:04 2100978                    /usr/local/netbeans-8.0.2/java/maven/lib/sisu-guice-3.1.0-no_aop.jar
7fbc51bd6000-7fbc51bd8000 r--s 00009000 08:04 2101003                    /usr/local/netbeans-8.0.2/java/maven/lib/maven-embedder-3.0.5.jar
7fbc51bd8000-7fbc51bdb000 r--s 0001d000 08:04 2101014                    /usr/local/netbeans-8.0.2/java/maven/lib/aether-impl-1.13.1.jar
7fbc51bdb000-7fbc51bdd000 r--s 0000b000 08:04 2100987                    /usr/local/netbeans-8.0.2/java/maven/lib/wagon-provider-api-2.4.jar
7fbc51bdd000-7fbc51be3000 r--s 0002b000 08:04 2100968                    /usr/local/netbeans-8.0.2/java/maven/lib/sisu-inject-plexus-2.3.0.jar
7fbc51be3000-7fbc51be4000 ---p 00000000 00:00 0 
7fbc51be4000-7fbc51ce4000 rw-p 00000000 00:00 0 
7fbc51ce4000-7fbc51ce7000 ---p 00000000 00:00 0 
7fbc51ce7000-7fbc51de5000 rw-p 00000000 00:00 0 
7fbc51de5000-7fbc51de8000 ---p 00000000 00:00 0 
7fbc51de8000-7fbc51ee6000 rw-p 00000000 00:00 0 
7fbc51ee6000-7fbc51ee9000 ---p 00000000 00:00 0 
7fbc51ee9000-7fbc51fe7000 rw-p 00000000 00:00 0 
7fbc51fe7000-7fbc51fea000 ---p 00000000 00:00 0 
7fbc51fea000-7fbc520e8000 rw-p 00000000 00:00 0 
7fbc520e8000-7fbc527cb000 r--p 00000000 08:04 1186386                    /usr/lib/locale/locale-archive
7fbc527cb000-7fbc527ce000 ---p 00000000 00:00 0 
7fbc527ce000-7fbc528cc000 rw-p 00000000 00:00 0 
7fbc528cc000-7fbc528cf000 ---p 00000000 00:00 0 
7fbc528cf000-7fbc529cd000 rw-p 00000000 00:00 0 
7fbc529cd000-7fbc529ce000 ---p 00000000 00:00 0 
7fbc529ce000-7fbc53a1f000 rw-p 00000000 00:00 0 
7fbc53a1f000-7fbc53bd2000 r--s 01d41000 08:04 1713117                    /usr/lib/jvm/java-7-openjdk-amd64/jre/lib/rt.jar
7fbc53bd2000-7fbc54000000 rw-p 00000000 00:00 0 
7fbc54000000-7fbc54021000 rw-p 00000000 00:00 0 
7fbc54021000-7fbc58000000 ---p 00000000 00:00 0 
7fbc58000000-7fbc58002000 r--s 0000a000 08:04 2100988                    /usr/local/netbeans-8.0.2/java/maven/lib/maven-plugin-api-3.0.5.jar
7fbc58002000-7fbc58004000 r--s 0000a000 08:04 2101004                    /usr/local/netbeans-8.0.2/java/maven/lib/maven-settings-3.0.5.jar
7fbc58004000-7fbc58008000 r--s 00012000 08:04 2101021                    /usr/local/netbeans-8.0.2/java/maven/lib/aether-api-1.13.1.jar
7fbc58008000-7fbc5800a000 r--s 00002000 08:04 2101020                    /usr/local/netbeans-8.0.2/java/maven/lib/plexus-cipher-1.7.jar
7fbc5800a000-7fbc5800c000 r--s 0000a000 08:04 2234926                    /usr/local/netbeans-8.0.2/java/maven/boot/plexus-classworlds-2.4.jar
7fbc5800c000-7fbc58010000 r--s 00034000 08:04 1713119                    /usr/lib/jvm/java-7-openjdk-amd64/jre/lib/ext/sunjce_provider.jar
7fbc58010000-7fbc58014000 r--s 00085000 08:04 1713123                    /usr/lib/jvm/java-7-openjdk-amd64/jre/lib/ext/localedata.jar
7fbc58014000-7fbc58127000 rw-p 00000000 00:00 0 
7fbc58127000-7fbc58128000 ---p 00000000 00:00 0 
7fbc58128000-7fbc58228000 rw-p 00000000 00:00 0 
7fbc58228000-7fbc58229000 ---p 00000000 00:00 0 
7fbc58229000-7fbc58329000 rw-p 00000000 00:00 0 
7fbc58329000-7fbc5832a000 ---p 00000000 00:00 0 
7fbc5832a000-7fbc5842a000 rw-p 00000000 00:00 0 
7fbc5842a000-7fbc5842b000 ---p 00000000 00:00 0 
7fbc5842b000-7fbc58570000 rw-p 00000000 00:00 0 
7fbc58570000-7fbc587bd000 rw-p 00000000 00:00 0 
7fbc587bd000-7fbc587d0000 rw-p 00000000 00:00 0 
7fbc587d0000-7fbc58810000 rw-p 00000000 00:00 0 
7fbc58810000-7fbc58855000 rw-p 00000000 00:00 0 
7fbc58855000-7fbc58aa2000 rw-p 00000000 00:00 0 
7fbc58aa2000-7fbc58b2a000 rw-p 00000000 00:00 0 
7fbc58b2a000-7fbc58beb000 rw-p 00000000 00:00 0 
7fbc58beb000-7fbc58bec000 rw-p 00000000 00:00 0 
7fbc58bec000-7fbc58eec000 rwxp 00000000 00:00 0 
7fbc58eec000-7fbc5bbec000 rw-p 00000000 00:00 0 
7fbc5bbec000-7fbc5bbf4000 r-xp 00000000 08:04 1712964                    /usr/lib/jvm/java-7-openjdk-amd64/jre/lib/amd64/libzip.so
7fbc5bbf4000-7fbc5bdf3000 ---p 00008000 08:04 1712964                    /usr/lib/jvm/java-7-openjdk-amd64/jre/lib/amd64/libzip.so
7fbc5bdf3000-7fbc5bdf4000 r--p 00007000 08:04 1712964                    /usr/lib/jvm/java-7-openjdk-amd64/jre/lib/amd64/libzip.so
7fbc5bdf4000-7fbc5bdf5000 rw-p 00008000 08:04 1712964                    /usr/lib/jvm/java-7-openjdk-amd64/jre/lib/amd64/libzip.so
7fbc5bdf5000-7fbc5bdff000 r-xp 00000000 08:04 19402886                   /lib/x86_64-linux-gnu/libnss_files-2.19.so
7fbc5bdff000-7fbc5bffe000 ---p 0000a000 08:04 19402886                   /lib/x86_64-linux-gnu/libnss_files-2.19.so
7fbc5bffe000-7fbc5bfff000 r--p 00009000 08:04 19402886                   /lib/x86_64-linux-gnu/libnss_files-2.19.so
7fbc5bfff000-7fbc5c000000 rw-p 0000a000 08:04 19402886                   /lib/x86_64-linux-gnu/libnss_files-2.19.so
7fbc5c000000-7fbc5cd1c000 rw-p 00000000 00:00 0 
7fbc5cd1c000-7fbc60000000 ---p 00000000 00:00 0 
7fbc60000000-7fbc600ae000 rw-p 00000000 00:00 0 
7fbc600ae000-7fbc600ee000 rw-p 00000000 00:00 0 
7fbc600ee000-7fbc600f9000 r-xp 00000000 08:04 19398753                   /lib/x86_64-linux-gnu/libnss_nis-2.19.so
7fbc600f9000-7fbc602f8000 ---p 0000b000 08:04 19398753                   /lib/x86_64-linux-gnu/libnss_nis-2.19.so
7fbc602f8000-7fbc602f9000 r--p 0000a000 08:04 19398753                   /lib/x86_64-linux-gnu/libnss_nis-2.19.so
7fbc602f9000-7fbc602fa000 rw-p 0000b000 08:04 19398753                   /lib/x86_64-linux-gnu/libnss_nis-2.19.so
7fbc602fa000-7fbc60311000 r-xp 00000000 08:04 19398749                   /lib/x86_64-linux-gnu/libnsl-2.19.so
7fbc60311000-7fbc60510000 ---p 00017000 08:04 19398749                   /lib/x86_64-linux-gnu/libnsl-2.19.so
7fbc60510000-7fbc60511000 r--p 00016000 08:04 19398749                   /lib/x86_64-linux-gnu/libnsl-2.19.so
7fbc60511000-7fbc60512000 rw-p 00017000 08:04 19398749                   /lib/x86_64-linux-gnu/libnsl-2.19.so
7fbc60512000-7fbc60514000 rw-p 00000000 00:00 0 
7fbc60514000-7fbc6051d000 r-xp 00000000 08:04 19398748                   /lib/x86_64-linux-gnu/libnss_compat-2.19.so
7fbc6051d000-7fbc6071c000 ---p 00009000 08:04 19398748                   /lib/x86_64-linux-gnu/libnss_compat-2.19.so
7fbc6071c000-7fbc6071d000 r--p 00008000 08:04 19398748                   /lib/x86_64-linux-gnu/libnss_compat-2.19.so
7fbc6071d000-7fbc6071e000 rw-p 00009000 08:04 19398748                   /lib/x86_64-linux-gnu/libnss_compat-2.19.so
7fbc6071e000-7fbc60748000 r-xp 00000000 08:04 1712963                    /usr/lib/jvm/java-7-openjdk-amd64/jre/lib/amd64/libjava.so
7fbc60748000-7fbc60948000 ---p 0002a000 08:04 1712963                    /usr/lib/jvm/java-7-openjdk-amd64/jre/lib/amd64/libjava.so
7fbc60948000-7fbc60949000 r--p 0002a000 08:04 1712963                    /usr/lib/jvm/java-7-openjdk-amd64/jre/lib/amd64/libjava.so
7fbc60949000-7fbc6094b000 rw-p 0002b000 08:04 1712963                    /usr/lib/jvm/java-7-openjdk-amd64/jre/lib/amd64/libjava.so
7fbc6094b000-7fbc6095b000 r-xp 00000000 08:04 1712965                    /usr/lib/jvm/java-7-openjdk-amd64/jre/lib/amd64/libverify.so
7fbc6095b000-7fbc60b5a000 ---p 00010000 08:04 1712965                    /usr/lib/jvm/java-7-openjdk-amd64/jre/lib/amd64/libverify.so
7fbc60b5a000-7fbc60b5c000 r--p 0000f000 08:04 1712965                    /usr/lib/jvm/java-7-openjdk-amd64/jre/lib/amd64/libverify.so
7fbc60b5c000-7fbc60b5d000 rw-p 00011000 08:04 1712965                    /usr/lib/jvm/java-7-openjdk-amd64/jre/lib/amd64/libverify.so
7fbc60b5d000-7fbc60b64000 r-xp 00000000 08:04 19398757                   /lib/x86_64-linux-gnu/librt-2.19.so
7fbc60b64000-7fbc60d63000 ---p 00007000 08:04 19398757                   /lib/x86_64-linux-gnu/librt-2.19.so
7fbc60d63000-7fbc60d64000 r--p 00006000 08:04 19398757                   /lib/x86_64-linux-gnu/librt-2.19.so
7fbc60d64000-7fbc60d65000 rw-p 00007000 08:04 19398757                   /lib/x86_64-linux-gnu/librt-2.19.so
7fbc60d65000-7fbc60d7b000 r-xp 00000000 08:04 19402986                   /lib/x86_64-linux-gnu/libgcc_s.so.1
7fbc60d7b000-7fbc60f7a000 ---p 00016000 08:04 19402986                   /lib/x86_64-linux-gnu/libgcc_s.so.1
7fbc60f7a000-7fbc60f7b000 rw-p 00015000 08:04 19402986                   /lib/x86_64-linux-gnu/libgcc_s.so.1
7fbc60f7b000-7fbc61080000 r-xp 00000000 08:04 19398685                   /lib/x86_64-linux-gnu/libm-2.19.so
7fbc61080000-7fbc6127f000 ---p 00105000 08:04 19398685                   /lib/x86_64-linux-gnu/libm-2.19.so
7fbc6127f000-7fbc61280000 r--p 00104000 08:04 19398685                   /lib/x86_64-linux-gnu/libm-2.19.so
7fbc61280000-7fbc61281000 rw-p 00105000 08:04 19398685                   /lib/x86_64-linux-gnu/libm-2.19.so
7fbc61281000-7fbc61367000 r-xp 00000000 08:04 1179671                    /usr/lib/x86_64-linux-gnu/libstdc++.so.6.0.19
7fbc61367000-7fbc61566000 ---p 000e6000 08:04 1179671                    /usr/lib/x86_64-linux-gnu/libstdc++.so.6.0.19
7fbc61566000-7fbc6156e000 r--p 000e5000 08:04 1179671                    /usr/lib/x86_64-linux-gnu/libstdc++.so.6.0.19
7fbc6156e000-7fbc61570000 rw-p 000ed000 08:04 1179671                    /usr/lib/x86_64-linux-gnu/libstdc++.so.6.0.19
7fbc61570000-7fbc61585000 rw-p 00000000 00:00 0 
7fbc61585000-7fbc620b3000 r-xp 00000000 08:04 1712876                    /usr/lib/jvm/java-7-openjdk-amd64/jre/lib/amd64/server/libjvm.so
7fbc620b3000-7fbc622b3000 ---p 00b2e000 08:04 1712876                    /usr/lib/jvm/java-7-openjdk-amd64/jre/lib/amd64/server/libjvm.so
7fbc622b3000-7fbc6234d000 r--p 00b2e000 08:04 1712876                    /usr/lib/jvm/java-7-openjdk-amd64/jre/lib/amd64/server/libjvm.so
7fbc6234d000-7fbc62370000 rw-p 00bc8000 08:04 1712876                    /usr/lib/jvm/java-7-openjdk-amd64/jre/lib/amd64/server/libjvm.so
7fbc62370000-7fbc6239f000 rw-p 00000000 00:00 0 
7fbc6239f000-7fbc623b7000 r-xp 00000000 08:04 19403122                   /lib/x86_64-linux-gnu/libz.so.1.2.8
7fbc623b7000-7fbc625b6000 ---p 00018000 08:04 19403122                   /lib/x86_64-linux-gnu/libz.so.1.2.8
7fbc625b6000-7fbc625b7000 r--p 00017000 08:04 19403122                   /lib/x86_64-linux-gnu/libz.so.1.2.8
7fbc625b7000-7fbc625b8000 rw-p 00018000 08:04 19403122                   /lib/x86_64-linux-gnu/libz.so.1.2.8
7fbc625b8000-7fbc625d1000 r-xp 00000000 08:04 19398750                   /lib/x86_64-linux-gnu/libpthread-2.19.so
7fbc625d1000-7fbc627d0000 ---p 00019000 08:04 19398750                   /lib/x86_64-linux-gnu/libpthread-2.19.so
7fbc627d0000-7fbc627d1000 r--p 00018000 08:04 19398750                   /lib/x86_64-linux-gnu/libpthread-2.19.so
7fbc627d1000-7fbc627d2000 rw-p 00019000 08:04 19398750                   /lib/x86_64-linux-gnu/libpthread-2.19.so
7fbc627d2000-7fbc627d6000 rw-p 00000000 00:00 0 
7fbc627d6000-7fbc627d9000 r-xp 00000000 08:04 19398745                   /lib/x86_64-linux-gnu/libdl-2.19.so
7fbc627d9000-7fbc629d8000 ---p 00003000 08:04 19398745                   /lib/x86_64-linux-gnu/libdl-2.19.so
7fbc629d8000-7fbc629d9000 r--p 00002000 08:04 19398745                   /lib/x86_64-linux-gnu/libdl-2.19.so
7fbc629d9000-7fbc629da000 rw-p 00003000 08:04 19398745                   /lib/x86_64-linux-gnu/libdl-2.19.so
7fbc629da000-7fbc62b94000 r-xp 00000000 08:04 19398758                   /lib/x86_64-linux-gnu/libc-2.19.so
7fbc62b94000-7fbc62d94000 ---p 001ba000 08:04 19398758                   /lib/x86_64-linux-gnu/libc-2.19.so
7fbc62d94000-7fbc62d98000 r--p 001ba000 08:04 19398758                   /lib/x86_64-linux-gnu/libc-2.19.so
7fbc62d98000-7fbc62d9a000 rw-p 001be000 08:04 19398758                   /lib/x86_64-linux-gnu/libc-2.19.so
7fbc62d9a000-7fbc62d9f000 rw-p 00000000 00:00 0 
7fbc62d9f000-7fbc62dac000 r-xp 00000000 08:04 1712975                    /usr/lib/jvm/java-7-openjdk-amd64/jre/lib/amd64/jli/libjli.so
7fbc62dac000-7fbc62fab000 ---p 0000d000 08:04 1712975                    /usr/lib/jvm/java-7-openjdk-amd64/jre/lib/amd64/jli/libjli.so
7fbc62fab000-7fbc62fac000 r--p 0000c000 08:04 1712975                    /usr/lib/jvm/java-7-openjdk-amd64/jre/lib/amd64/jli/libjli.so
7fbc62fac000-7fbc62fad000 rw-p 0000d000 08:04 1712975                    /usr/lib/jvm/java-7-openjdk-amd64/jre/lib/amd64/jli/libjli.so
7fbc62fad000-7fbc62fd0000 r-xp 00000000 08:04 19398751                   /lib/x86_64-linux-gnu/ld-2.19.so
7fbc62fd0000-7fbc62ffd000 rw-p 00000000 00:00 0 
7fbc62ffd000-7fbc630b1000 rw-p 00000000 00:00 0 
7fbc630b1000-7fbc630b4000 ---p 00000000 00:00 0 
7fbc630b4000-7fbc631b7000 rw-p 00000000 00:00 0 
7fbc631b7000-7fbc631b8000 r--s 00002000 08:04 2101032                    /usr/local/netbeans-8.0.2/java/maven/lib/wagon-file-2.4.jar
7fbc631b8000-7fbc631ba000 r--s 00006000 08:04 1579092                    /usr/share/java/java-atk-wrapper.jar
7fbc631ba000-7fbc631bb000 r--s 00002000 08:04 1713121                    /usr/lib/jvm/java-7-openjdk-amd64/jre/lib/ext/dnsns.jar
7fbc631bb000-7fbc631be000 r--s 0000f000 08:04 1713122                    /usr/lib/jvm/java-7-openjdk-amd64/jre/lib/ext/icedtea-sound.jar
7fbc631be000-7fbc631c0000 r--s 00012000 08:04 1713120                    /usr/lib/jvm/java-7-openjdk-amd64/jre/lib/ext/zipfs.jar
7fbc631c0000-7fbc631c3000 r--s 0003d000 08:04 1713118                    /usr/lib/jvm/java-7-openjdk-amd64/jre/lib/ext/sunpkcs11.jar
7fbc631c3000-7fbc631cb000 rw-s 00000000 08:04 13371543                   /tmp/hsperfdata_archmage/7476
7fbc631cb000-7fbc631cc000 rw-p 00000000 00:00 0 
7fbc631cc000-7fbc631cd000 ---p 00000000 00:00 0 
7fbc631cd000-7fbc631cf000 rw-p 00000000 00:00 0 
7fbc631cf000-7fbc631d0000 r--p 00022000 08:04 19398751                   /lib/x86_64-linux-gnu/ld-2.19.so
7fbc631d0000-7fbc631d1000 rw-p 00023000 08:04 19398751                   /lib/x86_64-linux-gnu/ld-2.19.so
7fbc631d1000-7fbc631d2000 rw-p 00000000 00:00 0 
7ffce6e4c000-7ffce6e6d000 rw-p 00000000 00:00 0                          [stack]
7ffce6f35000-7ffce6f37000 r--p 00000000 00:00 0                          [vvar]
7ffce6f37000-7ffce6f39000 r-xp 00000000 00:00 0                          [vdso]
ffffffffff600000-ffffffffff601000 r-xp 00000000 00:00 0                  [vsyscall]

VM Arguments:
jvm_args: -Dclassworlds.conf=/usr/local/netbeans-8.0.2/java/maven/bin/m2.conf -Dmaven.home=/usr/local/netbeans-8.0.2/java/maven 
java_command: org.codehaus.plexus.classworlds.launcher.Launcher -Dmaven.ext.class.path=/home/archmage/.netbeans/8.0.2/maven-nblib/netbeans-eventspy.jar clean install
Launcher Type: SUN_STANDARD

Environment Variables:
JAVA_HOME=/usr/lib/jvm/default-java
JRE_HOME=/usr/lib/jvm/jre
PATH=/usr/lib/jvm/java-7-openjdk-amd64/bin:/usr/local/sbin:/usr/local/bin:/usr/sbin:/usr/bin:/sbin:/bin:/usr/games:/usr/local/games:/usr/lib/jvm/java-1.7.0-openjdk-amd64
LD_LIBRARY_PATH=/usr/lib/jvm/default-java/jre/lib/amd64:/usr/lib/jvm/default-java/jre/lib/i386:
SHELL=/bin/bash
DISPLAY=:0

Signal Handlers:
SIGSEGV: [libjvm.so+0x95e310], sa_mask[0]=0x7ffbfeff, sa_flags=0x10000004
SIGBUS: [libjvm.so+0x95e310], sa_mask[0]=0x7ffbfeff, sa_flags=0x10000004
SIGFPE: [libjvm.so+0x7d1ef0], sa_mask[0]=0x7ffbfeff, sa_flags=0x10000004
SIGPIPE: [libjvm.so+0x7d1ef0], sa_mask[0]=0x7ffbfeff, sa_flags=0x10000004
SIGXFSZ: [libjvm.so+0x7d1ef0], sa_mask[0]=0x7ffbfeff, sa_flags=0x10000004
SIGILL: [libjvm.so+0x7d1ef0], sa_mask[0]=0x7ffbfeff, sa_flags=0x10000004
SIGUSR1: SIG_DFL, sa_mask[0]=0x00000000, sa_flags=0x00000000
SIGUSR2: [libjvm.so+0x7d2020], sa_mask[0]=0x00000004, sa_flags=0x10000004
SIGHUP: [libjvm.so+0x7d1f70], sa_mask[0]=0x7ffbfeff, sa_flags=0x10000004
SIGINT: SIG_IGN, sa_mask[0]=0x00000000, sa_flags=0x00000000
SIGTERM: [libjvm.so+0x7d1f70], sa_mask[0]=0x7ffbfeff, sa_flags=0x10000004
SIGQUIT: [libjvm.so+0x7d1f70], sa_mask[0]=0x7ffbfeff, sa_flags=0x10000004
SIGTRAP: SIG_DFL, sa_mask[0]=0x00000000, sa_flags=0x00000000


---------------  S Y S T E M  ---------------

OS:Ubuntu 14.04 (trusty)
uname:Linux 4.4.0-47-generic #68~14.04.1-Ubuntu SMP Wed Oct 26 19:42:11 UTC 2016 x86_64
libc:glibc 2.19 NPTL 2.19 
rlimit: STACK 8192k, CORE 0k, NPROC 31481, NOFILE 4096, AS infinity
load average:6.17 2.19 1.53

/proc/meminfo:
MemTotal:        8083900 kB
MemFree:          136272 kB
MemAvailable:      45424 kB
Buffers:             968 kB
Cached:           246672 kB
SwapCached:            0 kB
Active:          7529136 kB
Inactive:         211188 kB
Active(anon):    7512772 kB
Inactive(anon):   180920 kB
Active(file):      16364 kB
Inactive(file):    30268 kB
Unevictable:         564 kB
Mlocked:             564 kB
SwapTotal:             0 kB
SwapFree:              0 kB
Dirty:               980 kB
Writeback:             0 kB
AnonPages:       7493724 kB
Mapped:           103852 kB
Shmem:            200532 kB
Slab:              80132 kB
SReclaimable:      43616 kB
SUnreclaim:        36516 kB
KernelStack:       12432 kB
PageTables:        50276 kB
NFS_Unstable:          0 kB
Bounce:                0 kB
WritebackTmp:          0 kB
CommitLimit:     4041948 kB
Committed_AS:   17771576 kB
VmallocTotal:   34359738367 kB
VmallocUsed:           0 kB
VmallocChunk:          0 kB
HardwareCorrupted:     0 kB
AnonHugePages:   5713920 kB
CmaTotal:              0 kB
CmaFree:               0 kB
HugePages_Total:       0
HugePages_Free:        0
HugePages_Rsvd:        0
HugePages_Surp:        0
Hugepagesize:       2048 kB
DirectMap4k:      164524 kB
DirectMap2M:     8132608 kB
DirectMap1G:           0 kB


CPU:total 4 (2 cores per cpu, 2 threads per core) family 6 model 61 stepping 4, cmov, cx8, fxsr, mmx, sse, sse2, sse3, ssse3, sse4.1, sse4.2, popcnt, avx, avx2, aes, erms, ht, tsc, tscinvbit

/proc/cpuinfo:
processor	: 0
vendor_id	: GenuineIntel
cpu family	: 6
model		: 61
model name	: Intel(R) Core(TM) i7-5500U CPU @ 2.40GHz
stepping	: 4
microcode	: 0x22
cpu MHz		: 1726.500
cache size	: 4096 KB
physical id	: 0
siblings	: 4
core id		: 0
cpu cores	: 2
apicid		: 0
initial apicid	: 0
fpu		: yes
fpu_exception	: yes
cpuid level	: 20
wp		: yes
flags		: fpu vme de pse tsc msr pae mce cx8 apic sep mtrr pge mca cmov pat pse36 clflush dts acpi mmx fxsr sse sse2 ss ht tm pbe syscall nx pdpe1gb rdtscp lm constant_tsc arch_perfmon pebs bts rep_good nopl xtopology nonstop_tsc aperfmperf eagerfpu pni pclmulqdq dtes64 monitor ds_cpl vmx est tm2 ssse3 sdbg fma cx16 xtpr pdcm pcid sse4_1 sse4_2 x2apic movbe popcnt tsc_deadline_timer aes xsave avx f16c rdrand lahf_lm abm 3dnowprefetch epb intel_pt tpr_shadow vnmi flexpriority ept vpid fsgsbase tsc_adjust bmi1 avx2 smep bmi2 erms invpcid rdseed adx smap xsaveopt dtherm ida arat pln pts
bugs		:
bogomips	: 4789.06
clflush size	: 64
cache_alignment	: 64
address sizes	: 39 bits physical, 48 bits virtual
power management:

processor	: 1
vendor_id	: GenuineIntel
cpu family	: 6
model		: 61
model name	: Intel(R) Core(TM) i7-5500U CPU @ 2.40GHz
stepping	: 4
microcode	: 0x22
cpu MHz		: 2166.000
cache size	: 4096 KB
physical id	: 0
siblings	: 4
core id		: 1
cpu cores	: 2
apicid		: 2
initial apicid	: 2
fpu		: yes
fpu_exception	: yes
cpuid level	: 20
wp		: yes
flags		: fpu vme de pse tsc msr pae mce cx8 apic sep mtrr pge mca cmov pat pse36 clflush dts acpi mmx fxsr sse sse2 ss ht tm pbe syscall nx pdpe1gb rdtscp lm constant_tsc arch_perfmon pebs bts rep_good nopl xtopology nonstop_tsc aperfmperf eagerfpu pni pclmulqdq dtes64 monitor ds_cpl vmx est tm2 ssse3 sdbg fma cx16 xtpr pdcm pcid sse4_1 sse4_2 x2apic movbe popcnt tsc_deadline_timer aes xsave avx f16c rdrand lahf_lm abm 3dnowprefetch epb intel_pt tpr_shadow vnmi flexpriority ept vpid fsgsbase tsc_adjust bmi1 avx2 smep bmi2 erms invpcid rdseed adx smap xsaveopt dtherm ida arat pln pts
bugs		:
bogomips	: 4789.06
clflush size	: 64
cache_alignment	: 64
address sizes	: 39 bits physical, 48 bits virtual
power management:

processor	: 2
vendor_id	: GenuineIntel
cpu family	: 6
model		: 61
model name	: Intel(R) Core(TM) i7-5500U CPU @ 2.40GHz
stepping	: 4
microcode	: 0x22
cpu MHz		: 1360.500
cache size	: 4096 KB
physical id	: 0
siblings	: 4
core id		: 0
cpu cores	: 2
apicid		: 1
initial apicid	: 1
fpu		: yes
fpu_exception	: yes
cpuid level	: 20
wp		: yes
flags		: fpu vme de pse tsc msr pae mce cx8 apic sep mtrr pge mca cmov pat pse36 clflush dts acpi mmx fxsr sse sse2 ss ht tm pbe syscall nx pdpe1gb rdtscp lm constant_tsc arch_perfmon pebs bts rep_good nopl xtopology nonstop_tsc aperfmperf eagerfpu pni pclmulqdq dtes64 monitor ds_cpl vmx est tm2 ssse3 sdbg fma cx16 xtpr pdcm pcid sse4_1 sse4_2 x2apic movbe popcnt tsc_deadline_timer aes xsave avx f16c rdrand lahf_lm abm 3dnowprefetch epb intel_pt tpr_shadow vnmi flexpriority ept vpid fsgsbase tsc_adjust bmi1 avx2 smep bmi2 erms invpcid rdseed adx smap xsaveopt dtherm ida arat pln pts
bugs		:
bogomips	: 4789.06
clflush size	: 64
cache_alignment	: 64
address sizes	: 39 bits physical, 48 bits virtual
power management:

processor	: 3
vendor_id	: GenuineIntel
cpu family	: 6
model		: 61
model name	: Intel(R) Core(TM) i7-5500U CPU @ 2.40GHz
stepping	: 4
microcode	: 0x22
cpu MHz		: 1083.281
cache size	: 4096 KB
physical id	: 0
siblings	: 4
core id		: 1
cpu cores	: 2
apicid		: 3
initial apicid	: 3
fpu		: yes
fpu_exception	: yes
cpuid level	: 20
wp		: yes
flags		: fpu vme de pse tsc msr pae mce cx8 apic sep mtrr pge mca cmov pat pse36 clflush dts acpi mmx fxsr sse sse2 ss ht tm pbe syscall nx pdpe1gb rdtscp lm constant_tsc arch_perfmon pebs bts rep_good nopl xtopology nonstop_tsc aperfmperf eagerfpu pni pclmulqdq dtes64 monitor ds_cpl vmx est tm2 ssse3 sdbg fma cx16 xtpr pdcm pcid sse4_1 sse4_2 x2apic movbe popcnt tsc_deadline_timer aes xsave avx f16c rdrand lahf_lm abm 3dnowprefetch epb intel_pt tpr_shadow vnmi flexpriority ept vpid fsgsbase tsc_adjust bmi1 avx2 smep bmi2 erms invpcid rdseed adx smap xsaveopt dtherm ida arat pln pts
bugs		:
bogomips	: 4789.06
clflush size	: 64
cache_alignment	: 64
address sizes	: 39 bits physical, 48 bits virtual
power management:



Memory: 4k page, physical 8083900k(136024k free), swap 0k(0k free)

vm_info: OpenJDK 64-Bit Server VM (24.121-b00) for linux-amd64 JRE (1.7.0_121-b00), built on Nov 16 2016 00:46:21 by "buildd" with gcc 4.8.4

time: Mon Dec  5 14:27:31 2016
elapsed time: 31 seconds

