#
# There is insufficient memory for the Java Runtime Environment to continue.
# Native memory allocation (malloc) failed to allocate 135790592 bytes for committing reserved memory.
# Possible reasons:
#   The system is out of physical RAM or swap space
#   In 32 bit mode, the process size limit was hit
# Possible solutions:
#   Reduce memory load on the system
#   Increase physical memory or swap space
#   Check if swap backing store is full
#   Use 64 bit Java on a 64 bit OS
#   Decrease Java heap size (-Xmx/-Xms)
#   Decrease number of Java threads
#   Decrease Java thread stack sizes (-Xss)
#   Set larger code cache with -XX:ReservedCodeCacheSize=
# This output file may be truncated or incomplete.
#
#  Out of Memory Error (os_linux.cpp:2809), pid=8277, tid=140277036304128
#
# JRE version: OpenJDK Runtime Environment (7.0_79-b14) (build 1.7.0_79-b14)
# Java VM: OpenJDK 64-Bit Server VM (24.79-b02 mixed mode linux-amd64 compressed oops)
# Derivative: IcedTea 2.5.5
# Distribution: Ubuntu 14.04 LTS, package 7u79-2.5.5-0ubuntu0.14.04.2
# Failed to write core dump. Core dumps have been disabled. To enable core dumping, try "ulimit -c unlimited" before starting Java again
#

---------------  T H R E A D  ---------------

Current thread (0x00007f94dc075800):  VMThread [stack: 0x00007f94cadb4000,0x00007f94caeb5000] [id=8285]

Stack: [0x00007f94cadb4000,0x00007f94caeb5000],  sp=0x00007f94caeb3490,  free space=1021k
Native frames: (J=compiled Java code, j=interpreted, Vv=VM code, C=native code)
V  [libjvm.so+0x94aec5]  VMError::report_and_die()+0x175
V  [libjvm.so+0x48b9c4]  report_vm_out_of_memory(char const*, int, unsigned long, char const*)+0x74
V  [libjvm.so+0x7c806b]  os::pd_commit_memory(char*, unsigned long, unsigned long, bool)+0xeb
V  [libjvm.so+0x7c2b0f]  os::commit_memory(char*, unsigned long, unsigned long, bool)+0x1f
V  [libjvm.so+0x83500b]  PSVirtualSpace::expand_by(unsigned long)+0x5b
V  [libjvm.so+0x824d5b]  PSOldGen::expand_by(unsigned long) [clone .part.80]+0x1b
V  [libjvm.so+0x824f1b]  PSOldGen::expand(unsigned long) [clone .part.81]+0xdb
V  [libjvm.so+0x825e48]  PSOldGen::resize(unsigned long)+0x188
V  [libjvm.so+0x82cf14]  PSParallelCompact::invoke_no_policy(bool)+0x9c4
V  [libjvm.so+0x83314d]  PSScavenge::invoke()+0x17d
V  [libjvm.so+0x7e96f3]  ParallelScavengeHeap::failed_mem_allocate(unsigned long)+0x63
V  [libjvm.so+0x94c8c4]  VM_ParallelGCFailedAllocation::doit()+0x84
V  [libjvm.so+0x950dc7]  VM_Operation::evaluate()+0x47
V  [libjvm.so+0x94f738]  VMThread::evaluate_operation(VM_Operation*)+0x318
V  [libjvm.so+0x94fb99]  VMThread::loop()+0x219
V  [libjvm.so+0x94ffe2]  VMThread::run()+0x72
V  [libjvm.so+0x7c4f32]  java_start(Thread*)+0xf2

VM_Operation (0x00007f94e3586480): ParallelGCFailedAllocation, mode: safepoint, requested by thread 0x00007f94dc00a000


---------------  P R O C E S S  ---------------

Java Threads: ( => current thread )
  0x00007f94dc535800 JavaThread "process reaper" daemon [_thread_blocked, id=8294, stack(0x00007f94c8760000,0x00007f94c8799000)]
  0x00007f94dc0af000 JavaThread "Service Thread" daemon [_thread_blocked, id=8291, stack(0x00007f94ca0cb000,0x00007f94ca1cc000)]
  0x00007f94dc0ad000 JavaThread "C2 CompilerThread1" daemon [_thread_blocked, id=8290, stack(0x00007f94ca1cc000,0x00007f94ca2cd000)]
  0x00007f94dc0aa000 JavaThread "C2 CompilerThread0" daemon [_thread_blocked, id=8289, stack(0x00007f94ca2cd000,0x00007f94ca3ce000)]
  0x00007f94dc0a8000 JavaThread "Signal Dispatcher" daemon [_thread_blocked, id=8288, stack(0x00007f94ca3ce000,0x00007f94ca4cf000)]
  0x00007f94dc07c000 JavaThread "Finalizer" daemon [_thread_blocked, id=8287, stack(0x00007f94cabb2000,0x00007f94cacb3000)]
  0x00007f94dc07a000 JavaThread "Reference Handler" daemon [_thread_blocked, id=8286, stack(0x00007f94cacb3000,0x00007f94cadb4000)]
  0x00007f94dc00a000 JavaThread "main" [_thread_blocked, id=8280, stack(0x00007f94e3489000,0x00007f94e358a000)]

Other Threads:
=>0x00007f94dc075800 VMThread [stack: 0x00007f94cadb4000,0x00007f94caeb5000] [id=8285]
  0x00007f94dc0ba000 WatcherThread [stack: 0x00007f94c9fca000,0x00007f94ca0cb000] [id=8292]

VM state:at safepoint (normal execution)

VM Mutex/Monitor currently owned by a thread:  ([mutex/lock_event])
[0x00007f94dc006150] ExpandHeap_lock - owner thread: 0x00007f94dc075800
[0x00007f94dc0067d0] Threads_lock - owner thread: 0x00007f94dc075800
[0x00007f94dc006cd0] Heap_lock - owner thread: 0x00007f94dc00a000

Heap
 PSYoungGen      total 342528K, used 4781K [0x00000007d7080000, 0x00000007f7400000, 0x0000000800000000)
  eden space 254976K, 0% used [0x00000007d7080000,0x00000007d7080000,0x00000007e6980000)
  from space 87552K, 5% used [0x00000007ed880000,0x00000007edd2b458,0x00000007f2e00000)
  to   space 113664K, 0% used [0x00000007e6980000,0x00000007e6980000,0x00000007ed880000)
 ParOldGen       total 190976K, used 190918K [0x0000000785200000, 0x0000000790c80000, 0x00000007d7080000)
  object space 190976K, 99% used [0x0000000785200000,0x0000000790c71b70,0x0000000790c80000)
 PSPermGen       total 38400K, used 30387K [0x000000077ac00000, 0x000000077d180000, 0x0000000785200000)
  object space 38400K, 79% used [0x000000077ac00000,0x000000077c9acef0,0x000000077d180000)

Card table byte_map: [0x00007f94d8bd5000,0x00007f94d9000000] byte_map_base: 0x00007f94d4fff000

Polling page: 0x00007f94e35b4000

Code Cache  [0x00007f94d9000000, 0x00007f94d9540000, 0x00007f94dc000000)
 total_blobs=1807 nmethods=1483 adapters=276 free_code_cache=43885Kb largest_free_block=44859520

Compilation events (10 events):
Event: 19.858 Thread 0x00007f94dc0aa000 nmethod 1594 0x00007f94d950b6d0 code [0x00007f94d950b8e0, 0x00007f94d950c010]
Event: 19.858 Thread 0x00007f94dc0aa000 1596             com.sun.tools.javac.code.Types::hasSameArgs (8 bytes)
Event: 19.859 Thread 0x00007f94dc0aa000 nmethod 1596 0x00007f94d950b1d0 code [0x00007f94d950b320, 0x00007f94d950b438]
Event: 19.859 Thread 0x00007f94dc0aa000 1597             com.sun.tools.javac.jvm.Code::endScopes (32 bytes)
Event: 19.875 Thread 0x00007f94dc0aa000 nmethod 1597 0x00007f94d952f6d0 code [0x00007f94d952f880, 0x00007f94d95301c8]
Event: 19.875 Thread 0x00007f94dc0aa000 1598             com.sun.tools.javac.code.Lint$AugmentVisitor::initSyms (19 bytes)
Event: 19.875 Thread 0x00007f94dc0aa000 nmethod 1598 0x00007f94d9516690 code [0x00007f94d95167c0, 0x00007f94d9516838]
Event: 19.875 Thread 0x00007f94dc0aa000 1599             com.sun.tools.javac.jvm.Gen::checkDimension (118 bytes)
Event: 19.891 Thread 0x00007f94dc0ad000 nmethod 1595 0x00007f94d9533910 code [0x00007f94d9533d40, 0x00007f94d95355c0]
Event: 19.891 Thread 0x00007f94dc0ad000 1600             com.sun.tools.javac.code.Symbol::externalType (81 bytes)

GC Heap History (10 events):
Event: 10.172 GC heap after
Heap after GC invocations=7 (full 0):
 PSYoungGen      total 135168K, used 9208K [0x00000007d7080000, 0x00000007ea780000, 0x0000000800000000)
  eden space 125952K, 0% used [0x00000007d7080000,0x00000007d7080000,0x00000007deb80000)
  from space 9216K, 99% used [0x00000007deb80000,0x00000007df47e3c8,0x00000007df480000)
  to   space 33280K, 0% used [0x00000007e8700000,0x00000007e8700000,0x00000007ea780000)
 ParOldGen       total 83456K, used 50804K [0x0000000785200000, 0x000000078a380000, 0x00000007d7080000)
  object space 83456K, 60% used [0x0000000785200000,0x000000078839d3d0,0x000000078a380000)
 PSPermGen       total 21504K, used 18959K [0x000000077ac00000, 0x000000077c100000, 0x0000000785200000)
  object space 21504K, 88% used [0x000000077ac00000,0x000000077be83fd0,0x000000077c100000)
}
Event: 11.476 GC heap before
{Heap before GC invocations=8 (full 0):
 PSYoungGen      total 135168K, used 135160K [0x00000007d7080000, 0x00000007ea780000, 0x0000000800000000)
  eden space 125952K, 100% used [0x00000007d7080000,0x00000007deb80000,0x00000007deb80000)
  from space 9216K, 99% used [0x00000007deb80000,0x00000007df47e3c8,0x00000007df480000)
  to   space 33280K, 0% used [0x00000007e8700000,0x00000007e8700000,0x00000007ea780000)
 ParOldGen       total 83456K, used 50804K [0x0000000785200000, 0x000000078a380000, 0x00000007d7080000)
  object space 83456K, 60% used [0x0000000785200000,0x000000078839d3d0,0x000000078a380000)
 PSPermGen       total 21504K, used 18984K [0x000000077ac00000, 0x000000077c100000, 0x0000000785200000)
  object space 21504K, 88% used [0x000000077ac00000,0x000000077be8a3e0,0x000000077c100000)
Event: 11.590 GC heap after
Heap after GC invocations=8 (full 0):
 PSYoungGen      total 257536K, used 33274K [0x00000007d7080000, 0x00000007edd80000, 0x0000000800000000)
  eden space 224256K, 0% used [0x00000007d7080000,0x00000007d7080000,0x00000007e4b80000)
  from space 33280K, 99% used [0x00000007e8700000,0x00000007ea77e9d0,0x00000007ea780000)
  to   space 60928K, 0% used [0x00000007e4b80000,0x00000007e4b80000,0x00000007e8700000)
 ParOldGen       total 99328K, used 99320K [0x0000000785200000, 0x000000078b300000, 0x00000007d7080000)
  object space 99328K, 99% used [0x0000000785200000,0x000000078b2fe0d8,0x000000078b300000)
 PSPermGen       total 21504K, used 18984K [0x000000077ac00000, 0x000000077c100000, 0x0000000785200000)
  object space 21504K, 88% used [0x000000077ac00000,0x000000077be8a3e0,0x000000077c100000)
}
Event: 11.590 GC heap before
{Heap before GC invocations=9 (full 1):
 PSYoungGen      total 257536K, used 33274K [0x00000007d7080000, 0x00000007edd80000, 0x0000000800000000)
  eden space 224256K, 0% used [0x00000007d7080000,0x00000007d7080000,0x00000007e4b80000)
  from space 33280K, 99% used [0x00000007e8700000,0x00000007ea77e9d0,0x00000007ea780000)
  to   space 60928K, 0% used [0x00000007e4b80000,0x00000007e4b80000,0x00000007e8700000)
 ParOldGen       total 99328K, used 99320K [0x0000000785200000, 0x000000078b300000, 0x00000007d7080000)
  object space 99328K, 99% used [0x0000000785200000,0x000000078b2fe0d8,0x000000078b300000)
 PSPermGen       total 21504K, used 18984K [0x000000077ac00000, 0x000000077c100000, 0x0000000785200000)
  object space 21504K, 88% used [0x000000077ac00000,0x000000077be8a3e0,0x000000077c100000)
Event: 12.170 GC heap after
Heap after GC invocations=9 (full 1):
 PSYoungGen      total 257536K, used 23746K [0x00000007d7080000, 0x00000007edd80000, 0x0000000800000000)
  eden space 224256K, 0% used [0x00000007d7080000,0x00000007d7080000,0x00000007e4b80000)
  from space 33280K, 71% used [0x00000007e8700000,0x00000007e9e30ba8,0x00000007ea780000)
  to   space 60928K, 0% used [0x00000007e4b80000,0x00000007e4b80000,0x00000007e8700000)
 ParOldGen       total 190976K, used 99060K [0x0000000785200000, 0x0000000790c80000, 0x00000007d7080000)
  object space 190976K, 51% used [0x0000000785200000,0x000000078b2bd1e8,0x0000000790c80000)
 PSPermGen       total 38400K, used 18975K [0x000000077ac00000, 0x000000077d180000, 0x0000000785200000)
  object space 38400K, 49% used [0x000000077ac00000,0x000000077be87c48,0x000000077d180000)
}
Event: 16.836 GC heap before
{Heap before GC invocations=10 (full 1):
 PSYoungGen      total 257536K, used 248002K [0x00000007d7080000, 0x00000007edd80000, 0x0000000800000000)
  eden space 224256K, 100% used [0x00000007d7080000,0x00000007e4b80000,0x00000007e4b80000)
  from space 33280K, 71% used [0x00000007e8700000,0x00000007e9e30ba8,0x00000007ea780000)
  to   space 60928K, 0% used [0x00000007e4b80000,0x00000007e4b80000,0x00000007e8700000)
 ParOldGen       total 190976K, used 99060K [0x0000000785200000, 0x0000000790c80000, 0x00000007d7080000)
  object space 190976K, 51% used [0x0000000785200000,0x000000078b2bd1e8,0x0000000790c80000)
 PSPermGen       total 38400K, used 29828K [0x000000077ac00000, 0x000000077d180000, 0x0000000785200000)
  object space 38400K, 77% used [0x000000077ac00000,0x000000077c921218,0x000000077d180000)
Event: 17.092 GC heap after
Heap after GC invocations=10 (full 1):
 PSYoungGen      total 285184K, used 60912K [0x00000007d7080000, 0x00000007f2e00000, 0x0000000800000000)
  eden space 224256K, 0% used [0x00000007d7080000,0x00000007d7080000,0x00000007e4b80000)
  from space 60928K, 99% used [0x00000007e4b80000,0x00000007e86fc0b0,0x00000007e8700000)
  to   space 87552K, 0% used [0x00000007ed880000,0x00000007ed880000,0x00000007f2e00000)
 ParOldGen       total 190976K, used 136615K [0x0000000785200000, 0x0000000790c80000, 0x00000007d7080000)
  object space 190976K, 71% used [0x0000000785200000,0x000000078d769f70,0x0000000790c80000)
 PSPermGen       total 38400K, used 29828K [0x000000077ac00000, 0x000000077d180000, 0x0000000785200000)
  object space 38400K, 77% used [0x000000077ac00000,0x000000077c921218,0x000000077d180000)
}
Event: 19.896 GC heap before
{Heap before GC invocations=11 (full 1):
 PSYoungGen      total 285184K, used 285168K [0x00000007d7080000, 0x00000007f2e00000, 0x0000000800000000)
  eden space 224256K, 100% used [0x00000007d7080000,0x00000007e4b80000,0x00000007e4b80000)
  from space 60928K, 99% used [0x00000007e4b80000,0x00000007e86fc0b0,0x00000007e8700000)
  to   space 87552K, 0% used [0x00000007ed880000,0x00000007ed880000,0x00000007f2e00000)
 ParOldGen       total 190976K, used 136615K [0x0000000785200000, 0x0000000790c80000, 0x00000007d7080000)
  object space 190976K, 71% used [0x0000000785200000,0x000000078d769f70,0x0000000790c80000)
 PSPermGen       total 38400K, used 30394K [0x000000077ac00000, 0x000000077d180000, 0x0000000785200000)
  object space 38400K, 79% used [0x000000077ac00000,0x000000077c9aea30,0x000000077d180000)
Event: 20.368 GC heap after
Heap after GC invocations=11 (full 1):
 PSYoungGen      total 342528K, used 87538K [0x00000007d7080000, 0x00000007f7400000, 0x0000000800000000)
  eden space 254976K, 0% used [0x00000007d7080000,0x00000007d7080000,0x00000007e6980000)
  from space 87552K, 99% used [0x00000007ed880000,0x00000007f2dfc8e0,0x00000007f2e00000)
  to   space 113664K, 0% used [0x00000007e6980000,0x00000007e6980000,0x00000007ed880000)
 ParOldGen       total 190976K, used 164013K [0x0000000785200000, 0x0000000790c80000, 0x00000007d7080000)
  object space 190976K, 85% used [0x0000000785200000,0x000000078f22b508,0x0000000790c80000)
 PSPermGen       total 38400K, used 30394K [0x000000077ac00000, 0x000000077d180000, 0x0000000785200000)
  object space 38400K, 79% used [0x000000077ac00000,0x000000077c9aea30,0x000000077d180000)
}
Event: 20.368 GC heap before
{Heap before GC invocations=12 (full 2):
 PSYoungGen      total 342528K, used 87538K [0x00000007d7080000, 0x00000007f7400000, 0x0000000800000000)
  eden space 254976K, 0% used [0x00000007d7080000,0x00000007d7080000,0x00000007e6980000)
  from space 87552K, 99% used [0x00000007ed880000,0x00000007f2dfc8e0,0x00000007f2e00000)
  to   space 113664K, 0% used [0x00000007e6980000,0x00000007e6980000,0x00000007ed880000)
 ParOldGen       total 190976K, used 164013K [0x0000000785200000, 0x0000000790c80000, 0x00000007d7080000)
  object space 190976K, 85% used [0x0000000785200000,0x000000078f22b508,0x0000000790c80000)
 PSPermGen       total 38400K, used 30394K [0x000000077ac00000, 0x000000077d180000, 0x0000000785200000)
  object space 38400K, 79% used [0x000000077ac00000,0x000000077c9aea30,0x000000077d180000)

Deoptimization events (10 events):
Event: 19.145 Thread 0x00007f94dc00a000 Uncommon trap: reason=bimorphic action=maybe_recompile pc=0x00007f94d9457768 method=com.sun.tools.javac.code.Symbol.isInheritedIn(Lcom/sun/tools/javac/code/Symbol;Lcom/sun/tools/javac/code/Types;)Z @ 80
Event: 19.146 Thread 0x00007f94dc00a000 Uncommon trap: reason=bimorphic action=maybe_recompile pc=0x00007f94d9457768 method=com.sun.tools.javac.code.Symbol.isInheritedIn(Lcom/sun/tools/javac/code/Symbol;Lcom/sun/tools/javac/code/Types;)Z @ 80
Event: 19.155 Thread 0x00007f94dc00a000 Uncommon trap: reason=unreached action=reinterpret pc=0x00007f94d94667fc method=com.sun.tools.javac.code.Types$15.visitClassType(Lcom/sun/tools/javac/code/Type$ClassType;Lcom/sun/tools/javac/code/Symbol;)Lcom/sun/tools/javac/code/Type; @ 68
Event: 19.413 Thread 0x00007f94dc00a000 Uncommon trap: reason=null_check action=make_not_entrant pc=0x00007f94d94da5d0 method=com.sun.tools.javac.comp.Flow.errorUncaught()V @ 7
Event: 19.517 Thread 0x00007f94dc00a000 Uncommon trap: reason=null_check action=make_not_entrant pc=0x00007f94d94efd40 method=com.sun.tools.javac.code.Types.isDerivedRaw(Lcom/sun/tools/javac/code/Type;)Z @ 10
Event: 19.666 Thread 0x00007f94dc00a000 Uncommon trap: reason=class_check action=maybe_recompile pc=0x00007f94d9445280 method=com.sun.tools.javac.comp.Resolve.findField(Lcom/sun/tools/javac/comp/Env;Lcom/sun/tools/javac/code/Type;Lcom/sun/tools/javac/util/Name;Lcom/sun/tools/javac/code/Symbol$T
Event: 19.666 Thread 0x00007f94dc00a000 Uncommon trap: reason=class_check action=maybe_recompile pc=0x00007f94d9445280 method=com.sun.tools.javac.comp.Resolve.findField(Lcom/sun/tools/javac/comp/Env;Lcom/sun/tools/javac/code/Type;Lcom/sun/tools/javac/util/Name;Lcom/sun/tools/javac/code/Symbol$T
Event: 19.666 Thread 0x00007f94dc00a000 Uncommon trap: reason=class_check action=maybe_recompile pc=0x00007f94d9445280 method=com.sun.tools.javac.comp.Resolve.findField(Lcom/sun/tools/javac/comp/Env;Lcom/sun/tools/javac/code/Type;Lcom/sun/tools/javac/util/Name;Lcom/sun/tools/javac/code/Symbol$T
Event: 19.666 Thread 0x00007f94dc00a000 Uncommon trap: reason=class_check action=maybe_recompile pc=0x00007f94d9445280 method=com.sun.tools.javac.comp.Resolve.findField(Lcom/sun/tools/javac/comp/Env;Lcom/sun/tools/javac/code/Type;Lcom/sun/tools/javac/util/Name;Lcom/sun/tools/javac/code/Symbol$T
Event: 19.888 Thread 0x00007f94dc00a000 Uncommon trap: reason=predicate action=maybe_recompile pc=0x00007f94d947e508 method=com.sun.tools.javac.comp.Attr.visitIdent(Lcom/sun/tools/javac/tree/JCTree$JCIdent;)V @ 232

Internal exceptions (10 events):
Event: 18.665 Thread 0x00007f94dc00a000 Threw 0x00000007e2a09de0 at /build/buildd/openjdk-7-7u79-2.5.5/build/openjdk/hotspot/src/share/vm/prims/jvm.cpp:1284
Event: 18.666 Thread 0x00007f94dc00a000 Threw 0x00000007e2a0d3e0 at /build/buildd/openjdk-7-7u79-2.5.5/build/openjdk/hotspot/src/share/vm/prims/jvm.cpp:1284
Event: 18.666 Thread 0x00007f94dc00a000 Threw 0x00000007e2a0dc90 at /build/buildd/openjdk-7-7u79-2.5.5/build/openjdk/hotspot/src/share/vm/prims/jvm.cpp:1284
Event: 19.067 Thread 0x00007f94dc00a000 Threw 0x00000007e314cff0 at /build/buildd/openjdk-7-7u79-2.5.5/build/openjdk/hotspot/src/share/vm/prims/jvm.cpp:1284
Event: 19.067 Thread 0x00007f94dc00a000 Threw 0x00000007e314d6b0 at /build/buildd/openjdk-7-7u79-2.5.5/build/openjdk/hotspot/src/share/vm/prims/jvm.cpp:1284
Event: 19.155 Thread 0x00007f94dc00a000 Implicit null exception at 0x00007f94d9465e5e to 0x00007f94d94667dd
Event: 19.375 Thread 0x00007f94dc00a000 Threw 0x00000007e3a5e5c8 at /build/buildd/openjdk-7-7u79-2.5.5/build/openjdk/hotspot/src/share/vm/prims/jvm.cpp:1284
Event: 19.375 Thread 0x00007f94dc00a000 Threw 0x00000007e3a5ec58 at /build/buildd/openjdk-7-7u79-2.5.5/build/openjdk/hotspot/src/share/vm/prims/jvm.cpp:1284
Event: 19.413 Thread 0x00007f94dc00a000 Implicit null exception at 0x00007f94d94d7b29 to 0x00007f94d94da57d
Event: 19.517 Thread 0x00007f94dc00a000 Implicit null exception at 0x00007f94d94ef76b to 0x00007f94d94efd29

Events (10 events):
Event: 19.666 Thread 0x00007f94dc00a000 Uncommon trap: trap_request=0xffffffde fr.pc=0x00007f94d9445280
Event: 19.666 Thread 0x00007f94dc00a000 DEOPT PACKING pc=0x00007f94d9445280 sp=0x00007f94e35866e0
Event: 19.666 Thread 0x00007f94dc00a000 DEOPT UNPACKING pc=0x00007f94d9039445 sp=0x00007f94e3586688 mode 2
Event: 19.666 Thread 0x00007f94dc00a000 Uncommon trap: trap_request=0xffffffde fr.pc=0x00007f94d9445280
Event: 19.666 Thread 0x00007f94dc00a000 DEOPT PACKING pc=0x00007f94d9445280 sp=0x00007f94e35866e0
Event: 19.666 Thread 0x00007f94dc00a000 DEOPT UNPACKING pc=0x00007f94d9039445 sp=0x00007f94e3586688 mode 2
Event: 19.888 Thread 0x00007f94dc00a000 Uncommon trap: trap_request=0xffffff86 fr.pc=0x00007f94d947e508
Event: 19.888 Thread 0x00007f94dc00a000 DEOPT PACKING pc=0x00007f94d947e508 sp=0x00007f94e35868a0
Event: 19.888 Thread 0x00007f94dc00a000 DEOPT UNPACKING pc=0x00007f94d9039445 sp=0x00007f94e35868a8 mode 2
Event: 19.896 Executing VM operation: ParallelGCFailedAllocation


Dynamic libraries:
00400000-00401000 r-xp 00000000 08:02 921023                             /usr/lib/jvm/java-7-openjdk-amd64/jre/bin/java
00600000-00601000 r--p 00000000 08:02 921023                             /usr/lib/jvm/java-7-openjdk-amd64/jre/bin/java
00601000-00602000 rw-p 00001000 08:02 921023                             /usr/lib/jvm/java-7-openjdk-amd64/jre/bin/java
01e79000-01e9a000 rw-p 00000000 00:00 0                                  [heap]
77ac00000-77d180000 rw-p 00000000 00:00 0 
77d180000-785200000 rw-p 00000000 00:00 0 
785200000-790c80000 rw-p 00000000 00:00 0 
798e00000-7d7080000 rw-p 00000000 00:00 0 
7d7080000-7f7400000 rw-p 00000000 00:00 0 
7f7400000-800000000 rw-p 00000000 00:00 0 
7f9498000000-7f9498021000 rw-p 00000000 00:00 0 
7f9498021000-7f949c000000 ---p 00000000 00:00 0 
7f949c000000-7f949c021000 rw-p 00000000 00:00 0 
7f949c021000-7f94a0000000 ---p 00000000 00:00 0 
7f94a0000000-7f94a0ea1000 rw-p 00000000 00:00 0 
7f94a0ea1000-7f94a4000000 ---p 00000000 00:00 0 
7f94a4000000-7f94a4021000 rw-p 00000000 00:00 0 
7f94a4021000-7f94a8000000 ---p 00000000 00:00 0 
7f94a8000000-7f94a8021000 rw-p 00000000 00:00 0 
7f94a8021000-7f94ac000000 ---p 00000000 00:00 0 
7f94ac000000-7f94ad0e5000 rw-p 00000000 00:00 0 
7f94ad0e5000-7f94b0000000 ---p 00000000 00:00 0 
7f94b0000000-7f94b0021000 rw-p 00000000 00:00 0 
7f94b0021000-7f94b4000000 ---p 00000000 00:00 0 
7f94b4000000-7f94b4021000 rw-p 00000000 00:00 0 
7f94b4021000-7f94b8000000 ---p 00000000 00:00 0 
7f94b8000000-7f94b8248000 rw-p 00000000 00:00 0 
7f94b8248000-7f94bc000000 ---p 00000000 00:00 0 
7f94bfd60000-7f94c4000000 rw-p 00000000 00:00 0 
7f94c4000000-7f94c4021000 rw-p 00000000 00:00 0 
7f94c4021000-7f94c8000000 ---p 00000000 00:00 0 
7f94c82fb000-7f94c8305000 r--s 000ae000 08:02 921091                     /usr/lib/jvm/java-7-openjdk-amd64/jre/lib/resources.jar
7f94c8529000-7f94c852b000 r--s 00009000 08:02 265761                     /home/buddhika/.m2/repository/org/apache/maven/plugins/maven-compiler-plugin/3.1/maven-compiler-plugin-3.1.jar
7f94c8540000-7f94c8543000 r--s 00017000 08:02 921124                     /usr/lib/jvm/java-7-openjdk-amd64/jre/lib/jce.jar
7f94c8543000-7f94c8544000 r--s 0000c000 08:02 397086                     /home/buddhika/.m2/repository/org/eclipse/persistence/org.eclipse.persistence.jpa.modelgen.processor/2.5.1/org.eclipse.persistence.jpa.modelgen.processor-2.5.1.jar
7f94c8661000-7f94c8662000 rw-p 00000000 00:00 0 
7f94c8662000-7f94c86cd000 r--s 0069e000 08:02 2885533                    /usr/lib/jvm/java-7-openjdk-amd64/lib/tools.jar
7f94c86cd000-7f94c86d0000 r--s 0001b000 08:02 525954                     /home/buddhika/.m2/repository/junit/junit/3.8.2/junit-3.8.2.jar
7f94c86d0000-7f94c86de000 r--s 0008f000 08:02 525952                     /home/buddhika/.m2/repository/com/google/collections/google-collections/1.0/google-collections-1.0.jar
7f94c86de000-7f94c86df000 r--s 0000a000 08:02 394907                     /home/buddhika/.m2/repository/commons-logging/commons-logging-api/1.1/commons-logging-api-1.1.jar
7f94c86df000-7f94c86e6000 r--s 00051000 08:02 394906                     /home/buddhika/.m2/repository/log4j/log4j/1.2.12/log4j-1.2.12.jar
7f94c86e6000-7f94c86ea000 r--s 0001d000 08:02 525950                     /home/buddhika/.m2/repository/org/apache/xbean/xbean-reflect/3.4/xbean-reflect-3.4.jar
7f94c86ea000-7f94c86eb000 r--s 00004000 08:02 525948                     /home/buddhika/.m2/repository/org/codehaus/plexus/plexus-compiler-javac/2.2/plexus-compiler-javac-2.2.jar
7f94c86eb000-7f94c86ed000 r--s 00000000 08:02 525944                     /home/buddhika/.m2/repository/org/codehaus/plexus/plexus-compiler-manager/2.2/plexus-compiler-manager-2.2.jar
7f94c86ed000-7f94c86ef000 r--s 00005000 08:02 525942                     /home/buddhika/.m2/repository/org/codehaus/plexus/plexus-compiler-api/2.2/plexus-compiler-api-2.2.jar
7f94c86ef000-7f94c86f1000 r--s 00002000 08:02 525941                     /home/buddhika/.m2/repository/org/apache/maven/shared/maven-shared-incremental/1.1/maven-shared-incremental-1.1.jar
7f94c86f1000-7f94c86f3000 r--s 00006000 08:02 525939                     /home/buddhika/.m2/repository/com/google/code/findbugs/jsr305/2.0.1/jsr305-2.0.1.jar
7f94c86f3000-7f94c86f6000 r--s 00023000 08:02 525940                     /home/buddhika/.m2/repository/org/apache/maven/shared/maven-shared-utils/0.1/maven-shared-utils-0.1.jar
7f94c86f6000-7f94c86fa000 r--s 00030000 08:02 525938                     /home/buddhika/.m2/repository/org/codehaus/plexus/plexus-utils/1.5.1/plexus-utils-1.5.1.jar
7f94c86fa000-7f94c86fc000 r--s 0000d000 08:02 525772                     /home/buddhika/.m2/repository/org/codehaus/plexus/plexus-interpolation/1.13/plexus-interpolation-1.13.jar
7f94c86fc000-7f94c86fd000 r--s 00001000 08:02 525769                     /home/buddhika/.m2/repository/org/sonatype/plexus/plexus-build-api/0.0.4/plexus-build-api-0.0.4.jar
7f94c86fd000-7f94c86ff000 r--s 00009000 08:02 525771                     /home/buddhika/.m2/repository/org/apache/maven/shared/maven-filtering/1.0/maven-filtering-1.0.jar
7f94c86ff000-7f94c8700000 r--s 00001000 08:02 525770                     /home/buddhika/.m2/repository/org/apache/maven/doxia/doxia-sink-api/1.0-alpha-7/doxia-sink-api-1.0-alpha-7.jar
7f94c8700000-7f94c8701000 r--s 00002000 08:02 525766                     /home/buddhika/.m2/repository/org/apache/maven/reporting/maven-reporting-api/2.0.6/maven-reporting-api-2.0.6.jar
7f94c8701000-7f94c8703000 r--s 00005000 08:02 6167896                    /home/buddhika/.m2/repository/org/apache/maven/plugins/maven-resources-plugin/2.5/maven-resources-plugin-2.5.jar
7f94c8703000-7f94c8711000 r--s 0007f000 08:02 525676                     /home/buddhika/.m2/repository/commons-collections/commons-collections/3.2.1/commons-collections-3.2.1.jar
7f94c8711000-7f94c8716000 r--s 00041000 08:02 525675                     /home/buddhika/.m2/repository/commons-lang/commons-lang/2.6/commons-lang-2.6.jar
7f94c8716000-7f94c8718000 r--s 00006000 08:02 525670                     /home/buddhika/.m2/repository/org/apache/maven/shared/maven-invoker/2.0.11/maven-invoker-2.0.11.jar
7f94c8718000-7f94c871a000 r--s 00006000 08:02 525669                     /home/buddhika/.m2/repository/org/apache/maven/shared/maven-common-artifact-filters/1.4/maven-common-artifact-filters-1.4.jar
7f94c871a000-7f94c871c000 r--s 0000c000 08:02 525668                     /home/buddhika/.m2/repository/org/apache/maven/shared/maven-dependency-tree/2.0/maven-dependency-tree-2.0.jar
7f94c871c000-7f94c871e000 r--s 00000000 08:02 525667                     /home/buddhika/.m2/repository/org/codehaus/plexus/plexus-component-annotations/1.5.5/plexus-component-annotations-1.5.5.jar
7f94c871e000-7f94c871f000 r--s 0000a000 08:02 525666                     /home/buddhika/.m2/repository/asm/asm/3.3.1/asm-3.3.1.jar
7f94c871f000-7f94c8721000 r--s 00005000 08:02 525660                     /home/buddhika/.m2/repository/org/apache/maven/shared/maven-dependency-analyzer/1.3/maven-dependency-analyzer-1.3.jar
7f94c8721000-7f94c8724000 r--s 0000c000 08:02 525659                     /home/buddhika/.m2/repository/org/codehaus/plexus/plexus-io/2.0.6/plexus-io-2.0.6.jar
7f94c8724000-7f94c8727000 r--s 0001b000 08:02 525658                     /home/buddhika/.m2/repository/junit/junit/3.8.1/junit-3.8.1.jar
7f94c8727000-7f94c8729000 r--s 00008000 08:02 525654                     /home/buddhika/.m2/repository/org/apache/maven/shared/maven-shared-io/1.1/maven-shared-io-1.1.jar
7f94c8729000-7f94c872b000 r--s 00008000 08:02 525653                     /home/buddhika/.m2/repository/org/apache/maven/shared/file-management/1.2.1/file-management-1.2.1.jar
7f94c872b000-7f94c872f000 r--s 00035000 08:02 525651                     /home/buddhika/.m2/repository/org/codehaus/plexus/plexus-utils/3.0.9/plexus-utils-3.0.9.jar
7f94c872f000-7f94c8734000 r--s 00029000 08:02 525649                     /home/buddhika/.m2/repository/org/codehaus/plexus/plexus-archiver/2.2/plexus-archiver-2.2.jar
7f94c8734000-7f94c8736000 r--s 00004000 08:02 525648                     /home/buddhika/.m2/repository/org/apache/maven/doxia/doxia-module-xhtml/1.0/doxia-module-xhtml-1.0.jar
7f94c8736000-7f94c8737000 r--s 00006000 08:02 525646                     /home/buddhika/.m2/repository/org/apache/maven/doxia/doxia-module-xdoc/1.0/doxia-module-xdoc-1.0.jar
7f94c8737000-7f94c8738000 r--s 00004000 08:02 525642                     /home/buddhika/.m2/repository/org/apache/maven/doxia/doxia-module-fml/1.0/doxia-module-fml-1.0.jar
7f94c8738000-7f94c873a000 r--s 0000a000 08:02 525641                     /home/buddhika/.m2/repository/org/apache/maven/doxia/doxia-module-apt/1.0/doxia-module-apt-1.0.jar
7f94c873a000-7f94c873b000 r--s 0000b000 08:02 525640                     /home/buddhika/.m2/repository/org/apache/maven/doxia/doxia-decoration-model/1.0/doxia-decoration-model-1.0.jar
7f94c873b000-7f94c8743000 r--s 00058000 08:02 525639                     /home/buddhika/.m2/repository/org/apache/velocity/velocity/1.5/velocity-1.5.jar
7f94c8743000-7f94c8744000 r--s 00001000 08:02 525638                     /home/buddhika/.m2/repository/org/codehaus/plexus/plexus-velocity/1.1.7/plexus-velocity-1.1.7.jar
7f94c8744000-7f94c8745000 r--s 00002000 08:02 525632                     /home/buddhika/.m2/repository/org/codehaus/plexus/plexus-i18n/1.0-beta-7/plexus-i18n-1.0-beta-7.jar
7f94c8745000-7f94c8747000 r--s 0000a000 08:02 525631                     /home/buddhika/.m2/repository/org/apache/maven/doxia/doxia-site-renderer/1.0/doxia-site-renderer-1.0.jar
7f94c8747000-7f94c8748000 r--s 00002000 08:02 525630                     /home/buddhika/.m2/repository/org/apache/maven/doxia/doxia-sink-api/1.0/doxia-sink-api-1.0.jar
7f94c8748000-7f94c874d000 r--s 00016000 08:02 396428                     /home/buddhika/.m2/repository/xml-apis/xml-apis/1.0.b2/xml-apis-1.0.b2.jar
7f94c874d000-7f94c874f000 r--s 0000e000 08:02 525628                     /home/buddhika/.m2/repository/oro/oro/2.0.8/oro-2.0.8.jar
7f94c874f000-7f94c8751000 r--s 00008000 08:02 525625                     /home/buddhika/.m2/repository/commons-logging/commons-logging/1.0.4/commons-logging-1.0.4.jar
7f94c8751000-7f94c8755000 r--s 00026000 08:02 525624                     /home/buddhika/.m2/repository/commons-digester/commons-digester/1.6/commons-digester-1.6.jar
7f94c8755000-7f94c875a000 r--s 0002a000 08:02 525622                     /home/buddhika/.m2/repository/commons-beanutils/commons-beanutils/1.7.0/commons-beanutils-1.7.0.jar
7f94c875a000-7f94c875d000 r--s 00014000 08:02 525619                     /home/buddhika/.m2/repository/commons-validator/commons-validator/1.2.0/commons-validator-1.2.0.jar
7f94c875d000-7f94c8760000 r--s 00018000 08:02 394900                     /home/buddhika/.m2/repository/commons-io/commons-io/1.4/commons-io-1.4.jar
7f94c8760000-7f94c8763000 ---p 00000000 00:00 0 
7f94c8763000-7f94c87ca000 rw-p 00000000 00:00 0                          [stack:8294]
7f94c87ca000-7f94c8807000 r-xp 00000000 08:02 4460611                    /lib/x86_64-linux-gnu/libpcre.so.3.13.1
7f94c8807000-7f94c8a06000 ---p 0003d000 08:02 4460611                    /lib/x86_64-linux-gnu/libpcre.so.3.13.1
7f94c8a06000-7f94c8a07000 r--p 0003c000 08:02 4460611                    /lib/x86_64-linux-gnu/libpcre.so.3.13.1
7f94c8a07000-7f94c8a08000 rw-p 0003d000 08:02 4460611                    /lib/x86_64-linux-gnu/libpcre.so.3.13.1
7f94c8a08000-7f94c8a0f000 r-xp 00000000 08:02 663893                     /usr/lib/x86_64-linux-gnu/libffi.so.6.0.1
7f94c8a0f000-7f94c8c0e000 ---p 00007000 08:02 663893                     /usr/lib/x86_64-linux-gnu/libffi.so.6.0.1
7f94c8c0e000-7f94c8c0f000 r--p 00006000 08:02 663893                     /usr/lib/x86_64-linux-gnu/libffi.so.6.0.1
7f94c8c0f000-7f94c8c10000 rw-p 00007000 08:02 663893                     /usr/lib/x86_64-linux-gnu/libffi.so.6.0.1
7f94c8c10000-7f94c8c27000 r-xp 00000000 08:02 4456616                    /lib/x86_64-linux-gnu/libresolv-2.19.so
7f94c8c27000-7f94c8e27000 ---p 00017000 08:02 4456616                    /lib/x86_64-linux-gnu/libresolv-2.19.so
7f94c8e27000-7f94c8e28000 r--p 00017000 08:02 4456616                    /lib/x86_64-linux-gnu/libresolv-2.19.so
7f94c8e28000-7f94c8e29000 rw-p 00018000 08:02 4456616                    /lib/x86_64-linux-gnu/libresolv-2.19.so
7f94c8e29000-7f94c8e2b000 rw-p 00000000 00:00 0 
7f94c8e2b000-7f94c8e4b000 r-xp 00000000 08:02 4460638                    /lib/x86_64-linux-gnu/libselinux.so.1
7f94c8e4b000-7f94c904a000 ---p 00020000 08:02 4460638                    /lib/x86_64-linux-gnu/libselinux.so.1
7f94c904a000-7f94c904b000 r--p 0001f000 08:02 4460638                    /lib/x86_64-linux-gnu/libselinux.so.1
7f94c904b000-7f94c904c000 rw-p 00020000 08:02 4460638                    /lib/x86_64-linux-gnu/libselinux.so.1
7f94c904c000-7f94c904e000 rw-p 00000000 00:00 0 
7f94c904e000-7f94c9051000 r-xp 00000000 08:02 655724                     /usr/lib/x86_64-linux-gnu/libgmodule-2.0.so.0.4002.0
7f94c9051000-7f94c9250000 ---p 00003000 08:02 655724                     /usr/lib/x86_64-linux-gnu/libgmodule-2.0.so.0.4002.0
7f94c9250000-7f94c9251000 r--p 00002000 08:02 655724                     /usr/lib/x86_64-linux-gnu/libgmodule-2.0.so.0.4002.0
7f94c9251000-7f94c9252000 rw-p 00003000 08:02 655724                     /usr/lib/x86_64-linux-gnu/libgmodule-2.0.so.0.4002.0
7f94c9252000-7f94c9358000 r-xp 00000000 08:02 4463616                    /lib/x86_64-linux-gnu/libglib-2.0.so.0.4002.0
7f94c9358000-7f94c9557000 ---p 00106000 08:02 4463616                    /lib/x86_64-linux-gnu/libglib-2.0.so.0.4002.0
7f94c9557000-7f94c9558000 r--p 00105000 08:02 4463616                    /lib/x86_64-linux-gnu/libglib-2.0.so.0.4002.0
7f94c9558000-7f94c9559000 rw-p 00106000 08:02 4463616                    /lib/x86_64-linux-gnu/libglib-2.0.so.0.4002.0
7f94c9559000-7f94c955a000 rw-p 00000000 00:00 0 
7f94c955a000-7f94c95a9000 r-xp 00000000 08:02 655742                     /usr/lib/x86_64-linux-gnu/libgobject-2.0.so.0.4002.0
7f94c95a9000-7f94c97a9000 ---p 0004f000 08:02 655742                     /usr/lib/x86_64-linux-gnu/libgobject-2.0.so.0.4002.0
7f94c97a9000-7f94c97aa000 r--p 0004f000 08:02 655742                     /usr/lib/x86_64-linux-gnu/libgobject-2.0.so.0.4002.0
7f94c97aa000-7f94c97ab000 rw-p 00050000 08:02 655742                     /usr/lib/x86_64-linux-gnu/libgobject-2.0.so.0.4002.0
7f94c97ab000-7f94c9917000 r-xp 00000000 08:02 655746                     /usr/lib/x86_64-linux-gnu/libgio-2.0.so.0.4002.0
7f94c9917000-7f94c9b16000 ---p 0016c000 08:02 655746                     /usr/lib/x86_64-linux-gnu/libgio-2.0.so.0.4002.0
7f94c9b16000-7f94c9b1a000 r--p 0016b000 08:02 655746                     /usr/lib/x86_64-linux-gnu/libgio-2.0.so.0.4002.0
7f94c9b1a000-7f94c9b1c000 rw-p 0016f000 08:02 655746                     /usr/lib/x86_64-linux-gnu/libgio-2.0.so.0.4002.0
7f94c9b1c000-7f94c9b1e000 rw-p 00000000 00:00 0 
7f94c9b1e000-7f94c9b20000 r--s 00009000 08:02 525616                     /home/buddhika/.m2/repository/org/apache/maven/shared/maven-doxia-tools/1.0.2/maven-doxia-tools-1.0.2.jar
7f94c9b20000-7f94c9b23000 r--s 0000b000 08:02 525612                     /home/buddhika/.m2/repository/org/apache/maven/doxia/doxia-core/1.0/doxia-core-1.0.jar
7f94c9b23000-7f94c9b25000 r--s 00004000 08:02 525615                     /home/buddhika/.m2/repository/org/apache/maven/reporting/maven-reporting-impl/2.0.5/maven-reporting-impl-2.0.5.jar
7f94c9b25000-7f94c9b26000 r--s 00002000 08:02 525614                     /home/buddhika/.m2/repository/org/apache/maven/reporting/maven-reporting-api/3.0/maven-reporting-api-3.0.jar
7f94c9b26000-7f94c9b28000 r--s 00002000 08:02 525613                     /home/buddhika/.m2/repository/org/codehaus/plexus/plexus-interactivity-api/1.0-alpha-4/plexus-interactivity-api-1.0-alpha-4.jar
7f94c9b28000-7f94c9b2a000 r--s 00006000 08:02 525610                     /home/buddhika/.m2/repository/commons-cli/commons-cli/1.0/commons-cli-1.0.jar
7f94c9b2a000-7f94c9b2d000 r--s 00021000 08:02 395222                     /home/buddhika/.m2/repository/org/apache/maven/plugins/maven-dependency-plugin/2.6/maven-dependency-plugin-2.6.jar
7f94c9b2d000-7f94c9b31000 r--s 00033000 08:02 525768                     /home/buddhika/.m2/repository/org/codehaus/plexus/plexus-utils/2.0.5/plexus-utils-2.0.5.jar
7f94c9b31000-7f94c9b32000 r--s 00005000 08:02 395232                     /home/buddhika/.m2/repository/org/apache/maven/plugins/maven-clean-plugin/2.4.1/maven-clean-plugin-2.4.1.jar
7f94c9b32000-7f94c9b33000 r--p 00000000 00:00 0 
7f94c9b33000-7f94c9b38000 r--s 0004d000 08:02 921118                     /usr/lib/jvm/java-7-openjdk-amd64/jre/lib/jsse.jar
7f94c9b38000-7f94c9b3a000 r--s 0000c000 08:02 6189060                    /home/buddhika/netbeans-8.0.2/java/maven-nblib/netbeans-eventspy.jar
7f94c9b3a000-7f94c9b3c000 r--s 0000a000 08:02 6189053                    /home/buddhika/netbeans-8.0.2/java/maven/lib/maven-settings-3.0.5.jar
7f94c9b3c000-7f94c9b3e000 r--s 0000d000 08:02 6188995                    /home/buddhika/netbeans-8.0.2/java/maven/lib/plexus-interpolation-1.14.jar
7f94c9b3e000-7f94c9b44000 r--s 0003e000 08:02 6189066                    /home/buddhika/netbeans-8.0.2/java/maven/lib/maven-compat-3.0.5.jar
7f94c9b44000-7f94c9b5b000 r-xp 00000000 08:02 1202535                    /usr/lib/jvm/java-7-openjdk-amd64/jre/lib/amd64/libnet.so
7f94c9b5b000-7f94c9d5a000 ---p 00017000 08:02 1202535                    /usr/lib/jvm/java-7-openjdk-amd64/jre/lib/amd64/libnet.so
7f94c9d5a000-7f94c9d5b000 r--p 00016000 08:02 1202535                    /usr/lib/jvm/java-7-openjdk-amd64/jre/lib/amd64/libnet.so
7f94c9d5b000-7f94c9d5c000 rw-p 00017000 08:02 1202535                    /usr/lib/jvm/java-7-openjdk-amd64/jre/lib/amd64/libnet.so
7f94c9d5c000-7f94c9d6c000 r-xp 00000000 08:02 1196659                    /usr/lib/jvm/java-7-openjdk-amd64/jre/lib/amd64/libnio.so
7f94c9d6c000-7f94c9f6c000 ---p 00010000 08:02 1196659                    /usr/lib/jvm/java-7-openjdk-amd64/jre/lib/amd64/libnio.so
7f94c9f6c000-7f94c9f6d000 r--p 00010000 08:02 1196659                    /usr/lib/jvm/java-7-openjdk-amd64/jre/lib/amd64/libnio.so
7f94c9f6d000-7f94c9f6e000 rw-p 00011000 08:02 1196659                    /usr/lib/jvm/java-7-openjdk-amd64/jre/lib/amd64/libnio.so
7f94c9f6e000-7f94c9f72000 r--s 0001c000 08:02 6189065                    /home/buddhika/netbeans-8.0.2/java/maven/lib/aether-util-1.13.1.jar
7f94c9f72000-7f94c9f7a000 r--s 0004e000 08:02 6189025                    /home/buddhika/netbeans-8.0.2/java/maven/lib/sisu-guice-3.1.0-no_aop.jar
7f94c9f7a000-7f94c9f7e000 r--s 00012000 08:02 6189071                    /home/buddhika/netbeans-8.0.2/java/maven/lib/aether-api-1.13.1.jar
7f94c9f7e000-7f94c9f85000 r--s 0003e000 08:02 6189038                    /home/buddhika/netbeans-8.0.2/java/maven/lib/sisu-inject-bean-2.3.0.jar
7f94c9f85000-7f94c9f87000 r--s 0000b000 08:02 6189036                    /home/buddhika/netbeans-8.0.2/java/maven/lib/wagon-provider-api-2.4.jar
7f94c9f87000-7f94c9f8a000 r--s 00033000 08:02 6189063                    /home/buddhika/netbeans-8.0.2/java/maven/lib/plexus-utils-2.0.6.jar
7f94c9f8a000-7f94c9f8c000 r--s 00000000 08:02 6188756                    /home/buddhika/netbeans-8.0.2/java/maven/lib/plexus-component-annotations-1.5.5.jar
7f94c9f8c000-7f94c9fa7000 r--s 000e0000 08:02 6189046                    /home/buddhika/netbeans-8.0.2/java/maven/lib/wagon-http-2.4-shaded.jar
7f94c9fa7000-7f94c9fac000 r--s 00020000 08:02 6188993                    /home/buddhika/netbeans-8.0.2/java/maven/lib/maven-model-builder-3.0.5.jar
7f94c9fac000-7f94c9fca000 r--s 0014f000 08:02 6189078                    /home/buddhika/netbeans-8.0.2/java/maven/lib/sisu-guava-0.9.9.jar
7f94c9fca000-7f94c9fcb000 ---p 00000000 00:00 0 
7f94c9fcb000-7f94ca0cb000 rw-p 00000000 00:00 0                          [stack:8292]
7f94ca0cb000-7f94ca0ce000 ---p 00000000 00:00 0 
7f94ca0ce000-7f94ca1cc000 rw-p 00000000 00:00 0                          [stack:8291]
7f94ca1cc000-7f94ca1cf000 ---p 00000000 00:00 0 
7f94ca1cf000-7f94ca2cd000 rw-p 00000000 00:00 0                          [stack:8290]
7f94ca2cd000-7f94ca2d0000 ---p 00000000 00:00 0 
7f94ca2d0000-7f94ca3ce000 rw-p 00000000 00:00 0                          [stack:8289]
7f94ca3ce000-7f94ca3d1000 ---p 00000000 00:00 0 
7f94ca3d1000-7f94ca4cf000 rw-p 00000000 00:00 0                          [stack:8288]
7f94ca4cf000-7f94cabb2000 r--p 00000000 08:02 662538                     /usr/lib/locale/locale-archive
7f94cabb2000-7f94cabb5000 ---p 00000000 00:00 0 
7f94cabb5000-7f94cacb3000 rw-p 00000000 00:00 0                          [stack:8287]
7f94cacb3000-7f94cacb6000 ---p 00000000 00:00 0 
7f94cacb6000-7f94cadb4000 rw-p 00000000 00:00 0                          [stack:8286]
7f94cadb4000-7f94cadb5000 ---p 00000000 00:00 0 
7f94cadb5000-7f94cbe4f000 rw-p 00000000 00:00 0                          [stack:8285]
7f94cbe4f000-7f94cc000000 r--s 01d27000 08:02 921092                     /usr/lib/jvm/java-7-openjdk-amd64/jre/lib/rt.jar
7f94cc000000-7f94cc02d000 rw-p 00000000 00:00 0 
7f94cc02d000-7f94d0000000 ---p 00000000 00:00 0 
7f94d0000000-7f94d0021000 rw-p 00000000 00:00 0 
7f94d0021000-7f94d4000000 ---p 00000000 00:00 0 
7f94d4000000-7f94d4021000 rw-p 00000000 00:00 0 
7f94d4021000-7f94d8000000 ---p 00000000 00:00 0 
7f94d8000000-7f94d8001000 r--s 00003000 08:02 6189072                    /home/buddhika/netbeans-8.0.2/java/maven/lib/aether-spi-1.13.1.jar
7f94d8001000-7f94d8004000 r--s 00025000 08:02 6189069                    /home/buddhika/netbeans-8.0.2/java/maven/lib/maven-model-3.0.5.jar
7f94d8004000-7f94d8541000 rw-p 00000000 00:00 0 
7f94d8541000-7f94d8542000 ---p 00000000 00:00 0 
7f94d8542000-7f94d8642000 rw-p 00000000 00:00 0                          [stack:8284]
7f94d8642000-7f94d8643000 ---p 00000000 00:00 0 
7f94d8643000-7f94d8743000 rw-p 00000000 00:00 0                          [stack:8283]
7f94d8743000-7f94d8744000 ---p 00000000 00:00 0 
7f94d8744000-7f94d8844000 rw-p 00000000 00:00 0                          [stack:8282]
7f94d8844000-7f94d8845000 ---p 00000000 00:00 0 
7f94d8845000-7f94d89a3000 rw-p 00000000 00:00 0                          [stack:8281]
7f94d89a3000-7f94d8bd5000 rw-p 00000000 00:00 0 
7f94d8bd5000-7f94d8be8000 rw-p 00000000 00:00 0 
7f94d8be8000-7f94d8c28000 rw-p 00000000 00:00 0 
7f94d8c28000-7f94d8c86000 rw-p 00000000 00:00 0 
7f94d8c86000-7f94d8eb7000 rw-p 00000000 00:00 0 
7f94d8eb7000-7f94d8fb9000 rw-p 00000000 00:00 0 
7f94d8fb9000-7f94d8fff000 rw-p 00000000 00:00 0 
7f94d8fff000-7f94d9000000 rw-p 00000000 00:00 0 
7f94d9000000-7f94d9540000 rwxp 00000000 00:00 0 
7f94d9540000-7f94dd035000 rw-p 00000000 00:00 0 
7f94dd035000-7f94e0000000 ---p 00000000 00:00 0 
7f94e0000000-7f94e0001000 r--s 00002000 08:02 6189082                    /home/buddhika/netbeans-8.0.2/java/maven/lib/wagon-file-2.4.jar
7f94e0001000-7f94e0002000 r--s 00009000 08:02 6189080                    /home/buddhika/netbeans-8.0.2/java/maven/lib/commons-cli-1.2.jar
7f94e0002000-7f94e0008000 r--s 0002b000 08:02 6189014                    /home/buddhika/netbeans-8.0.2/java/maven/lib/sisu-inject-plexus-2.3.0.jar
7f94e0008000-7f94e000a000 r--s 0000c000 08:02 6188962                    /home/buddhika/netbeans-8.0.2/java/maven/lib/maven-aether-provider-3.0.5.jar
7f94e000a000-7f94e000c000 r--s 00002000 08:02 6189070                    /home/buddhika/netbeans-8.0.2/java/maven/lib/plexus-cipher-1.7.jar
7f94e000c000-7f94e000f000 r--s 00008000 08:02 6188946                    /home/buddhika/netbeans-8.0.2/java/maven/lib/maven-settings-builder-3.0.5.jar
7f94e000f000-7f94e0011000 r--s 00009000 08:02 6189052                    /home/buddhika/netbeans-8.0.2/java/maven/lib/maven-embedder-3.0.5.jar
7f94e0011000-7f94e0097000 rw-p 00000000 00:00 0 
7f94e0097000-7f94e00d7000 rw-p 00000000 00:00 0 
7f94e00d7000-7f94e00df000 r-xp 00000000 08:02 1196655                    /usr/lib/jvm/java-7-openjdk-amd64/jre/lib/amd64/libzip.so
7f94e00df000-7f94e02de000 ---p 00008000 08:02 1196655                    /usr/lib/jvm/java-7-openjdk-amd64/jre/lib/amd64/libzip.so
7f94e02de000-7f94e02df000 r--p 00007000 08:02 1196655                    /usr/lib/jvm/java-7-openjdk-amd64/jre/lib/amd64/libzip.so
7f94e02df000-7f94e02e0000 rw-p 00008000 08:02 1196655                    /usr/lib/jvm/java-7-openjdk-amd64/jre/lib/amd64/libzip.so
7f94e02e0000-7f94e02eb000 r-xp 00000000 08:02 4456619                    /lib/x86_64-linux-gnu/libnss_files-2.19.so
7f94e02eb000-7f94e04ea000 ---p 0000b000 08:02 4456619                    /lib/x86_64-linux-gnu/libnss_files-2.19.so
7f94e04ea000-7f94e04eb000 r--p 0000a000 08:02 4456619                    /lib/x86_64-linux-gnu/libnss_files-2.19.so
7f94e04eb000-7f94e04ec000 rw-p 0000b000 08:02 4456619                    /lib/x86_64-linux-gnu/libnss_files-2.19.so
7f94e04ec000-7f94e04f7000 r-xp 00000000 08:02 4456662                    /lib/x86_64-linux-gnu/libnss_nis-2.19.so
7f94e04f7000-7f94e06f6000 ---p 0000b000 08:02 4456662                    /lib/x86_64-linux-gnu/libnss_nis-2.19.so
7f94e06f6000-7f94e06f7000 r--p 0000a000 08:02 4456662                    /lib/x86_64-linux-gnu/libnss_nis-2.19.so
7f94e06f7000-7f94e06f8000 rw-p 0000b000 08:02 4456662                    /lib/x86_64-linux-gnu/libnss_nis-2.19.so
7f94e06f8000-7f94e070f000 r-xp 00000000 08:02 4456640                    /lib/x86_64-linux-gnu/libnsl-2.19.so
7f94e070f000-7f94e090e000 ---p 00017000 08:02 4456640                    /lib/x86_64-linux-gnu/libnsl-2.19.so
7f94e090e000-7f94e090f000 r--p 00016000 08:02 4456640                    /lib/x86_64-linux-gnu/libnsl-2.19.so
7f94e090f000-7f94e0910000 rw-p 00017000 08:02 4456640                    /lib/x86_64-linux-gnu/libnsl-2.19.so
7f94e0910000-7f94e0912000 rw-p 00000000 00:00 0 
7f94e0912000-7f94e091b000 r-xp 00000000 08:02 4456638                    /lib/x86_64-linux-gnu/libnss_compat-2.19.so
7f94e091b000-7f94e0b1a000 ---p 00009000 08:02 4456638                    /lib/x86_64-linux-gnu/libnss_compat-2.19.so
7f94e0b1a000-7f94e0b1b000 r--p 00008000 08:02 4456638                    /lib/x86_64-linux-gnu/libnss_compat-2.19.so
7f94e0b1b000-7f94e0b1c000 rw-p 00009000 08:02 4456638                    /lib/x86_64-linux-gnu/libnss_compat-2.19.so
7f94e0b1c000-7f94e0b47000 r-xp 00000000 08:02 1202533                    /usr/lib/jvm/java-7-openjdk-amd64/jre/lib/amd64/libjava.so
7f94e0b47000-7f94e0d47000 ---p 0002b000 08:02 1202533                    /usr/lib/jvm/java-7-openjdk-amd64/jre/lib/amd64/libjava.so
7f94e0d47000-7f94e0d48000 r--p 0002b000 08:02 1202533                    /usr/lib/jvm/java-7-openjdk-amd64/jre/lib/amd64/libjava.so
7f94e0d48000-7f94e0d4a000 rw-p 0002c000 08:02 1202533                    /usr/lib/jvm/java-7-openjdk-amd64/jre/lib/amd64/libjava.so
7f94e0d4a000-7f94e0d5a000 r-xp 00000000 08:02 1196732                    /usr/lib/jvm/java-7-openjdk-amd64/jre/lib/amd64/libverify.so
7f94e0d5a000-7f94e0f59000 ---p 00010000 08:02 1196732                    /usr/lib/jvm/java-7-openjdk-amd64/jre/lib/amd64/libverify.so
7f94e0f59000-7f94e0f5b000 r--p 0000f000 08:02 1196732                    /usr/lib/jvm/java-7-openjdk-amd64/jre/lib/amd64/libverify.so
7f94e0f5b000-7f94e0f5c000 rw-p 00011000 08:02 1196732                    /usr/lib/jvm/java-7-openjdk-amd64/jre/lib/amd64/libverify.so
7f94e0f5c000-7f94e0f63000 r-xp 00000000 08:02 4456656                    /lib/x86_64-linux-gnu/librt-2.19.so
7f94e0f63000-7f94e1162000 ---p 00007000 08:02 4456656                    /lib/x86_64-linux-gnu/librt-2.19.so
7f94e1162000-7f94e1163000 r--p 00006000 08:02 4456656                    /lib/x86_64-linux-gnu/librt-2.19.so
7f94e1163000-7f94e1164000 rw-p 00007000 08:02 4456656                    /lib/x86_64-linux-gnu/librt-2.19.so
7f94e1164000-7f94e117a000 r-xp 00000000 08:02 4457452                    /lib/x86_64-linux-gnu/libgcc_s.so.1
7f94e117a000-7f94e1379000 ---p 00016000 08:02 4457452                    /lib/x86_64-linux-gnu/libgcc_s.so.1
7f94e1379000-7f94e137a000 rw-p 00015000 08:02 4457452                    /lib/x86_64-linux-gnu/libgcc_s.so.1
7f94e137a000-7f94e147f000 r-xp 00000000 08:02 4456618                    /lib/x86_64-linux-gnu/libm-2.19.so
7f94e147f000-7f94e167e000 ---p 00105000 08:02 4456618                    /lib/x86_64-linux-gnu/libm-2.19.so
7f94e167e000-7f94e167f000 r--p 00104000 08:02 4456618                    /lib/x86_64-linux-gnu/libm-2.19.so
7f94e167f000-7f94e1680000 rw-p 00105000 08:02 4456618                    /lib/x86_64-linux-gnu/libm-2.19.so
7f94e1680000-7f94e1766000 r-xp 00000000 08:02 664521                     /usr/lib/x86_64-linux-gnu/libstdc++.so.6.0.19
7f94e1766000-7f94e1965000 ---p 000e6000 08:02 664521                     /usr/lib/x86_64-linux-gnu/libstdc++.so.6.0.19
7f94e1965000-7f94e196d000 r--p 000e5000 08:02 664521                     /usr/lib/x86_64-linux-gnu/libstdc++.so.6.0.19
7f94e196d000-7f94e196f000 rw-p 000ed000 08:02 664521                     /usr/lib/x86_64-linux-gnu/libstdc++.so.6.0.19
7f94e196f000-7f94e1984000 rw-p 00000000 00:00 0 
7f94e1984000-7f94e249c000 r-xp 00000000 08:02 1315314                    /usr/lib/jvm/java-7-openjdk-amd64/jre/lib/amd64/server/libjvm.so
7f94e249c000-7f94e269c000 ---p 00b18000 08:02 1315314                    /usr/lib/jvm/java-7-openjdk-amd64/jre/lib/amd64/server/libjvm.so
7f94e269c000-7f94e2736000 r--p 00b18000 08:02 1315314                    /usr/lib/jvm/java-7-openjdk-amd64/jre/lib/amd64/server/libjvm.so
7f94e2736000-7f94e2759000 rw-p 00bb2000 08:02 1315314                    /usr/lib/jvm/java-7-openjdk-amd64/jre/lib/amd64/server/libjvm.so
7f94e2759000-7f94e2787000 rw-p 00000000 00:00 0 
7f94e2787000-7f94e279f000 r-xp 00000000 08:02 4460671                    /lib/x86_64-linux-gnu/libz.so.1.2.8
7f94e279f000-7f94e299e000 ---p 00018000 08:02 4460671                    /lib/x86_64-linux-gnu/libz.so.1.2.8
7f94e299e000-7f94e299f000 r--p 00017000 08:02 4460671                    /lib/x86_64-linux-gnu/libz.so.1.2.8
7f94e299f000-7f94e29a0000 rw-p 00018000 08:02 4460671                    /lib/x86_64-linux-gnu/libz.so.1.2.8
7f94e29a0000-7f94e29b9000 r-xp 00000000 08:02 4456652                    /lib/x86_64-linux-gnu/libpthread-2.19.so
7f94e29b9000-7f94e2bb8000 ---p 00019000 08:02 4456652                    /lib/x86_64-linux-gnu/libpthread-2.19.so
7f94e2bb8000-7f94e2bb9000 r--p 00018000 08:02 4456652                    /lib/x86_64-linux-gnu/libpthread-2.19.so
7f94e2bb9000-7f94e2bba000 rw-p 00019000 08:02 4456652                    /lib/x86_64-linux-gnu/libpthread-2.19.so
7f94e2bba000-7f94e2bbe000 rw-p 00000000 00:00 0 
7f94e2bbe000-7f94e2bc1000 r-xp 00000000 08:02 4456631                    /lib/x86_64-linux-gnu/libdl-2.19.so
7f94e2bc1000-7f94e2dc0000 ---p 00003000 08:02 4456631                    /lib/x86_64-linux-gnu/libdl-2.19.so
7f94e2dc0000-7f94e2dc1000 r--p 00002000 08:02 4456631                    /lib/x86_64-linux-gnu/libdl-2.19.so
7f94e2dc1000-7f94e2dc2000 rw-p 00003000 08:02 4456631                    /lib/x86_64-linux-gnu/libdl-2.19.so
7f94e2dc2000-7f94e2f7d000 r-xp 00000000 08:02 4456650                    /lib/x86_64-linux-gnu/libc-2.19.so
7f94e2f7d000-7f94e317c000 ---p 001bb000 08:02 4456650                    /lib/x86_64-linux-gnu/libc-2.19.so
7f94e317c000-7f94e3180000 r--p 001ba000 08:02 4456650                    /lib/x86_64-linux-gnu/libc-2.19.so
7f94e3180000-7f94e3182000 rw-p 001be000 08:02 4456650                    /lib/x86_64-linux-gnu/libc-2.19.so
7f94e3182000-7f94e3187000 rw-p 00000000 00:00 0 
7f94e3187000-7f94e3194000 r-xp 00000000 08:02 1315313                    /usr/lib/jvm/java-7-openjdk-amd64/jre/lib/amd64/jli/libjli.so
7f94e3194000-7f94e3393000 ---p 0000d000 08:02 1315313                    /usr/lib/jvm/java-7-openjdk-amd64/jre/lib/amd64/jli/libjli.so
7f94e3393000-7f94e3394000 r--p 0000c000 08:02 1315313                    /usr/lib/jvm/java-7-openjdk-amd64/jre/lib/amd64/jli/libjli.so
7f94e3394000-7f94e3395000 rw-p 0000d000 08:02 1315313                    /usr/lib/jvm/java-7-openjdk-amd64/jre/lib/amd64/jli/libjli.so
7f94e3395000-7f94e33b8000 r-xp 00000000 08:02 4456644                    /lib/x86_64-linux-gnu/ld-2.19.so
7f94e33b8000-7f94e33b9000 r--s 00006000 08:02 6188994                    /home/buddhika/netbeans-8.0.2/java/maven/lib/plexus-sec-dispatcher-1.3.jar
7f94e33b9000-7f94e33bb000 r--s 00006000 08:02 6188921                    /home/buddhika/netbeans-8.0.2/java/maven/lib/aether-connector-wagon-1.13.1.jar
7f94e33bb000-7f94e33bd000 r--s 0000a000 08:02 6189037                    /home/buddhika/netbeans-8.0.2/java/maven/lib/maven-plugin-api-3.0.5.jar
7f94e33bd000-7f94e33c9000 r--s 0007b000 08:02 6189077                    /home/buddhika/netbeans-8.0.2/java/maven/lib/maven-core-3.0.5.jar
7f94e33c9000-7f94e33de000 rw-p 00000000 00:00 0 
7f94e33de000-7f94e3489000 rw-p 00000000 00:00 0 
7f94e3489000-7f94e348c000 ---p 00000000 00:00 0 
7f94e348c000-7f94e358f000 rw-p 00000000 00:00 0                          [stack:8280]
7f94e358f000-7f94e3591000 r--s 00006000 08:02 6188859                    /home/buddhika/netbeans-8.0.2/java/maven/lib/maven-repository-metadata-3.0.5.jar
7f94e3591000-7f94e3593000 r--s 0000b000 08:02 6189051                    /home/buddhika/netbeans-8.0.2/java/maven/lib/maven-artifact-3.0.5.jar
7f94e3593000-7f94e3596000 r--s 0001d000 08:02 6189064                    /home/buddhika/netbeans-8.0.2/java/maven/lib/aether-impl-1.13.1.jar
7f94e3596000-7f94e3598000 r--s 0000a000 08:02 6189026                    /home/buddhika/netbeans-8.0.2/java/maven/boot/plexus-classworlds-2.4.jar
7f94e3598000-7f94e359a000 r--s 00006000 08:02 1061443                    /usr/share/java/java-atk-wrapper.jar
7f94e359a000-7f94e359c000 r--s 00012000 08:02 921107                     /usr/lib/jvm/java-7-openjdk-amd64/jre/lib/ext/zipfs.jar
7f94e359c000-7f94e359f000 r--s 0000f000 08:02 921098                     /usr/lib/jvm/java-7-openjdk-amd64/jre/lib/ext/icedtea-sound.jar
7f94e359f000-7f94e35a3000 r--s 0003c000 08:02 921102                     /usr/lib/jvm/java-7-openjdk-amd64/jre/lib/ext/sunpkcs11.jar
7f94e35a3000-7f94e35a6000 r--s 00086000 08:02 921103                     /usr/lib/jvm/java-7-openjdk-amd64/jre/lib/ext/localedata.jar
7f94e35a6000-7f94e35a7000 r--s 00002000 08:02 921099                     /usr/lib/jvm/java-7-openjdk-amd64/jre/lib/ext/dnsns.jar
7f94e35a7000-7f94e35ab000 r--s 00034000 08:02 921104                     /usr/lib/jvm/java-7-openjdk-amd64/jre/lib/ext/sunjce_provider.jar
7f94e35ab000-7f94e35b3000 rw-s 00000000 08:02 4328167                    /tmp/hsperfdata_buddhika/8277
7f94e35b3000-7f94e35b4000 rw-p 00000000 00:00 0 
7f94e35b4000-7f94e35b5000 ---p 00000000 00:00 0 
7f94e35b5000-7f94e35b7000 rw-p 00000000 00:00 0 
7f94e35b7000-7f94e35b8000 r--p 00022000 08:02 4456644                    /lib/x86_64-linux-gnu/ld-2.19.so
7f94e35b8000-7f94e35b9000 rw-p 00023000 08:02 4456644                    /lib/x86_64-linux-gnu/ld-2.19.so
7f94e35b9000-7f94e35ba000 rw-p 00000000 00:00 0 
7ffe6844c000-7ffe6846d000 rw-p 00000000 00:00 0                          [stack]
7ffe68563000-7ffe68565000 r-xp 00000000 00:00 0                          [vdso]
ffffffffff600000-ffffffffff601000 r-xp 00000000 00:00 0                  [vsyscall]

VM Arguments:
jvm_args: -Dclassworlds.conf=/home/buddhika/netbeans-8.0.2/java/maven/bin/m2.conf -Dmaven.home=/home/buddhika/netbeans-8.0.2/java/maven 
java_command: org.codehaus.plexus.classworlds.launcher.Launcher -Dmaven.ext.class.path=/home/buddhika/netbeans-8.0.2/java/maven-nblib/netbeans-eventspy.jar clean install
Launcher Type: SUN_STANDARD

Environment Variables:
JAVA_HOME=/usr/lib/jvm/java-7-openjdk-amd64
PATH=/usr/local/sbin:/usr/local/bin:/usr/sbin:/usr/bin:/sbin:/bin:/usr/games:/usr/local/games:/home/buddhika/bin:/usr/lib/jvm/java-7-openjdk-amd64/bin
USERNAME=buddhika
LD_LIBRARY_PATH=/usr/lib/jvm/java-7-openjdk-amd64/jre/lib/amd64:/usr/lib/jvm/java-7-openjdk-amd64/jre/lib/i386:
SHELL=/bin/bash
DISPLAY=:0

Signal Handlers:
SIGSEGV: [libjvm.so+0x94b9a0], sa_mask[0]=0x7ffbfeff, sa_flags=0x10000004
SIGBUS: [libjvm.so+0x94b9a0], sa_mask[0]=0x7ffbfeff, sa_flags=0x10000004
SIGFPE: [libjvm.so+0x7c3880], sa_mask[0]=0x7ffbfeff, sa_flags=0x10000004
SIGPIPE: [libjvm.so+0x7c3880], sa_mask[0]=0x7ffbfeff, sa_flags=0x10000004
SIGXFSZ: [libjvm.so+0x7c3880], sa_mask[0]=0x7ffbfeff, sa_flags=0x10000004
SIGILL: [libjvm.so+0x7c3880], sa_mask[0]=0x7ffbfeff, sa_flags=0x10000004
SIGUSR1: SIG_DFL, sa_mask[0]=0x00000000, sa_flags=0x00000000
SIGUSR2: [libjvm.so+0x7c3720], sa_mask[0]=0x00000004, sa_flags=0x10000004
SIGHUP: [libjvm.so+0x7c3900], sa_mask[0]=0x7ffbfeff, sa_flags=0x10000004
SIGINT: SIG_IGN, sa_mask[0]=0x00000000, sa_flags=0x00000000
SIGTERM: [libjvm.so+0x7c3900], sa_mask[0]=0x7ffbfeff, sa_flags=0x10000004
SIGQUIT: [libjvm.so+0x7c3900], sa_mask[0]=0x7ffbfeff, sa_flags=0x10000004
SIGTRAP: SIG_DFL, sa_mask[0]=0x00000000, sa_flags=0x00000000


---------------  S Y S T E M  ---------------

OS:Ubuntu 14.04 (trusty)
uname:Linux 3.13.0-55-generic #94-Ubuntu SMP Thu Jun 18 00:27:10 UTC 2015 x86_64
libc:glibc 2.19 NPTL 2.19 
rlimit: STACK 8192k, CORE 0k, NPROC 62675, NOFILE 4096, AS infinity
load average:1.72 0.76 0.85

/proc/meminfo:
MemTotal:        8052324 kB
MemFree:          120160 kB
Buffers:            3216 kB
Cached:           683340 kB
SwapCached:            0 kB
Active:          7020688 kB
Inactive:         667072 kB
Active(anon):    7003416 kB
Inactive(anon):   636544 kB
Active(file):      17272 kB
Inactive(file):    30528 kB
Unevictable:        4572 kB
Mlocked:            4572 kB
SwapTotal:             0 kB
SwapFree:              0 kB
Dirty:              2024 kB
Writeback:             0 kB
AnonPages:       7006020 kB
Mapped:           360032 kB
Shmem:            638512 kB
Slab:              86292 kB
SReclaimable:      43732 kB
SUnreclaim:        42560 kB
KernelStack:        8280 kB
PageTables:        64064 kB
NFS_Unstable:          0 kB
Bounce:                0 kB
WritebackTmp:          0 kB
CommitLimit:     4026160 kB
Committed_AS:   14830028 kB
VmallocTotal:   34359738367 kB
VmallocUsed:      356644 kB
VmallocChunk:   34359371776 kB
HardwareCorrupted:     0 kB
AnonHugePages:   2961408 kB
HugePages_Total:       0
HugePages_Free:        0
HugePages_Rsvd:        0
HugePages_Surp:        0
Hugepagesize:       2048 kB
DirectMap4k:       86436 kB
DirectMap2M:     3983360 kB
DirectMap1G:     4194304 kB


CPU:total 4 (2 cores per cpu, 2 threads per core) family 6 model 60 stepping 3, cmov, cx8, fxsr, mmx, sse, sse2, sse3, ssse3, sse4.1, sse4.2, popcnt, avx, avx2, aes, erms, ht, tsc, tscinvbit

/proc/cpuinfo:
processor	: 0
vendor_id	: GenuineIntel
cpu family	: 6
model		: 60
model name	: Intel(R) Core(TM) i3-4130 CPU @ 3.40GHz
stepping	: 3
microcode	: 0x17
cpu MHz		: 3400.000
cache size	: 3072 KB
physical id	: 0
siblings	: 4
core id		: 0
cpu cores	: 2
apicid		: 0
initial apicid	: 0
fpu		: yes
fpu_exception	: yes
cpuid level	: 13
wp		: yes
flags		: fpu vme de pse tsc msr pae mce cx8 apic sep mtrr pge mca cmov pat pse36 clflush dts acpi mmx fxsr sse sse2 ss ht tm pbe syscall nx pdpe1gb rdtscp lm constant_tsc arch_perfmon pebs bts rep_good nopl xtopology nonstop_tsc aperfmperf eagerfpu pni pclmulqdq dtes64 monitor ds_cpl vmx est tm2 ssse3 fma cx16 xtpr pdcm pcid sse4_1 sse4_2 movbe popcnt tsc_deadline_timer aes xsave avx f16c rdrand lahf_lm abm arat xsaveopt pln pts dtherm tpr_shadow vnmi flexpriority ept vpid fsgsbase tsc_adjust bmi1 avx2 smep bmi2 erms invpcid
bogomips	: 6800.65
clflush size	: 64
cache_alignment	: 64
address sizes	: 39 bits physical, 48 bits virtual
power management:

processor	: 1
vendor_id	: GenuineIntel
cpu family	: 6
model		: 60
model name	: Intel(R) Core(TM) i3-4130 CPU @ 3.40GHz
stepping	: 3
microcode	: 0x17
cpu MHz		: 3400.000
cache size	: 3072 KB
physical id	: 0
siblings	: 4
core id		: 1
cpu cores	: 2
apicid		: 2
initial apicid	: 2
fpu		: yes
fpu_exception	: yes
cpuid level	: 13
wp		: yes
flags		: fpu vme de pse tsc msr pae mce cx8 apic sep mtrr pge mca cmov pat pse36 clflush dts acpi mmx fxsr sse sse2 ss ht tm pbe syscall nx pdpe1gb rdtscp lm constant_tsc arch_perfmon pebs bts rep_good nopl xtopology nonstop_tsc aperfmperf eagerfpu pni pclmulqdq dtes64 monitor ds_cpl vmx est tm2 ssse3 fma cx16 xtpr pdcm pcid sse4_1 sse4_2 movbe popcnt tsc_deadline_timer aes xsave avx f16c rdrand lahf_lm abm arat xsaveopt pln pts dtherm tpr_shadow vnmi flexpriority ept vpid fsgsbase tsc_adjust bmi1 avx2 smep bmi2 erms invpcid
bogomips	: 6800.65
clflush size	: 64
cache_alignment	: 64
address sizes	: 39 bits physical, 48 bits virtual
power management:

processor	: 2
vendor_id	: GenuineIntel
cpu family	: 6
model		: 60
model name	: Intel(R) Core(TM) i3-4130 CPU @ 3.40GHz
stepping	: 3
microcode	: 0x17
cpu MHz		: 3400.000
cache size	: 3072 KB
physical id	: 0
siblings	: 4
core id		: 0
cpu cores	: 2
apicid		: 1
initial apicid	: 1
fpu		: yes
fpu_exception	: yes
cpuid level	: 13
wp		: yes
flags		: fpu vme de pse tsc msr pae mce cx8 apic sep mtrr pge mca cmov pat pse36 clflush dts acpi mmx fxsr sse sse2 ss ht tm pbe syscall nx pdpe1gb rdtscp lm constant_tsc arch_perfmon pebs bts rep_good nopl xtopology nonstop_tsc aperfmperf eagerfpu pni pclmulqdq dtes64 monitor ds_cpl vmx est tm2 ssse3 fma cx16 xtpr pdcm pcid sse4_1 sse4_2 movbe popcnt tsc_deadline_timer aes xsave avx f16c rdrand lahf_lm abm arat xsaveopt pln pts dtherm tpr_shadow vnmi flexpriority ept vpid fsgsbase tsc_adjust bmi1 avx2 smep bmi2 erms invpcid
bogomips	: 6800.65
clflush size	: 64
cache_alignment	: 64
address sizes	: 39 bits physical, 48 bits virtual
power management:

processor	: 3
vendor_id	: GenuineIntel
cpu family	: 6
model		: 60
model name	: Intel(R) Core(TM) i3-4130 CPU @ 3.40GHz
stepping	: 3
microcode	: 0x17
cpu MHz		: 3400.000
cache size	: 3072 KB
physical id	: 0
siblings	: 4
core id		: 1
cpu cores	: 2
apicid		: 3
initial apicid	: 3
fpu		: yes
fpu_exception	: yes
cpuid level	: 13
wp		: yes
flags		: fpu vme de pse tsc msr pae mce cx8 apic sep mtrr pge mca cmov pat pse36 clflush dts acpi mmx fxsr sse sse2 ss ht tm pbe syscall nx pdpe1gb rdtscp lm constant_tsc arch_perfmon pebs bts rep_good nopl xtopology nonstop_tsc aperfmperf eagerfpu pni pclmulqdq dtes64 monitor ds_cpl vmx est tm2 ssse3 fma cx16 xtpr pdcm pcid sse4_1 sse4_2 movbe popcnt tsc_deadline_timer aes xsave avx f16c rdrand lahf_lm abm arat xsaveopt pln pts dtherm tpr_shadow vnmi flexpriority ept vpid fsgsbase tsc_adjust bmi1 avx2 smep bmi2 erms invpcid
bogomips	: 6800.65
clflush size	: 64
cache_alignment	: 64
address sizes	: 39 bits physical, 48 bits virtual
power management:



Memory: 4k page, physical 8052324k(120160k free), swap 0k(0k free)

vm_info: OpenJDK 64-Bit Server VM (24.79-b02) for linux-amd64 JRE (1.7.0_79-b14), built on Apr 16 2015 08:21:58 by "buildd" with gcc 4.8.2

time: Mon Jun 22 15:21:36 2015
elapsed time: 22 seconds

