#
# There is insufficient memory for the Java Runtime Environment to continue.
# Native memory allocation (malloc) failed to allocate 131072000 bytes for committing reserved memory.
# Possible reasons:
#   The system is out of physical RAM or swap space
#   In 32 bit mode, the process size limit was hit
# Possible solutions:
#   Reduce memory load on the system
#   Increase physical memory or swap space
#   Check if swap backing store is full
#   Use 64 bit Java on a 64 bit OS
#   Decrease Java heap size (-Xmx/-Xms)
#   Decrease number of Java threads
#   Decrease Java thread stack sizes (-Xss)
#   Set larger code cache with -XX:ReservedCodeCacheSize=
# This output file may be truncated or incomplete.
#
#  Out of Memory Error (os_linux.cpp:2827), pid=7508, tid=140286635214592
#
# JRE version: OpenJDK Runtime Environment (7.0_121) (build 1.7.0_121-b00)
# Java VM: OpenJDK 64-Bit Server VM (24.121-b00 mixed mode linux-amd64 compressed oops)
# Derivative: IcedTea 2.6.8
# Distribution: Ubuntu 14.04 LTS, package 7u121-2.6.8-1ubuntu0.14.04.1
# Failed to write core dump. Core dumps have been disabled. To enable core dumping, try "ulimit -c unlimited" before starting Java again
#

---------------  T H R E A D  ---------------

Current thread (0x00007f9710075800):  VMThread [stack: 0x00007f9706ff0000,0x00007f97070f1000] [id=7515]

Stack: [0x00007f9706ff0000,0x00007f97070f1000],  sp=0x00007f97070ef490,  free space=1021k
Native frames: (J=compiled Java code, j=interpreted, Vv=VM code, C=native code)
V  [libjvm.so+0x95d825]
V  [libjvm.so+0x497994]
V  [libjvm.so+0x7d692b]
V  [libjvm.so+0x7d12ef]
V  [libjvm.so+0x8465eb]
V  [libjvm.so+0x835e8b]
V  [libjvm.so+0x83604b]
V  [libjvm.so+0x836f78]
V  [libjvm.so+0x83d884]
V  [libjvm.so+0x843eed]
V  [libjvm.so+0x7f9443]
V  [libjvm.so+0x95f234]
V  [libjvm.so+0x963337]
V  [libjvm.so+0x961df8]
V  [libjvm.so+0x962259]
V  [libjvm.so+0x9626a2]
V  [libjvm.so+0x7d3722]

VM_Operation (0x00007f9717838a50): ParallelGCFailedAllocation, mode: safepoint, requested by thread 0x00007f971000a000


---------------  P R O C E S S  ---------------

Java Threads: ( => current thread )
  0x00007f971051b800 JavaThread "process reaper" daemon [_thread_blocked, id=7524, stack(0x00007f97049e7000,0x00007f9704a20000)]
  0x00007f97100af000 JavaThread "Service Thread" daemon [_thread_blocked, id=7521, stack(0x00007f9706307000,0x00007f9706408000)]
  0x00007f97100ad000 JavaThread "C2 CompilerThread1" daemon [_thread_blocked, id=7520, stack(0x00007f9706408000,0x00007f9706509000)]
  0x00007f97100aa000 JavaThread "C2 CompilerThread0" daemon [_thread_blocked, id=7519, stack(0x00007f9706509000,0x00007f970660a000)]
  0x00007f97100a8000 JavaThread "Signal Dispatcher" daemon [_thread_blocked, id=7518, stack(0x00007f970660a000,0x00007f970670b000)]
  0x00007f971007c000 JavaThread "Finalizer" daemon [_thread_blocked, id=7517, stack(0x00007f9706dee000,0x00007f9706eef000)]
  0x00007f971007a000 JavaThread "Reference Handler" daemon [_thread_blocked, id=7516, stack(0x00007f9706eef000,0x00007f9706ff0000)]
  0x00007f971000a000 JavaThread "main" [_thread_blocked, id=7510, stack(0x00007f971773b000,0x00007f971783c000)]

Other Threads:
=>0x00007f9710075800 VMThread [stack: 0x00007f9706ff0000,0x00007f97070f1000] [id=7515]
  0x00007f97100ba000 WatcherThread [stack: 0x00007f9706206000,0x00007f9706307000] [id=7522]

VM state:at safepoint (normal execution)

VM Mutex/Monitor currently owned by a thread:  ([mutex/lock_event])
[0x00007f97100060d0] ExpandHeap_lock - owner thread: 0x00007f9710075800
[0x00007f9710006750] Threads_lock - owner thread: 0x00007f9710075800
[0x00007f9710006c50] Heap_lock - owner thread: 0x00007f971000a000

Heap
 PSYoungGen      total 193024K, used 0K [0x00000007d6e00000, 0x00000007e7c00000, 0x0000000800000000)
  eden space 156160K, 0% used [0x00000007d6e00000,0x00000007d6e00000,0x00000007e0680000)
  from space 36864K, 0% used [0x00000007e5800000,0x00000007e5800000,0x00000007e7c00000)
  to   space 59392K, 0% used [0x00000007e0800000,0x00000007e0800000,0x00000007e4200000)
 ParOldGen       total 156672K, used 151969K [0x0000000784a00000, 0x000000078e300000, 0x00000007d6e00000)
  object space 156672K, 96% used [0x0000000784a00000,0x000000078de68400,0x000000078e300000)
 PSPermGen       total 37376K, used 18553K [0x000000077a400000, 0x000000077c880000, 0x0000000784a00000)
  object space 37376K, 49% used [0x000000077a400000,0x000000077b61e6f8,0x000000077c880000)

Card table byte_map: [0x00007f970cbd1000,0x00007f970d000000] byte_map_base: 0x00007f9708fff000

Polling page: 0x00007f9717856000

Code Cache  [0x00007f970d000000, 0x00007f970d2f0000, 0x00007f9710000000)
 total_blobs=1029 nmethods=723 adapters=258 free_code_cache=46262Kb largest_free_block=47296704

Compilation events (10 events):
Event: 17.078 Thread 0x00007f97100aa000  818             java.util.ComparableTimSort::mergeHi (716 bytes)
Event: 17.079 Thread 0x00007f97100ad000  819             java.util.ComparableTimSort::gallopRight (327 bytes)
Event: 17.095 Thread 0x00007f97100ad000 nmethod 819 0x00007f970d2225d0 code [0x00007f970d2227c0, 0x00007f970d223958]
Event: 17.095 Thread 0x00007f97100ad000  820             java.util.ComparableTimSort::gallopLeft (327 bytes)
Event: 17.098 Thread 0x00007f97100aa000 nmethod 818 0x00007f970d224750 code [0x00007f970d224960, 0x00007f970d226118]
Event: 17.098 Thread 0x00007f97100aa000  821             java.util.ComparableTimSort::countRunAndMakeAscending (123 bytes)
Event: 17.106 Thread 0x00007f97100aa000 nmethod 821 0x00007f970d0c8090 code [0x00007f970d0c8280, 0x00007f970d0c8f28]
Event: 17.106 Thread 0x00007f97100aa000  822             java.util.ComparableTimSort::mergeHi (716 bytes)
Event: 17.107 Thread 0x00007f97100ad000 nmethod 820 0x00007f970d21dd50 code [0x00007f970d21df40, 0x00007f970d21efd8]
Event: 17.117 Thread 0x00007f97100ad000  823             com.sun.tools.javac.file.ZipFileIndex::getRelativeDirectory (62 bytes)

GC Heap History (10 events):
Event: 7.732 GC heap after
Heap after GC invocations=7 (full 0):
 PSYoungGen      total 72192K, used 7477K [0x00000007d6e00000, 0x00000007dfd00000, 0x0000000800000000)
  eden space 64512K, 0% used [0x00000007d6e00000,0x00000007d6e00000,0x00000007dad00000)
  from space 7680K, 97% used [0x00000007dad00000,0x00000007db44d7d8,0x00000007db480000)
  to   space 8704K, 0% used [0x00000007df480000,0x00000007df480000,0x00000007dfd00000)
 ParOldGen       total 83968K, used 6500K [0x0000000784a00000, 0x0000000789c00000, 0x00000007d6e00000)
  object space 83968K, 7% used [0x0000000784a00000,0x0000000785059368,0x0000000789c00000)
 PSPermGen       total 21504K, used 14634K [0x000000077a400000, 0x000000077b900000, 0x0000000784a00000)
  object space 21504K, 68% used [0x000000077a400000,0x000000077b24abe0,0x000000077b900000)
}
Event: 8.342 GC heap before
{Heap before GC invocations=8 (full 0):
 PSYoungGen      total 72192K, used 71982K [0x00000007d6e00000, 0x00000007dfd00000, 0x0000000800000000)
  eden space 64512K, 99% used [0x00000007d6e00000,0x00000007dacfe280,0x00000007dad00000)
  from space 7680K, 97% used [0x00000007dad00000,0x00000007db44d7d8,0x00000007db480000)
  to   space 8704K, 0% used [0x00000007df480000,0x00000007df480000,0x00000007dfd00000)
 ParOldGen       total 83968K, used 6500K [0x0000000784a00000, 0x0000000789c00000, 0x00000007d6e00000)
  object space 83968K, 7% used [0x0000000784a00000,0x0000000785059368,0x0000000789c00000)
 PSPermGen       total 21504K, used 18111K [0x000000077a400000, 0x000000077b900000, 0x0000000784a00000)
  object space 21504K, 84% used [0x000000077a400000,0x000000077b5afc58,0x000000077b900000)
Event: 8.355 GC heap after
Heap after GC invocations=8 (full 0):
 PSYoungGen      total 135168K, used 8690K [0x00000007d6e00000, 0x00000007e0200000, 0x0000000800000000)
  eden space 126464K, 0% used [0x00000007d6e00000,0x00000007d6e00000,0x00000007de980000)
  from space 8704K, 99% used [0x00000007df480000,0x00000007dfcfcb50,0x00000007dfd00000)
  to   space 11264K, 0% used [0x00000007de980000,0x00000007de980000,0x00000007df480000)
 ParOldGen       total 83968K, used 11284K [0x0000000784a00000, 0x0000000789c00000, 0x00000007d6e00000)
  object space 83968K, 13% used [0x0000000784a00000,0x0000000785505340,0x0000000789c00000)
 PSPermGen       total 21504K, used 18111K [0x000000077a400000, 0x000000077b900000, 0x0000000784a00000)
  object space 21504K, 84% used [0x000000077a400000,0x000000077b5afc58,0x000000077b900000)
}
Event: 12.239 GC heap before
{Heap before GC invocations=9 (full 0):
 PSYoungGen      total 135168K, used 135154K [0x00000007d6e00000, 0x00000007e0200000, 0x0000000800000000)
  eden space 126464K, 100% used [0x00000007d6e00000,0x00000007de980000,0x00000007de980000)
  from space 8704K, 99% used [0x00000007df480000,0x00000007dfcfcb50,0x00000007dfd00000)
  to   space 11264K, 0% used [0x00000007de980000,0x00000007de980000,0x00000007df480000)
 ParOldGen       total 83968K, used 11284K [0x0000000784a00000, 0x0000000789c00000, 0x00000007d6e00000)
  object space 83968K, 13% used [0x0000000784a00000,0x0000000785505340,0x0000000789c00000)
 PSPermGen       total 21504K, used 18441K [0x000000077a400000, 0x000000077b900000, 0x0000000784a00000)
  object space 21504K, 85% used [0x000000077a400000,0x000000077b602490,0x000000077b900000)
Event: 12.323 GC heap after
Heap after GC invocations=9 (full 0):
 PSYoungGen      total 137728K, used 11249K [0x00000007d6e00000, 0x00000007e7c00000, 0x0000000800000000)
  eden space 126464K, 0% used [0x00000007d6e00000,0x00000007d6e00000,0x00000007de980000)
  from space 11264K, 99% used [0x00000007de980000,0x00000007df47c558,0x00000007df480000)
  to   space 36864K, 0% used [0x00000007e5800000,0x00000007e5800000,0x00000007e7c00000)
 ParOldGen       total 83968K, used 70764K [0x0000000784a00000, 0x0000000789c00000, 0x00000007d6e00000)
  object space 83968K, 84% used [0x0000000784a00000,0x0000000788f1b1f8,0x0000000789c00000)
 PSPermGen       total 21504K, used 18441K [0x000000077a400000, 0x000000077b900000, 0x0000000784a00000)
  object space 21504K, 85% used [0x000000077a400000,0x000000077b602490,0x000000077b900000)
}
Event: 12.336 GC heap before
{Heap before GC invocations=10 (full 1):
 PSYoungGen      total 137728K, used 11249K [0x00000007d6e00000, 0x00000007e7c00000, 0x0000000800000000)
  eden space 126464K, 0% used [0x00000007d6e00000,0x00000007d6e00000,0x00000007de980000)
  from space 11264K, 99% used [0x00000007de980000,0x00000007df47c558,0x00000007df480000)
  to   space 36864K, 0% used [0x00000007e5800000,0x00000007e5800000,0x00000007e7c00000)
 ParOldGen       total 83968K, used 70764K [0x0000000784a00000, 0x0000000789c00000, 0x00000007d6e00000)
  object space 83968K, 84% used [0x0000000784a00000,0x0000000788f1b1f8,0x0000000789c00000)
 PSPermGen       total 21504K, used 18441K [0x000000077a400000, 0x000000077b900000, 0x0000000784a00000)
  object space 21504K, 85% used [0x000000077a400000,0x000000077b602490,0x000000077b900000)
Event: 12.736 GC heap after
Heap after GC invocations=10 (full 1):
 PSYoungGen      total 137728K, used 0K [0x00000007d6e00000, 0x00000007e7c00000, 0x0000000800000000)
  eden space 126464K, 0% used [0x00000007d6e00000,0x00000007d6e00000,0x00000007de980000)
  from space 11264K, 0% used [0x00000007de980000,0x00000007de980000,0x00000007df480000)
  to   space 36864K, 0% used [0x00000007e5800000,0x00000007e5800000,0x00000007e7c00000)
 ParOldGen       total 156672K, used 75639K [0x0000000784a00000, 0x000000078e300000, 0x00000007d6e00000)
  object space 156672K, 48% used [0x0000000784a00000,0x00000007893ddfd8,0x000000078e300000)
 PSPermGen       total 37376K, used 18429K [0x000000077a400000, 0x000000077c880000, 0x0000000784a00000)
  object space 37376K, 49% used [0x000000077a400000,0x000000077b5ff4d0,0x000000077c880000)
}
Event: 17.121 GC heap before
{Heap before GC invocations=11 (full 1):
 PSYoungGen      total 137728K, used 126464K [0x00000007d6e00000, 0x00000007e7c00000, 0x0000000800000000)
  eden space 126464K, 100% used [0x00000007d6e00000,0x00000007de980000,0x00000007de980000)
  from space 11264K, 0% used [0x00000007de980000,0x00000007de980000,0x00000007df480000)
  to   space 36864K, 0% used [0x00000007e5800000,0x00000007e5800000,0x00000007e7c00000)
 ParOldGen       total 156672K, used 75639K [0x0000000784a00000, 0x000000078e300000, 0x00000007d6e00000)
  object space 156672K, 48% used [0x0000000784a00000,0x00000007893ddfd8,0x000000078e300000)
 PSPermGen       total 37376K, used 18553K [0x000000077a400000, 0x000000077c880000, 0x0000000784a00000)
  object space 37376K, 49% used [0x000000077a400000,0x000000077b61e778,0x000000077c880000)
Event: 17.247 GC heap after
Heap after GC invocations=11 (full 1):
 PSYoungGen      total 193024K, used 36862K [0x00000007d6e00000, 0x00000007e7c00000, 0x0000000800000000)
  eden space 156160K, 0% used [0x00000007d6e00000,0x00000007d6e00000,0x00000007e0680000)
  from space 36864K, 99% used [0x00000007e5800000,0x00000007e7bff810,0x00000007e7c00000)
  to   space 59392K, 0% used [0x00000007e0800000,0x00000007e0800000,0x00000007e4200000)
 ParOldGen       total 156672K, used 119915K [0x0000000784a00000, 0x000000078e300000, 0x00000007d6e00000)
  object space 156672K, 76% used [0x0000000784a00000,0x000000078bf1aec8,0x000000078e300000)
 PSPermGen       total 37376K, used 18553K [0x000000077a400000, 0x000000077c880000, 0x0000000784a00000)
  object space 37376K, 49% used [0x000000077a400000,0x000000077b61e778,0x000000077c880000)
}
Event: 17.247 GC heap before
{Heap before GC invocations=12 (full 2):
 PSYoungGen      total 193024K, used 36862K [0x00000007d6e00000, 0x00000007e7c00000, 0x0000000800000000)
  eden space 156160K, 0% used [0x00000007d6e00000,0x00000007d6e00000,0x00000007e0680000)
  from space 36864K, 99% used [0x00000007e5800000,0x00000007e7bff810,0x00000007e7c00000)
  to   space 59392K, 0% used [0x00000007e0800000,0x00000007e0800000,0x00000007e4200000)
 ParOldGen       total 156672K, used 119915K [0x0000000784a00000, 0x000000078e300000, 0x00000007d6e00000)
  object space 156672K, 76% used [0x0000000784a00000,0x000000078bf1aec8,0x000000078e300000)
 PSPermGen       total 37376K, used 18553K [0x000000077a400000, 0x000000077c880000, 0x0000000784a00000)
  object space 37376K, 49% used [0x000000077a400000,0x000000077b61e778,0x000000077c880000)

Deoptimization events (10 events):
Event: 16.925 Thread 0x00007f971000a000 Uncommon trap: reason=array_check action=maybe_recompile pc=0x00007f970d1f81dc method=java.util.ComparableTimSort.mergeLo(IIII)V @ 367
Event: 16.925 Thread 0x00007f971000a000 Uncommon trap: reason=array_check action=maybe_recompile pc=0x00007f970d1f81dc method=java.util.ComparableTimSort.mergeLo(IIII)V @ 367
Event: 16.964 Thread 0x00007f971000a000 Uncommon trap: reason=array_check action=maybe_recompile pc=0x00007f970d20e810 method=java.util.ComparableTimSort.mergeLo(IIII)V @ 461
Event: 16.964 Thread 0x00007f971000a000 Uncommon trap: reason=array_check action=maybe_recompile pc=0x00007f970d20e690 method=java.util.ComparableTimSort.mergeLo(IIII)V @ 236
Event: 16.964 Thread 0x00007f971000a000 Uncommon trap: reason=array_check action=maybe_recompile pc=0x00007f970d20e810 method=java.util.ComparableTimSort.mergeLo(IIII)V @ 461
Event: 17.037 Thread 0x00007f971000a000 Uncommon trap: reason=array_check action=maybe_recompile pc=0x00007f970d2287a4 method=java.util.ComparableTimSort.mergeLo(IIII)V @ 583
Event: 17.037 Thread 0x00007f971000a000 Uncommon trap: reason=array_check action=maybe_recompile pc=0x00007f970d2287a4 method=java.util.ComparableTimSort.mergeLo(IIII)V @ 583
Event: 17.084 Thread 0x00007f971000a000 Uncommon trap: reason=unstable_if action=reinterpret pc=0x00007f970d22b5f8 method=java.util.ComparableTimSort.mergeLo(IIII)V @ 83
Event: 17.099 Thread 0x00007f971000a000 Uncommon trap: reason=predicate action=maybe_recompile pc=0x00007f970d225cd8 method=java.util.ComparableTimSort.mergeHi(IIII)V @ 174
Event: 17.118 Thread 0x00007f971000a000 Uncommon trap: reason=predicate action=maybe_recompile pc=0x00007f970d0c8c80 method=java.util.ComparableTimSort.reverseRange([Ljava/lang/Object;II)V @ 8

Internal exceptions (10 events):
Event: 16.501 Thread 0x00007f971000a000 Threw 0x00000007ddb215d0 at /build/openjdk-7-A9DpoP/openjdk-7-7u121-2.6.8/build/openjdk/hotspot/src/share/vm/prims/jvm.cpp:1322
Event: 16.502 Thread 0x00007f971000a000 Threw 0x00000007ddb28218 at /build/openjdk-7-A9DpoP/openjdk-7-7u121-2.6.8/build/openjdk/hotspot/src/share/vm/prims/jvm.cpp:1322
Event: 16.502 Thread 0x00007f971000a000 Threw 0x00000007ddb288f8 at /build/openjdk-7-A9DpoP/openjdk-7-7u121-2.6.8/build/openjdk/hotspot/src/share/vm/prims/jvm.cpp:1322
Event: 16.536 Thread 0x00007f971000a000 Implicit null exception at 0x00007f970d1cf5dc to 0x00007f970d1d07e9
Event: 16.750 Thread 0x00007f971000a000 Threw 0x00000007ddf88038 at /build/openjdk-7-A9DpoP/openjdk-7-7u121-2.6.8/build/openjdk/hotspot/src/share/vm/prims/jni.cpp:721
Event: 16.751 Thread 0x00007f971000a000 Threw 0x00000007ddf898c0 at /build/openjdk-7-A9DpoP/openjdk-7-7u121-2.6.8/build/openjdk/hotspot/src/share/vm/prims/jvm.cpp:1322
Event: 16.751 Thread 0x00007f971000a000 Threw 0x00000007ddf8a018 at /build/openjdk-7-A9DpoP/openjdk-7-7u121-2.6.8/build/openjdk/hotspot/src/share/vm/prims/jvm.cpp:1322
Event: 16.827 Thread 0x00007f971000a000 Threw 0x00000007ddfe5f50 at /build/openjdk-7-A9DpoP/openjdk-7-7u121-2.6.8/build/openjdk/hotspot/src/share/vm/prims/jni.cpp:721
Event: 16.827 Thread 0x00007f971000a000 Threw 0x00000007ddfe6978 at /build/openjdk-7-A9DpoP/openjdk-7-7u121-2.6.8/build/openjdk/hotspot/src/share/vm/prims/jni.cpp:721
Event: 17.102 Thread 0x00007f971000a000 Threw 0x00000007de8ac778 at /build/openjdk-7-A9DpoP/openjdk-7-7u121-2.6.8/build/openjdk/hotspot/src/share/vm/prims/jni.cpp:721

Events (10 events):
Event: 17.084 Thread 0x00007f971000a000 Uncommon trap: trap_request=0xffffff75 fr.pc=0x00007f970d22b5f8
Event: 17.084 Thread 0x00007f971000a000 DEOPT PACKING pc=0x00007f970d22b5f8 sp=0x00007f97178388e0
Event: 17.084 Thread 0x00007f971000a000 DEOPT UNPACKING pc=0x00007f970d039445 sp=0x00007f97178388e8 mode 2
Event: 17.098 Thread 0x00007f971000a000 Uncommon trap: trap_request=0xffffff86 fr.pc=0x00007f970d225cd8
Event: 17.099 Thread 0x00007f971000a000 DEOPT PACKING pc=0x00007f970d225cd8 sp=0x00007f97178388d0
Event: 17.099 Thread 0x00007f971000a000 DEOPT UNPACKING pc=0x00007f970d039445 sp=0x00007f97178388f0 mode 2
Event: 17.118 Thread 0x00007f971000a000 Uncommon trap: trap_request=0xffffff86 fr.pc=0x00007f970d0c8c80
Event: 17.118 Thread 0x00007f971000a000 DEOPT PACKING pc=0x00007f970d0c8c80 sp=0x00007f9717838a40
Event: 17.118 Thread 0x00007f971000a000 DEOPT UNPACKING pc=0x00007f970d039445 sp=0x00007f97178389b8 mode 2
Event: 17.121 Executing VM operation: ParallelGCFailedAllocation


Dynamic libraries:
00400000-00401000 r-xp 00000000 08:04 1713316                            /usr/lib/jvm/java-7-openjdk-amd64/jre/bin/java
00600000-00601000 r--p 00000000 08:04 1713316                            /usr/lib/jvm/java-7-openjdk-amd64/jre/bin/java
00601000-00602000 rw-p 00001000 08:04 1713316                            /usr/lib/jvm/java-7-openjdk-amd64/jre/bin/java
02507000-02528000 rw-p 00000000 00:00 0                                  [heap]
77a400000-77c880000 rw-p 00000000 00:00 0 
77c880000-784a00000 rw-p 00000000 00:00 0 
784a00000-78e300000 rw-p 00000000 00:00 0 
796000000-7d6e00000 rw-p 00000000 00:00 0 
7d6e00000-7e7c00000 rw-p 00000000 00:00 0 
7e7c00000-800000000 rw-p 00000000 00:00 0 
7f96cc000000-7f96cc021000 rw-p 00000000 00:00 0 
7f96cc021000-7f96d0000000 ---p 00000000 00:00 0 
7f96d0000000-7f96d0021000 rw-p 00000000 00:00 0 
7f96d0021000-7f96d4000000 ---p 00000000 00:00 0 
7f96d4000000-7f96d4ffc000 rw-p 00000000 00:00 0 
7f96d4ffc000-7f96d8000000 ---p 00000000 00:00 0 
7f96d8000000-7f96d8021000 rw-p 00000000 00:00 0 
7f96d8021000-7f96dc000000 ---p 00000000 00:00 0 
7f96dc000000-7f96dc021000 rw-p 00000000 00:00 0 
7f96dc021000-7f96e0000000 ---p 00000000 00:00 0 
7f96e0000000-7f96e0dfa000 rw-p 00000000 00:00 0 
7f96e0dfa000-7f96e4000000 ---p 00000000 00:00 0 
7f96e4000000-7f96e4021000 rw-p 00000000 00:00 0 
7f96e4021000-7f96e8000000 ---p 00000000 00:00 0 
7f96e8000000-7f96e8021000 rw-p 00000000 00:00 0 
7f96e8021000-7f96ec000000 ---p 00000000 00:00 0 
7f96ec000000-7f96ec021000 rw-p 00000000 00:00 0 
7f96ec021000-7f96f0000000 ---p 00000000 00:00 0 
7f96f3d20000-7f96f8000000 rw-p 00000000 00:00 0 
7f96f8000000-7f96f8021000 rw-p 00000000 00:00 0 
7f96f8021000-7f96fc000000 ---p 00000000 00:00 0 
7f96fc000000-7f96fc021000 rw-p 00000000 00:00 0 
7f96fc021000-7f9700000000 ---p 00000000 00:00 0 
7f9700000000-7f9700021000 rw-p 00000000 00:00 0 
7f9700021000-7f9704000000 ---p 00000000 00:00 0 
7f97048e1000-7f97048e2000 rw-p 00000000 00:00 0 
7f97048e2000-7f970494d000 r--s 0069c000 08:04 1836197                    /usr/lib/jvm/java-7-openjdk-amd64/lib/tools.jar
7f970494d000-7f9704950000 r--s 0001b000 08:04 19662904                   /home/archmage/.m2/repository/junit/junit/3.8.2/junit-3.8.2.jar
7f9704950000-7f970495e000 r--s 0008f000 08:04 19662902                   /home/archmage/.m2/repository/com/google/collections/google-collections/1.0/google-collections-1.0.jar
7f970495e000-7f970495f000 r--s 0000a000 08:04 19662900                   /home/archmage/.m2/repository/commons-logging/commons-logging-api/1.1/commons-logging-api-1.1.jar
7f970495f000-7f9704966000 r--s 00051000 08:04 19269300                   /home/archmage/.m2/repository/log4j/log4j/1.2.12/log4j-1.2.12.jar
7f9704966000-7f970496a000 r--s 0001d000 08:04 19532231                   /home/archmage/.m2/repository/org/apache/xbean/xbean-reflect/3.4/xbean-reflect-3.4.jar
7f970496a000-7f970496b000 r--s 00004000 08:04 19662896                   /home/archmage/.m2/repository/org/codehaus/plexus/plexus-compiler-javac/2.2/plexus-compiler-javac-2.2.jar
7f970496b000-7f970496d000 r--s 00000000 08:04 19662895                   /home/archmage/.m2/repository/org/codehaus/plexus/plexus-compiler-manager/2.2/plexus-compiler-manager-2.2.jar
7f970496d000-7f970496f000 r--s 00005000 08:04 19662889                   /home/archmage/.m2/repository/org/codehaus/plexus/plexus-compiler-api/2.2/plexus-compiler-api-2.2.jar
7f970496f000-7f9704971000 r--s 00002000 08:04 19662892                   /home/archmage/.m2/repository/org/apache/maven/shared/maven-shared-incremental/1.1/maven-shared-incremental-1.1.jar
7f9704971000-7f9704973000 r--s 00006000 08:04 19662891                   /home/archmage/.m2/repository/com/google/code/findbugs/jsr305/2.0.1/jsr305-2.0.1.jar
7f9704973000-7f9704976000 r--s 00023000 08:04 19662888                   /home/archmage/.m2/repository/org/apache/maven/shared/maven-shared-utils/0.1/maven-shared-utils-0.1.jar
7f9704976000-7f970497a000 r--s 00030000 08:04 19662890                   /home/archmage/.m2/repository/org/codehaus/plexus/plexus-utils/1.5.1/plexus-utils-1.5.1.jar
7f970497a000-7f970497c000 r--s 00009000 08:04 18745789                   /home/archmage/.m2/repository/org/apache/maven/plugins/maven-compiler-plugin/3.1/maven-compiler-plugin-3.1.jar
7f970497c000-7f970497e000 r--s 0000d000 08:04 19662689                   /home/archmage/.m2/repository/org/codehaus/plexus/plexus-interpolation/1.13/plexus-interpolation-1.13.jar
7f970497e000-7f970497f000 r--s 00001000 08:04 19662686                   /home/archmage/.m2/repository/org/sonatype/plexus/plexus-build-api/0.0.4/plexus-build-api-0.0.4.jar
7f970497f000-7f9704981000 r--s 00009000 08:04 19662688                   /home/archmage/.m2/repository/org/apache/maven/shared/maven-filtering/1.0/maven-filtering-1.0.jar
7f9704981000-7f9704982000 r--s 00001000 08:04 19662685                   /home/archmage/.m2/repository/org/apache/maven/doxia/doxia-sink-api/1.0-alpha-7/doxia-sink-api-1.0-alpha-7.jar
7f9704982000-7f9704983000 r--s 00002000 08:04 19662684                   /home/archmage/.m2/repository/org/apache/maven/reporting/maven-reporting-api/2.0.6/maven-reporting-api-2.0.6.jar
7f9704983000-7f9704985000 r--s 00005000 08:04 18614538                   /home/archmage/.m2/repository/org/apache/maven/plugins/maven-resources-plugin/2.5/maven-resources-plugin-2.5.jar
7f9704985000-7f9704993000 r--s 0007f000 08:04 19662599                   /home/archmage/.m2/repository/commons-collections/commons-collections/3.2.1/commons-collections-3.2.1.jar
7f9704993000-7f9704998000 r--s 00041000 08:04 19662597                   /home/archmage/.m2/repository/commons-lang/commons-lang/2.6/commons-lang-2.6.jar
7f9704998000-7f970499a000 r--s 00006000 08:04 19662596                   /home/archmage/.m2/repository/org/apache/maven/shared/maven-invoker/2.0.11/maven-invoker-2.0.11.jar
7f970499a000-7f970499c000 r--s 00006000 08:04 19662593                   /home/archmage/.m2/repository/org/apache/maven/shared/maven-common-artifact-filters/1.4/maven-common-artifact-filters-1.4.jar
7f970499c000-7f970499e000 r--s 0000c000 08:04 19662591                   /home/archmage/.m2/repository/org/apache/maven/shared/maven-dependency-tree/2.0/maven-dependency-tree-2.0.jar
7f970499e000-7f97049a0000 r--s 00000000 08:04 19662589                   /home/archmage/.m2/repository/org/codehaus/plexus/plexus-component-annotations/1.5.5/plexus-component-annotations-1.5.5.jar
7f97049a0000-7f97049a1000 r--s 0000a000 08:04 19662587                   /home/archmage/.m2/repository/asm/asm/3.3.1/asm-3.3.1.jar
7f97049a1000-7f97049a3000 r--s 00005000 08:04 19662585                   /home/archmage/.m2/repository/org/apache/maven/shared/maven-dependency-analyzer/1.3/maven-dependency-analyzer-1.3.jar
7f97049a3000-7f97049a6000 r--s 0000c000 08:04 19662583                   /home/archmage/.m2/repository/org/codehaus/plexus/plexus-io/2.0.6/plexus-io-2.0.6.jar
7f97049a6000-7f97049a9000 r--s 0001b000 08:04 19662581                   /home/archmage/.m2/repository/junit/junit/3.8.1/junit-3.8.1.jar
7f97049a9000-7f97049ab000 r--s 00008000 08:04 19662579                   /home/archmage/.m2/repository/org/apache/maven/shared/maven-shared-io/1.1/maven-shared-io-1.1.jar
7f97049ab000-7f97049ad000 r--s 00008000 08:04 19662578                   /home/archmage/.m2/repository/org/apache/maven/shared/file-management/1.2.1/file-management-1.2.1.jar
7f97049ad000-7f97049b1000 r--s 00035000 08:04 19662576                   /home/archmage/.m2/repository/org/codehaus/plexus/plexus-utils/3.0.9/plexus-utils-3.0.9.jar
7f97049b1000-7f97049b6000 r--s 00029000 08:04 19662574                   /home/archmage/.m2/repository/org/codehaus/plexus/plexus-archiver/2.2/plexus-archiver-2.2.jar
7f97049b6000-7f97049b8000 r--s 00004000 08:04 19662572                   /home/archmage/.m2/repository/org/apache/maven/doxia/doxia-module-xhtml/1.0/doxia-module-xhtml-1.0.jar
7f97049b8000-7f97049b9000 r--s 00006000 08:04 19662570                   /home/archmage/.m2/repository/org/apache/maven/doxia/doxia-module-xdoc/1.0/doxia-module-xdoc-1.0.jar
7f97049b9000-7f97049ba000 r--s 00004000 08:04 19662568                   /home/archmage/.m2/repository/org/apache/maven/doxia/doxia-module-fml/1.0/doxia-module-fml-1.0.jar
7f97049ba000-7f97049bc000 r--s 0000a000 08:04 19662567                   /home/archmage/.m2/repository/org/apache/maven/doxia/doxia-module-apt/1.0/doxia-module-apt-1.0.jar
7f97049bc000-7f97049bd000 r--s 0000b000 08:04 19662565                   /home/archmage/.m2/repository/org/apache/maven/doxia/doxia-decoration-model/1.0/doxia-decoration-model-1.0.jar
7f97049bd000-7f97049c5000 r--s 00058000 08:04 19532229                   /home/archmage/.m2/repository/org/apache/velocity/velocity/1.5/velocity-1.5.jar
7f97049c5000-7f97049c6000 r--s 00001000 08:04 19662563                   /home/archmage/.m2/repository/org/codehaus/plexus/plexus-velocity/1.1.7/plexus-velocity-1.1.7.jar
7f97049c6000-7f97049c7000 r--s 00002000 08:04 19662560                   /home/archmage/.m2/repository/org/codehaus/plexus/plexus-i18n/1.0-beta-7/plexus-i18n-1.0-beta-7.jar
7f97049c7000-7f97049c9000 r--s 0000a000 08:04 19662558                   /home/archmage/.m2/repository/org/apache/maven/doxia/doxia-site-renderer/1.0/doxia-site-renderer-1.0.jar
7f97049c9000-7f97049ca000 r--s 00002000 08:04 19662556                   /home/archmage/.m2/repository/org/apache/maven/doxia/doxia-sink-api/1.0/doxia-sink-api-1.0.jar
7f97049ca000-7f97049cf000 r--s 00016000 08:04 19269298                   /home/archmage/.m2/repository/xml-apis/xml-apis/1.0.b2/xml-apis-1.0.b2.jar
7f97049cf000-7f97049d1000 r--s 0000e000 08:04 19662553                   /home/archmage/.m2/repository/oro/oro/2.0.8/oro-2.0.8.jar
7f97049d1000-7f97049d3000 r--s 00008000 08:04 19662551                   /home/archmage/.m2/repository/commons-logging/commons-logging/1.0.4/commons-logging-1.0.4.jar
7f97049d3000-7f97049d7000 r--s 00026000 08:04 19662548                   /home/archmage/.m2/repository/commons-digester/commons-digester/1.6/commons-digester-1.6.jar
7f97049d7000-7f97049dc000 r--s 0002a000 08:04 19662549                   /home/archmage/.m2/repository/commons-beanutils/commons-beanutils/1.7.0/commons-beanutils-1.7.0.jar
7f97049dc000-7f97049df000 r--s 00014000 08:04 19662545                   /home/archmage/.m2/repository/commons-validator/commons-validator/1.2.0/commons-validator-1.2.0.jar
7f97049df000-7f97049e2000 r--s 00018000 08:04 19662543                   /home/archmage/.m2/repository/commons-io/commons-io/1.4/commons-io-1.4.jar
7f97049e2000-7f97049e4000 r--s 00009000 08:04 19662542                   /home/archmage/.m2/repository/org/apache/maven/shared/maven-doxia-tools/1.0.2/maven-doxia-tools-1.0.2.jar
7f97049e4000-7f97049e7000 r--s 0000b000 08:04 19662536                   /home/archmage/.m2/repository/org/apache/maven/doxia/doxia-core/1.0/doxia-core-1.0.jar
7f97049e7000-7f97049ea000 ---p 00000000 00:00 0 
7f97049ea000-7f9704a51000 rw-p 00000000 00:00 0 
7f9704a51000-7f9704a8e000 r-xp 00000000 08:04 19403050                   /lib/x86_64-linux-gnu/libpcre.so.3.13.1
7f9704a8e000-7f9704c8d000 ---p 0003d000 08:04 19403050                   /lib/x86_64-linux-gnu/libpcre.so.3.13.1
7f9704c8d000-7f9704c8e000 r--p 0003c000 08:04 19403050                   /lib/x86_64-linux-gnu/libpcre.so.3.13.1
7f9704c8e000-7f9704c8f000 rw-p 0003d000 08:04 19403050                   /lib/x86_64-linux-gnu/libpcre.so.3.13.1
7f9704c8f000-7f9704c96000 r-xp 00000000 08:04 1187668                    /usr/lib/x86_64-linux-gnu/libffi.so.6.0.1
7f9704c96000-7f9704e95000 ---p 00007000 08:04 1187668                    /usr/lib/x86_64-linux-gnu/libffi.so.6.0.1
7f9704e95000-7f9704e96000 r--p 00006000 08:04 1187668                    /usr/lib/x86_64-linux-gnu/libffi.so.6.0.1
7f9704e96000-7f9704e97000 rw-p 00007000 08:04 1187668                    /usr/lib/x86_64-linux-gnu/libffi.so.6.0.1
7f9704e97000-7f9704eae000 r-xp 00000000 08:04 19398675                   /lib/x86_64-linux-gnu/libresolv-2.19.so
7f9704eae000-7f97050ae000 ---p 00017000 08:04 19398675                   /lib/x86_64-linux-gnu/libresolv-2.19.so
7f97050ae000-7f97050af000 r--p 00017000 08:04 19398675                   /lib/x86_64-linux-gnu/libresolv-2.19.so
7f97050af000-7f97050b0000 rw-p 00018000 08:04 19398675                   /lib/x86_64-linux-gnu/libresolv-2.19.so
7f97050b0000-7f97050b2000 rw-p 00000000 00:00 0 
7f97050b2000-7f97050d2000 r-xp 00000000 08:04 19403089                   /lib/x86_64-linux-gnu/libselinux.so.1
7f97050d2000-7f97052d1000 ---p 00020000 08:04 19403089                   /lib/x86_64-linux-gnu/libselinux.so.1
7f97052d1000-7f97052d2000 r--p 0001f000 08:04 19403089                   /lib/x86_64-linux-gnu/libselinux.so.1
7f97052d2000-7f97052d3000 rw-p 00020000 08:04 19403089                   /lib/x86_64-linux-gnu/libselinux.so.1
7f97052d3000-7f97052d5000 rw-p 00000000 00:00 0 
7f97052d5000-7f97052d8000 r-xp 00000000 08:04 1187781                    /usr/lib/x86_64-linux-gnu/libgmodule-2.0.so.0.4002.0
7f97052d8000-7f97054d7000 ---p 00003000 08:04 1187781                    /usr/lib/x86_64-linux-gnu/libgmodule-2.0.so.0.4002.0
7f97054d7000-7f97054d8000 r--p 00002000 08:04 1187781                    /usr/lib/x86_64-linux-gnu/libgmodule-2.0.so.0.4002.0
7f97054d8000-7f97054d9000 rw-p 00003000 08:04 1187781                    /usr/lib/x86_64-linux-gnu/libgmodule-2.0.so.0.4002.0
7f97054d9000-7f97055df000 r-xp 00000000 08:04 19402990                   /lib/x86_64-linux-gnu/libglib-2.0.so.0.4002.0
7f97055df000-7f97057de000 ---p 00106000 08:04 19402990                   /lib/x86_64-linux-gnu/libglib-2.0.so.0.4002.0
7f97057de000-7f97057df000 r--p 00105000 08:04 19402990                   /lib/x86_64-linux-gnu/libglib-2.0.so.0.4002.0
7f97057df000-7f97057e0000 rw-p 00106000 08:04 19402990                   /lib/x86_64-linux-gnu/libglib-2.0.so.0.4002.0
7f97057e0000-7f97057e1000 rw-p 00000000 00:00 0 
7f97057e1000-7f9705830000 r-xp 00000000 08:04 1187797                    /usr/lib/x86_64-linux-gnu/libgobject-2.0.so.0.4002.0
7f9705830000-7f9705a30000 ---p 0004f000 08:04 1187797                    /usr/lib/x86_64-linux-gnu/libgobject-2.0.so.0.4002.0
7f9705a30000-7f9705a31000 r--p 0004f000 08:04 1187797                    /usr/lib/x86_64-linux-gnu/libgobject-2.0.so.0.4002.0
7f9705a31000-7f9705a32000 rw-p 00050000 08:04 1187797                    /usr/lib/x86_64-linux-gnu/libgobject-2.0.so.0.4002.0
7f9705a32000-7f9705b9e000 r-xp 00000000 08:04 1187769                    /usr/lib/x86_64-linux-gnu/libgio-2.0.so.0.4002.0
7f9705b9e000-7f9705d9d000 ---p 0016c000 08:04 1187769                    /usr/lib/x86_64-linux-gnu/libgio-2.0.so.0.4002.0
7f9705d9d000-7f9705da1000 r--p 0016b000 08:04 1187769                    /usr/lib/x86_64-linux-gnu/libgio-2.0.so.0.4002.0
7f9705da1000-7f9705da3000 rw-p 0016f000 08:04 1187769                    /usr/lib/x86_64-linux-gnu/libgio-2.0.so.0.4002.0
7f9705da3000-7f9705da5000 rw-p 00000000 00:00 0 
7f9705da5000-7f9705da7000 r--s 00004000 08:04 19662538                   /home/archmage/.m2/repository/org/apache/maven/reporting/maven-reporting-impl/2.0.5/maven-reporting-impl-2.0.5.jar
7f9705da7000-7f9705da8000 r--s 00002000 08:04 19662539                   /home/archmage/.m2/repository/org/apache/maven/reporting/maven-reporting-api/3.0/maven-reporting-api-3.0.jar
7f9705da8000-7f9705daa000 r--s 00002000 08:04 19662537                   /home/archmage/.m2/repository/org/codehaus/plexus/plexus-interactivity-api/1.0-alpha-4/plexus-interactivity-api-1.0-alpha-4.jar
7f9705daa000-7f9705dac000 r--s 00006000 08:04 19662535                   /home/archmage/.m2/repository/commons-cli/commons-cli/1.0/commons-cli-1.0.jar
7f9705dac000-7f9705daf000 r--s 00021000 08:04 18745793                   /home/archmage/.m2/repository/org/apache/maven/plugins/maven-dependency-plugin/2.6/maven-dependency-plugin-2.6.jar
7f9705daf000-7f9705db3000 r--s 00033000 08:04 19662683                   /home/archmage/.m2/repository/org/codehaus/plexus/plexus-utils/2.0.5/plexus-utils-2.0.5.jar
7f9705db3000-7f9705db4000 r--s 00005000 08:04 18876719                   /home/archmage/.m2/repository/org/apache/maven/plugins/maven-clean-plugin/2.4.1/maven-clean-plugin-2.4.1.jar
7f9705db4000-7f9705db5000 r--p 00000000 00:00 0 
7f9705db5000-7f9705db9000 r--s 0004f000 08:04 1713291                    /usr/lib/jvm/java-7-openjdk-amd64/jre/lib/jsse.jar
7f9705db9000-7f9705dbb000 r--s 0000c000 08:04 19661406                   /home/archmage/.netbeans/8.0.2/maven-nblib/netbeans-eventspy.jar
7f9705dbb000-7f9705dd2000 r-xp 00000000 08:04 1712966                    /usr/lib/jvm/java-7-openjdk-amd64/jre/lib/amd64/libnet.so
7f9705dd2000-7f9705fd1000 ---p 00017000 08:04 1712966                    /usr/lib/jvm/java-7-openjdk-amd64/jre/lib/amd64/libnet.so
7f9705fd1000-7f9705fd2000 r--p 00016000 08:04 1712966                    /usr/lib/jvm/java-7-openjdk-amd64/jre/lib/amd64/libnet.so
7f9705fd2000-7f9705fd3000 rw-p 00017000 08:04 1712966                    /usr/lib/jvm/java-7-openjdk-amd64/jre/lib/amd64/libnet.so
7f9705fd3000-7f9705fe3000 r-xp 00000000 08:04 1712887                    /usr/lib/jvm/java-7-openjdk-amd64/jre/lib/amd64/libnio.so
7f9705fe3000-7f97061e3000 ---p 00010000 08:04 1712887                    /usr/lib/jvm/java-7-openjdk-amd64/jre/lib/amd64/libnio.so
7f97061e3000-7f97061e4000 r--p 00010000 08:04 1712887                    /usr/lib/jvm/java-7-openjdk-amd64/jre/lib/amd64/libnio.so
7f97061e4000-7f97061e5000 rw-p 00011000 08:04 1712887                    /usr/lib/jvm/java-7-openjdk-amd64/jre/lib/amd64/libnio.so
7f97061e5000-7f97061e9000 r--s 0001c000 08:04 2101015                    /usr/local/netbeans-8.0.2/java/maven/lib/aether-util-1.13.1.jar
7f97061e9000-7f97061ee000 r--s 00020000 08:04 2100948                    /usr/local/netbeans-8.0.2/java/maven/lib/maven-model-builder-3.0.5.jar
7f97061ee000-7f97061f1000 r--s 00033000 08:04 2101013                    /usr/local/netbeans-8.0.2/java/maven/lib/plexus-utils-2.0.6.jar
7f97061f1000-7f97061fd000 r--s 0007b000 08:04 2101027                    /usr/local/netbeans-8.0.2/java/maven/lib/maven-core-3.0.5.jar
7f97061fd000-7f9706204000 r--s 0003e000 08:04 2100989                    /usr/local/netbeans-8.0.2/java/maven/lib/sisu-inject-bean-2.3.0.jar
7f9706204000-7f9706206000 r--s 00000000 08:04 2100712                    /usr/local/netbeans-8.0.2/java/maven/lib/plexus-component-annotations-1.5.5.jar
7f9706206000-7f9706207000 ---p 00000000 00:00 0 
7f9706207000-7f9706307000 rw-p 00000000 00:00 0 
7f9706307000-7f970630a000 ---p 00000000 00:00 0 
7f970630a000-7f9706408000 rw-p 00000000 00:00 0 
7f9706408000-7f970640b000 ---p 00000000 00:00 0 
7f970640b000-7f9706509000 rw-p 00000000 00:00 0 
7f9706509000-7f970650c000 ---p 00000000 00:00 0 
7f970650c000-7f970660a000 rw-p 00000000 00:00 0 
7f970660a000-7f970660d000 ---p 00000000 00:00 0 
7f970660d000-7f970670b000 rw-p 00000000 00:00 0 
7f970670b000-7f9706dee000 r--p 00000000 08:04 1186386                    /usr/lib/locale/locale-archive
7f9706dee000-7f9706df1000 ---p 00000000 00:00 0 
7f9706df1000-7f9706eef000 rw-p 00000000 00:00 0 
7f9706eef000-7f9706ef2000 ---p 00000000 00:00 0 
7f9706ef2000-7f9706ff0000 rw-p 00000000 00:00 0 
7f9706ff0000-7f9706ff1000 ---p 00000000 00:00 0 
7f9706ff1000-7f9708000000 rw-p 00000000 00:00 0 
7f9708000000-7f9708021000 rw-p 00000000 00:00 0 
7f9708021000-7f970c000000 ---p 00000000 00:00 0 
7f970c000000-7f970c002000 r--s 00006000 08:04 2100878                    /usr/local/netbeans-8.0.2/java/maven/lib/aether-connector-wagon-1.13.1.jar
7f970c002000-7f970c005000 r--s 00025000 08:04 2101019                    /usr/local/netbeans-8.0.2/java/maven/lib/maven-model-3.0.5.jar
7f970c005000-7f970c007000 r--s 0000c000 08:04 2100919                    /usr/local/netbeans-8.0.2/java/maven/lib/maven-aether-provider-3.0.5.jar
7f970c007000-7f970c009000 r--s 0000d000 08:04 2100950                    /usr/local/netbeans-8.0.2/java/maven/lib/plexus-interpolation-1.14.jar
7f970c009000-7f970c024000 r--s 000e0000 08:04 2100997                    /usr/local/netbeans-8.0.2/java/maven/lib/wagon-http-2.4-shaded.jar
7f970c024000-7f970c025000 r--s 00006000 08:04 2100949                    /usr/local/netbeans-8.0.2/java/maven/lib/plexus-sec-dispatcher-1.3.jar
7f970c025000-7f970c027000 r--s 0000b000 08:04 2101002                    /usr/local/netbeans-8.0.2/java/maven/lib/maven-artifact-3.0.5.jar
7f970c027000-7f970c029000 r--s 00006000 08:04 2100816                    /usr/local/netbeans-8.0.2/java/maven/lib/maven-repository-metadata-3.0.5.jar
7f970c029000-7f970c02a000 r--s 00003000 08:04 2101022                    /usr/local/netbeans-8.0.2/java/maven/lib/aether-spi-1.13.1.jar
7f970c02a000-7f970c030000 r--s 0003e000 08:04 2101016                    /usr/local/netbeans-8.0.2/java/maven/lib/maven-compat-3.0.5.jar
7f970c030000-7f970c033000 r--s 00008000 08:04 2100903                    /usr/local/netbeans-8.0.2/java/maven/lib/maven-settings-builder-3.0.5.jar
7f970c033000-7f970c034000 r--s 00009000 08:04 2101030                    /usr/local/netbeans-8.0.2/java/maven/lib/commons-cli-1.2.jar
7f970c034000-7f970c052000 r--s 0014f000 08:04 2101028                    /usr/local/netbeans-8.0.2/java/maven/lib/sisu-guava-0.9.9.jar
7f970c052000-7f970c05a000 r--s 0004e000 08:04 2100978                    /usr/local/netbeans-8.0.2/java/maven/lib/sisu-guice-3.1.0-no_aop.jar
7f970c05a000-7f970c05c000 r--s 00009000 08:04 2101003                    /usr/local/netbeans-8.0.2/java/maven/lib/maven-embedder-3.0.5.jar
7f970c05c000-7f970c05f000 r--s 0001d000 08:04 2101014                    /usr/local/netbeans-8.0.2/java/maven/lib/aether-impl-1.13.1.jar
7f970c05f000-7f970c061000 r--s 0000b000 08:04 2100987                    /usr/local/netbeans-8.0.2/java/maven/lib/wagon-provider-api-2.4.jar
7f970c061000-7f970c063000 r--s 0000a000 08:04 2100988                    /usr/local/netbeans-8.0.2/java/maven/lib/maven-plugin-api-3.0.5.jar
7f970c063000-7f970c069000 r--s 0002b000 08:04 2100968                    /usr/local/netbeans-8.0.2/java/maven/lib/sisu-inject-plexus-2.3.0.jar
7f970c069000-7f970c06b000 r--s 0000a000 08:04 2101004                    /usr/local/netbeans-8.0.2/java/maven/lib/maven-settings-3.0.5.jar
7f970c06b000-7f970c06f000 r--s 00012000 08:04 2101021                    /usr/local/netbeans-8.0.2/java/maven/lib/aether-api-1.13.1.jar
7f970c06f000-7f970c11b000 rw-p 00000000 00:00 0 
7f970c11b000-7f970c2ce000 r--s 01d41000 08:04 1713117                    /usr/lib/jvm/java-7-openjdk-amd64/jre/lib/rt.jar
7f970c2ce000-7f970c7cd000 rw-p 00000000 00:00 0 
7f970c7cd000-7f970c7ce000 ---p 00000000 00:00 0 
7f970c7ce000-7f970c8ce000 rw-p 00000000 00:00 0 
7f970c8ce000-7f970c8cf000 ---p 00000000 00:00 0 
7f970c8cf000-7f970c9cf000 rw-p 00000000 00:00 0 
7f970c9cf000-7f970c9d0000 ---p 00000000 00:00 0 
7f970c9d0000-7f970cad0000 rw-p 00000000 00:00 0 
7f970cad0000-7f970cad1000 ---p 00000000 00:00 0 
7f970cad1000-7f970cbe4000 rw-p 00000000 00:00 0 
7f970cbe4000-7f970cc24000 rw-p 00000000 00:00 0 
7f970cc24000-7f970cc71000 rw-p 00000000 00:00 0 
7f970cc71000-7f970ceb6000 rw-p 00000000 00:00 0 
7f970ceb6000-7f970cf3d000 rw-p 00000000 00:00 0 
7f970cf3d000-7f970cfff000 rw-p 00000000 00:00 0 
7f970cfff000-7f970d000000 rw-p 00000000 00:00 0 
7f970d000000-7f970d2f0000 rwxp 00000000 00:00 0 
7f970d2f0000-7f9710e69000 rw-p 00000000 00:00 0 
7f9710e69000-7f9714000000 ---p 00000000 00:00 0 
7f9714000000-7f9714002000 r--s 00002000 08:04 2101020                    /usr/local/netbeans-8.0.2/java/maven/lib/plexus-cipher-1.7.jar
7f9714002000-7f9714004000 r--s 0000a000 08:04 2234926                    /usr/local/netbeans-8.0.2/java/maven/boot/plexus-classworlds-2.4.jar
7f9714004000-7f9714008000 r--s 00034000 08:04 1713119                    /usr/lib/jvm/java-7-openjdk-amd64/jre/lib/ext/sunjce_provider.jar
7f9714008000-7f971400c000 r--s 00085000 08:04 1713123                    /usr/lib/jvm/java-7-openjdk-amd64/jre/lib/ext/localedata.jar
7f971400c000-7f9714092000 rw-p 00000000 00:00 0 
7f9714092000-7f97140d2000 rw-p 00000000 00:00 0 
7f97140d2000-7f971411f000 rw-p 00000000 00:00 0 
7f971411f000-7f9714364000 rw-p 00000000 00:00 0 
7f9714364000-7f971436c000 r-xp 00000000 08:04 1712964                    /usr/lib/jvm/java-7-openjdk-amd64/jre/lib/amd64/libzip.so
7f971436c000-7f971456b000 ---p 00008000 08:04 1712964                    /usr/lib/jvm/java-7-openjdk-amd64/jre/lib/amd64/libzip.so
7f971456b000-7f971456c000 r--p 00007000 08:04 1712964                    /usr/lib/jvm/java-7-openjdk-amd64/jre/lib/amd64/libzip.so
7f971456c000-7f971456d000 rw-p 00008000 08:04 1712964                    /usr/lib/jvm/java-7-openjdk-amd64/jre/lib/amd64/libzip.so
7f971456d000-7f9714577000 r-xp 00000000 08:04 19402886                   /lib/x86_64-linux-gnu/libnss_files-2.19.so
7f9714577000-7f9714776000 ---p 0000a000 08:04 19402886                   /lib/x86_64-linux-gnu/libnss_files-2.19.so
7f9714776000-7f9714777000 r--p 00009000 08:04 19402886                   /lib/x86_64-linux-gnu/libnss_files-2.19.so
7f9714777000-7f9714778000 rw-p 0000a000 08:04 19402886                   /lib/x86_64-linux-gnu/libnss_files-2.19.so
7f9714778000-7f9714783000 r-xp 00000000 08:04 19398753                   /lib/x86_64-linux-gnu/libnss_nis-2.19.so
7f9714783000-7f9714982000 ---p 0000b000 08:04 19398753                   /lib/x86_64-linux-gnu/libnss_nis-2.19.so
7f9714982000-7f9714983000 r--p 0000a000 08:04 19398753                   /lib/x86_64-linux-gnu/libnss_nis-2.19.so
7f9714983000-7f9714984000 rw-p 0000b000 08:04 19398753                   /lib/x86_64-linux-gnu/libnss_nis-2.19.so
7f9714984000-7f971499b000 r-xp 00000000 08:04 19398749                   /lib/x86_64-linux-gnu/libnsl-2.19.so
7f971499b000-7f9714b9a000 ---p 00017000 08:04 19398749                   /lib/x86_64-linux-gnu/libnsl-2.19.so
7f9714b9a000-7f9714b9b000 r--p 00016000 08:04 19398749                   /lib/x86_64-linux-gnu/libnsl-2.19.so
7f9714b9b000-7f9714b9c000 rw-p 00017000 08:04 19398749                   /lib/x86_64-linux-gnu/libnsl-2.19.so
7f9714b9c000-7f9714b9e000 rw-p 00000000 00:00 0 
7f9714b9e000-7f9714ba7000 r-xp 00000000 08:04 19398748                   /lib/x86_64-linux-gnu/libnss_compat-2.19.so
7f9714ba7000-7f9714da6000 ---p 00009000 08:04 19398748                   /lib/x86_64-linux-gnu/libnss_compat-2.19.so
7f9714da6000-7f9714da7000 r--p 00008000 08:04 19398748                   /lib/x86_64-linux-gnu/libnss_compat-2.19.so
7f9714da7000-7f9714da8000 rw-p 00009000 08:04 19398748                   /lib/x86_64-linux-gnu/libnss_compat-2.19.so
7f9714da8000-7f9714dd2000 r-xp 00000000 08:04 1712963                    /usr/lib/jvm/java-7-openjdk-amd64/jre/lib/amd64/libjava.so
7f9714dd2000-7f9714fd2000 ---p 0002a000 08:04 1712963                    /usr/lib/jvm/java-7-openjdk-amd64/jre/lib/amd64/libjava.so
7f9714fd2000-7f9714fd3000 r--p 0002a000 08:04 1712963                    /usr/lib/jvm/java-7-openjdk-amd64/jre/lib/amd64/libjava.so
7f9714fd3000-7f9714fd5000 rw-p 0002b000 08:04 1712963                    /usr/lib/jvm/java-7-openjdk-amd64/jre/lib/amd64/libjava.so
7f9714fd5000-7f9714fe5000 r-xp 00000000 08:04 1712965                    /usr/lib/jvm/java-7-openjdk-amd64/jre/lib/amd64/libverify.so
7f9714fe5000-7f97151e4000 ---p 00010000 08:04 1712965                    /usr/lib/jvm/java-7-openjdk-amd64/jre/lib/amd64/libverify.so
7f97151e4000-7f97151e6000 r--p 0000f000 08:04 1712965                    /usr/lib/jvm/java-7-openjdk-amd64/jre/lib/amd64/libverify.so
7f97151e6000-7f97151e7000 rw-p 00011000 08:04 1712965                    /usr/lib/jvm/java-7-openjdk-amd64/jre/lib/amd64/libverify.so
7f97151e7000-7f97151ee000 r-xp 00000000 08:04 19398757                   /lib/x86_64-linux-gnu/librt-2.19.so
7f97151ee000-7f97153ed000 ---p 00007000 08:04 19398757                   /lib/x86_64-linux-gnu/librt-2.19.so
7f97153ed000-7f97153ee000 r--p 00006000 08:04 19398757                   /lib/x86_64-linux-gnu/librt-2.19.so
7f97153ee000-7f97153ef000 rw-p 00007000 08:04 19398757                   /lib/x86_64-linux-gnu/librt-2.19.so
7f97153ef000-7f9715405000 r-xp 00000000 08:04 19402986                   /lib/x86_64-linux-gnu/libgcc_s.so.1
7f9715405000-7f9715604000 ---p 00016000 08:04 19402986                   /lib/x86_64-linux-gnu/libgcc_s.so.1
7f9715604000-7f9715605000 rw-p 00015000 08:04 19402986                   /lib/x86_64-linux-gnu/libgcc_s.so.1
7f9715605000-7f971570a000 r-xp 00000000 08:04 19398685                   /lib/x86_64-linux-gnu/libm-2.19.so
7f971570a000-7f9715909000 ---p 00105000 08:04 19398685                   /lib/x86_64-linux-gnu/libm-2.19.so
7f9715909000-7f971590a000 r--p 00104000 08:04 19398685                   /lib/x86_64-linux-gnu/libm-2.19.so
7f971590a000-7f971590b000 rw-p 00105000 08:04 19398685                   /lib/x86_64-linux-gnu/libm-2.19.so
7f971590b000-7f97159f1000 r-xp 00000000 08:04 1179671                    /usr/lib/x86_64-linux-gnu/libstdc++.so.6.0.19
7f97159f1000-7f9715bf0000 ---p 000e6000 08:04 1179671                    /usr/lib/x86_64-linux-gnu/libstdc++.so.6.0.19
7f9715bf0000-7f9715bf8000 r--p 000e5000 08:04 1179671                    /usr/lib/x86_64-linux-gnu/libstdc++.so.6.0.19
7f9715bf8000-7f9715bfa000 rw-p 000ed000 08:04 1179671                    /usr/lib/x86_64-linux-gnu/libstdc++.so.6.0.19
7f9715bfa000-7f9715c0f000 rw-p 00000000 00:00 0 
7f9715c0f000-7f971673d000 r-xp 00000000 08:04 1712876                    /usr/lib/jvm/java-7-openjdk-amd64/jre/lib/amd64/server/libjvm.so
7f971673d000-7f971693d000 ---p 00b2e000 08:04 1712876                    /usr/lib/jvm/java-7-openjdk-amd64/jre/lib/amd64/server/libjvm.so
7f971693d000-7f97169d7000 r--p 00b2e000 08:04 1712876                    /usr/lib/jvm/java-7-openjdk-amd64/jre/lib/amd64/server/libjvm.so
7f97169d7000-7f97169fa000 rw-p 00bc8000 08:04 1712876                    /usr/lib/jvm/java-7-openjdk-amd64/jre/lib/amd64/server/libjvm.so
7f97169fa000-7f9716a29000 rw-p 00000000 00:00 0 
7f9716a29000-7f9716a41000 r-xp 00000000 08:04 19403122                   /lib/x86_64-linux-gnu/libz.so.1.2.8
7f9716a41000-7f9716c40000 ---p 00018000 08:04 19403122                   /lib/x86_64-linux-gnu/libz.so.1.2.8
7f9716c40000-7f9716c41000 r--p 00017000 08:04 19403122                   /lib/x86_64-linux-gnu/libz.so.1.2.8
7f9716c41000-7f9716c42000 rw-p 00018000 08:04 19403122                   /lib/x86_64-linux-gnu/libz.so.1.2.8
7f9716c42000-7f9716c5b000 r-xp 00000000 08:04 19398750                   /lib/x86_64-linux-gnu/libpthread-2.19.so
7f9716c5b000-7f9716e5a000 ---p 00019000 08:04 19398750                   /lib/x86_64-linux-gnu/libpthread-2.19.so
7f9716e5a000-7f9716e5b000 r--p 00018000 08:04 19398750                   /lib/x86_64-linux-gnu/libpthread-2.19.so
7f9716e5b000-7f9716e5c000 rw-p 00019000 08:04 19398750                   /lib/x86_64-linux-gnu/libpthread-2.19.so
7f9716e5c000-7f9716e60000 rw-p 00000000 00:00 0 
7f9716e60000-7f9716e63000 r-xp 00000000 08:04 19398745                   /lib/x86_64-linux-gnu/libdl-2.19.so
7f9716e63000-7f9717062000 ---p 00003000 08:04 19398745                   /lib/x86_64-linux-gnu/libdl-2.19.so
7f9717062000-7f9717063000 r--p 00002000 08:04 19398745                   /lib/x86_64-linux-gnu/libdl-2.19.so
7f9717063000-7f9717064000 rw-p 00003000 08:04 19398745                   /lib/x86_64-linux-gnu/libdl-2.19.so
7f9717064000-7f971721e000 r-xp 00000000 08:04 19398758                   /lib/x86_64-linux-gnu/libc-2.19.so
7f971721e000-7f971741e000 ---p 001ba000 08:04 19398758                   /lib/x86_64-linux-gnu/libc-2.19.so
7f971741e000-7f9717422000 r--p 001ba000 08:04 19398758                   /lib/x86_64-linux-gnu/libc-2.19.so
7f9717422000-7f9717424000 rw-p 001be000 08:04 19398758                   /lib/x86_64-linux-gnu/libc-2.19.so
7f9717424000-7f9717429000 rw-p 00000000 00:00 0 
7f9717429000-7f9717436000 r-xp 00000000 08:04 1712975                    /usr/lib/jvm/java-7-openjdk-amd64/jre/lib/amd64/jli/libjli.so
7f9717436000-7f9717635000 ---p 0000d000 08:04 1712975                    /usr/lib/jvm/java-7-openjdk-amd64/jre/lib/amd64/jli/libjli.so
7f9717635000-7f9717636000 r--p 0000c000 08:04 1712975                    /usr/lib/jvm/java-7-openjdk-amd64/jre/lib/amd64/jli/libjli.so
7f9717636000-7f9717637000 rw-p 0000d000 08:04 1712975                    /usr/lib/jvm/java-7-openjdk-amd64/jre/lib/amd64/jli/libjli.so
7f9717637000-7f971765a000 r-xp 00000000 08:04 19398751                   /lib/x86_64-linux-gnu/ld-2.19.so
7f971765a000-7f9717687000 rw-p 00000000 00:00 0 
7f9717687000-7f971773b000 rw-p 00000000 00:00 0 
7f971773b000-7f971773e000 ---p 00000000 00:00 0 
7f971773e000-7f9717841000 rw-p 00000000 00:00 0 
7f9717841000-7f9717842000 r--s 00002000 08:04 2101032                    /usr/local/netbeans-8.0.2/java/maven/lib/wagon-file-2.4.jar
7f9717842000-7f9717844000 r--s 00006000 08:04 1579092                    /usr/share/java/java-atk-wrapper.jar
7f9717844000-7f9717845000 r--s 00002000 08:04 1713121                    /usr/lib/jvm/java-7-openjdk-amd64/jre/lib/ext/dnsns.jar
7f9717845000-7f9717848000 r--s 0000f000 08:04 1713122                    /usr/lib/jvm/java-7-openjdk-amd64/jre/lib/ext/icedtea-sound.jar
7f9717848000-7f971784a000 r--s 00012000 08:04 1713120                    /usr/lib/jvm/java-7-openjdk-amd64/jre/lib/ext/zipfs.jar
7f971784a000-7f971784d000 r--s 0003d000 08:04 1713118                    /usr/lib/jvm/java-7-openjdk-amd64/jre/lib/ext/sunpkcs11.jar
7f971784d000-7f9717855000 rw-s 00000000 08:04 13371543                   /tmp/hsperfdata_archmage/7508
7f9717855000-7f9717856000 rw-p 00000000 00:00 0 
7f9717856000-7f9717857000 ---p 00000000 00:00 0 
7f9717857000-7f9717859000 rw-p 00000000 00:00 0 
7f9717859000-7f971785a000 r--p 00022000 08:04 19398751                   /lib/x86_64-linux-gnu/ld-2.19.so
7f971785a000-7f971785b000 rw-p 00023000 08:04 19398751                   /lib/x86_64-linux-gnu/ld-2.19.so
7f971785b000-7f971785c000 rw-p 00000000 00:00 0 
7ffe163cf000-7ffe163f0000 rw-p 00000000 00:00 0                          [stack]
7ffe163f5000-7ffe163f7000 r--p 00000000 00:00 0                          [vvar]
7ffe163f7000-7ffe163f9000 r-xp 00000000 00:00 0                          [vdso]
ffffffffff600000-ffffffffff601000 r-xp 00000000 00:00 0                  [vsyscall]

VM Arguments:
jvm_args: -Dclassworlds.conf=/usr/local/netbeans-8.0.2/java/maven/bin/m2.conf -Dmaven.home=/usr/local/netbeans-8.0.2/java/maven 
java_command: org.codehaus.plexus.classworlds.launcher.Launcher -Dmaven.ext.class.path=/home/archmage/.netbeans/8.0.2/maven-nblib/netbeans-eventspy.jar clean install
Launcher Type: SUN_STANDARD

Environment Variables:
JAVA_HOME=/usr/lib/jvm/default-java
JRE_HOME=/usr/lib/jvm/jre
PATH=/usr/lib/jvm/java-7-openjdk-amd64/bin:/usr/local/sbin:/usr/local/bin:/usr/sbin:/usr/bin:/sbin:/bin:/usr/games:/usr/local/games:/usr/lib/jvm/java-1.7.0-openjdk-amd64
LD_LIBRARY_PATH=/usr/lib/jvm/default-java/jre/lib/amd64:/usr/lib/jvm/default-java/jre/lib/i386:
SHELL=/bin/bash
DISPLAY=:0

Signal Handlers:
SIGSEGV: [libjvm.so+0x95e310], sa_mask[0]=0x7ffbfeff, sa_flags=0x10000004
SIGBUS: [libjvm.so+0x95e310], sa_mask[0]=0x7ffbfeff, sa_flags=0x10000004
SIGFPE: [libjvm.so+0x7d1ef0], sa_mask[0]=0x7ffbfeff, sa_flags=0x10000004
SIGPIPE: [libjvm.so+0x7d1ef0], sa_mask[0]=0x7ffbfeff, sa_flags=0x10000004
SIGXFSZ: [libjvm.so+0x7d1ef0], sa_mask[0]=0x7ffbfeff, sa_flags=0x10000004
SIGILL: [libjvm.so+0x7d1ef0], sa_mask[0]=0x7ffbfeff, sa_flags=0x10000004
SIGUSR1: SIG_DFL, sa_mask[0]=0x00000000, sa_flags=0x00000000
SIGUSR2: [libjvm.so+0x7d2020], sa_mask[0]=0x00000004, sa_flags=0x10000004
SIGHUP: [libjvm.so+0x7d1f70], sa_mask[0]=0x7ffbfeff, sa_flags=0x10000004
SIGINT: SIG_IGN, sa_mask[0]=0x00000000, sa_flags=0x00000000
SIGTERM: [libjvm.so+0x7d1f70], sa_mask[0]=0x7ffbfeff, sa_flags=0x10000004
SIGQUIT: [libjvm.so+0x7d1f70], sa_mask[0]=0x7ffbfeff, sa_flags=0x10000004
SIGTRAP: SIG_DFL, sa_mask[0]=0x00000000, sa_flags=0x00000000


---------------  S Y S T E M  ---------------

OS:Ubuntu 14.04 (trusty)
uname:Linux 4.4.0-47-generic #68~14.04.1-Ubuntu SMP Wed Oct 26 19:42:11 UTC 2016 x86_64
libc:glibc 2.19 NPTL 2.19 
rlimit: STACK 8192k, CORE 0k, NPROC 31481, NOFILE 4096, AS infinity
load average:5.21 3.11 1.92

/proc/meminfo:
MemTotal:        8083900 kB
MemFree:          144064 kB
MemAvailable:      41344 kB
Buffers:             496 kB
Cached:           214188 kB
SwapCached:            0 kB
Active:          7548916 kB
Inactive:         184300 kB
Active(anon):    7537888 kB
Inactive(anon):   172408 kB
Active(file):      11028 kB
Inactive(file):    11892 kB
Unevictable:         564 kB
Mlocked:             564 kB
SwapTotal:             0 kB
SwapFree:              0 kB
Dirty:               240 kB
Writeback:             0 kB
AnonPages:       7519636 kB
Mapped:            83904 kB
Shmem:            191228 kB
Slab:              80028 kB
SReclaimable:      43584 kB
SUnreclaim:        36444 kB
KernelStack:       12304 kB
PageTables:        50324 kB
NFS_Unstable:          0 kB
Bounce:                0 kB
WritebackTmp:          0 kB
CommitLimit:     4041948 kB
Committed_AS:   17779376 kB
VmallocTotal:   34359738367 kB
VmallocUsed:           0 kB
VmallocChunk:          0 kB
HardwareCorrupted:     0 kB
AnonHugePages:   5863424 kB
CmaTotal:              0 kB
CmaFree:               0 kB
HugePages_Total:       0
HugePages_Free:        0
HugePages_Rsvd:        0
HugePages_Surp:        0
Hugepagesize:       2048 kB
DirectMap4k:      164524 kB
DirectMap2M:     8132608 kB
DirectMap1G:           0 kB


CPU:total 4 (2 cores per cpu, 2 threads per core) family 6 model 61 stepping 4, cmov, cx8, fxsr, mmx, sse, sse2, sse3, ssse3, sse4.1, sse4.2, popcnt, avx, avx2, aes, erms, ht, tsc, tscinvbit

/proc/cpuinfo:
processor	: 0
vendor_id	: GenuineIntel
cpu family	: 6
model		: 61
model name	: Intel(R) Core(TM) i7-5500U CPU @ 2.40GHz
stepping	: 4
microcode	: 0x22
cpu MHz		: 1535.156
cache size	: 4096 KB
physical id	: 0
siblings	: 4
core id		: 0
cpu cores	: 2
apicid		: 0
initial apicid	: 0
fpu		: yes
fpu_exception	: yes
cpuid level	: 20
wp		: yes
flags		: fpu vme de pse tsc msr pae mce cx8 apic sep mtrr pge mca cmov pat pse36 clflush dts acpi mmx fxsr sse sse2 ss ht tm pbe syscall nx pdpe1gb rdtscp lm constant_tsc arch_perfmon pebs bts rep_good nopl xtopology nonstop_tsc aperfmperf eagerfpu pni pclmulqdq dtes64 monitor ds_cpl vmx est tm2 ssse3 sdbg fma cx16 xtpr pdcm pcid sse4_1 sse4_2 x2apic movbe popcnt tsc_deadline_timer aes xsave avx f16c rdrand lahf_lm abm 3dnowprefetch epb intel_pt tpr_shadow vnmi flexpriority ept vpid fsgsbase tsc_adjust bmi1 avx2 smep bmi2 erms invpcid rdseed adx smap xsaveopt dtherm ida arat pln pts
bugs		:
bogomips	: 4789.06
clflush size	: 64
cache_alignment	: 64
address sizes	: 39 bits physical, 48 bits virtual
power management:

processor	: 1
vendor_id	: GenuineIntel
cpu family	: 6
model		: 61
model name	: Intel(R) Core(TM) i7-5500U CPU @ 2.40GHz
stepping	: 4
microcode	: 0x22
cpu MHz		: 1486.312
cache size	: 4096 KB
physical id	: 0
siblings	: 4
core id		: 1
cpu cores	: 2
apicid		: 2
initial apicid	: 2
fpu		: yes
fpu_exception	: yes
cpuid level	: 20
wp		: yes
flags		: fpu vme de pse tsc msr pae mce cx8 apic sep mtrr pge mca cmov pat pse36 clflush dts acpi mmx fxsr sse sse2 ss ht tm pbe syscall nx pdpe1gb rdtscp lm constant_tsc arch_perfmon pebs bts rep_good nopl xtopology nonstop_tsc aperfmperf eagerfpu pni pclmulqdq dtes64 monitor ds_cpl vmx est tm2 ssse3 sdbg fma cx16 xtpr pdcm pcid sse4_1 sse4_2 x2apic movbe popcnt tsc_deadline_timer aes xsave avx f16c rdrand lahf_lm abm 3dnowprefetch epb intel_pt tpr_shadow vnmi flexpriority ept vpid fsgsbase tsc_adjust bmi1 avx2 smep bmi2 erms invpcid rdseed adx smap xsaveopt dtherm ida arat pln pts
bugs		:
bogomips	: 4789.06
clflush size	: 64
cache_alignment	: 64
address sizes	: 39 bits physical, 48 bits virtual
power management:

processor	: 2
vendor_id	: GenuineIntel
cpu family	: 6
model		: 61
model name	: Intel(R) Core(TM) i7-5500U CPU @ 2.40GHz
stepping	: 4
microcode	: 0x22
cpu MHz		: 1733.718
cache size	: 4096 KB
physical id	: 0
siblings	: 4
core id		: 0
cpu cores	: 2
apicid		: 1
initial apicid	: 1
fpu		: yes
fpu_exception	: yes
cpuid level	: 20
wp		: yes
flags		: fpu vme de pse tsc msr pae mce cx8 apic sep mtrr pge mca cmov pat pse36 clflush dts acpi mmx fxsr sse sse2 ss ht tm pbe syscall nx pdpe1gb rdtscp lm constant_tsc arch_perfmon pebs bts rep_good nopl xtopology nonstop_tsc aperfmperf eagerfpu pni pclmulqdq dtes64 monitor ds_cpl vmx est tm2 ssse3 sdbg fma cx16 xtpr pdcm pcid sse4_1 sse4_2 x2apic movbe popcnt tsc_deadline_timer aes xsave avx f16c rdrand lahf_lm abm 3dnowprefetch epb intel_pt tpr_shadow vnmi flexpriority ept vpid fsgsbase tsc_adjust bmi1 avx2 smep bmi2 erms invpcid rdseed adx smap xsaveopt dtherm ida arat pln pts
bugs		:
bogomips	: 4789.06
clflush size	: 64
cache_alignment	: 64
address sizes	: 39 bits physical, 48 bits virtual
power management:

processor	: 3
vendor_id	: GenuineIntel
cpu family	: 6
model		: 61
model name	: Intel(R) Core(TM) i7-5500U CPU @ 2.40GHz
stepping	: 4
microcode	: 0x22
cpu MHz		: 1635.843
cache size	: 4096 KB
physical id	: 0
siblings	: 4
core id		: 1
cpu cores	: 2
apicid		: 3
initial apicid	: 3
fpu		: yes
fpu_exception	: yes
cpuid level	: 20
wp		: yes
flags		: fpu vme de pse tsc msr pae mce cx8 apic sep mtrr pge mca cmov pat pse36 clflush dts acpi mmx fxsr sse sse2 ss ht tm pbe syscall nx pdpe1gb rdtscp lm constant_tsc arch_perfmon pebs bts rep_good nopl xtopology nonstop_tsc aperfmperf eagerfpu pni pclmulqdq dtes64 monitor ds_cpl vmx est tm2 ssse3 sdbg fma cx16 xtpr pdcm pcid sse4_1 sse4_2 x2apic movbe popcnt tsc_deadline_timer aes xsave avx f16c rdrand lahf_lm abm 3dnowprefetch epb intel_pt tpr_shadow vnmi flexpriority ept vpid fsgsbase tsc_adjust bmi1 avx2 smep bmi2 erms invpcid rdseed adx smap xsaveopt dtherm ida arat pln pts
bugs		:
bogomips	: 4789.06
clflush size	: 64
cache_alignment	: 64
address sizes	: 39 bits physical, 48 bits virtual
power management:



Memory: 4k page, physical 8083900k(141068k free), swap 0k(0k free)

vm_info: OpenJDK 64-Bit Server VM (24.121-b00) for linux-amd64 JRE (1.7.0_121-b00), built on Nov 16 2016 00:46:21 by "buildd" with gcc 4.8.4

time: Mon Dec  5 14:28:44 2016
elapsed time: 19 seconds

