#
# There is insufficient memory for the Java Runtime Environment to continue.
# Native memory allocation (malloc) failed to allocate 95944704 bytes for committing reserved memory.
# Possible reasons:
#   The system is out of physical RAM or swap space
#   In 32 bit mode, the process size limit was hit
# Possible solutions:
#   Reduce memory load on the system
#   Increase physical memory or swap space
#   Check if swap backing store is full
#   Use 64 bit Java on a 64 bit OS
#   Decrease Java heap size (-Xmx/-Xms)
#   Decrease number of Java threads
#   Decrease Java thread stack sizes (-Xss)
#   Set larger code cache with -XX:ReservedCodeCacheSize=
# This output file may be truncated or incomplete.
#
#  Out of Memory Error (os_linux.cpp:2809), pid=8452, tid=139971721672448
#
# JRE version: OpenJDK Runtime Environment (7.0_79-b14) (build 1.7.0_79-b14)
# Java VM: OpenJDK 64-Bit Server VM (24.79-b02 mixed mode linux-amd64 compressed oops)
# Derivative: IcedTea 2.5.5
# Distribution: Ubuntu 14.04 LTS, package 7u79-2.5.5-0ubuntu0.14.04.2
# Failed to write core dump. Core dumps have been disabled. To enable core dumping, try "ulimit -c unlimited" before starting Java again
#

---------------  T H R E A D  ---------------

Current thread (0x00007f4db8075800):  VMThread [stack: 0x00007f4db4afb000,0x00007f4db4bfc000] [id=8460]

Stack: [0x00007f4db4afb000,0x00007f4db4bfc000],  sp=0x00007f4db4bfa490,  free space=1021k
Native frames: (J=compiled Java code, j=interpreted, Vv=VM code, C=native code)
V  [libjvm.so+0x94aec5]  VMError::report_and_die()+0x175
V  [libjvm.so+0x48b9c4]  report_vm_out_of_memory(char const*, int, unsigned long, char const*)+0x74
V  [libjvm.so+0x7c806b]  os::pd_commit_memory(char*, unsigned long, unsigned long, bool)+0xeb
V  [libjvm.so+0x7c2b0f]  os::commit_memory(char*, unsigned long, unsigned long, bool)+0x1f
V  [libjvm.so+0x83500b]  PSVirtualSpace::expand_by(unsigned long)+0x5b
V  [libjvm.so+0x835e60]  PSYoungGen::resize_generation(unsigned long, unsigned long)+0xb0
V  [libjvm.so+0x83654b]  PSYoungGen::resize(unsigned long, unsigned long)+0x1b
V  [libjvm.so+0x832830]  PSScavenge::invoke_no_policy()+0xde0
V  [libjvm.so+0x833008]  PSScavenge::invoke()+0x38
V  [libjvm.so+0x7e96f3]  ParallelScavengeHeap::failed_mem_allocate(unsigned long)+0x63
V  [libjvm.so+0x94c8c4]  VM_ParallelGCFailedAllocation::doit()+0x84
V  [libjvm.so+0x950dc7]  VM_Operation::evaluate()+0x47
V  [libjvm.so+0x94f738]  VMThread::evaluate_operation(VM_Operation*)+0x318
V  [libjvm.so+0x94fb99]  VMThread::loop()+0x219
V  [libjvm.so+0x94ffe2]  VMThread::run()+0x72
V  [libjvm.so+0x7c4f32]  java_start(Thread*)+0xf2

VM_Operation (0x00007f4dc1376000): ParallelGCFailedAllocation, mode: safepoint, requested by thread 0x00007f4db800a000


---------------  P R O C E S S  ---------------

Java Threads: ( => current thread )
  0x00007f4db8519800 JavaThread "process reaper" daemon [_thread_blocked, id=8470, stack(0x00007f4dbc001000,0x00007f4dbc03a000)]
  0x00007f4db80af000 JavaThread "Service Thread" daemon [_thread_blocked, id=8466, stack(0x00007f4dafdfe000,0x00007f4dafeff000)]
  0x00007f4db80ad000 JavaThread "C2 CompilerThread1" daemon [_thread_blocked, id=8465, stack(0x00007f4dafeff000,0x00007f4db0000000)]
  0x00007f4db80aa000 JavaThread "C2 CompilerThread0" daemon [_thread_blocked, id=8464, stack(0x00007f4db4014000,0x00007f4db4115000)]
  0x00007f4db80a8000 JavaThread "Signal Dispatcher" daemon [_thread_blocked, id=8463, stack(0x00007f4db4115000,0x00007f4db4216000)]
  0x00007f4db807c000 JavaThread "Finalizer" daemon [_thread_blocked, id=8462, stack(0x00007f4db48f9000,0x00007f4db49fa000)]
  0x00007f4db807a000 JavaThread "Reference Handler" daemon [_thread_blocked, id=8461, stack(0x00007f4db49fa000,0x00007f4db4afb000)]
  0x00007f4db800a000 JavaThread "main" [_thread_blocked, id=8455, stack(0x00007f4dc1278000,0x00007f4dc1379000)]

Other Threads:
=>0x00007f4db8075800 VMThread [stack: 0x00007f4db4afb000,0x00007f4db4bfc000] [id=8460]
  0x00007f4db80b9800 WatcherThread [stack: 0x00007f4dafcfd000,0x00007f4dafdfe000] [id=8467]

VM state:at safepoint (normal execution)

VM Mutex/Monitor currently owned by a thread:  ([mutex/lock_event])
[0x00007f4db80067d0] Threads_lock - owner thread: 0x00007f4db8075800
[0x00007f4db8006cd0] Heap_lock - owner thread: 0x00007f4db800a000

Heap
 PSYoungGen      total 108032K, used 13804K [0x00000007d7080000, 0x00000007deb80000, 0x0000000800000000)
  eden space 94208K, 0% used [0x00000007d7080000,0x00000007d7080000,0x00000007dcc80000)
  from space 13824K, 99% used [0x00000007dcc80000,0x00000007dd9fb158,0x00000007dda00000)
  to   space 9728K, 0% used [0x00000007dda00000,0x00000007dda00000,0x00000007de380000)
 ParOldGen       total 83456K, used 70161K [0x0000000785200000, 0x000000078a380000, 0x00000007d7080000)
  object space 83456K, 84% used [0x0000000785200000,0x00000007896844a8,0x000000078a380000)
 PSPermGen       total 21504K, used 19038K [0x000000077ac00000, 0x000000077c100000, 0x0000000785200000)
  object space 21504K, 88% used [0x000000077ac00000,0x000000077be97a98,0x000000077c100000)

Card table byte_map: [0x00007f4dbda9b000,0x00007f4dbdec6000] byte_map_base: 0x00007f4db9ec5000

Polling page: 0x00007f4dc13a3000

Code Cache  [0x00007f4db5000000, 0x00007f4db5290000, 0x00007f4db8000000)
 total_blobs=972 nmethods=666 adapters=258 free_code_cache=46616Kb largest_free_block=47687360

Compilation events (10 events):
Event: 12.926 Thread 0x00007f4db80aa000  699             java.lang.Character::digit (10 bytes)
Event: 12.926 Thread 0x00007f4db80ad000  698             java.lang.Character::digit (6 bytes)
Event: 12.927 Thread 0x00007f4db80ad000 nmethod 698 0x00007f4db520c290 code [0x00007f4db520c3e0, 0x00007f4db520c4d8]
Event: 12.927 Thread 0x00007f4db80aa000 nmethod 699 0x00007f4db51a5e10 code [0x00007f4db51a5f60, 0x00007f4db51a60f8]
Event: 12.972 Thread 0x00007f4db80ad000  700             com.sun.tools.javac.parser.JavacParser::methodDeclaratorRest (213 bytes)
Event: 12.979 Thread 0x00007f4db80ad000 nmethod 700 0x00007f4db5277dd0 code [0x00007f4db5278060, 0x00007f4db52789a8]
Event: 12.982 Thread 0x00007f4db80aa000  701             com.sun.tools.javac.parser.JavacParser::variableDeclaratorsRest (89 bytes)
Event: 12.982 Thread 0x00007f4db80ad000  702             com.sun.tools.javac.parser.JavacParser::variableDeclaratorRest (110 bytes)
Event: 12.991 Thread 0x00007f4db80ad000 nmethod 702 0x00007f4db5234110 code [0x00007f4db5234340, 0x00007f4db5234aa0]
Event: 12.993 Thread 0x00007f4db80aa000 nmethod 701 0x00007f4db52760d0 code [0x00007f4db5276340, 0x00007f4db5276d30]

GC Heap History (10 events):
Event: 5.150 GC heap after
Heap after GC invocations=6 (full 0):
 PSYoungGen      total 37888K, used 6528K [0x00000007d7080000, 0x00000007dbc80000, 0x0000000800000000)
  eden space 30720K, 0% used [0x00000007d7080000,0x00000007d7080000,0x00000007d8e80000)
  from space 7168K, 91% used [0x00000007d9600000,0x00000007d9c60000,0x00000007d9d00000)
  to   space 7680K, 0% used [0x00000007d8e80000,0x00000007d8e80000,0x00000007d9600000)
 ParOldGen       total 83456K, used 3251K [0x0000000785200000, 0x000000078a380000, 0x00000007d7080000)
  object space 83456K, 3% used [0x0000000785200000,0x000000078552cfa8,0x000000078a380000)
 PSPermGen       total 21504K, used 13310K [0x000000077ac00000, 0x000000077c100000, 0x0000000785200000)
  object space 21504K, 61% used [0x000000077ac00000,0x000000077b8ff900,0x000000077c100000)
}
Event: 5.507 GC heap before
{Heap before GC invocations=7 (full 0):
 PSYoungGen      total 37888K, used 37248K [0x00000007d7080000, 0x00000007dbc80000, 0x0000000800000000)
  eden space 30720K, 100% used [0x00000007d7080000,0x00000007d8e80000,0x00000007d8e80000)
  from space 7168K, 91% used [0x00000007d9600000,0x00000007d9c60000,0x00000007d9d00000)
  to   space 7680K, 0% used [0x00000007d8e80000,0x00000007d8e80000,0x00000007d9600000)
 ParOldGen       total 83456K, used 3251K [0x0000000785200000, 0x000000078a380000, 0x00000007d7080000)
  object space 83456K, 3% used [0x0000000785200000,0x000000078552cfa8,0x000000078a380000)
 PSPermGen       total 21504K, used 13655K [0x000000077ac00000, 0x000000077c100000, 0x0000000785200000)
  object space 21504K, 63% used [0x000000077ac00000,0x000000077b955f40,0x000000077c100000)
Event: 5.517 GC heap after
Heap after GC invocations=7 (full 0):
 PSYoungGen      total 38400K, used 6080K [0x00000007d7080000, 0x00000007dbb80000, 0x0000000800000000)
  eden space 30720K, 0% used [0x00000007d7080000,0x00000007d7080000,0x00000007d8e80000)
  from space 7680K, 79% used [0x00000007d8e80000,0x00000007d9470000,0x00000007d9600000)
  to   space 7680K, 0% used [0x00000007db400000,0x00000007db400000,0x00000007dbb80000)
 ParOldGen       total 83456K, used 5497K [0x0000000785200000, 0x000000078a380000, 0x00000007d7080000)
  object space 83456K, 6% used [0x0000000785200000,0x000000078575e7e8,0x000000078a380000)
 PSPermGen       total 21504K, used 13655K [0x000000077ac00000, 0x000000077c100000, 0x0000000785200000)
  object space 21504K, 63% used [0x000000077ac00000,0x000000077b955f40,0x000000077c100000)
}
Event: 5.836 GC heap before
{Heap before GC invocations=8 (full 0):
 PSYoungGen      total 38400K, used 36800K [0x00000007d7080000, 0x00000007dbb80000, 0x0000000800000000)
  eden space 30720K, 100% used [0x00000007d7080000,0x00000007d8e80000,0x00000007d8e80000)
  from space 7680K, 79% used [0x00000007d8e80000,0x00000007d9470000,0x00000007d9600000)
  to   space 7680K, 0% used [0x00000007db400000,0x00000007db400000,0x00000007dbb80000)
 ParOldGen       total 83456K, used 5497K [0x0000000785200000, 0x000000078a380000, 0x00000007d7080000)
  object space 83456K, 6% used [0x0000000785200000,0x000000078575e7e8,0x000000078a380000)
 PSPermGen       total 21504K, used 14350K [0x000000077ac00000, 0x000000077c100000, 0x0000000785200000)
  object space 21504K, 66% used [0x000000077ac00000,0x000000077ba03990,0x000000077c100000)
Event: 5.850 GC heap after
Heap after GC invocations=8 (full 0):
 PSYoungGen      total 69120K, used 4629K [0x00000007d7080000, 0x00000007dbb80000, 0x0000000800000000)
  eden space 61440K, 0% used [0x00000007d7080000,0x00000007d7080000,0x00000007dac80000)
  from space 7680K, 60% used [0x00000007db400000,0x00000007db8857d8,0x00000007dbb80000)
  to   space 7680K, 0% used [0x00000007dac80000,0x00000007dac80000,0x00000007db400000)
 ParOldGen       total 83456K, used 7841K [0x0000000785200000, 0x000000078a380000, 0x00000007d7080000)
  object space 83456K, 9% used [0x0000000785200000,0x00000007859a87e8,0x000000078a380000)
 PSPermGen       total 21504K, used 14350K [0x000000077ac00000, 0x000000077c100000, 0x0000000785200000)
  object space 21504K, 66% used [0x000000077ac00000,0x000000077ba03990,0x000000077c100000)
}
Event: 6.811 GC heap before
{Heap before GC invocations=9 (full 0):
 PSYoungGen      total 69120K, used 66069K [0x00000007d7080000, 0x00000007dbb80000, 0x0000000800000000)
  eden space 61440K, 100% used [0x00000007d7080000,0x00000007dac80000,0x00000007dac80000)
  from space 7680K, 60% used [0x00000007db400000,0x00000007db8857d8,0x00000007dbb80000)
  to   space 7680K, 0% used [0x00000007dac80000,0x00000007dac80000,0x00000007db400000)
 ParOldGen       total 83456K, used 7841K [0x0000000785200000, 0x000000078a380000, 0x00000007d7080000)
  object space 83456K, 9% used [0x0000000785200000,0x00000007859a87e8,0x000000078a380000)
 PSPermGen       total 21504K, used 17789K [0x000000077ac00000, 0x000000077c100000, 0x0000000785200000)
  object space 21504K, 82% used [0x000000077ac00000,0x000000077bd5f430,0x000000077c100000)
Event: 6.850 GC heap after
Heap after GC invocations=9 (full 0):
 PSYoungGen      total 69120K, used 7651K [0x00000007d7080000, 0x00000007de380000, 0x0000000800000000)
  eden space 61440K, 0% used [0x00000007d7080000,0x00000007d7080000,0x00000007dac80000)
  from space 7680K, 99% used [0x00000007dac80000,0x00000007db3f8ed8,0x00000007db400000)
  to   space 9728K, 0% used [0x00000007dda00000,0x00000007dda00000,0x00000007de380000)
 ParOldGen       total 83456K, used 11246K [0x0000000785200000, 0x000000078a380000, 0x00000007d7080000)
  object space 83456K, 13% used [0x0000000785200000,0x0000000785cfb898,0x000000078a380000)
 PSPermGen       total 21504K, used 17789K [0x000000077ac00000, 0x000000077c100000, 0x0000000785200000)
  object space 21504K, 82% used [0x000000077ac00000,0x000000077bd5f430,0x000000077c100000)
}
Event: 8.752 GC heap before
{Heap before GC invocations=10 (full 0):
 PSYoungGen      total 69120K, used 69091K [0x00000007d7080000, 0x00000007de380000, 0x0000000800000000)
  eden space 61440K, 100% used [0x00000007d7080000,0x00000007dac80000,0x00000007dac80000)
  from space 7680K, 99% used [0x00000007dac80000,0x00000007db3f8ed8,0x00000007db400000)
  to   space 9728K, 0% used [0x00000007dda00000,0x00000007dda00000,0x00000007de380000)
 ParOldGen       total 83456K, used 11246K [0x0000000785200000, 0x000000078a380000, 0x00000007d7080000)
  object space 83456K, 13% used [0x0000000785200000,0x0000000785cfb898,0x000000078a380000)
 PSPermGen       total 21504K, used 18995K [0x000000077ac00000, 0x000000077c100000, 0x0000000785200000)
  object space 21504K, 88% used [0x000000077ac00000,0x000000077be8ce58,0x000000077c100000)
Event: 8.859 GC heap after
Heap after GC invocations=10 (full 0):
 PSYoungGen      total 103936K, used 9711K [0x00000007d7080000, 0x00000007deb80000, 0x0000000800000000)
  eden space 94208K, 0% used [0x00000007d7080000,0x00000007d7080000,0x00000007dcc80000)
  from space 9728K, 99% used [0x00000007dda00000,0x00000007de37bd08,0x00000007de380000)
  to   space 13824K, 0% used [0x00000007dcc80000,0x00000007dcc80000,0x00000007dda00000)
 ParOldGen       total 83456K, used 20455K [0x0000000785200000, 0x000000078a380000, 0x00000007d7080000)
  object space 83456K, 24% used [0x0000000785200000,0x00000007865f9c48,0x000000078a380000)
 PSPermGen       total 21504K, used 18995K [0x000000077ac00000, 0x000000077c100000, 0x0000000785200000)
  object space 21504K, 88% used [0x000000077ac00000,0x000000077be8ce58,0x000000077c100000)
}
Event: 13.475 GC heap before
{Heap before GC invocations=11 (full 0):
 PSYoungGen      total 103936K, used 103919K [0x00000007d7080000, 0x00000007deb80000, 0x0000000800000000)
  eden space 94208K, 100% used [0x00000007d7080000,0x00000007dcc80000,0x00000007dcc80000)
  from space 9728K, 99% used [0x00000007dda00000,0x00000007de37bd08,0x00000007de380000)
  to   space 13824K, 0% used [0x00000007dcc80000,0x00000007dcc80000,0x00000007dda00000)
 ParOldGen       total 83456K, used 20455K [0x0000000785200000, 0x000000078a380000, 0x00000007d7080000)
  object space 83456K, 24% used [0x0000000785200000,0x00000007865f9c48,0x000000078a380000)
 PSPermGen       total 21504K, used 19038K [0x000000077ac00000, 0x000000077c100000, 0x0000000785200000)
  object space 21504K, 88% used [0x000000077ac00000,0x000000077be97a98,0x000000077c100000)

Deoptimization events (10 events):
Event: 7.131 Thread 0x00007f4db800a000 Uncommon trap: reason=unreached action=reinterpret pc=0x00007f4db51357c4 method=java.util.regex.Pattern.compile()V @ 320
Event: 8.114 Thread 0x00007f4db800a000 Uncommon trap: reason=unreached action=reinterpret pc=0x00007f4db5216ff8 method=com.sun.tools.javac.parser.JavacParser.term3()Lcom/sun/tools/javac/tree/JCTree$JCExpression; @ 2776
Event: 8.342 Thread 0x00007f4db800a000 Uncommon trap: reason=unreached action=reinterpret pc=0x00007f4db5200eac method=com.sun.tools.javac.parser.JavacParser.typeArgumentsOpt(I)Lcom/sun/tools/javac/util/List; @ 12
Event: 9.306 Thread 0x00007f4db800a000 Uncommon trap: reason=unreached action=reinterpret pc=0x00007f4db5220420 method=com.sun.tools.javac.parser.JavacParser.term1()Lcom/sun/tools/javac/tree/JCTree$JCExpression; @ 26
Event: 9.354 Thread 0x00007f4db800a000 Uncommon trap: reason=unreached action=reinterpret pc=0x00007f4db523f930 method=com.sun.tools.javac.parser.JavacParser.term3()Lcom/sun/tools/javac/tree/JCTree$JCExpression; @ 2791
Event: 9.808 Thread 0x00007f4db800a000 Uncommon trap: reason=unreached action=reinterpret pc=0x00007f4db5150d0c method=com.sun.tools.javac.parser.JavacParser.blockStatements()Lcom/sun/tools/javac/util/List; @ 698
Event: 12.589 Thread 0x00007f4db800a000 Uncommon trap: reason=unreached action=reinterpret pc=0x00007f4db527c350 method=com.sun.tools.javac.parser.JavacParser.classOrInterfaceBodyDeclaration(Lcom/sun/tools/javac/util/Name;Z)Lcom/sun/tools/javac/util/List; @ 130
Event: 12.735 Thread 0x00007f4db800a000 Uncommon trap: reason=unreached action=reinterpret pc=0x00007f4db5199a78 method=com.sun.tools.javac.parser.JavacParser.typeParametersOpt()Lcom/sun/tools/javac/util/List; @ 12
Event: 12.802 Thread 0x00007f4db800a000 Uncommon trap: reason=unreached action=reinterpret pc=0x00007f4db51ab46c method=com.sun.tools.javac.parser.JavacParser.importDeclaration()Lcom/sun/tools/javac/tree/JCTree; @ 33
Event: 13.417 Thread 0x00007f4db800a000 Uncommon trap: reason=unreached action=reinterpret pc=0x00007f4db5276a44 method=com.sun.tools.javac.parser.JavacParser.variableDeclaratorsRest(ILcom/sun/tools/javac/tree/JCTree$JCModifiers;Lcom/sun/tools/javac/tree/JCTree$JCExpression;Lcom/sun/tools/javac

Internal exceptions (10 events):
Event: 7.146 Thread 0x00007f4db800a000 Threw 0x00000007d9973ed8 at /build/buildd/openjdk-7-7u79-2.5.5/build/openjdk/hotspot/src/share/vm/prims/jvm.cpp:1284
Event: 7.146 Thread 0x00007f4db800a000 Threw 0x00000007d9974548 at /build/buildd/openjdk-7-7u79-2.5.5/build/openjdk/hotspot/src/share/vm/prims/jvm.cpp:1284
Event: 7.146 Thread 0x00007f4db800a000 Threw 0x00000007d9977900 at /build/buildd/openjdk-7-7u79-2.5.5/build/openjdk/hotspot/src/share/vm/prims/jvm.cpp:1284
Event: 7.146 Thread 0x00007f4db800a000 Threw 0x00000007d9977ff0 at /build/buildd/openjdk-7-7u79-2.5.5/build/openjdk/hotspot/src/share/vm/prims/jvm.cpp:1284
Event: 7.146 Thread 0x00007f4db800a000 Threw 0x00000007d997bb20 at /build/buildd/openjdk-7-7u79-2.5.5/build/openjdk/hotspot/src/share/vm/prims/jvm.cpp:1284
Event: 7.146 Thread 0x00007f4db800a000 Threw 0x00000007d997c1e0 at /build/buildd/openjdk-7-7u79-2.5.5/build/openjdk/hotspot/src/share/vm/prims/jvm.cpp:1284
Event: 7.146 Thread 0x00007f4db800a000 Threw 0x00000007d997ea30 at /build/buildd/openjdk-7-7u79-2.5.5/build/openjdk/hotspot/src/share/vm/prims/jvm.cpp:1284
Event: 7.146 Thread 0x00007f4db800a000 Threw 0x00000007d997f138 at /build/buildd/openjdk-7-7u79-2.5.5/build/openjdk/hotspot/src/share/vm/prims/jvm.cpp:1284
Event: 9.806 Thread 0x00007f4db800a000 Threw 0x00000007d7cb8440 at /build/buildd/openjdk-7-7u79-2.5.5/build/openjdk/hotspot/src/share/vm/prims/jvm.cpp:1284
Event: 9.806 Thread 0x00007f4db800a000 Threw 0x00000007d7cb8ab0 at /build/buildd/openjdk-7-7u79-2.5.5/build/openjdk/hotspot/src/share/vm/prims/jvm.cpp:1284

Events (10 events):
Event: 12.735 Thread 0x00007f4db800a000 Uncommon trap: trap_request=0xffffffad fr.pc=0x00007f4db5199a78
Event: 12.735 Thread 0x00007f4db800a000 DEOPT PACKING pc=0x00007f4db5199a78 sp=0x00007f4dc1376160
Event: 12.735 Thread 0x00007f4db800a000 DEOPT UNPACKING pc=0x00007f4db5039445 sp=0x00007f4dc1376118 mode 2
Event: 12.802 Thread 0x00007f4db800a000 Uncommon trap: trap_request=0xffffffad fr.pc=0x00007f4db51ab46c
Event: 12.802 Thread 0x00007f4db800a000 DEOPT PACKING pc=0x00007f4db51ab46c sp=0x00007f4dc13762c0
Event: 12.802 Thread 0x00007f4db800a000 DEOPT UNPACKING pc=0x00007f4db5039445 sp=0x00007f4dc1376280 mode 2
Event: 13.417 Thread 0x00007f4db800a000 Uncommon trap: trap_request=0xffffffad fr.pc=0x00007f4db5276a44
Event: 13.417 Thread 0x00007f4db800a000 DEOPT PACKING pc=0x00007f4db5276a44 sp=0x00007f4dc1375e50
Event: 13.417 Thread 0x00007f4db800a000 DEOPT UNPACKING pc=0x00007f4db5039445 sp=0x00007f4dc1375e30 mode 2
Event: 13.475 Executing VM operation: ParallelGCFailedAllocation


Dynamic libraries:
00400000-00401000 r-xp 00000000 08:02 921023                             /usr/lib/jvm/java-7-openjdk-amd64/jre/bin/java
00600000-00601000 r--p 00000000 08:02 921023                             /usr/lib/jvm/java-7-openjdk-amd64/jre/bin/java
00601000-00602000 rw-p 00001000 08:02 921023                             /usr/lib/jvm/java-7-openjdk-amd64/jre/bin/java
00841000-00862000 rw-p 00000000 00:00 0                                  [heap]
77ac00000-77c100000 rw-p 00000000 00:00 0 
77c100000-785200000 rw-p 00000000 00:00 0 
785200000-78a380000 rw-p 00000000 00:00 0 
78a380000-7d7080000 rw-p 00000000 00:00 0 
7d7080000-7deb80000 rw-p 00000000 00:00 0 
7e4700000-800000000 rw-p 00000000 00:00 0 
7f4d6c000000-7f4d6c021000 rw-p 00000000 00:00 0 
7f4d6c021000-7f4d70000000 ---p 00000000 00:00 0 
7f4d74000000-7f4d74021000 rw-p 00000000 00:00 0 
7f4d74021000-7f4d78000000 ---p 00000000 00:00 0 
7f4d78000000-7f4d78021000 rw-p 00000000 00:00 0 
7f4d78021000-7f4d7c000000 ---p 00000000 00:00 0 
7f4d7c000000-7f4d7d071000 rw-p 00000000 00:00 0 
7f4d7d071000-7f4d80000000 ---p 00000000 00:00 0 
7f4d80000000-7f4d80d14000 rw-p 00000000 00:00 0 
7f4d80d14000-7f4d84000000 ---p 00000000 00:00 0 
7f4d84000000-7f4d84021000 rw-p 00000000 00:00 0 
7f4d84021000-7f4d88000000 ---p 00000000 00:00 0 
7f4d88000000-7f4d88021000 rw-p 00000000 00:00 0 
7f4d88021000-7f4d8c000000 ---p 00000000 00:00 0 
7f4d8c000000-7f4d8c021000 rw-p 00000000 00:00 0 
7f4d8c021000-7f4d90000000 ---p 00000000 00:00 0 
7f4d93d60000-7f4d98000000 rw-p 00000000 00:00 0 
7f4d98000000-7f4d98021000 rw-p 00000000 00:00 0 
7f4d98021000-7f4d9c000000 ---p 00000000 00:00 0 
7f4d9c000000-7f4d9c241000 rw-p 00000000 00:00 0 
7f4d9c241000-7f4da0000000 ---p 00000000 00:00 0 
7f4da0000000-7f4da0021000 rw-p 00000000 00:00 0 
7f4da0021000-7f4da4000000 ---p 00000000 00:00 0 
7f4da8000000-7f4da8021000 rw-p 00000000 00:00 0 
7f4da8021000-7f4dac000000 ---p 00000000 00:00 0 
7f4dae2e7000-7f4dae362000 r--s 007bc000 08:02 397084                     /home/buddhika/.m2/repository/org/eclipse/persistence/eclipselink/2.5.1/eclipselink-2.5.1.jar
7f4dae362000-7f4dae365000 r--s 00023000 08:02 525940                     /home/buddhika/.m2/repository/org/apache/maven/shared/maven-shared-utils/0.1/maven-shared-utils-0.1.jar
7f4dae365000-7f4dae369000 r--s 00030000 08:02 525938                     /home/buddhika/.m2/repository/org/codehaus/plexus/plexus-utils/1.5.1/plexus-utils-1.5.1.jar
7f4dae3ae000-7f4dae3af000 rw-p 00000000 00:00 0 
7f4dae3af000-7f4dae3b2000 r--s 00017000 08:02 921124                     /usr/lib/jvm/java-7-openjdk-amd64/jre/lib/jce.jar
7f4dae3b2000-7f4dae3b3000 r--s 0000c000 08:02 397086                     /home/buddhika/.m2/repository/org/eclipse/persistence/org.eclipse.persistence.jpa.modelgen.processor/2.5.1/org.eclipse.persistence.jpa.modelgen.processor-2.5.1.jar
7f4dae3b3000-7f4dae3b5000 r--s 00004000 08:02 397087                     /home/buddhika/.m2/repository/org/eclipse/persistence/commonj.sdo/2.1.1/commonj.sdo-2.1.1.jar
7f4dae3b5000-7f4dae3bc000 r--s 000a5000 08:02 396409                     /home/buddhika/.m2/repository/mysql/mysql-connector-java/5.1.6/mysql-connector-java-5.1.6.jar
7f4dae3bc000-7f4dae3bf000 r--s 00014000 08:02 396407                     /home/buddhika/.m2/repository/net/sourceforge/barbecue/barbecue/1.5-beta1/barbecue-1.5-beta1.jar
7f4dae3bf000-7f4dae3fd000 r--s 00482000 08:02 396126                     /home/buddhika/.m2/repository/org/eclipse/persistence/org.eclipse.persistence.core/2.5.0/org.eclipse.persistence.core-2.5.0.jar
7f4dae3fd000-7f4dae41b000 r--s 00137000 08:02 396124                     /home/buddhika/.m2/repository/org/eclipse/persistence/org.eclipse.persistence.jpa.jpql/2.5.0/org.eclipse.persistence.jpa.jpql-2.5.0.jar
7f4dae41b000-7f4dae420000 r--s 0002a000 08:02 396123                     /home/buddhika/.m2/repository/org/eclipse/persistence/org.eclipse.persistence.antlr/2.5.0/org.eclipse.persistence.antlr-2.5.0.jar
7f4dae420000-7f4dae427000 r--s 0003c000 08:02 396120                     /home/buddhika/.m2/repository/org/eclipse/persistence/org.eclipse.persistence.asm/2.5.0/org.eclipse.persistence.asm-2.5.0.jar
7f4dae427000-7f4dae42d000 r--s 00022000 08:02 396122                     /home/buddhika/.m2/repository/org/eclipse/persistence/javax.persistence/2.1.0/javax.persistence-2.1.0.jar
7f4dae42d000-7f4dae43c000 r--s 00108000 08:02 396121                     /home/buddhika/.m2/repository/org/eclipse/persistence/org.eclipse.persistence.jpa/2.5.0/org.eclipse.persistence.jpa-2.5.0.jar
7f4dae43c000-7f4dae440000 r--s 00033000 08:02 2621979                    /home/buddhika/.m2/repository/org/glassfish/javax.el/3.0.0/javax.el-3.0.0.jar
7f4dae440000-7f4dae44f000 r--s 0007f000 08:02 394706                     /home/buddhika/.m2/repository/joda-time/joda-time/2.3/joda-time-2.3.jar
7f4dae44f000-7f4dae453000 r--s 00013000 08:02 526196                     /home/buddhika/.m2/repository/commons-collections/commons-collections/2.0/commons-collections-2.0.jar
7f4dae453000-7f4dae456000 r--s 0001a000 08:02 526195                     /home/buddhika/.m2/repository/commons-beanutils/commons-beanutils/1.6/commons-beanutils-1.6.jar
7f4dae456000-7f4dae4c1000 r--s 0069e000 08:02 2885533                    /usr/lib/jvm/java-7-openjdk-amd64/lib/tools.jar
7f4dae4c1000-7f4dae4c4000 r--s 0001b000 08:02 525954                     /home/buddhika/.m2/repository/junit/junit/3.8.2/junit-3.8.2.jar
7f4dae4c4000-7f4dae4d2000 r--s 0008f000 08:02 525952                     /home/buddhika/.m2/repository/com/google/collections/google-collections/1.0/google-collections-1.0.jar
7f4dae4d2000-7f4dae4d3000 r--s 0000a000 08:02 394907                     /home/buddhika/.m2/repository/commons-logging/commons-logging-api/1.1/commons-logging-api-1.1.jar
7f4dae4d3000-7f4dae4da000 r--s 00051000 08:02 394906                     /home/buddhika/.m2/repository/log4j/log4j/1.2.12/log4j-1.2.12.jar
7f4dae4da000-7f4dae4de000 r--s 0001d000 08:02 525950                     /home/buddhika/.m2/repository/org/apache/xbean/xbean-reflect/3.4/xbean-reflect-3.4.jar
7f4dae4de000-7f4dae4df000 r--s 00004000 08:02 525948                     /home/buddhika/.m2/repository/org/codehaus/plexus/plexus-compiler-javac/2.2/plexus-compiler-javac-2.2.jar
7f4dae4df000-7f4dae4e1000 r--s 00000000 08:02 525944                     /home/buddhika/.m2/repository/org/codehaus/plexus/plexus-compiler-manager/2.2/plexus-compiler-manager-2.2.jar
7f4dae4e1000-7f4dae4e3000 r--s 00005000 08:02 525942                     /home/buddhika/.m2/repository/org/codehaus/plexus/plexus-compiler-api/2.2/plexus-compiler-api-2.2.jar
7f4dae4e3000-7f4dae4e5000 r--s 00002000 08:02 525941                     /home/buddhika/.m2/repository/org/apache/maven/shared/maven-shared-incremental/1.1/maven-shared-incremental-1.1.jar
7f4dae4e5000-7f4dae4e7000 r--s 00006000 08:02 525939                     /home/buddhika/.m2/repository/com/google/code/findbugs/jsr305/2.0.1/jsr305-2.0.1.jar
7f4dae4e7000-7f4dae4e9000 r--s 00009000 08:02 265761                     /home/buddhika/.m2/repository/org/apache/maven/plugins/maven-compiler-plugin/3.1/maven-compiler-plugin-3.1.jar
7f4dae4e9000-7f4dae4eb000 r--s 0000d000 08:02 525772                     /home/buddhika/.m2/repository/org/codehaus/plexus/plexus-interpolation/1.13/plexus-interpolation-1.13.jar
7f4dae4eb000-7f4dae4ec000 r--s 00001000 08:02 525769                     /home/buddhika/.m2/repository/org/sonatype/plexus/plexus-build-api/0.0.4/plexus-build-api-0.0.4.jar
7f4dae4ec000-7f4dae4ee000 r--s 00009000 08:02 525771                     /home/buddhika/.m2/repository/org/apache/maven/shared/maven-filtering/1.0/maven-filtering-1.0.jar
7f4dae4ee000-7f4dae4ef000 r--s 00001000 08:02 525770                     /home/buddhika/.m2/repository/org/apache/maven/doxia/doxia-sink-api/1.0-alpha-7/doxia-sink-api-1.0-alpha-7.jar
7f4dae4ef000-7f4dae4f0000 r--s 00002000 08:02 525766                     /home/buddhika/.m2/repository/org/apache/maven/reporting/maven-reporting-api/2.0.6/maven-reporting-api-2.0.6.jar
7f4dae4f0000-7f4dae4f2000 r--s 00005000 08:02 6167896                    /home/buddhika/.m2/repository/org/apache/maven/plugins/maven-resources-plugin/2.5/maven-resources-plugin-2.5.jar
7f4dae4f2000-7f4dae500000 r--s 0007f000 08:02 525676                     /home/buddhika/.m2/repository/commons-collections/commons-collections/3.2.1/commons-collections-3.2.1.jar
7f4dae500000-7f4dae505000 r--s 00041000 08:02 525675                     /home/buddhika/.m2/repository/commons-lang/commons-lang/2.6/commons-lang-2.6.jar
7f4dae505000-7f4dae507000 r--s 00006000 08:02 525670                     /home/buddhika/.m2/repository/org/apache/maven/shared/maven-invoker/2.0.11/maven-invoker-2.0.11.jar
7f4dae507000-7f4dae509000 r--s 00006000 08:02 525669                     /home/buddhika/.m2/repository/org/apache/maven/shared/maven-common-artifact-filters/1.4/maven-common-artifact-filters-1.4.jar
7f4dae509000-7f4dae50b000 r--s 0000c000 08:02 525668                     /home/buddhika/.m2/repository/org/apache/maven/shared/maven-dependency-tree/2.0/maven-dependency-tree-2.0.jar
7f4dae50b000-7f4dae50d000 r--s 00000000 08:02 525667                     /home/buddhika/.m2/repository/org/codehaus/plexus/plexus-component-annotations/1.5.5/plexus-component-annotations-1.5.5.jar
7f4dae50d000-7f4dae50e000 r--s 0000a000 08:02 525666                     /home/buddhika/.m2/repository/asm/asm/3.3.1/asm-3.3.1.jar
7f4dae50e000-7f4dae510000 r--s 00005000 08:02 525660                     /home/buddhika/.m2/repository/org/apache/maven/shared/maven-dependency-analyzer/1.3/maven-dependency-analyzer-1.3.jar
7f4dae510000-7f4dae513000 r--s 0000c000 08:02 525659                     /home/buddhika/.m2/repository/org/codehaus/plexus/plexus-io/2.0.6/plexus-io-2.0.6.jar
7f4dae513000-7f4dae516000 r--s 0001b000 08:02 525658                     /home/buddhika/.m2/repository/junit/junit/3.8.1/junit-3.8.1.jar
7f4dae516000-7f4dae518000 r--s 00008000 08:02 525654                     /home/buddhika/.m2/repository/org/apache/maven/shared/maven-shared-io/1.1/maven-shared-io-1.1.jar
7f4dae518000-7f4dae51a000 r--s 00008000 08:02 525653                     /home/buddhika/.m2/repository/org/apache/maven/shared/file-management/1.2.1/file-management-1.2.1.jar
7f4dae51a000-7f4dae51e000 r--s 00035000 08:02 525651                     /home/buddhika/.m2/repository/org/codehaus/plexus/plexus-utils/3.0.9/plexus-utils-3.0.9.jar
7f4dae51e000-7f4dae523000 r--s 00029000 08:02 525649                     /home/buddhika/.m2/repository/org/codehaus/plexus/plexus-archiver/2.2/plexus-archiver-2.2.jar
7f4dae523000-7f4dae525000 r--s 00004000 08:02 525648                     /home/buddhika/.m2/repository/org/apache/maven/doxia/doxia-module-xhtml/1.0/doxia-module-xhtml-1.0.jar
7f4dae525000-7f4dae526000 r--s 00006000 08:02 525646                     /home/buddhika/.m2/repository/org/apache/maven/doxia/doxia-module-xdoc/1.0/doxia-module-xdoc-1.0.jar
7f4dae526000-7f4dae527000 r--s 00004000 08:02 525642                     /home/buddhika/.m2/repository/org/apache/maven/doxia/doxia-module-fml/1.0/doxia-module-fml-1.0.jar
7f4dae527000-7f4dae529000 r--s 0000a000 08:02 525641                     /home/buddhika/.m2/repository/org/apache/maven/doxia/doxia-module-apt/1.0/doxia-module-apt-1.0.jar
7f4dae529000-7f4dae52a000 r--s 0000b000 08:02 525640                     /home/buddhika/.m2/repository/org/apache/maven/doxia/doxia-decoration-model/1.0/doxia-decoration-model-1.0.jar
7f4dae52a000-7f4dae532000 r--s 00058000 08:02 525639                     /home/buddhika/.m2/repository/org/apache/velocity/velocity/1.5/velocity-1.5.jar
7f4dae532000-7f4dae533000 r--s 00001000 08:02 525638                     /home/buddhika/.m2/repository/org/codehaus/plexus/plexus-velocity/1.1.7/plexus-velocity-1.1.7.jar
7f4dae533000-7f4dae534000 r--s 00002000 08:02 525632                     /home/buddhika/.m2/repository/org/codehaus/plexus/plexus-i18n/1.0-beta-7/plexus-i18n-1.0-beta-7.jar
7f4dae534000-7f4dae536000 r--s 0000a000 08:02 525631                     /home/buddhika/.m2/repository/org/apache/maven/doxia/doxia-site-renderer/1.0/doxia-site-renderer-1.0.jar
7f4dae536000-7f4dae53b000 r--s 00016000 08:02 396428                     /home/buddhika/.m2/repository/xml-apis/xml-apis/1.0.b2/xml-apis-1.0.b2.jar
7f4dae53b000-7f4dae53d000 r--s 0000e000 08:02 525628                     /home/buddhika/.m2/repository/oro/oro/2.0.8/oro-2.0.8.jar
7f4dae53d000-7f4dae53f000 r--s 00008000 08:02 525625                     /home/buddhika/.m2/repository/commons-logging/commons-logging/1.0.4/commons-logging-1.0.4.jar
7f4dae53f000-7f4dae543000 r--s 00026000 08:02 525624                     /home/buddhika/.m2/repository/commons-digester/commons-digester/1.6/commons-digester-1.6.jar
7f4dae543000-7f4dae548000 r--s 0002a000 08:02 525622                     /home/buddhika/.m2/repository/commons-beanutils/commons-beanutils/1.7.0/commons-beanutils-1.7.0.jar
7f4dae548000-7f4dae54b000 r--s 00014000 08:02 525619                     /home/buddhika/.m2/repository/commons-validator/commons-validator/1.2.0/commons-validator-1.2.0.jar
7f4dae54b000-7f4dae54e000 r--s 00018000 08:02 394900                     /home/buddhika/.m2/repository/commons-io/commons-io/1.4/commons-io-1.4.jar
7f4dae54e000-7f4dae57f000 rw-p 00000000 00:00 0 
7f4dae57f000-7f4dae5bc000 r-xp 00000000 08:02 4460611                    /lib/x86_64-linux-gnu/libpcre.so.3.13.1
7f4dae5bc000-7f4dae7bb000 ---p 0003d000 08:02 4460611                    /lib/x86_64-linux-gnu/libpcre.so.3.13.1
7f4dae7bb000-7f4dae7bc000 r--p 0003c000 08:02 4460611                    /lib/x86_64-linux-gnu/libpcre.so.3.13.1
7f4dae7bc000-7f4dae7bd000 rw-p 0003d000 08:02 4460611                    /lib/x86_64-linux-gnu/libpcre.so.3.13.1
7f4dae7bd000-7f4dae7c4000 r-xp 00000000 08:02 663893                     /usr/lib/x86_64-linux-gnu/libffi.so.6.0.1
7f4dae7c4000-7f4dae9c3000 ---p 00007000 08:02 663893                     /usr/lib/x86_64-linux-gnu/libffi.so.6.0.1
7f4dae9c3000-7f4dae9c4000 r--p 00006000 08:02 663893                     /usr/lib/x86_64-linux-gnu/libffi.so.6.0.1
7f4dae9c4000-7f4dae9c5000 rw-p 00007000 08:02 663893                     /usr/lib/x86_64-linux-gnu/libffi.so.6.0.1
7f4dae9c5000-7f4dae9dc000 r-xp 00000000 08:02 4456616                    /lib/x86_64-linux-gnu/libresolv-2.19.so
7f4dae9dc000-7f4daebdc000 ---p 00017000 08:02 4456616                    /lib/x86_64-linux-gnu/libresolv-2.19.so
7f4daebdc000-7f4daebdd000 r--p 00017000 08:02 4456616                    /lib/x86_64-linux-gnu/libresolv-2.19.so
7f4daebdd000-7f4daebde000 rw-p 00018000 08:02 4456616                    /lib/x86_64-linux-gnu/libresolv-2.19.so
7f4daebde000-7f4daebe0000 rw-p 00000000 00:00 0 
7f4daebe0000-7f4daec00000 r-xp 00000000 08:02 4460638                    /lib/x86_64-linux-gnu/libselinux.so.1
7f4daec00000-7f4daedff000 ---p 00020000 08:02 4460638                    /lib/x86_64-linux-gnu/libselinux.so.1
7f4daedff000-7f4daee00000 r--p 0001f000 08:02 4460638                    /lib/x86_64-linux-gnu/libselinux.so.1
7f4daee00000-7f4daee01000 rw-p 00020000 08:02 4460638                    /lib/x86_64-linux-gnu/libselinux.so.1
7f4daee01000-7f4daee03000 rw-p 00000000 00:00 0 
7f4daee03000-7f4daee06000 r-xp 00000000 08:02 655724                     /usr/lib/x86_64-linux-gnu/libgmodule-2.0.so.0.4002.0
7f4daee06000-7f4daf005000 ---p 00003000 08:02 655724                     /usr/lib/x86_64-linux-gnu/libgmodule-2.0.so.0.4002.0
7f4daf005000-7f4daf006000 r--p 00002000 08:02 655724                     /usr/lib/x86_64-linux-gnu/libgmodule-2.0.so.0.4002.0
7f4daf006000-7f4daf007000 rw-p 00003000 08:02 655724                     /usr/lib/x86_64-linux-gnu/libgmodule-2.0.so.0.4002.0
7f4daf007000-7f4daf10d000 r-xp 00000000 08:02 4463616                    /lib/x86_64-linux-gnu/libglib-2.0.so.0.4002.0
7f4daf10d000-7f4daf30c000 ---p 00106000 08:02 4463616                    /lib/x86_64-linux-gnu/libglib-2.0.so.0.4002.0
7f4daf30c000-7f4daf30d000 r--p 00105000 08:02 4463616                    /lib/x86_64-linux-gnu/libglib-2.0.so.0.4002.0
7f4daf30d000-7f4daf30e000 rw-p 00106000 08:02 4463616                    /lib/x86_64-linux-gnu/libglib-2.0.so.0.4002.0
7f4daf30e000-7f4daf30f000 rw-p 00000000 00:00 0 
7f4daf30f000-7f4daf35e000 r-xp 00000000 08:02 655742                     /usr/lib/x86_64-linux-gnu/libgobject-2.0.so.0.4002.0
7f4daf35e000-7f4daf55e000 ---p 0004f000 08:02 655742                     /usr/lib/x86_64-linux-gnu/libgobject-2.0.so.0.4002.0
7f4daf55e000-7f4daf55f000 r--p 0004f000 08:02 655742                     /usr/lib/x86_64-linux-gnu/libgobject-2.0.so.0.4002.0
7f4daf55f000-7f4daf560000 rw-p 00050000 08:02 655742                     /usr/lib/x86_64-linux-gnu/libgobject-2.0.so.0.4002.0
7f4daf560000-7f4daf6cc000 r-xp 00000000 08:02 655746                     /usr/lib/x86_64-linux-gnu/libgio-2.0.so.0.4002.0
7f4daf6cc000-7f4daf8cb000 ---p 0016c000 08:02 655746                     /usr/lib/x86_64-linux-gnu/libgio-2.0.so.0.4002.0
7f4daf8cb000-7f4daf8cf000 r--p 0016b000 08:02 655746                     /usr/lib/x86_64-linux-gnu/libgio-2.0.so.0.4002.0
7f4daf8cf000-7f4daf8d1000 rw-p 0016f000 08:02 655746                     /usr/lib/x86_64-linux-gnu/libgio-2.0.so.0.4002.0
7f4daf8d1000-7f4daf8d3000 rw-p 00000000 00:00 0 
7f4daf8d3000-7f4daf8ea000 r-xp 00000000 08:02 1202535                    /usr/lib/jvm/java-7-openjdk-amd64/jre/lib/amd64/libnet.so
7f4daf8ea000-7f4dafae9000 ---p 00017000 08:02 1202535                    /usr/lib/jvm/java-7-openjdk-amd64/jre/lib/amd64/libnet.so
7f4dafae9000-7f4dafaea000 r--p 00016000 08:02 1202535                    /usr/lib/jvm/java-7-openjdk-amd64/jre/lib/amd64/libnet.so
7f4dafaea000-7f4dafaeb000 rw-p 00017000 08:02 1202535                    /usr/lib/jvm/java-7-openjdk-amd64/jre/lib/amd64/libnet.so
7f4dafaeb000-7f4dafafb000 r-xp 00000000 08:02 1196659                    /usr/lib/jvm/java-7-openjdk-amd64/jre/lib/amd64/libnio.so
7f4dafafb000-7f4dafcfb000 ---p 00010000 08:02 1196659                    /usr/lib/jvm/java-7-openjdk-amd64/jre/lib/amd64/libnio.so
7f4dafcfb000-7f4dafcfc000 r--p 00010000 08:02 1196659                    /usr/lib/jvm/java-7-openjdk-amd64/jre/lib/amd64/libnio.so
7f4dafcfc000-7f4dafcfd000 rw-p 00011000 08:02 1196659                    /usr/lib/jvm/java-7-openjdk-amd64/jre/lib/amd64/libnio.so
7f4dafcfd000-7f4dafcfe000 ---p 00000000 00:00 0 
7f4dafcfe000-7f4dafdfe000 rw-p 00000000 00:00 0                          [stack:8467]
7f4dafdfe000-7f4dafe01000 ---p 00000000 00:00 0 
7f4dafe01000-7f4dafeff000 rw-p 00000000 00:00 0                          [stack:8466]
7f4dafeff000-7f4daff02000 ---p 00000000 00:00 0 
7f4daff02000-7f4db0000000 rw-p 00000000 00:00 0                          [stack:8465]
7f4db0000000-7f4db0021000 rw-p 00000000 00:00 0 
7f4db0021000-7f4db4000000 ---p 00000000 00:00 0 
7f4db4000000-7f4db4001000 r--s 00002000 08:02 525630                     /home/buddhika/.m2/repository/org/apache/maven/doxia/doxia-sink-api/1.0/doxia-sink-api-1.0.jar
7f4db4001000-7f4db4003000 r--s 00009000 08:02 525616                     /home/buddhika/.m2/repository/org/apache/maven/shared/maven-doxia-tools/1.0.2/maven-doxia-tools-1.0.2.jar
7f4db4003000-7f4db4006000 r--s 0000b000 08:02 525612                     /home/buddhika/.m2/repository/org/apache/maven/doxia/doxia-core/1.0/doxia-core-1.0.jar
7f4db4006000-7f4db4008000 r--s 00004000 08:02 525615                     /home/buddhika/.m2/repository/org/apache/maven/reporting/maven-reporting-impl/2.0.5/maven-reporting-impl-2.0.5.jar
7f4db4008000-7f4db4009000 r--s 00002000 08:02 525614                     /home/buddhika/.m2/repository/org/apache/maven/reporting/maven-reporting-api/3.0/maven-reporting-api-3.0.jar
7f4db4009000-7f4db400b000 r--s 00002000 08:02 525613                     /home/buddhika/.m2/repository/org/codehaus/plexus/plexus-interactivity-api/1.0-alpha-4/plexus-interactivity-api-1.0-alpha-4.jar
7f4db400b000-7f4db400d000 r--s 00006000 08:02 525610                     /home/buddhika/.m2/repository/commons-cli/commons-cli/1.0/commons-cli-1.0.jar
7f4db400d000-7f4db4010000 r--s 00021000 08:02 395222                     /home/buddhika/.m2/repository/org/apache/maven/plugins/maven-dependency-plugin/2.6/maven-dependency-plugin-2.6.jar
7f4db4010000-7f4db4014000 r--s 00033000 08:02 525768                     /home/buddhika/.m2/repository/org/codehaus/plexus/plexus-utils/2.0.5/plexus-utils-2.0.5.jar
7f4db4014000-7f4db4017000 ---p 00000000 00:00 0 
7f4db4017000-7f4db4115000 rw-p 00000000 00:00 0                          [stack:8464]
7f4db4115000-7f4db4118000 ---p 00000000 00:00 0 
7f4db4118000-7f4db4216000 rw-p 00000000 00:00 0                          [stack:8463]
7f4db4216000-7f4db48f9000 r--p 00000000 08:02 662538                     /usr/lib/locale/locale-archive
7f4db48f9000-7f4db48fc000 ---p 00000000 00:00 0 
7f4db48fc000-7f4db49fa000 rw-p 00000000 00:00 0                          [stack:8462]
7f4db49fa000-7f4db49fd000 ---p 00000000 00:00 0 
7f4db49fd000-7f4db4afb000 rw-p 00000000 00:00 0                          [stack:8461]
7f4db4afb000-7f4db4afc000 ---p 00000000 00:00 0 
7f4db4afc000-7f4db5000000 rw-p 00000000 00:00 0                          [stack:8460]
7f4db5000000-7f4db5290000 rwxp 00000000 00:00 0 
7f4db5290000-7f4db8bb9000 rw-p 00000000 00:00 0 
7f4db8bb9000-7f4dbc000000 ---p 00000000 00:00 0 
7f4dbc000000-7f4dbc001000 r--s 00005000 08:02 395232                     /home/buddhika/.m2/repository/org/apache/maven/plugins/maven-clean-plugin/2.4.1/maven-clean-plugin-2.4.1.jar
7f4dbc001000-7f4dbc004000 ---p 00000000 00:00 0 
7f4dbc004000-7f4dbc03a000 rw-p 00000000 00:00 0                          [stack:8470]
7f4dbc03a000-7f4dbc03b000 r--p 00000000 00:00 0 
7f4dbc03b000-7f4dbc040000 r--s 0004d000 08:02 921118                     /usr/lib/jvm/java-7-openjdk-amd64/jre/lib/jsse.jar
7f4dbc040000-7f4dbc042000 r--s 0000c000 08:02 6189060                    /home/buddhika/netbeans-8.0.2/java/maven-nblib/netbeans-eventspy.jar
7f4dbc042000-7f4dbc044000 r--s 0000a000 08:02 6189053                    /home/buddhika/netbeans-8.0.2/java/maven/lib/maven-settings-3.0.5.jar
7f4dbc044000-7f4dbc046000 r--s 0000d000 08:02 6188995                    /home/buddhika/netbeans-8.0.2/java/maven/lib/plexus-interpolation-1.14.jar
7f4dbc046000-7f4dbc047000 r--s 00003000 08:02 6189072                    /home/buddhika/netbeans-8.0.2/java/maven/lib/aether-spi-1.13.1.jar
7f4dbc047000-7f4dbc04d000 r--s 0003e000 08:02 6189066                    /home/buddhika/netbeans-8.0.2/java/maven/lib/maven-compat-3.0.5.jar
7f4dbc04d000-7f4dbc051000 r--s 0001c000 08:02 6189065                    /home/buddhika/netbeans-8.0.2/java/maven/lib/aether-util-1.13.1.jar
7f4dbc051000-7f4dbc059000 r--s 0004e000 08:02 6189025                    /home/buddhika/netbeans-8.0.2/java/maven/lib/sisu-guice-3.1.0-no_aop.jar
7f4dbc059000-7f4dbc05d000 r--s 00012000 08:02 6189071                    /home/buddhika/netbeans-8.0.2/java/maven/lib/aether-api-1.13.1.jar
7f4dbc05d000-7f4dbc064000 r--s 0003e000 08:02 6189038                    /home/buddhika/netbeans-8.0.2/java/maven/lib/sisu-inject-bean-2.3.0.jar
7f4dbc064000-7f4dbc066000 r--s 0000b000 08:02 6189036                    /home/buddhika/netbeans-8.0.2/java/maven/lib/wagon-provider-api-2.4.jar
7f4dbc066000-7f4dbc069000 r--s 00033000 08:02 6189063                    /home/buddhika/netbeans-8.0.2/java/maven/lib/plexus-utils-2.0.6.jar
7f4dbc069000-7f4dbc06b000 r--s 00000000 08:02 6188756                    /home/buddhika/netbeans-8.0.2/java/maven/lib/plexus-component-annotations-1.5.5.jar
7f4dbc06b000-7f4dbc086000 r--s 000e0000 08:02 6189046                    /home/buddhika/netbeans-8.0.2/java/maven/lib/wagon-http-2.4-shaded.jar
7f4dbc086000-7f4dbc087000 r--s 00002000 08:02 6189082                    /home/buddhika/netbeans-8.0.2/java/maven/lib/wagon-file-2.4.jar
7f4dbc087000-7f4dbc088000 r--s 00009000 08:02 6189080                    /home/buddhika/netbeans-8.0.2/java/maven/lib/commons-cli-1.2.jar
7f4dbc088000-7f4dbc08b000 r--s 00025000 08:02 6189069                    /home/buddhika/netbeans-8.0.2/java/maven/lib/maven-model-3.0.5.jar
7f4dbc08b000-7f4dbc090000 r--s 00020000 08:02 6188993                    /home/buddhika/netbeans-8.0.2/java/maven/lib/maven-model-builder-3.0.5.jar
7f4dbc090000-7f4dbc0ae000 r--s 0014f000 08:02 6189078                    /home/buddhika/netbeans-8.0.2/java/maven/lib/sisu-guava-0.9.9.jar
7f4dbc0ae000-7f4dbc0b4000 r--s 0002b000 08:02 6189014                    /home/buddhika/netbeans-8.0.2/java/maven/lib/sisu-inject-plexus-2.3.0.jar
7f4dbc0b4000-7f4dbc0b6000 r--s 0000c000 08:02 6188962                    /home/buddhika/netbeans-8.0.2/java/maven/lib/maven-aether-provider-3.0.5.jar
7f4dbc0b6000-7f4dbc0b8000 r--s 00002000 08:02 6189070                    /home/buddhika/netbeans-8.0.2/java/maven/lib/plexus-cipher-1.7.jar
7f4dbc0b8000-7f4dbc0bb000 r--s 00008000 08:02 6188946                    /home/buddhika/netbeans-8.0.2/java/maven/lib/maven-settings-builder-3.0.5.jar
7f4dbc0bb000-7f4dbc0bd000 r--s 00009000 08:02 6189052                    /home/buddhika/netbeans-8.0.2/java/maven/lib/maven-embedder-3.0.5.jar
7f4dbc0bd000-7f4dbccb6000 rw-p 00000000 00:00 0 
7f4dbccb6000-7f4dbce67000 r--s 01d27000 08:02 921092                     /usr/lib/jvm/java-7-openjdk-amd64/jre/lib/rt.jar
7f4dbce67000-7f4dbd3b4000 rw-p 00000000 00:00 0 
7f4dbd3b4000-7f4dbd3b5000 ---p 00000000 00:00 0 
7f4dbd3b5000-7f4dbd4b5000 rw-p 00000000 00:00 0                          [stack:8459]
7f4dbd4b5000-7f4dbd4b6000 ---p 00000000 00:00 0 
7f4dbd4b6000-7f4dbd5b6000 rw-p 00000000 00:00 0                          [stack:8458]
7f4dbd5b6000-7f4dbd5b7000 ---p 00000000 00:00 0 
7f4dbd5b7000-7f4dbd6b7000 rw-p 00000000 00:00 0                          [stack:8457]
7f4dbd6b7000-7f4dbd6b8000 ---p 00000000 00:00 0 
7f4dbd6b8000-7f4dbd7c3000 rw-p 00000000 00:00 0                          [stack:8456]
7f4dbd7c3000-7f4dbd80b000 rw-p 00000000 00:00 0 
7f4dbd80b000-7f4dbd834000 rw-p 00000000 00:00 0 
7f4dbd834000-7f4dbda9b000 rw-p 00000000 00:00 0 
7f4dbda9b000-7f4dbdaa6000 rw-p 00000000 00:00 0 
7f4dbdaa6000-7f4dbdaee000 rw-p 00000000 00:00 0 
7f4dbdaee000-7f4dbdb17000 rw-p 00000000 00:00 0 
7f4dbdb17000-7f4dbdd7d000 rw-p 00000000 00:00 0 
7f4dbdd7d000-7f4dbddbb000 rw-p 00000000 00:00 0 
7f4dbddbb000-7f4dbdec5000 rw-p 00000000 00:00 0 
7f4dbdec5000-7f4dbdec6000 rw-p 00000000 00:00 0 
7f4dbdec6000-7f4dbdece000 r-xp 00000000 08:02 1196655                    /usr/lib/jvm/java-7-openjdk-amd64/jre/lib/amd64/libzip.so
7f4dbdece000-7f4dbe0cd000 ---p 00008000 08:02 1196655                    /usr/lib/jvm/java-7-openjdk-amd64/jre/lib/amd64/libzip.so
7f4dbe0cd000-7f4dbe0ce000 r--p 00007000 08:02 1196655                    /usr/lib/jvm/java-7-openjdk-amd64/jre/lib/amd64/libzip.so
7f4dbe0ce000-7f4dbe0cf000 rw-p 00008000 08:02 1196655                    /usr/lib/jvm/java-7-openjdk-amd64/jre/lib/amd64/libzip.so
7f4dbe0cf000-7f4dbe0da000 r-xp 00000000 08:02 4456619                    /lib/x86_64-linux-gnu/libnss_files-2.19.so
7f4dbe0da000-7f4dbe2d9000 ---p 0000b000 08:02 4456619                    /lib/x86_64-linux-gnu/libnss_files-2.19.so
7f4dbe2d9000-7f4dbe2da000 r--p 0000a000 08:02 4456619                    /lib/x86_64-linux-gnu/libnss_files-2.19.so
7f4dbe2da000-7f4dbe2db000 rw-p 0000b000 08:02 4456619                    /lib/x86_64-linux-gnu/libnss_files-2.19.so
7f4dbe2db000-7f4dbe2e6000 r-xp 00000000 08:02 4456662                    /lib/x86_64-linux-gnu/libnss_nis-2.19.so
7f4dbe2e6000-7f4dbe4e5000 ---p 0000b000 08:02 4456662                    /lib/x86_64-linux-gnu/libnss_nis-2.19.so
7f4dbe4e5000-7f4dbe4e6000 r--p 0000a000 08:02 4456662                    /lib/x86_64-linux-gnu/libnss_nis-2.19.so
7f4dbe4e6000-7f4dbe4e7000 rw-p 0000b000 08:02 4456662                    /lib/x86_64-linux-gnu/libnss_nis-2.19.so
7f4dbe4e7000-7f4dbe4fe000 r-xp 00000000 08:02 4456640                    /lib/x86_64-linux-gnu/libnsl-2.19.so
7f4dbe4fe000-7f4dbe6fd000 ---p 00017000 08:02 4456640                    /lib/x86_64-linux-gnu/libnsl-2.19.so
7f4dbe6fd000-7f4dbe6fe000 r--p 00016000 08:02 4456640                    /lib/x86_64-linux-gnu/libnsl-2.19.so
7f4dbe6fe000-7f4dbe6ff000 rw-p 00017000 08:02 4456640                    /lib/x86_64-linux-gnu/libnsl-2.19.so
7f4dbe6ff000-7f4dbe701000 rw-p 00000000 00:00 0 
7f4dbe701000-7f4dbe70a000 r-xp 00000000 08:02 4456638                    /lib/x86_64-linux-gnu/libnss_compat-2.19.so
7f4dbe70a000-7f4dbe909000 ---p 00009000 08:02 4456638                    /lib/x86_64-linux-gnu/libnss_compat-2.19.so
7f4dbe909000-7f4dbe90a000 r--p 00008000 08:02 4456638                    /lib/x86_64-linux-gnu/libnss_compat-2.19.so
7f4dbe90a000-7f4dbe90b000 rw-p 00009000 08:02 4456638                    /lib/x86_64-linux-gnu/libnss_compat-2.19.so
7f4dbe90b000-7f4dbe936000 r-xp 00000000 08:02 1202533                    /usr/lib/jvm/java-7-openjdk-amd64/jre/lib/amd64/libjava.so
7f4dbe936000-7f4dbeb36000 ---p 0002b000 08:02 1202533                    /usr/lib/jvm/java-7-openjdk-amd64/jre/lib/amd64/libjava.so
7f4dbeb36000-7f4dbeb37000 r--p 0002b000 08:02 1202533                    /usr/lib/jvm/java-7-openjdk-amd64/jre/lib/amd64/libjava.so
7f4dbeb37000-7f4dbeb39000 rw-p 0002c000 08:02 1202533                    /usr/lib/jvm/java-7-openjdk-amd64/jre/lib/amd64/libjava.so
7f4dbeb39000-7f4dbeb49000 r-xp 00000000 08:02 1196732                    /usr/lib/jvm/java-7-openjdk-amd64/jre/lib/amd64/libverify.so
7f4dbeb49000-7f4dbed48000 ---p 00010000 08:02 1196732                    /usr/lib/jvm/java-7-openjdk-amd64/jre/lib/amd64/libverify.so
7f4dbed48000-7f4dbed4a000 r--p 0000f000 08:02 1196732                    /usr/lib/jvm/java-7-openjdk-amd64/jre/lib/amd64/libverify.so
7f4dbed4a000-7f4dbed4b000 rw-p 00011000 08:02 1196732                    /usr/lib/jvm/java-7-openjdk-amd64/jre/lib/amd64/libverify.so
7f4dbed4b000-7f4dbed52000 r-xp 00000000 08:02 4456656                    /lib/x86_64-linux-gnu/librt-2.19.so
7f4dbed52000-7f4dbef51000 ---p 00007000 08:02 4456656                    /lib/x86_64-linux-gnu/librt-2.19.so
7f4dbef51000-7f4dbef52000 r--p 00006000 08:02 4456656                    /lib/x86_64-linux-gnu/librt-2.19.so
7f4dbef52000-7f4dbef53000 rw-p 00007000 08:02 4456656                    /lib/x86_64-linux-gnu/librt-2.19.so
7f4dbef53000-7f4dbef69000 r-xp 00000000 08:02 4457452                    /lib/x86_64-linux-gnu/libgcc_s.so.1
7f4dbef69000-7f4dbf168000 ---p 00016000 08:02 4457452                    /lib/x86_64-linux-gnu/libgcc_s.so.1
7f4dbf168000-7f4dbf169000 rw-p 00015000 08:02 4457452                    /lib/x86_64-linux-gnu/libgcc_s.so.1
7f4dbf169000-7f4dbf26e000 r-xp 00000000 08:02 4456618                    /lib/x86_64-linux-gnu/libm-2.19.so
7f4dbf26e000-7f4dbf46d000 ---p 00105000 08:02 4456618                    /lib/x86_64-linux-gnu/libm-2.19.so
7f4dbf46d000-7f4dbf46e000 r--p 00104000 08:02 4456618                    /lib/x86_64-linux-gnu/libm-2.19.so
7f4dbf46e000-7f4dbf46f000 rw-p 00105000 08:02 4456618                    /lib/x86_64-linux-gnu/libm-2.19.so
7f4dbf46f000-7f4dbf555000 r-xp 00000000 08:02 664521                     /usr/lib/x86_64-linux-gnu/libstdc++.so.6.0.19
7f4dbf555000-7f4dbf754000 ---p 000e6000 08:02 664521                     /usr/lib/x86_64-linux-gnu/libstdc++.so.6.0.19
7f4dbf754000-7f4dbf75c000 r--p 000e5000 08:02 664521                     /usr/lib/x86_64-linux-gnu/libstdc++.so.6.0.19
7f4dbf75c000-7f4dbf75e000 rw-p 000ed000 08:02 664521                     /usr/lib/x86_64-linux-gnu/libstdc++.so.6.0.19
7f4dbf75e000-7f4dbf773000 rw-p 00000000 00:00 0 
7f4dbf773000-7f4dc028b000 r-xp 00000000 08:02 1315314                    /usr/lib/jvm/java-7-openjdk-amd64/jre/lib/amd64/server/libjvm.so
7f4dc028b000-7f4dc048b000 ---p 00b18000 08:02 1315314                    /usr/lib/jvm/java-7-openjdk-amd64/jre/lib/amd64/server/libjvm.so
7f4dc048b000-7f4dc0525000 r--p 00b18000 08:02 1315314                    /usr/lib/jvm/java-7-openjdk-amd64/jre/lib/amd64/server/libjvm.so
7f4dc0525000-7f4dc0548000 rw-p 00bb2000 08:02 1315314                    /usr/lib/jvm/java-7-openjdk-amd64/jre/lib/amd64/server/libjvm.so
7f4dc0548000-7f4dc0576000 rw-p 00000000 00:00 0 
7f4dc0576000-7f4dc058e000 r-xp 00000000 08:02 4460671                    /lib/x86_64-linux-gnu/libz.so.1.2.8
7f4dc058e000-7f4dc078d000 ---p 00018000 08:02 4460671                    /lib/x86_64-linux-gnu/libz.so.1.2.8
7f4dc078d000-7f4dc078e000 r--p 00017000 08:02 4460671                    /lib/x86_64-linux-gnu/libz.so.1.2.8
7f4dc078e000-7f4dc078f000 rw-p 00018000 08:02 4460671                    /lib/x86_64-linux-gnu/libz.so.1.2.8
7f4dc078f000-7f4dc07a8000 r-xp 00000000 08:02 4456652                    /lib/x86_64-linux-gnu/libpthread-2.19.so
7f4dc07a8000-7f4dc09a7000 ---p 00019000 08:02 4456652                    /lib/x86_64-linux-gnu/libpthread-2.19.so
7f4dc09a7000-7f4dc09a8000 r--p 00018000 08:02 4456652                    /lib/x86_64-linux-gnu/libpthread-2.19.so
7f4dc09a8000-7f4dc09a9000 rw-p 00019000 08:02 4456652                    /lib/x86_64-linux-gnu/libpthread-2.19.so
7f4dc09a9000-7f4dc09ad000 rw-p 00000000 00:00 0 
7f4dc09ad000-7f4dc09b0000 r-xp 00000000 08:02 4456631                    /lib/x86_64-linux-gnu/libdl-2.19.so
7f4dc09b0000-7f4dc0baf000 ---p 00003000 08:02 4456631                    /lib/x86_64-linux-gnu/libdl-2.19.so
7f4dc0baf000-7f4dc0bb0000 r--p 00002000 08:02 4456631                    /lib/x86_64-linux-gnu/libdl-2.19.so
7f4dc0bb0000-7f4dc0bb1000 rw-p 00003000 08:02 4456631                    /lib/x86_64-linux-gnu/libdl-2.19.so
7f4dc0bb1000-7f4dc0d6c000 r-xp 00000000 08:02 4456650                    /lib/x86_64-linux-gnu/libc-2.19.so
7f4dc0d6c000-7f4dc0f6b000 ---p 001bb000 08:02 4456650                    /lib/x86_64-linux-gnu/libc-2.19.so
7f4dc0f6b000-7f4dc0f6f000 r--p 001ba000 08:02 4456650                    /lib/x86_64-linux-gnu/libc-2.19.so
7f4dc0f6f000-7f4dc0f71000 rw-p 001be000 08:02 4456650                    /lib/x86_64-linux-gnu/libc-2.19.so
7f4dc0f71000-7f4dc0f76000 rw-p 00000000 00:00 0 
7f4dc0f76000-7f4dc0f83000 r-xp 00000000 08:02 1315313                    /usr/lib/jvm/java-7-openjdk-amd64/jre/lib/amd64/jli/libjli.so
7f4dc0f83000-7f4dc1182000 ---p 0000d000 08:02 1315313                    /usr/lib/jvm/java-7-openjdk-amd64/jre/lib/amd64/jli/libjli.so
7f4dc1182000-7f4dc1183000 r--p 0000c000 08:02 1315313                    /usr/lib/jvm/java-7-openjdk-amd64/jre/lib/amd64/jli/libjli.so
7f4dc1183000-7f4dc1184000 rw-p 0000d000 08:02 1315313                    /usr/lib/jvm/java-7-openjdk-amd64/jre/lib/amd64/jli/libjli.so
7f4dc1184000-7f4dc11a7000 r-xp 00000000 08:02 4456644                    /lib/x86_64-linux-gnu/ld-2.19.so
7f4dc11a7000-7f4dc11a8000 r--s 00006000 08:02 6188994                    /home/buddhika/netbeans-8.0.2/java/maven/lib/plexus-sec-dispatcher-1.3.jar
7f4dc11a8000-7f4dc11aa000 r--s 00006000 08:02 6188921                    /home/buddhika/netbeans-8.0.2/java/maven/lib/aether-connector-wagon-1.13.1.jar
7f4dc11aa000-7f4dc11ac000 r--s 0000a000 08:02 6189037                    /home/buddhika/netbeans-8.0.2/java/maven/lib/maven-plugin-api-3.0.5.jar
7f4dc11ac000-7f4dc11b8000 r--s 0007b000 08:02 6189077                    /home/buddhika/netbeans-8.0.2/java/maven/lib/maven-core-3.0.5.jar
7f4dc11b8000-7f4dc11c3000 rw-p 00000000 00:00 0 
7f4dc11c3000-7f4dc1278000 rw-p 00000000 00:00 0 
7f4dc1278000-7f4dc127b000 ---p 00000000 00:00 0 
7f4dc127b000-7f4dc137e000 rw-p 00000000 00:00 0                          [stack:8455]
7f4dc137e000-7f4dc1380000 r--s 00006000 08:02 6188859                    /home/buddhika/netbeans-8.0.2/java/maven/lib/maven-repository-metadata-3.0.5.jar
7f4dc1380000-7f4dc1382000 r--s 0000b000 08:02 6189051                    /home/buddhika/netbeans-8.0.2/java/maven/lib/maven-artifact-3.0.5.jar
7f4dc1382000-7f4dc1385000 r--s 0001d000 08:02 6189064                    /home/buddhika/netbeans-8.0.2/java/maven/lib/aether-impl-1.13.1.jar
7f4dc1385000-7f4dc1387000 r--s 0000a000 08:02 6189026                    /home/buddhika/netbeans-8.0.2/java/maven/boot/plexus-classworlds-2.4.jar
7f4dc1387000-7f4dc1389000 r--s 00006000 08:02 1061443                    /usr/share/java/java-atk-wrapper.jar
7f4dc1389000-7f4dc138b000 r--s 00012000 08:02 921107                     /usr/lib/jvm/java-7-openjdk-amd64/jre/lib/ext/zipfs.jar
7f4dc138b000-7f4dc138e000 r--s 0000f000 08:02 921098                     /usr/lib/jvm/java-7-openjdk-amd64/jre/lib/ext/icedtea-sound.jar
7f4dc138e000-7f4dc1392000 r--s 0003c000 08:02 921102                     /usr/lib/jvm/java-7-openjdk-amd64/jre/lib/ext/sunpkcs11.jar
7f4dc1392000-7f4dc1395000 r--s 00086000 08:02 921103                     /usr/lib/jvm/java-7-openjdk-amd64/jre/lib/ext/localedata.jar
7f4dc1395000-7f4dc1396000 r--s 00002000 08:02 921099                     /usr/lib/jvm/java-7-openjdk-amd64/jre/lib/ext/dnsns.jar
7f4dc1396000-7f4dc139a000 r--s 00034000 08:02 921104                     /usr/lib/jvm/java-7-openjdk-amd64/jre/lib/ext/sunjce_provider.jar
7f4dc139a000-7f4dc13a2000 rw-s 00000000 08:02 4336035                    /tmp/hsperfdata_buddhika/8452
7f4dc13a2000-7f4dc13a3000 rw-p 00000000 00:00 0 
7f4dc13a3000-7f4dc13a4000 ---p 00000000 00:00 0 
7f4dc13a4000-7f4dc13a6000 rw-p 00000000 00:00 0 
7f4dc13a6000-7f4dc13a7000 r--p 00022000 08:02 4456644                    /lib/x86_64-linux-gnu/ld-2.19.so
7f4dc13a7000-7f4dc13a8000 rw-p 00023000 08:02 4456644                    /lib/x86_64-linux-gnu/ld-2.19.so
7f4dc13a8000-7f4dc13a9000 rw-p 00000000 00:00 0 
7ffd2ecdf000-7ffd2ed00000 rw-p 00000000 00:00 0                          [stack]
7ffd2ed2d000-7ffd2ed2f000 r-xp 00000000 00:00 0                          [vdso]
ffffffffff600000-ffffffffff601000 r-xp 00000000 00:00 0                  [vsyscall]

VM Arguments:
jvm_args: -Dclassworlds.conf=/home/buddhika/netbeans-8.0.2/java/maven/bin/m2.conf -Dmaven.home=/home/buddhika/netbeans-8.0.2/java/maven 
java_command: org.codehaus.plexus.classworlds.launcher.Launcher -Dmaven.ext.class.path=/home/buddhika/netbeans-8.0.2/java/maven-nblib/netbeans-eventspy.jar clean install
Launcher Type: SUN_STANDARD

Environment Variables:
JAVA_HOME=/usr/lib/jvm/java-7-openjdk-amd64
PATH=/usr/local/sbin:/usr/local/bin:/usr/sbin:/usr/bin:/sbin:/bin:/usr/games:/usr/local/games:/home/buddhika/bin:/usr/lib/jvm/java-7-openjdk-amd64/bin
USERNAME=buddhika
LD_LIBRARY_PATH=/usr/lib/jvm/java-7-openjdk-amd64/jre/lib/amd64:/usr/lib/jvm/java-7-openjdk-amd64/jre/lib/i386:
SHELL=/bin/bash
DISPLAY=:0

Signal Handlers:
SIGSEGV: [libjvm.so+0x94b9a0], sa_mask[0]=0x7ffbfeff, sa_flags=0x10000004
SIGBUS: [libjvm.so+0x94b9a0], sa_mask[0]=0x7ffbfeff, sa_flags=0x10000004
SIGFPE: [libjvm.so+0x7c3880], sa_mask[0]=0x7ffbfeff, sa_flags=0x10000004
SIGPIPE: [libjvm.so+0x7c3880], sa_mask[0]=0x7ffbfeff, sa_flags=0x10000004
SIGXFSZ: [libjvm.so+0x7c3880], sa_mask[0]=0x7ffbfeff, sa_flags=0x10000004
SIGILL: [libjvm.so+0x7c3880], sa_mask[0]=0x7ffbfeff, sa_flags=0x10000004
SIGUSR1: SIG_DFL, sa_mask[0]=0x00000000, sa_flags=0x00000000
SIGUSR2: [libjvm.so+0x7c3720], sa_mask[0]=0x00000004, sa_flags=0x10000004
SIGHUP: [libjvm.so+0x7c3900], sa_mask[0]=0x7ffbfeff, sa_flags=0x10000004
SIGINT: SIG_IGN, sa_mask[0]=0x00000000, sa_flags=0x00000000
SIGTERM: [libjvm.so+0x7c3900], sa_mask[0]=0x7ffbfeff, sa_flags=0x10000004
SIGQUIT: [libjvm.so+0x7c3900], sa_mask[0]=0x7ffbfeff, sa_flags=0x10000004
SIGTRAP: SIG_DFL, sa_mask[0]=0x00000000, sa_flags=0x00000000


---------------  S Y S T E M  ---------------

OS:Ubuntu 14.04 (trusty)
uname:Linux 3.13.0-52-generic #86-Ubuntu SMP Mon May 4 04:32:59 UTC 2015 x86_64
libc:glibc 2.19 NPTL 2.19 
rlimit: STACK 8192k, CORE 0k, NPROC 62675, NOFILE 4096, AS infinity
load average:1.01 0.61 0.43

/proc/meminfo:
MemTotal:        8052332 kB
MemFree:          140416 kB
Buffers:            1792 kB
Cached:           500020 kB
SwapCached:            0 kB
Active:          7098536 kB
Inactive:         487804 kB
Active(anon):    7086892 kB
Inactive(anon):   457616 kB
Active(file):      11644 kB
Inactive(file):    30188 kB
Unevictable:       95872 kB
Mlocked:           95872 kB
SwapTotal:             0 kB
SwapFree:              0 kB
Dirty:                48 kB
Writeback:             0 kB
AnonPages:       7180576 kB
Mapped:           179812 kB
Shmem:            459804 kB
Slab:              80952 kB
SReclaimable:      39096 kB
SUnreclaim:        41856 kB
KernelStack:        7872 kB
PageTables:        61464 kB
NFS_Unstable:          0 kB
Bounce:                0 kB
WritebackTmp:          0 kB
CommitLimit:     4026164 kB
Committed_AS:   13547148 kB
VmallocTotal:   34359738367 kB
VmallocUsed:      356668 kB
VmallocChunk:   34359373680 kB
HardwareCorrupted:     0 kB
AnonHugePages:   4278272 kB
HugePages_Total:       0
HugePages_Free:        0
HugePages_Rsvd:        0
HugePages_Surp:        0
Hugepagesize:       2048 kB
DirectMap4k:       78244 kB
DirectMap2M:     1894400 kB
DirectMap1G:     6291456 kB


CPU:total 4 (2 cores per cpu, 2 threads per core) family 6 model 60 stepping 3, cmov, cx8, fxsr, mmx, sse, sse2, sse3, ssse3, sse4.1, sse4.2, popcnt, avx, avx2, aes, erms, ht, tsc, tscinvbit

/proc/cpuinfo:
processor	: 0
vendor_id	: GenuineIntel
cpu family	: 6
model		: 60
model name	: Intel(R) Core(TM) i3-4130 CPU @ 3.40GHz
stepping	: 3
microcode	: 0x17
cpu MHz		: 3400.000
cache size	: 3072 KB
physical id	: 0
siblings	: 4
core id		: 0
cpu cores	: 2
apicid		: 0
initial apicid	: 0
fpu		: yes
fpu_exception	: yes
cpuid level	: 13
wp		: yes
flags		: fpu vme de pse tsc msr pae mce cx8 apic sep mtrr pge mca cmov pat pse36 clflush dts acpi mmx fxsr sse sse2 ss ht tm pbe syscall nx pdpe1gb rdtscp lm constant_tsc arch_perfmon pebs bts rep_good nopl xtopology nonstop_tsc aperfmperf eagerfpu pni pclmulqdq dtes64 monitor ds_cpl vmx est tm2 ssse3 fma cx16 xtpr pdcm pcid sse4_1 sse4_2 movbe popcnt tsc_deadline_timer aes xsave avx f16c rdrand lahf_lm abm arat xsaveopt pln pts dtherm tpr_shadow vnmi flexpriority ept vpid fsgsbase tsc_adjust bmi1 avx2 smep bmi2 erms invpcid
bogomips	: 6800.48
clflush size	: 64
cache_alignment	: 64
address sizes	: 39 bits physical, 48 bits virtual
power management:

processor	: 1
vendor_id	: GenuineIntel
cpu family	: 6
model		: 60
model name	: Intel(R) Core(TM) i3-4130 CPU @ 3.40GHz
stepping	: 3
microcode	: 0x17
cpu MHz		: 1100.000
cache size	: 3072 KB
physical id	: 0
siblings	: 4
core id		: 1
cpu cores	: 2
apicid		: 2
initial apicid	: 2
fpu		: yes
fpu_exception	: yes
cpuid level	: 13
wp		: yes
flags		: fpu vme de pse tsc msr pae mce cx8 apic sep mtrr pge mca cmov pat pse36 clflush dts acpi mmx fxsr sse sse2 ss ht tm pbe syscall nx pdpe1gb rdtscp lm constant_tsc arch_perfmon pebs bts rep_good nopl xtopology nonstop_tsc aperfmperf eagerfpu pni pclmulqdq dtes64 monitor ds_cpl vmx est tm2 ssse3 fma cx16 xtpr pdcm pcid sse4_1 sse4_2 movbe popcnt tsc_deadline_timer aes xsave avx f16c rdrand lahf_lm abm arat xsaveopt pln pts dtherm tpr_shadow vnmi flexpriority ept vpid fsgsbase tsc_adjust bmi1 avx2 smep bmi2 erms invpcid
bogomips	: 6800.48
clflush size	: 64
cache_alignment	: 64
address sizes	: 39 bits physical, 48 bits virtual
power management:

processor	: 2
vendor_id	: GenuineIntel
cpu family	: 6
model		: 60
model name	: Intel(R) Core(TM) i3-4130 CPU @ 3.40GHz
stepping	: 3
microcode	: 0x17
cpu MHz		: 3400.000
cache size	: 3072 KB
physical id	: 0
siblings	: 4
core id		: 0
cpu cores	: 2
apicid		: 1
initial apicid	: 1
fpu		: yes
fpu_exception	: yes
cpuid level	: 13
wp		: yes
flags		: fpu vme de pse tsc msr pae mce cx8 apic sep mtrr pge mca cmov pat pse36 clflush dts acpi mmx fxsr sse sse2 ss ht tm pbe syscall nx pdpe1gb rdtscp lm constant_tsc arch_perfmon pebs bts rep_good nopl xtopology nonstop_tsc aperfmperf eagerfpu pni pclmulqdq dtes64 monitor ds_cpl vmx est tm2 ssse3 fma cx16 xtpr pdcm pcid sse4_1 sse4_2 movbe popcnt tsc_deadline_timer aes xsave avx f16c rdrand lahf_lm abm arat xsaveopt pln pts dtherm tpr_shadow vnmi flexpriority ept vpid fsgsbase tsc_adjust bmi1 avx2 smep bmi2 erms invpcid
bogomips	: 6800.48
clflush size	: 64
cache_alignment	: 64
address sizes	: 39 bits physical, 48 bits virtual
power management:

processor	: 3
vendor_id	: GenuineIntel
cpu family	: 6
model		: 60
model name	: Intel(R) Core(TM) i3-4130 CPU @ 3.40GHz
stepping	: 3
microcode	: 0x17
cpu MHz		: 3400.000
cache size	: 3072 KB
physical id	: 0
siblings	: 4
core id		: 1
cpu cores	: 2
apicid		: 3
initial apicid	: 3
fpu		: yes
fpu_exception	: yes
cpuid level	: 13
wp		: yes
flags		: fpu vme de pse tsc msr pae mce cx8 apic sep mtrr pge mca cmov pat pse36 clflush dts acpi mmx fxsr sse sse2 ss ht tm pbe syscall nx pdpe1gb rdtscp lm constant_tsc arch_perfmon pebs bts rep_good nopl xtopology nonstop_tsc aperfmperf eagerfpu pni pclmulqdq dtes64 monitor ds_cpl vmx est tm2 ssse3 fma cx16 xtpr pdcm pcid sse4_1 sse4_2 movbe popcnt tsc_deadline_timer aes xsave avx f16c rdrand lahf_lm abm arat xsaveopt pln pts dtherm tpr_shadow vnmi flexpriority ept vpid fsgsbase tsc_adjust bmi1 avx2 smep bmi2 erms invpcid
bogomips	: 6800.48
clflush size	: 64
cache_alignment	: 64
address sizes	: 39 bits physical, 48 bits virtual
power management:



Memory: 4k page, physical 8052332k(140416k free), swap 0k(0k free)

vm_info: OpenJDK 64-Bit Server VM (24.79-b02) for linux-amd64 JRE (1.7.0_79-b14), built on Apr 16 2015 08:21:58 by "buildd" with gcc 4.8.2

time: Tue May 19 17:19:55 2015
elapsed time: 15 seconds

