#
# There is insufficient memory for the Java Runtime Environment to continue.
# Native memory allocation (malloc) failed to allocate 138412032 bytes for committing reserved memory.
# Possible reasons:
#   The system is out of physical RAM or swap space
#   In 32 bit mode, the process size limit was hit
# Possible solutions:
#   Reduce memory load on the system
#   Increase physical memory or swap space
#   Check if swap backing store is full
#   Use 64 bit Java on a 64 bit OS
#   Decrease Java heap size (-Xmx/-Xms)
#   Decrease number of Java threads
#   Decrease Java thread stack sizes (-Xss)
#   Set larger code cache with -XX:ReservedCodeCacheSize=
# This output file may be truncated or incomplete.
#
#  Out of Memory Error (os_linux.cpp:2827), pid=13513, tid=140566712018688
#
# JRE version: OpenJDK Runtime Environment (7.0_121) (build 1.7.0_121-b00)
# Java VM: OpenJDK 64-Bit Server VM (24.121-b00 mixed mode linux-amd64 compressed oops)
# Derivative: IcedTea 2.6.8
# Distribution: Ubuntu 14.04 LTS, package 7u121-2.6.8-1ubuntu0.14.04.1
# Failed to write core dump. Core dumps have been disabled. To enable core dumping, try "ulimit -c unlimited" before starting Java again
#

---------------  T H R E A D  ---------------

Current thread (0x00007fd840075800):  VMThread [stack: 0x00007fd83cdfe000,0x00007fd83ceff000] [id=13521]

Stack: [0x00007fd83cdfe000,0x00007fd83ceff000],  sp=0x00007fd83cefd490,  free space=1021k
Native frames: (J=compiled Java code, j=interpreted, Vv=VM code, C=native code)
V  [libjvm.so+0x95d825]
V  [libjvm.so+0x497994]
V  [libjvm.so+0x7d692b]
V  [libjvm.so+0x7d12ef]
V  [libjvm.so+0x8465eb]
V  [libjvm.so+0x835e8b]
V  [libjvm.so+0x83604b]
V  [libjvm.so+0x836f78]
V  [libjvm.so+0x83d884]
V  [libjvm.so+0x843eed]
V  [libjvm.so+0x7f9443]
V  [libjvm.so+0x95f234]
V  [libjvm.so+0x963337]
V  [libjvm.so+0x961df8]
V  [libjvm.so+0x962259]
V  [libjvm.so+0x9626a2]
V  [libjvm.so+0x7d3722]

VM_Operation (0x00007fd8495cf900): ParallelGCFailedAllocation, mode: safepoint, requested by thread 0x00007fd84000a000


---------------  P R O C E S S  ---------------

Java Threads: ( => current thread )
  0x00007fd84051b800 JavaThread "process reaper" daemon [_thread_blocked, id=13530, stack(0x00007fd83677e000,0x00007fd8367b7000)]
  0x00007fd8400af000 JavaThread "Service Thread" daemon [_thread_blocked, id=13527, stack(0x00007fd83c115000,0x00007fd83c216000)]
  0x00007fd8400ad000 JavaThread "C2 CompilerThread1" daemon [_thread_blocked, id=13526, stack(0x00007fd83c216000,0x00007fd83c317000)]
  0x00007fd8400aa000 JavaThread "C2 CompilerThread0" daemon [_thread_blocked, id=13525, stack(0x00007fd83c317000,0x00007fd83c418000)]
  0x00007fd8400a8000 JavaThread "Signal Dispatcher" daemon [_thread_blocked, id=13524, stack(0x00007fd83c418000,0x00007fd83c519000)]
  0x00007fd84007c000 JavaThread "Finalizer" daemon [_thread_blocked, id=13523, stack(0x00007fd83cbfc000,0x00007fd83ccfd000)]
  0x00007fd84007a000 JavaThread "Reference Handler" daemon [_thread_blocked, id=13522, stack(0x00007fd83ccfd000,0x00007fd83cdfe000)]
  0x00007fd84000a000 JavaThread "main" [_thread_blocked, id=13516, stack(0x00007fd8494d2000,0x00007fd8495d3000)]

Other Threads:
=>0x00007fd840075800 VMThread [stack: 0x00007fd83cdfe000,0x00007fd83ceff000] [id=13521]
  0x00007fd8400ba000 WatcherThread [stack: 0x00007fd83c014000,0x00007fd83c115000] [id=13528]

VM state:at safepoint (normal execution)

VM Mutex/Monitor currently owned by a thread:  ([mutex/lock_event])
[0x00007fd8400060d0] ExpandHeap_lock - owner thread: 0x00007fd840075800
[0x00007fd840006750] Threads_lock - owner thread: 0x00007fd840075800
[0x00007fd840006c50] Heap_lock - owner thread: 0x00007fd84000a000

Heap
 PSYoungGen      total 169984K, used 13257K [0x00000007d6e00000, 0x00000007e6e00000, 0x0000000800000000)
  eden space 111616K, 0% used [0x00000007d6e00000,0x00000007d6e00000,0x00000007ddb00000)
  from space 58368K, 22% used [0x00000007ddb00000,0x00000007de7f2698,0x00000007e1400000)
  to   space 58368K, 0% used [0x00000007e3500000,0x00000007e3500000,0x00000007e6e00000)
 ParOldGen       total 169472K, used 169350K [0x0000000784a00000, 0x000000078ef80000, 0x00000007d6e00000)
  object space 169472K, 99% used [0x0000000784a00000,0x000000078ef61af0,0x000000078ef80000)
 PSPermGen       total 36864K, used 19401K [0x000000077a400000, 0x000000077c800000, 0x0000000784a00000)
  object space 36864K, 52% used [0x000000077a400000,0x000000077b6f2670,0x000000077c800000)

Card table byte_map: [0x00007fd845ccc000,0x00007fd8460fb000] byte_map_base: 0x00007fd8420fa000

Polling page: 0x00007fd8495ed000

Code Cache  [0x00007fd83d000000, 0x00007fd83d4c0000, 0x00007fd840000000)
 total_blobs=1575 nmethods=1267 adapters=260 free_code_cache=44406Kb largest_free_block=45398848

Compilation events (10 events):
Event: 23.334 Thread 0x00007fd8400ad000 nmethod 1423 0x00007fd83d309510 code [0x00007fd83d309640, 0x00007fd83d3096b8]
Event: 23.334 Thread 0x00007fd8400ad000 1424             com.sun.tools.javac.code.Type$DelegatedType::<init> (15 bytes)
Event: 23.334 Thread 0x00007fd8400ad000 nmethod 1424 0x00007fd83d309290 code [0x00007fd83d3093c0, 0x00007fd83d309458]
Event: 23.334 Thread 0x00007fd8400ad000 1425             java.util.HashMap::remove (19 bytes)
Event: 23.337 Thread 0x00007fd8400ad000 nmethod 1425 0x00007fd83d308ad0 code [0x00007fd83d308c40, 0x00007fd83d308f18]
Event: 23.337 Thread 0x00007fd8400ad000 1426             com.sun.tools.javac.code.Scope$3$1::hasNext (16 bytes)
Event: 23.338 Thread 0x00007fd8400ad000 nmethod 1426 0x00007fd83d329e50 code [0x00007fd83d329f80, 0x00007fd83d329ff8]
Event: 23.338 Thread 0x00007fd8400ad000 1427             com.sun.tools.javac.comp.Check::validate (30 bytes)
Event: 23.341 Thread 0x00007fd8400ad000 nmethod 1427 0x00007fd83d25ca50 code [0x00007fd83d25cbe0, 0x00007fd83d25cfa8]
Event: 23.341 Thread 0x00007fd8400ad000 1428             com.sun.tools.javac.comp.Check::checkOverride (174 bytes)

GC Heap History (10 events):
Event: 14.109 GC heap after
Heap after GC invocations=10 (full 0):
 PSYoungGen      total 96768K, used 9704K [0x00000007d6e00000, 0x00000007dfd00000, 0x0000000800000000)
  eden space 87040K, 0% used [0x00000007d6e00000,0x00000007d6e00000,0x00000007dc300000)
  from space 9728K, 99% used [0x00000007dd980000,0x00000007de2fa3f0,0x00000007de300000)
  to   space 23040K, 0% used [0x00000007dc300000,0x00000007dc300000,0x00000007dd980000)
 ParOldGen       total 83968K, used 45811K [0x0000000784a00000, 0x0000000789c00000, 0x00000007d6e00000)
  object space 83968K, 54% used [0x0000000784a00000,0x00000007876bcc90,0x0000000789c00000)
 PSPermGen       total 21504K, used 18375K [0x000000077a400000, 0x000000077b900000, 0x0000000784a00000)
  object space 21504K, 85% used [0x000000077a400000,0x000000077b5f1cb0,0x000000077b900000)
}
Event: 16.444 GC heap before
{Heap before GC invocations=11 (full 0):
 PSYoungGen      total 96768K, used 96744K [0x00000007d6e00000, 0x00000007dfd00000, 0x0000000800000000)
  eden space 87040K, 100% used [0x00000007d6e00000,0x00000007dc300000,0x00000007dc300000)
  from space 9728K, 99% used [0x00000007dd980000,0x00000007de2fa3f0,0x00000007de300000)
  to   space 23040K, 0% used [0x00000007dc300000,0x00000007dc300000,0x00000007dd980000)
 ParOldGen       total 83968K, used 45811K [0x0000000784a00000, 0x0000000789c00000, 0x00000007d6e00000)
  object space 83968K, 54% used [0x0000000784a00000,0x00000007876bcc90,0x0000000789c00000)
 PSPermGen       total 21504K, used 18397K [0x000000077a400000, 0x000000077b900000, 0x0000000784a00000)
  object space 21504K, 85% used [0x000000077a400000,0x000000077b5f7718,0x000000077b900000)
Event: 16.538 GC heap after
Heap after GC invocations=11 (full 0):
 PSYoungGen      total 110080K, used 23029K [0x00000007d6e00000, 0x00000007e4a00000, 0x0000000800000000)
  eden space 87040K, 0% used [0x00000007d6e00000,0x00000007d6e00000,0x00000007dc300000)
  from space 23040K, 99% used [0x00000007dc300000,0x00000007dd97d678,0x00000007dd980000)
  to   space 43008K, 0% used [0x00000007e2000000,0x00000007e2000000,0x00000007e4a00000)
 ParOldGen       total 90112K, used 89630K [0x0000000784a00000, 0x000000078a200000, 0x00000007d6e00000)
  object space 90112K, 99% used [0x0000000784a00000,0x000000078a187810,0x000000078a200000)
 PSPermGen       total 21504K, used 18397K [0x000000077a400000, 0x000000077b900000, 0x0000000784a00000)
  object space 21504K, 85% used [0x000000077a400000,0x000000077b5f7718,0x000000077b900000)
}
Event: 16.538 GC heap before
{Heap before GC invocations=12 (full 1):
 PSYoungGen      total 110080K, used 23029K [0x00000007d6e00000, 0x00000007e4a00000, 0x0000000800000000)
  eden space 87040K, 0% used [0x00000007d6e00000,0x00000007d6e00000,0x00000007dc300000)
  from space 23040K, 99% used [0x00000007dc300000,0x00000007dd97d678,0x00000007dd980000)
  to   space 43008K, 0% used [0x00000007e2000000,0x00000007e2000000,0x00000007e4a00000)
 ParOldGen       total 90112K, used 89630K [0x0000000784a00000, 0x000000078a200000, 0x00000007d6e00000)
  object space 90112K, 99% used [0x0000000784a00000,0x000000078a187810,0x000000078a200000)
 PSPermGen       total 21504K, used 18397K [0x000000077a400000, 0x000000077b900000, 0x0000000784a00000)
  object space 21504K, 85% used [0x000000077a400000,0x000000077b5f7718,0x000000077b900000)
Event: 17.064 GC heap after
Heap after GC invocations=12 (full 1):
 PSYoungGen      total 110080K, used 16260K [0x00000007d6e00000, 0x00000007e4a00000, 0x0000000800000000)
  eden space 87040K, 0% used [0x00000007d6e00000,0x00000007d6e00000,0x00000007dc300000)
  from space 23040K, 70% used [0x00000007dc300000,0x00000007dd2e1238,0x00000007dd980000)
  to   space 43008K, 0% used [0x00000007e2000000,0x00000007e2000000,0x00000007e4a00000)
 ParOldGen       total 169472K, used 89662K [0x0000000784a00000, 0x000000078ef80000, 0x00000007d6e00000)
  object space 169472K, 52% used [0x0000000784a00000,0x000000078a18fb80,0x000000078ef80000)
 PSPermGen       total 36864K, used 18385K [0x000000077a400000, 0x000000077c800000, 0x0000000784a00000)
  object space 36864K, 49% used [0x000000077a400000,0x000000077b5f46d8,0x000000077c800000)
}
Event: 19.704 GC heap before
{Heap before GC invocations=13 (full 1):
 PSYoungGen      total 110080K, used 103300K [0x00000007d6e00000, 0x00000007e4a00000, 0x0000000800000000)
  eden space 87040K, 100% used [0x00000007d6e00000,0x00000007dc300000,0x00000007dc300000)
  from space 23040K, 70% used [0x00000007dc300000,0x00000007dd2e1238,0x00000007dd980000)
  to   space 43008K, 0% used [0x00000007e2000000,0x00000007e2000000,0x00000007e4a00000)
 ParOldGen       total 169472K, used 89662K [0x0000000784a00000, 0x000000078ef80000, 0x00000007d6e00000)
  object space 169472K, 52% used [0x0000000784a00000,0x000000078a18fb80,0x000000078ef80000)
 PSPermGen       total 36864K, used 18607K [0x000000077a400000, 0x000000077c800000, 0x0000000784a00000)
  object space 36864K, 50% used [0x000000077a400000,0x000000077b62bf98,0x000000077c800000)
Event: 19.813 GC heap after
Heap after GC invocations=13 (full 1):
 PSYoungGen      total 154624K, used 42982K [0x00000007d6e00000, 0x00000007e4d00000, 0x0000000800000000)
  eden space 111616K, 0% used [0x00000007d6e00000,0x00000007d6e00000,0x00000007ddb00000)
  from space 43008K, 99% used [0x00000007e2000000,0x00000007e49f9b88,0x00000007e4a00000)
  to   space 58368K, 0% used [0x00000007ddb00000,0x00000007ddb00000,0x00000007e1400000)
 ParOldGen       total 169472K, used 111677K [0x0000000784a00000, 0x000000078ef80000, 0x00000007d6e00000)
  object space 169472K, 65% used [0x0000000784a00000,0x000000078b70f500,0x000000078ef80000)
 PSPermGen       total 36864K, used 18607K [0x000000077a400000, 0x000000077c800000, 0x0000000784a00000)
  object space 36864K, 50% used [0x000000077a400000,0x000000077b62bf98,0x000000077c800000)
}
Event: 23.349 GC heap before
{Heap before GC invocations=14 (full 1):
 PSYoungGen      total 154624K, used 154598K [0x00000007d6e00000, 0x00000007e4d00000, 0x0000000800000000)
  eden space 111616K, 100% used [0x00000007d6e00000,0x00000007ddb00000,0x00000007ddb00000)
  from space 43008K, 99% used [0x00000007e2000000,0x00000007e49f9b88,0x00000007e4a00000)
  to   space 58368K, 0% used [0x00000007ddb00000,0x00000007ddb00000,0x00000007e1400000)
 ParOldGen       total 169472K, used 111677K [0x0000000784a00000, 0x000000078ef80000, 0x00000007d6e00000)
  object space 169472K, 65% used [0x0000000784a00000,0x000000078b70f500,0x000000078ef80000)
 PSPermGen       total 36864K, used 19405K [0x000000077a400000, 0x000000077c800000, 0x0000000784a00000)
  object space 36864K, 52% used [0x000000077a400000,0x000000077b6f35b0,0x000000077c800000)
Event: 23.508 GC heap after
Heap after GC invocations=14 (full 1):
 PSYoungGen      total 169984K, used 31158K [0x00000007d6e00000, 0x00000007e6e00000, 0x0000000800000000)
  eden space 111616K, 0% used [0x00000007d6e00000,0x00000007d6e00000,0x00000007ddb00000)
  from space 58368K, 53% used [0x00000007ddb00000,0x00000007df96da08,0x00000007e1400000)
  to   space 58368K, 0% used [0x00000007e3500000,0x00000007e3500000,0x00000007e6e00000)
 ParOldGen       total 169472K, used 153842K [0x0000000784a00000, 0x000000078ef80000, 0x00000007d6e00000)
  object space 169472K, 90% used [0x0000000784a00000,0x000000078e03c948,0x000000078ef80000)
 PSPermGen       total 36864K, used 19405K [0x000000077a400000, 0x000000077c800000, 0x0000000784a00000)
  object space 36864K, 52% used [0x000000077a400000,0x000000077b6f35b0,0x000000077c800000)
}
Event: 23.509 GC heap before
{Heap before GC invocations=15 (full 2):
 PSYoungGen      total 169984K, used 31158K [0x00000007d6e00000, 0x00000007e6e00000, 0x0000000800000000)
  eden space 111616K, 0% used [0x00000007d6e00000,0x00000007d6e00000,0x00000007ddb00000)
  from space 58368K, 53% used [0x00000007ddb00000,0x00000007df96da08,0x00000007e1400000)
  to   space 58368K, 0% used [0x00000007e3500000,0x00000007e3500000,0x00000007e6e00000)
 ParOldGen       total 169472K, used 153842K [0x0000000784a00000, 0x000000078ef80000, 0x00000007d6e00000)
  object space 169472K, 90% used [0x0000000784a00000,0x000000078e03c948,0x000000078ef80000)
 PSPermGen       total 36864K, used 19405K [0x000000077a400000, 0x000000077c800000, 0x0000000784a00000)
  object space 36864K, 52% used [0x000000077a400000,0x000000077b6f35b0,0x000000077c800000)

Deoptimization events (10 events):
Event: 23.196 Thread 0x00007fd84000a000 Uncommon trap: reason=bimorphic action=maybe_recompile pc=0x00007fd83d23ed08 method=com.sun.tools.javac.code.Symbol.isInheritedIn(Lcom/sun/tools/javac/code/Symbol;Lcom/sun/tools/javac/code/Types;)Z @ 80
Event: 23.197 Thread 0x00007fd84000a000 Uncommon trap: reason=bimorphic action=maybe_recompile pc=0x00007fd83d23ed08 method=com.sun.tools.javac.code.Symbol.isInheritedIn(Lcom/sun/tools/javac/code/Symbol;Lcom/sun/tools/javac/code/Types;)Z @ 80
Event: 23.205 Thread 0x00007fd84000a000 Uncommon trap: reason=unstable_if action=reinterpret pc=0x00007fd83d48cf60 method=com.sun.tools.javac.code.Symbol$MethodSymbol.overrides(Lcom/sun/tools/javac/code/Symbol;Lcom/sun/tools/javac/code/Symbol$TypeSymbol;Lcom/sun/tools/javac/code/Types;Z)Z @ 62
Event: 23.205 Thread 0x00007fd84000a000 Uncommon trap: reason=unstable_if action=reinterpret pc=0x00007fd83d2a6c94 method=com.sun.tools.javac.code.Types.asOuterSuper(Lcom/sun/tools/javac/code/Type;Lcom/sun/tools/javac/code/Symbol;)Lcom/sun/tools/javac/code/Type; @ 68
Event: 23.206 Thread 0x00007fd84000a000 Uncommon trap: reason=class_check action=maybe_recompile pc=0x00007fd83d47371c method=com.sun.tools.javac.comp.Flow.visitClassDef(Lcom/sun/tools/javac/tree/JCTree$JCClassDecl;)V @ 267
Event: 23.209 Thread 0x00007fd84000a000 Uncommon trap: reason=class_check action=maybe_recompile pc=0x00007fd83d416940 method=com.sun.tools.javac.comp.Lower.access(Lcom/sun/tools/javac/code/Symbol;Lcom/sun/tools/javac/tree/JCTree$JCExpression;Lcom/sun/tools/javac/tree/JCTree$JCExpression;Z)Lcom
Event: 23.209 Thread 0x00007fd84000a000 Uncommon trap: reason=class_check action=maybe_recompile pc=0x00007fd83d416940 method=com.sun.tools.javac.comp.Lower.access(Lcom/sun/tools/javac/code/Symbol;Lcom/sun/tools/javac/tree/JCTree$JCExpression;Lcom/sun/tools/javac/tree/JCTree$JCExpression;Z)Lcom
Event: 23.284 Thread 0x00007fd84000a000 Uncommon trap: reason=unstable_if action=reinterpret pc=0x00007fd83d4718f4 method=com.sun.tools.javac.comp.Flow.trackable(Lcom/sun/tools/javac/code/Symbol$VarSymbol;)Z @ 24
Event: 23.284 Thread 0x00007fd84000a000 Uncommon trap: reason=unstable_if action=reinterpret pc=0x00007fd83d43ac74 method=com.sun.tools.javac.comp.Flow.trackable(Lcom/sun/tools/javac/code/Symbol$VarSymbol;)Z @ 24
Event: 23.311 Thread 0x00007fd84000a000 Uncommon trap: reason=unstable_if action=reinterpret pc=0x00007fd83d4167e8 method=com.sun.tools.javac.comp.Lower.needsProtectedAccess(Lcom/sun/tools/javac/code/Symbol;Lcom/sun/tools/javac/tree/JCTree;)Z @ 10

Internal exceptions (10 events):
Event: 22.597 Thread 0x00007fd84000a000 Threw 0x00000007dc1585e0 at /build/openjdk-7-A9DpoP/openjdk-7-7u121-2.6.8/build/openjdk/hotspot/src/share/vm/prims/jvm.cpp:1322
Event: 22.597 Thread 0x00007fd84000a000 Threw 0x00000007dc158e50 at /build/openjdk-7-A9DpoP/openjdk-7-7u121-2.6.8/build/openjdk/hotspot/src/share/vm/prims/jvm.cpp:1322
Event: 22.597 Thread 0x00007fd84000a000 Threw 0x00000007dc1618f0 at /build/openjdk-7-A9DpoP/openjdk-7-7u121-2.6.8/build/openjdk/hotspot/src/share/vm/prims/jvm.cpp:1322
Event: 22.597 Thread 0x00007fd84000a000 Threw 0x00000007dc162158 at /build/openjdk-7-A9DpoP/openjdk-7-7u121-2.6.8/build/openjdk/hotspot/src/share/vm/prims/jvm.cpp:1322
Event: 22.663 Thread 0x00007fd84000a000 Threw 0x00000007dc31cb70 at /build/openjdk-7-A9DpoP/openjdk-7-7u121-2.6.8/build/openjdk/hotspot/src/share/vm/prims/jvm.cpp:1322
Event: 22.664 Thread 0x00007fd84000a000 Threw 0x00000007dc31d3d8 at /build/openjdk-7-A9DpoP/openjdk-7-7u121-2.6.8/build/openjdk/hotspot/src/share/vm/prims/jvm.cpp:1322
Event: 23.205 Thread 0x00007fd84000a000 Implicit null exception at 0x00007fd83d48c0c0 to 0x00007fd83d48cf51
Event: 23.205 Thread 0x00007fd84000a000 Implicit null exception at 0x00007fd83d2a6523 to 0x00007fd83d2a6c89
Event: 23.284 Thread 0x00007fd84000a000 Threw 0x00000007dd898e38 at /build/openjdk-7-A9DpoP/openjdk-7-7u121-2.6.8/build/openjdk/hotspot/src/share/vm/prims/jvm.cpp:1322
Event: 23.284 Thread 0x00007fd84000a000 Threw 0x00000007dd8994c8 at /build/openjdk-7-A9DpoP/openjdk-7-7u121-2.6.8/build/openjdk/hotspot/src/share/vm/prims/jvm.cpp:1322

Events (10 events):
Event: 23.284 Thread 0x00007fd84000a000 DEOPT UNPACKING pc=0x00007fd83d039445 sp=0x00007fd8495d01f8 mode 2
Event: 23.284 Thread 0x00007fd84000a000 Uncommon trap: trap_request=0xffffff75 fr.pc=0x00007fd83d43ac74
Event: 23.284 Thread 0x00007fd84000a000 DEOPT PACKING pc=0x00007fd83d43ac74 sp=0x00007fd8495d00d0
Event: 23.284 Thread 0x00007fd84000a000 DEOPT UNPACKING pc=0x00007fd83d039445 sp=0x00007fd8495d0098 mode 2
Event: 23.284 loading class 0x00007fd840726490
Event: 23.284 loading class 0x00007fd840726490 done
Event: 23.311 Thread 0x00007fd84000a000 Uncommon trap: trap_request=0xffffff75 fr.pc=0x00007fd83d4167e8
Event: 23.311 Thread 0x00007fd84000a000 DEOPT PACKING pc=0x00007fd83d4167e8 sp=0x00007fd8495cfba0
Event: 23.311 Thread 0x00007fd84000a000 DEOPT UNPACKING pc=0x00007fd83d039445 sp=0x00007fd8495cfae0 mode 2
Event: 23.349 Executing VM operation: ParallelGCFailedAllocation


Dynamic libraries:
00400000-00401000 r-xp 00000000 08:04 1713316                            /usr/lib/jvm/java-7-openjdk-amd64/jre/bin/java
00600000-00601000 r--p 00000000 08:04 1713316                            /usr/lib/jvm/java-7-openjdk-amd64/jre/bin/java
00601000-00602000 rw-p 00001000 08:04 1713316                            /usr/lib/jvm/java-7-openjdk-amd64/jre/bin/java
00f58000-00f79000 rw-p 00000000 00:00 0                                  [heap]
77a400000-77c800000 rw-p 00000000 00:00 0 
77c800000-784a00000 rw-p 00000000 00:00 0 
784a00000-78ef80000 rw-p 00000000 00:00 0 
797380000-7d6e00000 rw-p 00000000 00:00 0 
7d6e00000-7e6e00000 rw-p 00000000 00:00 0 
7e6e00000-800000000 rw-p 00000000 00:00 0 
7fd7fc000000-7fd7fc021000 rw-p 00000000 00:00 0 
7fd7fc021000-7fd800000000 ---p 00000000 00:00 0 
7fd800000000-7fd800021000 rw-p 00000000 00:00 0 
7fd800021000-7fd804000000 ---p 00000000 00:00 0 
7fd804000000-7fd80503f000 rw-p 00000000 00:00 0 
7fd80503f000-7fd808000000 ---p 00000000 00:00 0 
7fd808000000-7fd808021000 rw-p 00000000 00:00 0 
7fd808021000-7fd80c000000 ---p 00000000 00:00 0 
7fd80c000000-7fd80c021000 rw-p 00000000 00:00 0 
7fd80c021000-7fd810000000 ---p 00000000 00:00 0 
7fd810000000-7fd810fb2000 rw-p 00000000 00:00 0 
7fd810fb2000-7fd814000000 ---p 00000000 00:00 0 
7fd814000000-7fd814021000 rw-p 00000000 00:00 0 
7fd814021000-7fd818000000 ---p 00000000 00:00 0 
7fd818000000-7fd818021000 rw-p 00000000 00:00 0 
7fd818021000-7fd81c000000 ---p 00000000 00:00 0 
7fd81c000000-7fd81c021000 rw-p 00000000 00:00 0 
7fd81c021000-7fd820000000 ---p 00000000 00:00 0 
7fd823d20000-7fd828000000 rw-p 00000000 00:00 0 
7fd828000000-7fd828021000 rw-p 00000000 00:00 0 
7fd828021000-7fd82c000000 ---p 00000000 00:00 0 
7fd82c000000-7fd82c021000 rw-p 00000000 00:00 0 
7fd82c021000-7fd830000000 ---p 00000000 00:00 0 
7fd830000000-7fd830021000 rw-p 00000000 00:00 0 
7fd830021000-7fd834000000 ---p 00000000 00:00 0 
7fd836678000-7fd836679000 rw-p 00000000 00:00 0 
7fd836679000-7fd8366e4000 r--s 0069c000 08:04 1836197                    /usr/lib/jvm/java-7-openjdk-amd64/lib/tools.jar
7fd8366e4000-7fd8366e7000 r--s 0001b000 08:04 19662904                   /home/archmage/.m2/repository/junit/junit/3.8.2/junit-3.8.2.jar
7fd8366e7000-7fd8366f5000 r--s 0008f000 08:04 19662902                   /home/archmage/.m2/repository/com/google/collections/google-collections/1.0/google-collections-1.0.jar
7fd8366f5000-7fd8366f6000 r--s 0000a000 08:04 19662900                   /home/archmage/.m2/repository/commons-logging/commons-logging-api/1.1/commons-logging-api-1.1.jar
7fd8366f6000-7fd8366fd000 r--s 00051000 08:04 19269300                   /home/archmage/.m2/repository/log4j/log4j/1.2.12/log4j-1.2.12.jar
7fd8366fd000-7fd836701000 r--s 0001d000 08:04 19532231                   /home/archmage/.m2/repository/org/apache/xbean/xbean-reflect/3.4/xbean-reflect-3.4.jar
7fd836701000-7fd836702000 r--s 00004000 08:04 19662896                   /home/archmage/.m2/repository/org/codehaus/plexus/plexus-compiler-javac/2.2/plexus-compiler-javac-2.2.jar
7fd836702000-7fd836704000 r--s 00000000 08:04 19662895                   /home/archmage/.m2/repository/org/codehaus/plexus/plexus-compiler-manager/2.2/plexus-compiler-manager-2.2.jar
7fd836704000-7fd836706000 r--s 00005000 08:04 19662889                   /home/archmage/.m2/repository/org/codehaus/plexus/plexus-compiler-api/2.2/plexus-compiler-api-2.2.jar
7fd836706000-7fd836708000 r--s 00002000 08:04 19662892                   /home/archmage/.m2/repository/org/apache/maven/shared/maven-shared-incremental/1.1/maven-shared-incremental-1.1.jar
7fd836708000-7fd83670a000 r--s 00006000 08:04 19662891                   /home/archmage/.m2/repository/com/google/code/findbugs/jsr305/2.0.1/jsr305-2.0.1.jar
7fd83670a000-7fd83670d000 r--s 00023000 08:04 19662888                   /home/archmage/.m2/repository/org/apache/maven/shared/maven-shared-utils/0.1/maven-shared-utils-0.1.jar
7fd83670d000-7fd836711000 r--s 00030000 08:04 19662890                   /home/archmage/.m2/repository/org/codehaus/plexus/plexus-utils/1.5.1/plexus-utils-1.5.1.jar
7fd836711000-7fd836713000 r--s 00009000 08:04 18745789                   /home/archmage/.m2/repository/org/apache/maven/plugins/maven-compiler-plugin/3.1/maven-compiler-plugin-3.1.jar
7fd836713000-7fd836715000 r--s 0000d000 08:04 19662689                   /home/archmage/.m2/repository/org/codehaus/plexus/plexus-interpolation/1.13/plexus-interpolation-1.13.jar
7fd836715000-7fd836716000 r--s 00001000 08:04 19662686                   /home/archmage/.m2/repository/org/sonatype/plexus/plexus-build-api/0.0.4/plexus-build-api-0.0.4.jar
7fd836716000-7fd836718000 r--s 00009000 08:04 19662688                   /home/archmage/.m2/repository/org/apache/maven/shared/maven-filtering/1.0/maven-filtering-1.0.jar
7fd836718000-7fd836719000 r--s 00001000 08:04 19662685                   /home/archmage/.m2/repository/org/apache/maven/doxia/doxia-sink-api/1.0-alpha-7/doxia-sink-api-1.0-alpha-7.jar
7fd836719000-7fd83671a000 r--s 00002000 08:04 19662684                   /home/archmage/.m2/repository/org/apache/maven/reporting/maven-reporting-api/2.0.6/maven-reporting-api-2.0.6.jar
7fd83671a000-7fd83671c000 r--s 00005000 08:04 18614538                   /home/archmage/.m2/repository/org/apache/maven/plugins/maven-resources-plugin/2.5/maven-resources-plugin-2.5.jar
7fd83671c000-7fd83672a000 r--s 0007f000 08:04 19662599                   /home/archmage/.m2/repository/commons-collections/commons-collections/3.2.1/commons-collections-3.2.1.jar
7fd83672a000-7fd83672f000 r--s 00041000 08:04 19662597                   /home/archmage/.m2/repository/commons-lang/commons-lang/2.6/commons-lang-2.6.jar
7fd83672f000-7fd836731000 r--s 00006000 08:04 19662596                   /home/archmage/.m2/repository/org/apache/maven/shared/maven-invoker/2.0.11/maven-invoker-2.0.11.jar
7fd836731000-7fd836733000 r--s 00006000 08:04 19662593                   /home/archmage/.m2/repository/org/apache/maven/shared/maven-common-artifact-filters/1.4/maven-common-artifact-filters-1.4.jar
7fd836733000-7fd836735000 r--s 0000c000 08:04 19662591                   /home/archmage/.m2/repository/org/apache/maven/shared/maven-dependency-tree/2.0/maven-dependency-tree-2.0.jar
7fd836735000-7fd836737000 r--s 00000000 08:04 19662589                   /home/archmage/.m2/repository/org/codehaus/plexus/plexus-component-annotations/1.5.5/plexus-component-annotations-1.5.5.jar
7fd836737000-7fd836738000 r--s 0000a000 08:04 19662587                   /home/archmage/.m2/repository/asm/asm/3.3.1/asm-3.3.1.jar
7fd836738000-7fd83673a000 r--s 00005000 08:04 19662585                   /home/archmage/.m2/repository/org/apache/maven/shared/maven-dependency-analyzer/1.3/maven-dependency-analyzer-1.3.jar
7fd83673a000-7fd83673d000 r--s 0000c000 08:04 19662583                   /home/archmage/.m2/repository/org/codehaus/plexus/plexus-io/2.0.6/plexus-io-2.0.6.jar
7fd83673d000-7fd836740000 r--s 0001b000 08:04 19662581                   /home/archmage/.m2/repository/junit/junit/3.8.1/junit-3.8.1.jar
7fd836740000-7fd836742000 r--s 00008000 08:04 19662579                   /home/archmage/.m2/repository/org/apache/maven/shared/maven-shared-io/1.1/maven-shared-io-1.1.jar
7fd836742000-7fd836744000 r--s 00008000 08:04 19662578                   /home/archmage/.m2/repository/org/apache/maven/shared/file-management/1.2.1/file-management-1.2.1.jar
7fd836744000-7fd836748000 r--s 00035000 08:04 19662576                   /home/archmage/.m2/repository/org/codehaus/plexus/plexus-utils/3.0.9/plexus-utils-3.0.9.jar
7fd836748000-7fd83674d000 r--s 00029000 08:04 19662574                   /home/archmage/.m2/repository/org/codehaus/plexus/plexus-archiver/2.2/plexus-archiver-2.2.jar
7fd83674d000-7fd83674f000 r--s 00004000 08:04 19662572                   /home/archmage/.m2/repository/org/apache/maven/doxia/doxia-module-xhtml/1.0/doxia-module-xhtml-1.0.jar
7fd83674f000-7fd836750000 r--s 00006000 08:04 19662570                   /home/archmage/.m2/repository/org/apache/maven/doxia/doxia-module-xdoc/1.0/doxia-module-xdoc-1.0.jar
7fd836750000-7fd836751000 r--s 00004000 08:04 19662568                   /home/archmage/.m2/repository/org/apache/maven/doxia/doxia-module-fml/1.0/doxia-module-fml-1.0.jar
7fd836751000-7fd836753000 r--s 0000a000 08:04 19662567                   /home/archmage/.m2/repository/org/apache/maven/doxia/doxia-module-apt/1.0/doxia-module-apt-1.0.jar
7fd836753000-7fd836754000 r--s 0000b000 08:04 19662565                   /home/archmage/.m2/repository/org/apache/maven/doxia/doxia-decoration-model/1.0/doxia-decoration-model-1.0.jar
7fd836754000-7fd83675c000 r--s 00058000 08:04 19532229                   /home/archmage/.m2/repository/org/apache/velocity/velocity/1.5/velocity-1.5.jar
7fd83675c000-7fd83675d000 r--s 00001000 08:04 19662563                   /home/archmage/.m2/repository/org/codehaus/plexus/plexus-velocity/1.1.7/plexus-velocity-1.1.7.jar
7fd83675d000-7fd83675e000 r--s 00002000 08:04 19662560                   /home/archmage/.m2/repository/org/codehaus/plexus/plexus-i18n/1.0-beta-7/plexus-i18n-1.0-beta-7.jar
7fd83675e000-7fd836760000 r--s 0000a000 08:04 19662558                   /home/archmage/.m2/repository/org/apache/maven/doxia/doxia-site-renderer/1.0/doxia-site-renderer-1.0.jar
7fd836760000-7fd836761000 r--s 00002000 08:04 19662556                   /home/archmage/.m2/repository/org/apache/maven/doxia/doxia-sink-api/1.0/doxia-sink-api-1.0.jar
7fd836761000-7fd836766000 r--s 00016000 08:04 19269298                   /home/archmage/.m2/repository/xml-apis/xml-apis/1.0.b2/xml-apis-1.0.b2.jar
7fd836766000-7fd836768000 r--s 0000e000 08:04 19662553                   /home/archmage/.m2/repository/oro/oro/2.0.8/oro-2.0.8.jar
7fd836768000-7fd83676a000 r--s 00008000 08:04 19662551                   /home/archmage/.m2/repository/commons-logging/commons-logging/1.0.4/commons-logging-1.0.4.jar
7fd83676a000-7fd83676e000 r--s 00026000 08:04 19662548                   /home/archmage/.m2/repository/commons-digester/commons-digester/1.6/commons-digester-1.6.jar
7fd83676e000-7fd836773000 r--s 0002a000 08:04 19662549                   /home/archmage/.m2/repository/commons-beanutils/commons-beanutils/1.7.0/commons-beanutils-1.7.0.jar
7fd836773000-7fd836776000 r--s 00014000 08:04 19662545                   /home/archmage/.m2/repository/commons-validator/commons-validator/1.2.0/commons-validator-1.2.0.jar
7fd836776000-7fd836779000 r--s 00018000 08:04 19662543                   /home/archmage/.m2/repository/commons-io/commons-io/1.4/commons-io-1.4.jar
7fd836779000-7fd83677b000 r--s 00009000 08:04 19662542                   /home/archmage/.m2/repository/org/apache/maven/shared/maven-doxia-tools/1.0.2/maven-doxia-tools-1.0.2.jar
7fd83677b000-7fd83677e000 r--s 0000b000 08:04 19662536                   /home/archmage/.m2/repository/org/apache/maven/doxia/doxia-core/1.0/doxia-core-1.0.jar
7fd83677e000-7fd836781000 ---p 00000000 00:00 0 
7fd836781000-7fd8367e8000 rw-p 00000000 00:00 0 
7fd8367e8000-7fd836825000 r-xp 00000000 08:04 19403050                   /lib/x86_64-linux-gnu/libpcre.so.3.13.1
7fd836825000-7fd836a24000 ---p 0003d000 08:04 19403050                   /lib/x86_64-linux-gnu/libpcre.so.3.13.1
7fd836a24000-7fd836a25000 r--p 0003c000 08:04 19403050                   /lib/x86_64-linux-gnu/libpcre.so.3.13.1
7fd836a25000-7fd836a26000 rw-p 0003d000 08:04 19403050                   /lib/x86_64-linux-gnu/libpcre.so.3.13.1
7fd836a26000-7fd836a2d000 r-xp 00000000 08:04 1187668                    /usr/lib/x86_64-linux-gnu/libffi.so.6.0.1
7fd836a2d000-7fd836c2c000 ---p 00007000 08:04 1187668                    /usr/lib/x86_64-linux-gnu/libffi.so.6.0.1
7fd836c2c000-7fd836c2d000 r--p 00006000 08:04 1187668                    /usr/lib/x86_64-linux-gnu/libffi.so.6.0.1
7fd836c2d000-7fd836c2e000 rw-p 00007000 08:04 1187668                    /usr/lib/x86_64-linux-gnu/libffi.so.6.0.1
7fd836c2e000-7fd836c45000 r-xp 00000000 08:04 19398675                   /lib/x86_64-linux-gnu/libresolv-2.19.so
7fd836c45000-7fd836e45000 ---p 00017000 08:04 19398675                   /lib/x86_64-linux-gnu/libresolv-2.19.so
7fd836e45000-7fd836e46000 r--p 00017000 08:04 19398675                   /lib/x86_64-linux-gnu/libresolv-2.19.so
7fd836e46000-7fd836e47000 rw-p 00018000 08:04 19398675                   /lib/x86_64-linux-gnu/libresolv-2.19.so
7fd836e47000-7fd836e49000 rw-p 00000000 00:00 0 
7fd836e49000-7fd836e69000 r-xp 00000000 08:04 19403089                   /lib/x86_64-linux-gnu/libselinux.so.1
7fd836e69000-7fd837068000 ---p 00020000 08:04 19403089                   /lib/x86_64-linux-gnu/libselinux.so.1
7fd837068000-7fd837069000 r--p 0001f000 08:04 19403089                   /lib/x86_64-linux-gnu/libselinux.so.1
7fd837069000-7fd83706a000 rw-p 00020000 08:04 19403089                   /lib/x86_64-linux-gnu/libselinux.so.1
7fd83706a000-7fd83706c000 rw-p 00000000 00:00 0 
7fd83706c000-7fd83706f000 r-xp 00000000 08:04 1187781                    /usr/lib/x86_64-linux-gnu/libgmodule-2.0.so.0.4002.0
7fd83706f000-7fd83726e000 ---p 00003000 08:04 1187781                    /usr/lib/x86_64-linux-gnu/libgmodule-2.0.so.0.4002.0
7fd83726e000-7fd83726f000 r--p 00002000 08:04 1187781                    /usr/lib/x86_64-linux-gnu/libgmodule-2.0.so.0.4002.0
7fd83726f000-7fd837270000 rw-p 00003000 08:04 1187781                    /usr/lib/x86_64-linux-gnu/libgmodule-2.0.so.0.4002.0
7fd837270000-7fd837376000 r-xp 00000000 08:04 19402990                   /lib/x86_64-linux-gnu/libglib-2.0.so.0.4002.0
7fd837376000-7fd837575000 ---p 00106000 08:04 19402990                   /lib/x86_64-linux-gnu/libglib-2.0.so.0.4002.0
7fd837575000-7fd837576000 r--p 00105000 08:04 19402990                   /lib/x86_64-linux-gnu/libglib-2.0.so.0.4002.0
7fd837576000-7fd837577000 rw-p 00106000 08:04 19402990                   /lib/x86_64-linux-gnu/libglib-2.0.so.0.4002.0
7fd837577000-7fd837578000 rw-p 00000000 00:00 0 
7fd837578000-7fd8375c7000 r-xp 00000000 08:04 1187797                    /usr/lib/x86_64-linux-gnu/libgobject-2.0.so.0.4002.0
7fd8375c7000-7fd8377c7000 ---p 0004f000 08:04 1187797                    /usr/lib/x86_64-linux-gnu/libgobject-2.0.so.0.4002.0
7fd8377c7000-7fd8377c8000 r--p 0004f000 08:04 1187797                    /usr/lib/x86_64-linux-gnu/libgobject-2.0.so.0.4002.0
7fd8377c8000-7fd8377c9000 rw-p 00050000 08:04 1187797                    /usr/lib/x86_64-linux-gnu/libgobject-2.0.so.0.4002.0
7fd8377c9000-7fd837935000 r-xp 00000000 08:04 1187769                    /usr/lib/x86_64-linux-gnu/libgio-2.0.so.0.4002.0
7fd837935000-7fd837b34000 ---p 0016c000 08:04 1187769                    /usr/lib/x86_64-linux-gnu/libgio-2.0.so.0.4002.0
7fd837b34000-7fd837b38000 r--p 0016b000 08:04 1187769                    /usr/lib/x86_64-linux-gnu/libgio-2.0.so.0.4002.0
7fd837b38000-7fd837b3a000 rw-p 0016f000 08:04 1187769                    /usr/lib/x86_64-linux-gnu/libgio-2.0.so.0.4002.0
7fd837b3a000-7fd837b3c000 rw-p 00000000 00:00 0 
7fd837b3c000-7fd837b3e000 r--s 00004000 08:04 19662538                   /home/archmage/.m2/repository/org/apache/maven/reporting/maven-reporting-impl/2.0.5/maven-reporting-impl-2.0.5.jar
7fd837b3e000-7fd837b3f000 r--s 00002000 08:04 19662539                   /home/archmage/.m2/repository/org/apache/maven/reporting/maven-reporting-api/3.0/maven-reporting-api-3.0.jar
7fd837b3f000-7fd837b41000 r--s 00002000 08:04 19662537                   /home/archmage/.m2/repository/org/codehaus/plexus/plexus-interactivity-api/1.0-alpha-4/plexus-interactivity-api-1.0-alpha-4.jar
7fd837b41000-7fd837b43000 r--s 00006000 08:04 19662535                   /home/archmage/.m2/repository/commons-cli/commons-cli/1.0/commons-cli-1.0.jar
7fd837b43000-7fd837b46000 r--s 00021000 08:04 18745793                   /home/archmage/.m2/repository/org/apache/maven/plugins/maven-dependency-plugin/2.6/maven-dependency-plugin-2.6.jar
7fd837b46000-7fd837b4a000 r--s 00033000 08:04 19662683                   /home/archmage/.m2/repository/org/codehaus/plexus/plexus-utils/2.0.5/plexus-utils-2.0.5.jar
7fd837b4a000-7fd837b4b000 r--s 00005000 08:04 18876719                   /home/archmage/.m2/repository/org/apache/maven/plugins/maven-clean-plugin/2.4.1/maven-clean-plugin-2.4.1.jar
7fd837b4b000-7fd837b4c000 r--p 00000000 00:00 0 
7fd837b4c000-7fd837b50000 r--s 0004f000 08:04 1713291                    /usr/lib/jvm/java-7-openjdk-amd64/jre/lib/jsse.jar
7fd837b50000-7fd837b52000 r--s 0000c000 08:04 19661406                   /home/archmage/.netbeans/8.0.2/maven-nblib/netbeans-eventspy.jar
7fd837b52000-7fd837b69000 r-xp 00000000 08:04 1712966                    /usr/lib/jvm/java-7-openjdk-amd64/jre/lib/amd64/libnet.so
7fd837b69000-7fd837d68000 ---p 00017000 08:04 1712966                    /usr/lib/jvm/java-7-openjdk-amd64/jre/lib/amd64/libnet.so
7fd837d68000-7fd837d69000 r--p 00016000 08:04 1712966                    /usr/lib/jvm/java-7-openjdk-amd64/jre/lib/amd64/libnet.so
7fd837d69000-7fd837d6a000 rw-p 00017000 08:04 1712966                    /usr/lib/jvm/java-7-openjdk-amd64/jre/lib/amd64/libnet.so
7fd837d6a000-7fd837d7a000 r-xp 00000000 08:04 1712887                    /usr/lib/jvm/java-7-openjdk-amd64/jre/lib/amd64/libnio.so
7fd837d7a000-7fd837f7a000 ---p 00010000 08:04 1712887                    /usr/lib/jvm/java-7-openjdk-amd64/jre/lib/amd64/libnio.so
7fd837f7a000-7fd837f7b000 r--p 00010000 08:04 1712887                    /usr/lib/jvm/java-7-openjdk-amd64/jre/lib/amd64/libnio.so
7fd837f7b000-7fd837f7c000 rw-p 00011000 08:04 1712887                    /usr/lib/jvm/java-7-openjdk-amd64/jre/lib/amd64/libnio.so
7fd837f7c000-7fd837f80000 r--s 0001c000 08:04 2101015                    /usr/local/netbeans-8.0.2/java/maven/lib/aether-util-1.13.1.jar
7fd837f80000-7fd837f85000 r--s 00020000 08:04 2100948                    /usr/local/netbeans-8.0.2/java/maven/lib/maven-model-builder-3.0.5.jar
7fd837f85000-7fd837f88000 r--s 00033000 08:04 2101013                    /usr/local/netbeans-8.0.2/java/maven/lib/plexus-utils-2.0.6.jar
7fd837f88000-7fd837f94000 r--s 0007b000 08:04 2101027                    /usr/local/netbeans-8.0.2/java/maven/lib/maven-core-3.0.5.jar
7fd837f94000-7fd837f9b000 r--s 0003e000 08:04 2100989                    /usr/local/netbeans-8.0.2/java/maven/lib/sisu-inject-bean-2.3.0.jar
7fd837f9b000-7fd837f9d000 r--s 00000000 08:04 2100712                    /usr/local/netbeans-8.0.2/java/maven/lib/plexus-component-annotations-1.5.5.jar
7fd837f9d000-7fd837f9f000 r--s 00006000 08:04 2100878                    /usr/local/netbeans-8.0.2/java/maven/lib/aether-connector-wagon-1.13.1.jar
7fd837f9f000-7fd837fa2000 r--s 00025000 08:04 2101019                    /usr/local/netbeans-8.0.2/java/maven/lib/maven-model-3.0.5.jar
7fd837fa2000-7fd837fa4000 r--s 0000c000 08:04 2100919                    /usr/local/netbeans-8.0.2/java/maven/lib/maven-aether-provider-3.0.5.jar
7fd837fa4000-7fd837fa6000 r--s 0000d000 08:04 2100950                    /usr/local/netbeans-8.0.2/java/maven/lib/plexus-interpolation-1.14.jar
7fd837fa6000-7fd837fc1000 r--s 000e0000 08:04 2100997                    /usr/local/netbeans-8.0.2/java/maven/lib/wagon-http-2.4-shaded.jar
7fd837fc1000-7fd837fc2000 r--s 00006000 08:04 2100949                    /usr/local/netbeans-8.0.2/java/maven/lib/plexus-sec-dispatcher-1.3.jar
7fd837fc2000-7fd837fc4000 r--s 0000b000 08:04 2101002                    /usr/local/netbeans-8.0.2/java/maven/lib/maven-artifact-3.0.5.jar
7fd837fc4000-7fd837fc6000 r--s 00006000 08:04 2100816                    /usr/local/netbeans-8.0.2/java/maven/lib/maven-repository-metadata-3.0.5.jar
7fd837fc6000-7fd837fc7000 r--s 00003000 08:04 2101022                    /usr/local/netbeans-8.0.2/java/maven/lib/aether-spi-1.13.1.jar
7fd837fc7000-7fd837fcd000 r--s 0003e000 08:04 2101016                    /usr/local/netbeans-8.0.2/java/maven/lib/maven-compat-3.0.5.jar
7fd837fcd000-7fd837fd0000 r--s 00008000 08:04 2100903                    /usr/local/netbeans-8.0.2/java/maven/lib/maven-settings-builder-3.0.5.jar
7fd837fd0000-7fd837fd1000 r--s 00009000 08:04 2101030                    /usr/local/netbeans-8.0.2/java/maven/lib/commons-cli-1.2.jar
7fd837fd1000-7fd837fef000 r--s 0014f000 08:04 2101028                    /usr/local/netbeans-8.0.2/java/maven/lib/sisu-guava-0.9.9.jar
7fd837fef000-7fd837ff7000 r--s 0004e000 08:04 2100978                    /usr/local/netbeans-8.0.2/java/maven/lib/sisu-guice-3.1.0-no_aop.jar
7fd837ff7000-7fd837ff9000 r--s 00009000 08:04 2101003                    /usr/local/netbeans-8.0.2/java/maven/lib/maven-embedder-3.0.5.jar
7fd837ff9000-7fd837ffc000 r--s 0001d000 08:04 2101014                    /usr/local/netbeans-8.0.2/java/maven/lib/aether-impl-1.13.1.jar
7fd837ffc000-7fd837ffe000 r--s 0000b000 08:04 2100987                    /usr/local/netbeans-8.0.2/java/maven/lib/wagon-provider-api-2.4.jar
7fd837ffe000-7fd838000000 r--s 0000a000 08:04 2100988                    /usr/local/netbeans-8.0.2/java/maven/lib/maven-plugin-api-3.0.5.jar
7fd838000000-7fd838021000 rw-p 00000000 00:00 0 
7fd838021000-7fd83c000000 ---p 00000000 00:00 0 
7fd83c000000-7fd83c006000 r--s 0002b000 08:04 2100968                    /usr/local/netbeans-8.0.2/java/maven/lib/sisu-inject-plexus-2.3.0.jar
7fd83c006000-7fd83c008000 r--s 0000a000 08:04 2101004                    /usr/local/netbeans-8.0.2/java/maven/lib/maven-settings-3.0.5.jar
7fd83c008000-7fd83c00c000 r--s 00012000 08:04 2101021                    /usr/local/netbeans-8.0.2/java/maven/lib/aether-api-1.13.1.jar
7fd83c00c000-7fd83c00e000 r--s 00002000 08:04 2101020                    /usr/local/netbeans-8.0.2/java/maven/lib/plexus-cipher-1.7.jar
7fd83c00e000-7fd83c010000 r--s 0000a000 08:04 2234926                    /usr/local/netbeans-8.0.2/java/maven/boot/plexus-classworlds-2.4.jar
7fd83c010000-7fd83c014000 r--s 00034000 08:04 1713119                    /usr/lib/jvm/java-7-openjdk-amd64/jre/lib/ext/sunjce_provider.jar
7fd83c014000-7fd83c015000 ---p 00000000 00:00 0 
7fd83c015000-7fd83c115000 rw-p 00000000 00:00 0 
7fd83c115000-7fd83c118000 ---p 00000000 00:00 0 
7fd83c118000-7fd83c216000 rw-p 00000000 00:00 0 
7fd83c216000-7fd83c219000 ---p 00000000 00:00 0 
7fd83c219000-7fd83c317000 rw-p 00000000 00:00 0 
7fd83c317000-7fd83c31a000 ---p 00000000 00:00 0 
7fd83c31a000-7fd83c418000 rw-p 00000000 00:00 0 
7fd83c418000-7fd83c41b000 ---p 00000000 00:00 0 
7fd83c41b000-7fd83c519000 rw-p 00000000 00:00 0 
7fd83c519000-7fd83cbfc000 r--p 00000000 08:04 1186386                    /usr/lib/locale/locale-archive
7fd83cbfc000-7fd83cbff000 ---p 00000000 00:00 0 
7fd83cbff000-7fd83ccfd000 rw-p 00000000 00:00 0 
7fd83ccfd000-7fd83cd00000 ---p 00000000 00:00 0 
7fd83cd00000-7fd83cdfe000 rw-p 00000000 00:00 0 
7fd83cdfe000-7fd83cdff000 ---p 00000000 00:00 0 
7fd83cdff000-7fd83d000000 rw-p 00000000 00:00 0 
7fd83d000000-7fd83d4c0000 rwxp 00000000 00:00 0 
7fd83d4c0000-7fd840ce4000 rw-p 00000000 00:00 0 
7fd840ce4000-7fd844000000 ---p 00000000 00:00 0 
7fd844000000-7fd844004000 r--s 00085000 08:04 1713123                    /usr/lib/jvm/java-7-openjdk-amd64/jre/lib/ext/localedata.jar
7fd844004000-7fd844edf000 rw-p 00000000 00:00 0 
7fd844edf000-7fd845092000 r--s 01d41000 08:04 1713117                    /usr/lib/jvm/java-7-openjdk-amd64/jre/lib/rt.jar
7fd845092000-7fd8455e3000 rw-p 00000000 00:00 0 
7fd8455e3000-7fd8455e4000 ---p 00000000 00:00 0 
7fd8455e4000-7fd8456e4000 rw-p 00000000 00:00 0 
7fd8456e4000-7fd8456e5000 ---p 00000000 00:00 0 
7fd8456e5000-7fd8457e5000 rw-p 00000000 00:00 0 
7fd8457e5000-7fd8457e6000 ---p 00000000 00:00 0 
7fd8457e6000-7fd8458e6000 rw-p 00000000 00:00 0 
7fd8458e6000-7fd8458e7000 ---p 00000000 00:00 0 
7fd8458e7000-7fd8459f9000 rw-p 00000000 00:00 0 
7fd8459f9000-7fd845a3a000 rw-p 00000000 00:00 0 
7fd845a3a000-7fd845a8d000 rw-p 00000000 00:00 0 
7fd845a8d000-7fd845ccc000 rw-p 00000000 00:00 0 
7fd845ccc000-7fd845cde000 rw-p 00000000 00:00 0 
7fd845cde000-7fd845d1f000 rw-p 00000000 00:00 0 
7fd845d1f000-7fd845d72000 rw-p 00000000 00:00 0 
7fd845d72000-7fd845fb1000 rw-p 00000000 00:00 0 
7fd845fb1000-7fd846031000 rw-p 00000000 00:00 0 
7fd846031000-7fd8460fa000 rw-p 00000000 00:00 0 
7fd8460fa000-7fd8460fb000 rw-p 00000000 00:00 0 
7fd8460fb000-7fd846103000 r-xp 00000000 08:04 1712964                    /usr/lib/jvm/java-7-openjdk-amd64/jre/lib/amd64/libzip.so
7fd846103000-7fd846302000 ---p 00008000 08:04 1712964                    /usr/lib/jvm/java-7-openjdk-amd64/jre/lib/amd64/libzip.so
7fd846302000-7fd846303000 r--p 00007000 08:04 1712964                    /usr/lib/jvm/java-7-openjdk-amd64/jre/lib/amd64/libzip.so
7fd846303000-7fd846304000 rw-p 00008000 08:04 1712964                    /usr/lib/jvm/java-7-openjdk-amd64/jre/lib/amd64/libzip.so
7fd846304000-7fd84630e000 r-xp 00000000 08:04 19402886                   /lib/x86_64-linux-gnu/libnss_files-2.19.so
7fd84630e000-7fd84650d000 ---p 0000a000 08:04 19402886                   /lib/x86_64-linux-gnu/libnss_files-2.19.so
7fd84650d000-7fd84650e000 r--p 00009000 08:04 19402886                   /lib/x86_64-linux-gnu/libnss_files-2.19.so
7fd84650e000-7fd84650f000 rw-p 0000a000 08:04 19402886                   /lib/x86_64-linux-gnu/libnss_files-2.19.so
7fd84650f000-7fd84651a000 r-xp 00000000 08:04 19398753                   /lib/x86_64-linux-gnu/libnss_nis-2.19.so
7fd84651a000-7fd846719000 ---p 0000b000 08:04 19398753                   /lib/x86_64-linux-gnu/libnss_nis-2.19.so
7fd846719000-7fd84671a000 r--p 0000a000 08:04 19398753                   /lib/x86_64-linux-gnu/libnss_nis-2.19.so
7fd84671a000-7fd84671b000 rw-p 0000b000 08:04 19398753                   /lib/x86_64-linux-gnu/libnss_nis-2.19.so
7fd84671b000-7fd846732000 r-xp 00000000 08:04 19398749                   /lib/x86_64-linux-gnu/libnsl-2.19.so
7fd846732000-7fd846931000 ---p 00017000 08:04 19398749                   /lib/x86_64-linux-gnu/libnsl-2.19.so
7fd846931000-7fd846932000 r--p 00016000 08:04 19398749                   /lib/x86_64-linux-gnu/libnsl-2.19.so
7fd846932000-7fd846933000 rw-p 00017000 08:04 19398749                   /lib/x86_64-linux-gnu/libnsl-2.19.so
7fd846933000-7fd846935000 rw-p 00000000 00:00 0 
7fd846935000-7fd84693e000 r-xp 00000000 08:04 19398748                   /lib/x86_64-linux-gnu/libnss_compat-2.19.so
7fd84693e000-7fd846b3d000 ---p 00009000 08:04 19398748                   /lib/x86_64-linux-gnu/libnss_compat-2.19.so
7fd846b3d000-7fd846b3e000 r--p 00008000 08:04 19398748                   /lib/x86_64-linux-gnu/libnss_compat-2.19.so
7fd846b3e000-7fd846b3f000 rw-p 00009000 08:04 19398748                   /lib/x86_64-linux-gnu/libnss_compat-2.19.so
7fd846b3f000-7fd846b69000 r-xp 00000000 08:04 1712963                    /usr/lib/jvm/java-7-openjdk-amd64/jre/lib/amd64/libjava.so
7fd846b69000-7fd846d69000 ---p 0002a000 08:04 1712963                    /usr/lib/jvm/java-7-openjdk-amd64/jre/lib/amd64/libjava.so
7fd846d69000-7fd846d6a000 r--p 0002a000 08:04 1712963                    /usr/lib/jvm/java-7-openjdk-amd64/jre/lib/amd64/libjava.so
7fd846d6a000-7fd846d6c000 rw-p 0002b000 08:04 1712963                    /usr/lib/jvm/java-7-openjdk-amd64/jre/lib/amd64/libjava.so
7fd846d6c000-7fd846d7c000 r-xp 00000000 08:04 1712965                    /usr/lib/jvm/java-7-openjdk-amd64/jre/lib/amd64/libverify.so
7fd846d7c000-7fd846f7b000 ---p 00010000 08:04 1712965                    /usr/lib/jvm/java-7-openjdk-amd64/jre/lib/amd64/libverify.so
7fd846f7b000-7fd846f7d000 r--p 0000f000 08:04 1712965                    /usr/lib/jvm/java-7-openjdk-amd64/jre/lib/amd64/libverify.so
7fd846f7d000-7fd846f7e000 rw-p 00011000 08:04 1712965                    /usr/lib/jvm/java-7-openjdk-amd64/jre/lib/amd64/libverify.so
7fd846f7e000-7fd846f85000 r-xp 00000000 08:04 19398757                   /lib/x86_64-linux-gnu/librt-2.19.so
7fd846f85000-7fd847184000 ---p 00007000 08:04 19398757                   /lib/x86_64-linux-gnu/librt-2.19.so
7fd847184000-7fd847185000 r--p 00006000 08:04 19398757                   /lib/x86_64-linux-gnu/librt-2.19.so
7fd847185000-7fd847186000 rw-p 00007000 08:04 19398757                   /lib/x86_64-linux-gnu/librt-2.19.so
7fd847186000-7fd84719c000 r-xp 00000000 08:04 19402986                   /lib/x86_64-linux-gnu/libgcc_s.so.1
7fd84719c000-7fd84739b000 ---p 00016000 08:04 19402986                   /lib/x86_64-linux-gnu/libgcc_s.so.1
7fd84739b000-7fd84739c000 rw-p 00015000 08:04 19402986                   /lib/x86_64-linux-gnu/libgcc_s.so.1
7fd84739c000-7fd8474a1000 r-xp 00000000 08:04 19398685                   /lib/x86_64-linux-gnu/libm-2.19.so
7fd8474a1000-7fd8476a0000 ---p 00105000 08:04 19398685                   /lib/x86_64-linux-gnu/libm-2.19.so
7fd8476a0000-7fd8476a1000 r--p 00104000 08:04 19398685                   /lib/x86_64-linux-gnu/libm-2.19.so
7fd8476a1000-7fd8476a2000 rw-p 00105000 08:04 19398685                   /lib/x86_64-linux-gnu/libm-2.19.so
7fd8476a2000-7fd847788000 r-xp 00000000 08:04 1179671                    /usr/lib/x86_64-linux-gnu/libstdc++.so.6.0.19
7fd847788000-7fd847987000 ---p 000e6000 08:04 1179671                    /usr/lib/x86_64-linux-gnu/libstdc++.so.6.0.19
7fd847987000-7fd84798f000 r--p 000e5000 08:04 1179671                    /usr/lib/x86_64-linux-gnu/libstdc++.so.6.0.19
7fd84798f000-7fd847991000 rw-p 000ed000 08:04 1179671                    /usr/lib/x86_64-linux-gnu/libstdc++.so.6.0.19
7fd847991000-7fd8479a6000 rw-p 00000000 00:00 0 
7fd8479a6000-7fd8484d4000 r-xp 00000000 08:04 1712876                    /usr/lib/jvm/java-7-openjdk-amd64/jre/lib/amd64/server/libjvm.so
7fd8484d4000-7fd8486d4000 ---p 00b2e000 08:04 1712876                    /usr/lib/jvm/java-7-openjdk-amd64/jre/lib/amd64/server/libjvm.so
7fd8486d4000-7fd84876e000 r--p 00b2e000 08:04 1712876                    /usr/lib/jvm/java-7-openjdk-amd64/jre/lib/amd64/server/libjvm.so
7fd84876e000-7fd848791000 rw-p 00bc8000 08:04 1712876                    /usr/lib/jvm/java-7-openjdk-amd64/jre/lib/amd64/server/libjvm.so
7fd848791000-7fd8487c0000 rw-p 00000000 00:00 0 
7fd8487c0000-7fd8487d8000 r-xp 00000000 08:04 19403122                   /lib/x86_64-linux-gnu/libz.so.1.2.8
7fd8487d8000-7fd8489d7000 ---p 00018000 08:04 19403122                   /lib/x86_64-linux-gnu/libz.so.1.2.8
7fd8489d7000-7fd8489d8000 r--p 00017000 08:04 19403122                   /lib/x86_64-linux-gnu/libz.so.1.2.8
7fd8489d8000-7fd8489d9000 rw-p 00018000 08:04 19403122                   /lib/x86_64-linux-gnu/libz.so.1.2.8
7fd8489d9000-7fd8489f2000 r-xp 00000000 08:04 19398750                   /lib/x86_64-linux-gnu/libpthread-2.19.so
7fd8489f2000-7fd848bf1000 ---p 00019000 08:04 19398750                   /lib/x86_64-linux-gnu/libpthread-2.19.so
7fd848bf1000-7fd848bf2000 r--p 00018000 08:04 19398750                   /lib/x86_64-linux-gnu/libpthread-2.19.so
7fd848bf2000-7fd848bf3000 rw-p 00019000 08:04 19398750                   /lib/x86_64-linux-gnu/libpthread-2.19.so
7fd848bf3000-7fd848bf7000 rw-p 00000000 00:00 0 
7fd848bf7000-7fd848bfa000 r-xp 00000000 08:04 19398745                   /lib/x86_64-linux-gnu/libdl-2.19.so
7fd848bfa000-7fd848df9000 ---p 00003000 08:04 19398745                   /lib/x86_64-linux-gnu/libdl-2.19.so
7fd848df9000-7fd848dfa000 r--p 00002000 08:04 19398745                   /lib/x86_64-linux-gnu/libdl-2.19.so
7fd848dfa000-7fd848dfb000 rw-p 00003000 08:04 19398745                   /lib/x86_64-linux-gnu/libdl-2.19.so
7fd848dfb000-7fd848fb5000 r-xp 00000000 08:04 19398758                   /lib/x86_64-linux-gnu/libc-2.19.so
7fd848fb5000-7fd8491b5000 ---p 001ba000 08:04 19398758                   /lib/x86_64-linux-gnu/libc-2.19.so
7fd8491b5000-7fd8491b9000 r--p 001ba000 08:04 19398758                   /lib/x86_64-linux-gnu/libc-2.19.so
7fd8491b9000-7fd8491bb000 rw-p 001be000 08:04 19398758                   /lib/x86_64-linux-gnu/libc-2.19.so
7fd8491bb000-7fd8491c0000 rw-p 00000000 00:00 0 
7fd8491c0000-7fd8491cd000 r-xp 00000000 08:04 1712975                    /usr/lib/jvm/java-7-openjdk-amd64/jre/lib/amd64/jli/libjli.so
7fd8491cd000-7fd8493cc000 ---p 0000d000 08:04 1712975                    /usr/lib/jvm/java-7-openjdk-amd64/jre/lib/amd64/jli/libjli.so
7fd8493cc000-7fd8493cd000 r--p 0000c000 08:04 1712975                    /usr/lib/jvm/java-7-openjdk-amd64/jre/lib/amd64/jli/libjli.so
7fd8493cd000-7fd8493ce000 rw-p 0000d000 08:04 1712975                    /usr/lib/jvm/java-7-openjdk-amd64/jre/lib/amd64/jli/libjli.so
7fd8493ce000-7fd8493f1000 r-xp 00000000 08:04 19398751                   /lib/x86_64-linux-gnu/ld-2.19.so
7fd8493f1000-7fd849425000 rw-p 00000000 00:00 0 
7fd849425000-7fd8494d2000 rw-p 00000000 00:00 0 
7fd8494d2000-7fd8494d5000 ---p 00000000 00:00 0 
7fd8494d5000-7fd8495d8000 rw-p 00000000 00:00 0 
7fd8495d8000-7fd8495d9000 r--s 00002000 08:04 2101032                    /usr/local/netbeans-8.0.2/java/maven/lib/wagon-file-2.4.jar
7fd8495d9000-7fd8495db000 r--s 00006000 08:04 1579092                    /usr/share/java/java-atk-wrapper.jar
7fd8495db000-7fd8495dc000 r--s 00002000 08:04 1713121                    /usr/lib/jvm/java-7-openjdk-amd64/jre/lib/ext/dnsns.jar
7fd8495dc000-7fd8495df000 r--s 0000f000 08:04 1713122                    /usr/lib/jvm/java-7-openjdk-amd64/jre/lib/ext/icedtea-sound.jar
7fd8495df000-7fd8495e1000 r--s 00012000 08:04 1713120                    /usr/lib/jvm/java-7-openjdk-amd64/jre/lib/ext/zipfs.jar
7fd8495e1000-7fd8495e4000 r--s 0003d000 08:04 1713118                    /usr/lib/jvm/java-7-openjdk-amd64/jre/lib/ext/sunpkcs11.jar
7fd8495e4000-7fd8495ec000 rw-s 00000000 08:04 13374031                   /tmp/hsperfdata_archmage/13513
7fd8495ec000-7fd8495ed000 rw-p 00000000 00:00 0 
7fd8495ed000-7fd8495ee000 ---p 00000000 00:00 0 
7fd8495ee000-7fd8495f0000 rw-p 00000000 00:00 0 
7fd8495f0000-7fd8495f1000 r--p 00022000 08:04 19398751                   /lib/x86_64-linux-gnu/ld-2.19.so
7fd8495f1000-7fd8495f2000 rw-p 00023000 08:04 19398751                   /lib/x86_64-linux-gnu/ld-2.19.so
7fd8495f2000-7fd8495f3000 rw-p 00000000 00:00 0 
7fff7cd4b000-7fff7cd6c000 rw-p 00000000 00:00 0                          [stack]
7fff7cdfc000-7fff7cdfe000 r--p 00000000 00:00 0                          [vvar]
7fff7cdfe000-7fff7ce00000 r-xp 00000000 00:00 0                          [vdso]
ffffffffff600000-ffffffffff601000 r-xp 00000000 00:00 0                  [vsyscall]

VM Arguments:
jvm_args: -Dclassworlds.conf=/usr/local/netbeans-8.0.2/java/maven/bin/m2.conf -Dmaven.home=/usr/local/netbeans-8.0.2/java/maven 
java_command: org.codehaus.plexus.classworlds.launcher.Launcher -Dmaven.ext.class.path=/home/archmage/.netbeans/8.0.2/maven-nblib/netbeans-eventspy.jar clean install
Launcher Type: SUN_STANDARD

Environment Variables:
JAVA_HOME=/usr/lib/jvm/default-java
JRE_HOME=/usr/lib/jvm/jre
PATH=/usr/lib/jvm/java-7-openjdk-amd64/bin:/usr/local/sbin:/usr/local/bin:/usr/sbin:/usr/bin:/sbin:/bin:/usr/games:/usr/local/games:/usr/lib/jvm/java-1.7.0-openjdk-amd64
LD_LIBRARY_PATH=/usr/lib/jvm/default-java/jre/lib/amd64:/usr/lib/jvm/default-java/jre/lib/i386:
SHELL=/bin/bash
DISPLAY=:0

Signal Handlers:
SIGSEGV: [libjvm.so+0x95e310], sa_mask[0]=0x7ffbfeff, sa_flags=0x10000004
SIGBUS: [libjvm.so+0x95e310], sa_mask[0]=0x7ffbfeff, sa_flags=0x10000004
SIGFPE: [libjvm.so+0x7d1ef0], sa_mask[0]=0x7ffbfeff, sa_flags=0x10000004
SIGPIPE: [libjvm.so+0x7d1ef0], sa_mask[0]=0x7ffbfeff, sa_flags=0x10000004
SIGXFSZ: [libjvm.so+0x7d1ef0], sa_mask[0]=0x7ffbfeff, sa_flags=0x10000004
SIGILL: [libjvm.so+0x7d1ef0], sa_mask[0]=0x7ffbfeff, sa_flags=0x10000004
SIGUSR1: SIG_DFL, sa_mask[0]=0x00000000, sa_flags=0x00000000
SIGUSR2: [libjvm.so+0x7d2020], sa_mask[0]=0x00000004, sa_flags=0x10000004
SIGHUP: [libjvm.so+0x7d1f70], sa_mask[0]=0x7ffbfeff, sa_flags=0x10000004
SIGINT: SIG_IGN, sa_mask[0]=0x00000000, sa_flags=0x00000000
SIGTERM: [libjvm.so+0x7d1f70], sa_mask[0]=0x7ffbfeff, sa_flags=0x10000004
SIGQUIT: [libjvm.so+0x7d1f70], sa_mask[0]=0x7ffbfeff, sa_flags=0x10000004
SIGTRAP: SIG_DFL, sa_mask[0]=0x00000000, sa_flags=0x00000000


---------------  S Y S T E M  ---------------

OS:Ubuntu 14.04 (trusty)
uname:Linux 4.4.0-47-generic #68~14.04.1-Ubuntu SMP Wed Oct 26 19:42:11 UTC 2016 x86_64
libc:glibc 2.19 NPTL 2.19 
rlimit: STACK 8192k, CORE 0k, NPROC 31481, NOFILE 4096, AS infinity
load average:8.10 2.48 1.37

/proc/meminfo:
MemTotal:        8083900 kB
MemFree:          141020 kB
MemAvailable:      43916 kB
Buffers:             816 kB
Cached:           230836 kB
SwapCached:            0 kB
Active:          7531828 kB
Inactive:         200436 kB
Active(anon):    7520480 kB
Inactive(anon):   179536 kB
Active(file):      11348 kB
Inactive(file):    20900 kB
Unevictable:         548 kB
Mlocked:             548 kB
SwapTotal:             0 kB
SwapFree:              0 kB
Dirty:              2496 kB
Writeback:             0 kB
AnonPages:       7501472 kB
Mapped:            93604 kB
Shmem:            199092 kB
Slab:              82396 kB
SReclaimable:      45488 kB
SUnreclaim:        36908 kB
KernelStack:       12640 kB
PageTables:        52024 kB
NFS_Unstable:          0 kB
Bounce:                0 kB
WritebackTmp:          0 kB
CommitLimit:     4041948 kB
Committed_AS:   18279624 kB
VmallocTotal:   34359738367 kB
VmallocUsed:           0 kB
VmallocChunk:          0 kB
HardwareCorrupted:     0 kB
AnonHugePages:   5732352 kB
CmaTotal:              0 kB
CmaFree:               0 kB
HugePages_Total:       0
HugePages_Free:        0
HugePages_Rsvd:        0
HugePages_Surp:        0
Hugepagesize:       2048 kB
DirectMap4k:      187052 kB
DirectMap2M:     8110080 kB
DirectMap1G:           0 kB


CPU:total 4 (2 cores per cpu, 2 threads per core) family 6 model 61 stepping 4, cmov, cx8, fxsr, mmx, sse, sse2, sse3, ssse3, sse4.1, sse4.2, popcnt, avx, avx2, aes, erms, ht, tsc, tscinvbit

/proc/cpuinfo:
processor	: 0
vendor_id	: GenuineIntel
cpu family	: 6
model		: 61
model name	: Intel(R) Core(TM) i7-5500U CPU @ 2.40GHz
stepping	: 4
microcode	: 0x22
cpu MHz		: 911.718
cache size	: 4096 KB
physical id	: 0
siblings	: 4
core id		: 0
cpu cores	: 2
apicid		: 0
initial apicid	: 0
fpu		: yes
fpu_exception	: yes
cpuid level	: 20
wp		: yes
flags		: fpu vme de pse tsc msr pae mce cx8 apic sep mtrr pge mca cmov pat pse36 clflush dts acpi mmx fxsr sse sse2 ss ht tm pbe syscall nx pdpe1gb rdtscp lm constant_tsc arch_perfmon pebs bts rep_good nopl xtopology nonstop_tsc aperfmperf eagerfpu pni pclmulqdq dtes64 monitor ds_cpl vmx est tm2 ssse3 sdbg fma cx16 xtpr pdcm pcid sse4_1 sse4_2 x2apic movbe popcnt tsc_deadline_timer aes xsave avx f16c rdrand lahf_lm abm 3dnowprefetch epb intel_pt tpr_shadow vnmi flexpriority ept vpid fsgsbase tsc_adjust bmi1 avx2 smep bmi2 erms invpcid rdseed adx smap xsaveopt dtherm ida arat pln pts
bugs		:
bogomips	: 4788.87
clflush size	: 64
cache_alignment	: 64
address sizes	: 39 bits physical, 48 bits virtual
power management:

processor	: 1
vendor_id	: GenuineIntel
cpu family	: 6
model		: 61
model name	: Intel(R) Core(TM) i7-5500U CPU @ 2.40GHz
stepping	: 4
microcode	: 0x22
cpu MHz		: 2248.968
cache size	: 4096 KB
physical id	: 0
siblings	: 4
core id		: 1
cpu cores	: 2
apicid		: 2
initial apicid	: 2
fpu		: yes
fpu_exception	: yes
cpuid level	: 20
wp		: yes
flags		: fpu vme de pse tsc msr pae mce cx8 apic sep mtrr pge mca cmov pat pse36 clflush dts acpi mmx fxsr sse sse2 ss ht tm pbe syscall nx pdpe1gb rdtscp lm constant_tsc arch_perfmon pebs bts rep_good nopl xtopology nonstop_tsc aperfmperf eagerfpu pni pclmulqdq dtes64 monitor ds_cpl vmx est tm2 ssse3 sdbg fma cx16 xtpr pdcm pcid sse4_1 sse4_2 x2apic movbe popcnt tsc_deadline_timer aes xsave avx f16c rdrand lahf_lm abm 3dnowprefetch epb intel_pt tpr_shadow vnmi flexpriority ept vpid fsgsbase tsc_adjust bmi1 avx2 smep bmi2 erms invpcid rdseed adx smap xsaveopt dtherm ida arat pln pts
bugs		:
bogomips	: 4788.87
clflush size	: 64
cache_alignment	: 64
address sizes	: 39 bits physical, 48 bits virtual
power management:

processor	: 2
vendor_id	: GenuineIntel
cpu family	: 6
model		: 61
model name	: Intel(R) Core(TM) i7-5500U CPU @ 2.40GHz
stepping	: 4
microcode	: 0x22
cpu MHz		: 801.937
cache size	: 4096 KB
physical id	: 0
siblings	: 4
core id		: 0
cpu cores	: 2
apicid		: 1
initial apicid	: 1
fpu		: yes
fpu_exception	: yes
cpuid level	: 20
wp		: yes
flags		: fpu vme de pse tsc msr pae mce cx8 apic sep mtrr pge mca cmov pat pse36 clflush dts acpi mmx fxsr sse sse2 ss ht tm pbe syscall nx pdpe1gb rdtscp lm constant_tsc arch_perfmon pebs bts rep_good nopl xtopology nonstop_tsc aperfmperf eagerfpu pni pclmulqdq dtes64 monitor ds_cpl vmx est tm2 ssse3 sdbg fma cx16 xtpr pdcm pcid sse4_1 sse4_2 x2apic movbe popcnt tsc_deadline_timer aes xsave avx f16c rdrand lahf_lm abm 3dnowprefetch epb intel_pt tpr_shadow vnmi flexpriority ept vpid fsgsbase tsc_adjust bmi1 avx2 smep bmi2 erms invpcid rdseed adx smap xsaveopt dtherm ida arat pln pts
bugs		:
bogomips	: 4788.87
clflush size	: 64
cache_alignment	: 64
address sizes	: 39 bits physical, 48 bits virtual
power management:

processor	: 3
vendor_id	: GenuineIntel
cpu family	: 6
model		: 61
model name	: Intel(R) Core(TM) i7-5500U CPU @ 2.40GHz
stepping	: 4
microcode	: 0x22
cpu MHz		: 1909.781
cache size	: 4096 KB
physical id	: 0
siblings	: 4
core id		: 1
cpu cores	: 2
apicid		: 3
initial apicid	: 3
fpu		: yes
fpu_exception	: yes
cpuid level	: 20
wp		: yes
flags		: fpu vme de pse tsc msr pae mce cx8 apic sep mtrr pge mca cmov pat pse36 clflush dts acpi mmx fxsr sse sse2 ss ht tm pbe syscall nx pdpe1gb rdtscp lm constant_tsc arch_perfmon pebs bts rep_good nopl xtopology nonstop_tsc aperfmperf eagerfpu pni pclmulqdq dtes64 monitor ds_cpl vmx est tm2 ssse3 sdbg fma cx16 xtpr pdcm pcid sse4_1 sse4_2 x2apic movbe popcnt tsc_deadline_timer aes xsave avx f16c rdrand lahf_lm abm 3dnowprefetch epb intel_pt tpr_shadow vnmi flexpriority ept vpid fsgsbase tsc_adjust bmi1 avx2 smep bmi2 erms invpcid rdseed adx smap xsaveopt dtherm ida arat pln pts
bugs		:
bogomips	: 4788.87
clflush size	: 64
cache_alignment	: 64
address sizes	: 39 bits physical, 48 bits virtual
power management:



Memory: 4k page, physical 8083900k(141020k free), swap 0k(0k free)

vm_info: OpenJDK 64-Bit Server VM (24.121-b00) for linux-amd64 JRE (1.7.0_121-b00), built on Nov 16 2016 00:46:21 by "buildd" with gcc 4.8.4

time: Wed Nov 30 11:18:02 2016
elapsed time: 48 seconds

