#
# A fatal error has been detected by the Java Runtime Environment:
#
#  EXCEPTION_ACCESS_VIOLATION (0xc0000005) at pc=0x00007ffb5069219e, pid=27680, tid=12736
#
# JRE version:  (17.0.12+8) (build )
# Java VM: Java HotSpot(TM) 64-Bit Server VM (17.0.12+8-LTS-286, mixed mode, sharing, tiered, compressed oops, compressed class ptrs, g1 gc, windows-amd64)
# Problematic frame:
# V  [jvm.dll+0x2c219e]
#
# No core dump will be written. Minidumps are not enabled by default on client versions of Windows
#
#

---------------  S U M M A R Y ------------

Command Line: -Dclassworlds.conf=D:\Program Files\NetBeans-18\netbeans\java\maven\bin\m2.conf -Dmaven.home=D:\Program Files\NetBeans-18\netbeans\java\maven -Dlibrary.jansi.path=D:\Program Files\NetBeans-18\netbeans\java\maven\lib\jansi-native -Dmaven.multiModuleProjectDirectory=D:\Development\2024\hmis org.codehaus.plexus.classworlds.launcher.Launcher -version

Host: Intel(R) Core(TM) i3-4130 CPU @ 3.40GHz, 4 cores, 15G,  Windows 10 , 64 bit Build 19041 (10.0.19041.5915)
Time: Wed Aug  6 04:49:56 2025 Sri Lanka Standard Time elapsed time: 0.189789 seconds (0d 0h 0m 0s)

---------------  T H R E A D  ---------------

Current thread (0x00000207d709d3e0):  JavaThread "Unknown thread" [_thread_in_vm, id=12736, stack(0x000000568a100000,0x000000568a200000)]

Stack: [0x000000568a100000,0x000000568a200000],  sp=0x000000568a1ff430,  free space=1021k
Native frames: (J=compiled Java code, j=interpreted, Vv=VM code, C=native code)
V  [jvm.dll+0x2c219e]
V  [jvm.dll+0x2c2605]
V  [jvm.dll+0x6269d6]
V  [jvm.dll+0x626c03]
V  [jvm.dll+0x6260e3]
V  [jvm.dll+0x621e18]
V  [jvm.dll+0x7aca55]
V  [jvm.dll+0x367591]
V  [jvm.dll+0x78b999]
V  [jvm.dll+0x3ec83f]
V  [jvm.dll+0x3ee471]
C  [jli.dll+0x5297]
C  [ucrtbase.dll+0x21bb2]
C  [KERNEL32.DLL+0x17374]
C  [ntdll.dll+0x4cc91]


siginfo: EXCEPTION_ACCESS_VIOLATION (0xc0000005), reading address 0x0000000000000000


Registers:
RAX=0x00002b9734cf4213, RBX=0x0000000000000000, RCX=0x0000000000000000, RDX=0x00007ffb50cc5d01
RSP=0x000000568a1ff430, RBP=0x0000000000000001, RSI=0x00000207808f5348, RDI=0x0000000000000000
R8 =0x0000000000000001, R9 =0x0000000000000001, R10=0x0000000000000000, R11=0x0000000000000246
R12=0x0000000000000001, R13=0x00000207d4e83630, R14=0x0000000000000001, R15=0x0000020780000000
RIP=0x00007ffb5069219e, EFLAGS=0x0000000000010246


Top of Stack: (sp=0x000000568a1ff430)
0x000000568a1ff430:   0000020780bd0000 0000000800000000
0x000000568a1ff440:   0000000800bd0000 0000020780000000
0x000000568a1ff450:   0000020780bd0000 000001ff80000000
0x000000568a1ff460:   000000568a1ff580 0000000000000001
0x000000568a1ff470:   00002b9734cf4593 00000207d71587d0
0x000000568a1ff480:   00002b9734cf4213 00000207d71587d0
0x000000568a1ff490:   0000000000000000 00007ffb50692605
0x000000568a1ff4a0:   0000020780000000 0000000000000000
0x000000568a1ff4b0:   00000207d71587d0 0000000000000000
0x000000568a1ff4c0:   00000207808f5340 0000000000000001
0x000000568a1ff4d0:   0000020780000000 0000000001000000
0x000000568a1ff4e0:   0000000000000000 0000000000010000
0x000000568a1ff4f0:   0000000000001000 ffffffffb6b24c00
0x000000568a1ff500:   00000000ffffff00 00007ffbb6b24dc6
0x000000568a1ff510:   00002b9734cf4283 0000000000000000
0x000000568a1ff520:   00000207d4e83630 0000000000000000 

Instructions: (pc=0x00007ffb5069219e)
0x00007ffb5069209e:   8e 1d 63 00 e8 29 30 f8 ff 48 8b 0d f2 5d 83 00
0x00007ffb506920ae:   48 85 c9 74 22 44 0f b6 83 41 02 00 00 48 8d 0d
0x00007ffb506920be:   3e 4c 63 00 0f b6 93 40 02 00 00 e8 62 4f de ff
0x00007ffb506920ce:   48 8b 0d cb 5d 83 00 0f b6 05 3b 6e 84 00 38 83
0x00007ffb506920de:   40 02 00 00 75 60 0f b6 05 6d 6e 84 00 38 83 41
0x00007ffb506920ee:   02 00 00 75 51 80 bb a1 03 00 00 00 75 1f c6 05
0x00007ffb506920fe:   ed 29 7f 00 00 48 85 c9 74 13 48 8d 0d f1 4c 63
0x00007ffb5069210e:   00 e8 1c 4f de ff 48 8b 0d 85 5d 83 00 80 bb a2
0x00007ffb5069211e:   03 00 00 00 75 18 c6 05 c6 29 7f 00 00 48 85 c9
0x00007ffb5069212e:   74 0c 48 8d 0d 39 4d 63 00 e8 f4 4e de ff b0 01
0x00007ffb5069213e:   48 83 c4 20 5b c3 48 8d 0d 15 4c 63 00 e8 c0 d5
0x00007ffb5069214e:   ff ff 32 c0 48 83 c4 20 5b c3 cc cc cc cc cc cc
0x00007ffb5069215e:   cc cc 48 89 5c 24 10 48 89 6c 24 18 48 89 74 24
0x00007ffb5069216e:   20 57 48 83 ec 60 48 8b 05 4d f0 80 00 48 33 c4
0x00007ffb5069217e:   48 89 44 24 50 80 3d 21 0b 7e 00 00 0f b6 ea 48
0x00007ffb5069218e:   8b f1 74 17 80 39 00 75 12 48 8b 0d 3a c1 83 00
0x00007ffb5069219e:   48 8b 01 ff 50 20 48 8b d8 eb 08 48 8b 59 18 48
0x00007ffb506921ae:   83 c3 04 48 83 3d 27 c2 83 00 00 40 b7 01 74 0f
0x00007ffb506921be:   48 8b d3 48 8d 0d b8 37 63 00 e8 23 b4 f2 ff 48
0x00007ffb506921ce:   8d 54 24 20 48 8b cb e8 c6 6a 3b 00 85 c0 74 19
0x00007ffb506921de:   40 84 ed 74 14 48 8b d3 48 8d 0d bb 37 63 00 e8
0x00007ffb506921ee:   1e d5 ff ff 40 32 ff eb 7a 80 3e 02 75 20 48 8b
0x00007ffb506921fe:   cb e8 fc 0f 3b 00 84 c0 75 69 48 8b d3 48 8d 0d
0x00007ffb5069220e:   c6 37 63 00 e8 f9 d4 ff ff 40 32 ff eb 55 48 8b
0x00007ffb5069221e:   56 08 4c 8b 44 24 40 48 85 d2 74 05 49 3b d0 75
0x00007ffb5069222e:   0b 48 63 44 24 34 48 39 46 10 74 37 40 32 ff 40
0x00007ffb5069223e:   38 3d 6a 6e 84 00 74 1c 49 3b d0 48 8d 05 a8 37
0x00007ffb5069224e:   63 00 48 8d 0d b9 37 63 00 48 0f 45 c8 e8 b0 d4
0x00007ffb5069225e:   ff ff eb 0f 48 8b d3 48 8d 0d c4 37 63 00 e8 9f
0x00007ffb5069226e:   d4 ff ff 80 3d 36 6e 84 00 00 74 10 40 84 ff 75
0x00007ffb5069227e:   0b c6 05 ab b7 85 00 01 b0 01 eb 04 40 0f b6 c7
0x00007ffb5069228e:   48 8b 4c 24 50 48 33 cc e8 b5 42 57 00 4c 8d 5c 



---------------  P R O C E S S  ---------------

Threads class SMR info:
_java_thread_list=0x00007ffb50e87a18, length=0, elements={
}

Java Threads: ( => current thread )

Other Threads:
  0x00000207d7107f20 GCTaskThread "GC Thread#0" [stack: 0x000000568a200000,0x000000568a300000] [id=32648]
  0x00000207d7119420 ConcurrentGCThread "G1 Main Marker" [stack: 0x000000568a300000,0x000000568a400000] [id=18076]
  0x00000207d7119e30 ConcurrentGCThread "G1 Conc#0" [stack: 0x000000568a400000,0x000000568a500000] [id=26028]
  0x00000207d715e4d0 ConcurrentGCThread "G1 Refine#0" [stack: 0x000000568a500000,0x000000568a600000] [id=25604]
  0x00000207f1c434e0 ConcurrentGCThread "G1 Service" [stack: 0x000000568a600000,0x000000568a700000] [id=19708]

=>0x00000207d709d3e0 (exited) JavaThread "Unknown thread" [_thread_in_vm, id=12736, stack(0x000000568a100000,0x000000568a200000)]

Threads with active compile tasks:

VM state: not at safepoint (not fully initialized)

VM Mutex/Monitor currently owned by a thread: None

Heap address: 0x0000000701e00000, size: 4066 MB, Compressed Oops mode: Zero based, Oop shift amount: 3

CDS archive(s) mapped at: [0x0000000000000000-0x0000000000000000-0x0000000000000000), size 0, SharedBaseAddress: 0x0000000800000000, ArchiveRelocationMode: 1.
Narrow klass base: 0x0000000000000000, Narrow klass shift: 0, Narrow klass range: 0x0

GC Precious Log:
 CPUs: 4 total, 4 available
 Memory: 16262M
 Large Page Support: Disabled
 NUMA Support: Disabled
 Compressed Oops: Enabled (Zero based)
 Heap Region Size: 2M
 Heap Min Capacity: 8M
 Heap Initial Capacity: 256M
 Heap Max Capacity: 4066M
 Pre-touch: Disabled
 Parallel Workers: 4
 Concurrent Workers: 1
 Concurrent Refinement Workers: 4
 Periodic GC: Disabled

Heap:
 garbage-first heap   total 262144K, used 0K [0x0000000701e00000, 0x0000000800000000)
  region size 2048K, 0 young (0K), 0 survivors (0K)

[error occurred during error reporting (printing heap information), id 0xc0000005, EXCEPTION_ACCESS_VIOLATION (0xc0000005) at pc=0x00007ffb50aa3859]

GC Heap History (0 events):
No events

Deoptimization events (0 events):
No events

Classes unloaded (0 events):
No events

Classes redefined (0 events):
No events

Internal exceptions (0 events):
No events

VM Operations (0 events):
No events

Events (2 events):
Event: 0.048 Loaded shared library C:\Program Files\Java\jdk-17\bin\java.dll
Event: 0.052 Loaded shared library C:\Program Files\Java\jdk-17\bin\zip.dll


Dynamic libraries:
0x00007ff614c90000 - 0x00007ff614ca0000 	C:\Program Files\Java\jdk-17\bin\java.exe
0x00007ffbb9270000 - 0x00007ffbb9468000 	C:\WINDOWS\SYSTEM32\ntdll.dll
0x00007ffbb75f0000 - 0x00007ffbb76b2000 	C:\WINDOWS\System32\KERNEL32.DLL
0x00007ffbb6ce0000 - 0x00007ffbb6fd6000 	C:\WINDOWS\System32\KERNELBASE.dll
0x00007ffbb6a80000 - 0x00007ffbb6b80000 	C:\WINDOWS\System32\ucrtbase.dll
0x00007ffb9bb50000 - 0x00007ffb9bb69000 	C:\Program Files\Java\jdk-17\bin\jli.dll
0x00007ffbb8e20000 - 0x00007ffbb8ed1000 	C:\WINDOWS\System32\ADVAPI32.dll
0x00007ffbb9190000 - 0x00007ffbb922e000 	C:\WINDOWS\System32\msvcrt.dll
0x00007ffbb90f0000 - 0x00007ffbb918f000 	C:\WINDOWS\System32\sechost.dll
0x00007ffbb8100000 - 0x00007ffbb8223000 	C:\WINDOWS\System32\RPCRT4.dll
0x00007ffbb6a20000 - 0x00007ffbb6a47000 	C:\WINDOWS\System32\bcrypt.dll
0x00007ffbb8ee0000 - 0x00007ffbb907d000 	C:\WINDOWS\System32\USER32.dll
0x00007ffbb6a50000 - 0x00007ffbb6a72000 	C:\WINDOWS\System32\win32u.dll
0x00007ffbb8230000 - 0x00007ffbb825b000 	C:\WINDOWS\System32\GDI32.dll
0x00007ffbb6fe0000 - 0x00007ffbb70f9000 	C:\WINDOWS\System32\gdi32full.dll
0x00007ffbb6980000 - 0x00007ffbb6a1d000 	C:\WINDOWS\System32\msvcp_win.dll
0x00007ffba48e0000 - 0x00007ffba4b7a000 	C:\WINDOWS\WinSxS\amd64_microsoft.windows.common-controls_6595b64144ccf1df_6.0.19041.5915_none_60b4b9d171f9c7c7\COMCTL32.dll
0x00007ffbb2cd0000 - 0x00007ffbb2cda000 	C:\WINDOWS\SYSTEM32\VERSION.dll
0x00007ffb9baf0000 - 0x00007ffb9bb0b000 	C:\Program Files\Java\jdk-17\bin\VCRUNTIME140.dll
0x00007ffbb8df0000 - 0x00007ffbb8e1f000 	C:\WINDOWS\System32\IMM32.DLL
0x00007ffba3b00000 - 0x00007ffba3b0c000 	C:\Program Files\Java\jdk-17\bin\vcruntime140_1.dll
0x00007ffb70230000 - 0x00007ffb702be000 	C:\Program Files\Java\jdk-17\bin\msvcp140.dll
0x00007ffb503d0000 - 0x00007ffb50fb0000 	C:\Program Files\Java\jdk-17\bin\server\jvm.dll
0x00007ffbb80d0000 - 0x00007ffbb80d8000 	C:\WINDOWS\System32\PSAPI.DLL
0x00007ffba09a0000 - 0x00007ffba09a9000 	C:\WINDOWS\SYSTEM32\WSOCK32.dll
0x00007ffbb86e0000 - 0x00007ffbb874b000 	C:\WINDOWS\System32\WS2_32.dll
0x00007ffba6c00000 - 0x00007ffba6c27000 	C:\WINDOWS\SYSTEM32\WINMM.dll
0x00007ffbb46c0000 - 0x00007ffbb46d2000 	C:\WINDOWS\SYSTEM32\kernel.appcore.dll
0x00007ffba0bc0000 - 0x00007ffba0bca000 	C:\Program Files\Java\jdk-17\bin\jimage.dll
0x00007ffba4ce0000 - 0x00007ffba4ee1000 	C:\WINDOWS\SYSTEM32\DBGHELP.DLL
0x00007ffba37c0000 - 0x00007ffba37f4000 	C:\WINDOWS\SYSTEM32\dbgcore.DLL
0x00007ffbb7200000 - 0x00007ffbb7282000 	C:\WINDOWS\System32\bcryptPrimitives.dll
0x00007ffb9a250000 - 0x00007ffb9a275000 	C:\Program Files\Java\jdk-17\bin\java.dll
0x00007ffb9b130000 - 0x00007ffb9b148000 	C:\Program Files\Java\jdk-17\bin\zip.dll

dbghelp: loaded successfully - version: 4.0.5 - missing functions: none
symbol engine: initialized successfully - sym options: 0x614 - pdb path: .;C:\Program Files\Java\jdk-17\bin;C:\WINDOWS\SYSTEM32;C:\WINDOWS\WinSxS\amd64_microsoft.windows.common-controls_6595b64144ccf1df_6.0.19041.5915_none_60b4b9d171f9c7c7;C:\Program Files\Java\jdk-17\bin\server

VM Arguments:
jvm_args: -Dclassworlds.conf=D:\Program Files\NetBeans-18\netbeans\java\maven\bin\m2.conf -Dmaven.home=D:\Program Files\NetBeans-18\netbeans\java\maven -Dlibrary.jansi.path=D:\Program Files\NetBeans-18\netbeans\java\maven\lib\jansi-native -Dmaven.multiModuleProjectDirectory=D:\Development\2024\hmis 
java_command: org.codehaus.plexus.classworlds.launcher.Launcher -version
java_class_path (initial): D:\Program Files\NetBeans-18\netbeans\java\maven\boot\plexus-classworlds-2.6.0.jar
Launcher Type: SUN_STANDARD

[Global flags]
     intx CICompilerCount                          = 3                                         {product} {ergonomic}
     uint ConcGCThreads                            = 1                                         {product} {ergonomic}
     uint G1ConcRefinementThreads                  = 4                                         {product} {ergonomic}
   size_t G1HeapRegionSize                         = 2097152                                   {product} {ergonomic}
    uintx GCDrainStackTargetSize                   = 64                                        {product} {ergonomic}
   size_t InitialHeapSize                          = 268435456                                 {product} {ergonomic}
   size_t MarkStackSize                            = 4194304                                   {product} {ergonomic}
   size_t MaxHeapSize                              = 4263510016                                {product} {ergonomic}
   size_t MaxNewSize                               = 2556428288                                {product} {ergonomic}
   size_t MinHeapDeltaBytes                        = 2097152                                   {product} {ergonomic}
   size_t MinHeapSize                              = 8388608                                   {product} {ergonomic}
    uintx NonNMethodCodeHeapSize                   = 5832780                                {pd product} {ergonomic}
    uintx NonProfiledCodeHeapSize                  = 122912730                              {pd product} {ergonomic}
    uintx ProfiledCodeHeapSize                     = 122912730                              {pd product} {ergonomic}
    uintx ReservedCodeCacheSize                    = 251658240                              {pd product} {ergonomic}
     bool SegmentedCodeCache                       = true                                      {product} {ergonomic}
   size_t SoftMaxHeapSize                          = 4263510016                             {manageable} {ergonomic}
     bool UseCompressedClassPointers               = true                           {product lp64_product} {ergonomic}
     bool UseCompressedOops                        = true                           {product lp64_product} {ergonomic}
     bool UseG1GC                                  = true                                      {product} {ergonomic}
     bool UseLargePagesIndividualAllocation        = false                                  {pd product} {ergonomic}

Logging:
Log output configuration:
 #0: stdout all=warning uptime,level,tags
 #1: stderr all=off uptime,level,tags

Environment Variables:
JAVA_HOME=C:\Program Files\Java\jdk-17
PATH=C:\Users\Buddhika\bin;D:\Program Files\Git\mingw64\bin;D:\Program Files\Git\usr\local\bin;D:\Program Files\Git\usr\bin;D:\Program Files\Git\usr\bin;D:\Program Files\Git\mingw64\bin;D:\Program Files\Git\usr\bin;C:\Users\Buddhika\bin;C:\Python313\Scripts;C:\Python313;C:\Program Files\Eclipse Adoptium\jdk-11.0.23.9-hotspot\bin;C:\WINDOWS\system32;C:\WINDOWS;C:\WINDOWS\System32\Wbem;C:\WINDOWS\System32\WindowsPowerShell\v1.0;C:\WINDOWS\System32\OpenSSH;C:\Program Files\dotnet;D:\Program Files\Git\cmd;C:\Program Files (x86)\Bitvise SSH Client;C:\Program Files\PuTTY;D:\Program Files\nodejs;C:\ProgramData\chocolatey\bin;D:\Program Files\GitHub CLI;D:\Program Files (x86)\Microsoft Visual Studio\Common\Tools\WinNT;D:\Program Files (x86)\Microsoft Visual Studio\Common\MSDev98\Bin;D:\Program Files (x86)\Microsoft Visual Studio\Common\Tools;D:\Program Files (x86)\Microsoft Visual Studio\VC98\bin;C:\Users\Buddhika\AppData\Local\Microsoft\WindowsApps;C:\Program Files\Java\jdk-17\bin;D:\jdk\jdk-11\bin;C:\Program Files\MySQL\MySQL Server 8.0\bin;D:\maven\apache-maven-3.6.3\bin;C:\Users\Buddhika\AppData\Roaming\npm;D:\Program Files\GitHub CLI;D:\Program Files\Git\usr\bin\vendor_perl;D:\Program Files\Git\usr\bin\core_perl
USERNAME=Buddhika
SHELL=D:\Program Files\Git\usr\bin\bash.exe
DISPLAY=needs-to-be-defined
LANG=en_GB.UTF-8
OS=Windows_NT
PROCESSOR_IDENTIFIER=Intel64 Family 6 Model 60 Stepping 3, GenuineIntel



---------------  S Y S T E M  ---------------

OS:
 Windows 10 , 64 bit Build 19041 (10.0.19041.5915)
OS uptime: 3 days 11:16 hours

CPU: total 4 (initial active 4) (2 cores per cpu, 2 threads per core) family 6 model 60 stepping 3 microcode 0x27, cx8, cmov, fxsr, ht, mmx, sse, sse2, sse3, ssse3, sse4.1, sse4.2, popcnt, lzcnt, tsc, tscinvbit, avx, avx2, aes, erms, clmul, bmi1, bmi2, fma, vzeroupper, clflush

Memory: 4k page, system-wide physical 16262M (7155M free)
TotalPageFile size 26502M (AvailPageFile size 14869M)
current process WorkingSet (physical memory assigned to process): 24M, peak: 24M
current process commit charge ("private bytes"): 330M, peak: 330M

vm_info: Java HotSpot(TM) 64-Bit Server VM (17.0.12+8-LTS-286) for windows-amd64 JRE (17.0.12+8-LTS-286), built on Jun  5 2024 06:46:59 by "mach5one" with MS VC++ 17.6 (VS2022)

END.
