#
# There is insufficient memory for the Java Runtime Environment to continue.
# Native memory allocation (malloc) failed to allocate 85983232 bytes for committing reserved memory.
# Possible reasons:
#   The system is out of physical RAM or swap space
#   In 32 bit mode, the process size limit was hit
# Possible solutions:
#   Reduce memory load on the system
#   Increase physical memory or swap space
#   Check if swap backing store is full
#   Use 64 bit Java on a 64 bit OS
#   Decrease Java heap size (-Xmx/-Xms)
#   Decrease number of Java threads
#   Decrease Java thread stack sizes (-Xss)
#   Set larger code cache with -XX:ReservedCodeCacheSize=
# This output file may be truncated or incomplete.
#
#  Out of Memory Error (os_linux.cpp:2827), pid=13679, tid=140080535701248
#
# JRE version:  (7.0_121) (build )
# Java VM: OpenJDK 64-Bit Server VM (24.121-b00 mixed mode linux-amd64 compressed oops)
# Derivative: IcedTea 2.6.8
# Distribution: Ubuntu 14.04 LTS, package 7u121-2.6.8-1ubuntu0.14.04.1
# Failed to write core dump. Core dumps have been disabled. To enable core dumping, try "ulimit -c unlimited" before starting Java again
#

---------------  T H R E A D  ---------------

Current thread (0x00007f670400a000):  JavaThread "Unknown thread" [_thread_in_vm, id=13682, stack(0x00007f670a820000,0x00007f670a921000)]

Stack: [0x00007f670a820000,0x00007f670a921000],  sp=0x00007f670a91f530,  free space=1021k
Native frames: (J=compiled Java code, j=interpreted, Vv=VM code, C=native code)
V  [libjvm.so+0x95d825]
V  [libjvm.so+0x497994]
V  [libjvm.so+0x7d692b]
V  [libjvm.so+0x7d12ef]
V  [libjvm.so+0x8465eb]
V  [libjvm.so+0x8365ae]
V  [libjvm.so+0x2a81ef]
V  [libjvm.so+0x7f82a9]
V  [libjvm.so+0x92e057]
V  [libjvm.so+0x92e393]
V  [libjvm.so+0x5aaf95]
V  [libjvm.so+0x913e9f]
V  [libjvm.so+0x616b64]  JNI_CreateJavaVM+0x54
C  [libjli.so+0x2b48]


---------------  P R O C E S S  ---------------

Java Threads: ( => current thread )

Other Threads:

=>0x00007f670400a000 (exited) JavaThread "Unknown thread" [_thread_in_vm, id=13682, stack(0x00007f670a820000,0x00007f670a921000)]

VM state:not at safepoint (not fully initialized)

VM Mutex/Monitor currently owned by a thread: None

GC Heap History (0 events):
No events

Deoptimization events (0 events):
No events

Internal exceptions (0 events):
No events

Events (0 events):
No events


Dynamic libraries:
00400000-00401000 r-xp 00000000 08:04 1713316                            /usr/lib/jvm/java-7-openjdk-amd64/jre/bin/java
00600000-00601000 r--p 00000000 08:04 1713316                            /usr/lib/jvm/java-7-openjdk-amd64/jre/bin/java
00601000-00602000 rw-p 00001000 08:04 1713316                            /usr/lib/jvm/java-7-openjdk-amd64/jre/bin/java
01c23000-01c44000 rw-p 00000000 00:00 0                                  [heap]
77a400000-784a00000 rw-p 00000000 00:00 0 
789c00000-7d6e00000 rw-p 00000000 00:00 0 
7d6e00000-7d9780000 rw-p 00000000 00:00 0 
7d9780000-800000000 rw-p 00000000 00:00 0 
7f66fff60000-7f6700245000 rw-p 00000000 00:00 0 
7f6700245000-7f670025a000 rw-p 00000000 00:00 0 
7f670025a000-7f670038e000 rw-p 00000000 00:00 0 
7f670038e000-7f670038f000 rw-p 00000000 00:00 0 
7f670038f000-7f67005ff000 rwxp 00000000 00:00 0 
7f67005ff000-7f670338f000 rw-p 00000000 00:00 0 
7f670338f000-7f6703397000 r-xp 00000000 08:04 1712964                    /usr/lib/jvm/java-7-openjdk-amd64/jre/lib/amd64/libzip.so
7f6703397000-7f6703596000 ---p 00008000 08:04 1712964                    /usr/lib/jvm/java-7-openjdk-amd64/jre/lib/amd64/libzip.so
7f6703596000-7f6703597000 r--p 00007000 08:04 1712964                    /usr/lib/jvm/java-7-openjdk-amd64/jre/lib/amd64/libzip.so
7f6703597000-7f6703598000 rw-p 00008000 08:04 1712964                    /usr/lib/jvm/java-7-openjdk-amd64/jre/lib/amd64/libzip.so
7f6703598000-7f67035a2000 r-xp 00000000 08:04 19402886                   /lib/x86_64-linux-gnu/libnss_files-2.19.so
7f67035a2000-7f67037a1000 ---p 0000a000 08:04 19402886                   /lib/x86_64-linux-gnu/libnss_files-2.19.so
7f67037a1000-7f67037a2000 r--p 00009000 08:04 19402886                   /lib/x86_64-linux-gnu/libnss_files-2.19.so
7f67037a2000-7f67037a3000 rw-p 0000a000 08:04 19402886                   /lib/x86_64-linux-gnu/libnss_files-2.19.so
7f67037a3000-7f67037ae000 r-xp 00000000 08:04 19398753                   /lib/x86_64-linux-gnu/libnss_nis-2.19.so
7f67037ae000-7f67039ad000 ---p 0000b000 08:04 19398753                   /lib/x86_64-linux-gnu/libnss_nis-2.19.so
7f67039ad000-7f67039ae000 r--p 0000a000 08:04 19398753                   /lib/x86_64-linux-gnu/libnss_nis-2.19.so
7f67039ae000-7f67039af000 rw-p 0000b000 08:04 19398753                   /lib/x86_64-linux-gnu/libnss_nis-2.19.so
7f67039af000-7f67039c6000 r-xp 00000000 08:04 19398749                   /lib/x86_64-linux-gnu/libnsl-2.19.so
7f67039c6000-7f6703bc5000 ---p 00017000 08:04 19398749                   /lib/x86_64-linux-gnu/libnsl-2.19.so
7f6703bc5000-7f6703bc6000 r--p 00016000 08:04 19398749                   /lib/x86_64-linux-gnu/libnsl-2.19.so
7f6703bc6000-7f6703bc7000 rw-p 00017000 08:04 19398749                   /lib/x86_64-linux-gnu/libnsl-2.19.so
7f6703bc7000-7f6703bc9000 rw-p 00000000 00:00 0 
7f6703bc9000-7f6703bd2000 r-xp 00000000 08:04 19398748                   /lib/x86_64-linux-gnu/libnss_compat-2.19.so
7f6703bd2000-7f6703dd1000 ---p 00009000 08:04 19398748                   /lib/x86_64-linux-gnu/libnss_compat-2.19.so
7f6703dd1000-7f6703dd2000 r--p 00008000 08:04 19398748                   /lib/x86_64-linux-gnu/libnss_compat-2.19.so
7f6703dd2000-7f6703dd3000 rw-p 00009000 08:04 19398748                   /lib/x86_64-linux-gnu/libnss_compat-2.19.so
7f6703dd3000-7f6703dfd000 r-xp 00000000 08:04 1712963                    /usr/lib/jvm/java-7-openjdk-amd64/jre/lib/amd64/libjava.so
7f6703dfd000-7f6703ffd000 ---p 0002a000 08:04 1712963                    /usr/lib/jvm/java-7-openjdk-amd64/jre/lib/amd64/libjava.so
7f6703ffd000-7f6703ffe000 r--p 0002a000 08:04 1712963                    /usr/lib/jvm/java-7-openjdk-amd64/jre/lib/amd64/libjava.so
7f6703ffe000-7f6704000000 rw-p 0002b000 08:04 1712963                    /usr/lib/jvm/java-7-openjdk-amd64/jre/lib/amd64/libjava.so
7f6704000000-7f6704023000 rw-p 00000000 00:00 0 
7f6704023000-7f6708000000 ---p 00000000 00:00 0 
7f67080ba000-7f67080ca000 r-xp 00000000 08:04 1712965                    /usr/lib/jvm/java-7-openjdk-amd64/jre/lib/amd64/libverify.so
7f67080ca000-7f67082c9000 ---p 00010000 08:04 1712965                    /usr/lib/jvm/java-7-openjdk-amd64/jre/lib/amd64/libverify.so
7f67082c9000-7f67082cb000 r--p 0000f000 08:04 1712965                    /usr/lib/jvm/java-7-openjdk-amd64/jre/lib/amd64/libverify.so
7f67082cb000-7f67082cc000 rw-p 00011000 08:04 1712965                    /usr/lib/jvm/java-7-openjdk-amd64/jre/lib/amd64/libverify.so
7f67082cc000-7f67082d3000 r-xp 00000000 08:04 19398757                   /lib/x86_64-linux-gnu/librt-2.19.so
7f67082d3000-7f67084d2000 ---p 00007000 08:04 19398757                   /lib/x86_64-linux-gnu/librt-2.19.so
7f67084d2000-7f67084d3000 r--p 00006000 08:04 19398757                   /lib/x86_64-linux-gnu/librt-2.19.so
7f67084d3000-7f67084d4000 rw-p 00007000 08:04 19398757                   /lib/x86_64-linux-gnu/librt-2.19.so
7f67084d4000-7f67084ea000 r-xp 00000000 08:04 19402986                   /lib/x86_64-linux-gnu/libgcc_s.so.1
7f67084ea000-7f67086e9000 ---p 00016000 08:04 19402986                   /lib/x86_64-linux-gnu/libgcc_s.so.1
7f67086e9000-7f67086ea000 rw-p 00015000 08:04 19402986                   /lib/x86_64-linux-gnu/libgcc_s.so.1
7f67086ea000-7f67087ef000 r-xp 00000000 08:04 19398685                   /lib/x86_64-linux-gnu/libm-2.19.so
7f67087ef000-7f67089ee000 ---p 00105000 08:04 19398685                   /lib/x86_64-linux-gnu/libm-2.19.so
7f67089ee000-7f67089ef000 r--p 00104000 08:04 19398685                   /lib/x86_64-linux-gnu/libm-2.19.so
7f67089ef000-7f67089f0000 rw-p 00105000 08:04 19398685                   /lib/x86_64-linux-gnu/libm-2.19.so
7f67089f0000-7f6708ad6000 r-xp 00000000 08:04 1179671                    /usr/lib/x86_64-linux-gnu/libstdc++.so.6.0.19
7f6708ad6000-7f6708cd5000 ---p 000e6000 08:04 1179671                    /usr/lib/x86_64-linux-gnu/libstdc++.so.6.0.19
7f6708cd5000-7f6708cdd000 r--p 000e5000 08:04 1179671                    /usr/lib/x86_64-linux-gnu/libstdc++.so.6.0.19
7f6708cdd000-7f6708cdf000 rw-p 000ed000 08:04 1179671                    /usr/lib/x86_64-linux-gnu/libstdc++.so.6.0.19
7f6708cdf000-7f6708cf4000 rw-p 00000000 00:00 0 
7f6708cf4000-7f6709822000 r-xp 00000000 08:04 1712876                    /usr/lib/jvm/java-7-openjdk-amd64/jre/lib/amd64/server/libjvm.so
7f6709822000-7f6709a22000 ---p 00b2e000 08:04 1712876                    /usr/lib/jvm/java-7-openjdk-amd64/jre/lib/amd64/server/libjvm.so
7f6709a22000-7f6709abc000 r--p 00b2e000 08:04 1712876                    /usr/lib/jvm/java-7-openjdk-amd64/jre/lib/amd64/server/libjvm.so
7f6709abc000-7f6709adf000 rw-p 00bc8000 08:04 1712876                    /usr/lib/jvm/java-7-openjdk-amd64/jre/lib/amd64/server/libjvm.so
7f6709adf000-7f6709b0e000 rw-p 00000000 00:00 0 
7f6709b0e000-7f6709b26000 r-xp 00000000 08:04 19403122                   /lib/x86_64-linux-gnu/libz.so.1.2.8
7f6709b26000-7f6709d25000 ---p 00018000 08:04 19403122                   /lib/x86_64-linux-gnu/libz.so.1.2.8
7f6709d25000-7f6709d26000 r--p 00017000 08:04 19403122                   /lib/x86_64-linux-gnu/libz.so.1.2.8
7f6709d26000-7f6709d27000 rw-p 00018000 08:04 19403122                   /lib/x86_64-linux-gnu/libz.so.1.2.8
7f6709d27000-7f6709d40000 r-xp 00000000 08:04 19398750                   /lib/x86_64-linux-gnu/libpthread-2.19.so
7f6709d40000-7f6709f3f000 ---p 00019000 08:04 19398750                   /lib/x86_64-linux-gnu/libpthread-2.19.so
7f6709f3f000-7f6709f40000 r--p 00018000 08:04 19398750                   /lib/x86_64-linux-gnu/libpthread-2.19.so
7f6709f40000-7f6709f41000 rw-p 00019000 08:04 19398750                   /lib/x86_64-linux-gnu/libpthread-2.19.so
7f6709f41000-7f6709f45000 rw-p 00000000 00:00 0 
7f6709f45000-7f6709f48000 r-xp 00000000 08:04 19398745                   /lib/x86_64-linux-gnu/libdl-2.19.so
7f6709f48000-7f670a147000 ---p 00003000 08:04 19398745                   /lib/x86_64-linux-gnu/libdl-2.19.so
7f670a147000-7f670a148000 r--p 00002000 08:04 19398745                   /lib/x86_64-linux-gnu/libdl-2.19.so
7f670a148000-7f670a149000 rw-p 00003000 08:04 19398745                   /lib/x86_64-linux-gnu/libdl-2.19.so
7f670a149000-7f670a303000 r-xp 00000000 08:04 19398758                   /lib/x86_64-linux-gnu/libc-2.19.so
7f670a303000-7f670a503000 ---p 001ba000 08:04 19398758                   /lib/x86_64-linux-gnu/libc-2.19.so
7f670a503000-7f670a507000 r--p 001ba000 08:04 19398758                   /lib/x86_64-linux-gnu/libc-2.19.so
7f670a507000-7f670a509000 rw-p 001be000 08:04 19398758                   /lib/x86_64-linux-gnu/libc-2.19.so
7f670a509000-7f670a50e000 rw-p 00000000 00:00 0 
7f670a50e000-7f670a51b000 r-xp 00000000 08:04 1712975                    /usr/lib/jvm/java-7-openjdk-amd64/jre/lib/amd64/jli/libjli.so
7f670a51b000-7f670a71a000 ---p 0000d000 08:04 1712975                    /usr/lib/jvm/java-7-openjdk-amd64/jre/lib/amd64/jli/libjli.so
7f670a71a000-7f670a71b000 r--p 0000c000 08:04 1712975                    /usr/lib/jvm/java-7-openjdk-amd64/jre/lib/amd64/jli/libjli.so
7f670a71b000-7f670a71c000 rw-p 0000d000 08:04 1712975                    /usr/lib/jvm/java-7-openjdk-amd64/jre/lib/amd64/jli/libjli.so
7f670a71c000-7f670a73f000 r-xp 00000000 08:04 19398751                   /lib/x86_64-linux-gnu/ld-2.19.so
7f670a760000-7f670a76a000 rw-p 00000000 00:00 0 
7f670a76a000-7f670a820000 rw-p 00000000 00:00 0 
7f670a820000-7f670a823000 ---p 00000000 00:00 0 
7f670a823000-7f670a926000 rw-p 00000000 00:00 0 
7f670a930000-7f670a932000 rw-p 00000000 00:00 0 
7f670a932000-7f670a93a000 rw-s 00000000 08:04 13374031                   /tmp/hsperfdata_archmage/13679
7f670a93a000-7f670a93b000 rw-p 00000000 00:00 0 
7f670a93b000-7f670a93c000 r--p 00000000 00:00 0 
7f670a93c000-7f670a93e000 rw-p 00000000 00:00 0 
7f670a93e000-7f670a93f000 r--p 00022000 08:04 19398751                   /lib/x86_64-linux-gnu/ld-2.19.so
7f670a93f000-7f670a940000 rw-p 00023000 08:04 19398751                   /lib/x86_64-linux-gnu/ld-2.19.so
7f670a940000-7f670a941000 rw-p 00000000 00:00 0 
7ffcbfe86000-7ffcbfea7000 rw-p 00000000 00:00 0                          [stack]
7ffcbff47000-7ffcbff49000 r--p 00000000 00:00 0                          [vvar]
7ffcbff49000-7ffcbff4b000 r-xp 00000000 00:00 0                          [vdso]
ffffffffff600000-ffffffffff601000 r-xp 00000000 00:00 0                  [vsyscall]

VM Arguments:
java_command: /home/archmage/Projects/NewRuhunu/target/surefire/surefirebooter8527482220978290740.jar /home/archmage/Projects/NewRuhunu/target/surefire/surefire8017827542022488953tmp /home/archmage/Projects/NewRuhunu/target/surefire/surefire380956782017753272tmp
Launcher Type: SUN_STANDARD

Environment Variables:
JAVA_HOME=/usr/lib/jvm/default-java
JRE_HOME=/usr/lib/jvm/jre
PATH=/usr/lib/jvm/java-7-openjdk-amd64/bin:/usr/local/sbin:/usr/local/bin:/usr/sbin:/usr/bin:/sbin:/bin:/usr/games:/usr/local/games:/usr/lib/jvm/java-1.7.0-openjdk-amd64
LD_LIBRARY_PATH=/usr/lib/jvm/default-java/jre/lib/amd64:/usr/lib/jvm/default-java/jre/lib/i386:
SHELL=/bin/bash
DISPLAY=:0

Signal Handlers:
SIGSEGV: [libjvm.so+0x95e310], sa_mask[0]=0x7ffbfeff, sa_flags=0x10000004
SIGBUS: [libjvm.so+0x95e310], sa_mask[0]=0x7ffbfeff, sa_flags=0x10000004
SIGFPE: [libjvm.so+0x7d1ef0], sa_mask[0]=0x7ffbfeff, sa_flags=0x10000004
SIGPIPE: [libjvm.so+0x7d1ef0], sa_mask[0]=0x7ffbfeff, sa_flags=0x10000004
SIGXFSZ: [libjvm.so+0x7d1ef0], sa_mask[0]=0x7ffbfeff, sa_flags=0x10000004
SIGILL: [libjvm.so+0x7d1ef0], sa_mask[0]=0x7ffbfeff, sa_flags=0x10000004
SIGUSR1: SIG_DFL, sa_mask[0]=0x00000000, sa_flags=0x00000000
SIGUSR2: [libjvm.so+0x7d2020], sa_mask[0]=0x00000004, sa_flags=0x10000004
SIGHUP: SIG_DFL, sa_mask[0]=0x00000000, sa_flags=0x00000000
SIGINT: SIG_IGN, sa_mask[0]=0x00000000, sa_flags=0x00000000
SIGTERM: SIG_DFL, sa_mask[0]=0x00000000, sa_flags=0x00000000
SIGQUIT: SIG_DFL, sa_mask[0]=0x00000000, sa_flags=0x00000000
SIGTRAP: SIG_DFL, sa_mask[0]=0x00000000, sa_flags=0x00000000


---------------  S Y S T E M  ---------------

OS:Ubuntu 14.04 (trusty)
uname:Linux 4.4.0-47-generic #68~14.04.1-Ubuntu SMP Wed Oct 26 19:42:11 UTC 2016 x86_64
libc:glibc 2.19 NPTL 2.19 
rlimit: STACK 8192k, CORE 0k, NPROC 31481, NOFILE 4096, AS infinity
load average:16.15 8.03 3.93

/proc/meminfo:
MemTotal:        8083900 kB
MemFree:          123588 kB
MemAvailable:      37784 kB
Buffers:            2612 kB
Cached:           230112 kB
SwapCached:            0 kB
Active:          7558712 kB
Inactive:         191888 kB
Active(anon):    7535716 kB
Inactive(anon):   159292 kB
Active(file):      22996 kB
Inactive(file):    32596 kB
Unevictable:         548 kB
Mlocked:             548 kB
SwapTotal:             0 kB
SwapFree:              0 kB
Dirty:             11600 kB
Writeback:             0 kB
AnonPages:       7518880 kB
Mapped:            83520 kB
Shmem:            176688 kB
Slab:              81652 kB
SReclaimable:      44740 kB
SUnreclaim:        36912 kB
KernelStack:       12336 kB
PageTables:        51380 kB
NFS_Unstable:          0 kB
Bounce:                0 kB
WritebackTmp:          0 kB
CommitLimit:     4041948 kB
Committed_AS:   18341116 kB
VmallocTotal:   34359738367 kB
VmallocUsed:           0 kB
VmallocChunk:          0 kB
HardwareCorrupted:     0 kB
AnonHugePages:   5812224 kB
CmaTotal:              0 kB
CmaFree:               0 kB
HugePages_Total:       0
HugePages_Free:        0
HugePages_Rsvd:        0
HugePages_Surp:        0
Hugepagesize:       2048 kB
DirectMap4k:      189100 kB
DirectMap2M:     8108032 kB
DirectMap1G:           0 kB


CPU:total 4 (2 cores per cpu, 2 threads per core) family 6 model 61 stepping 4, cmov, cx8, fxsr, mmx, sse, sse2, sse3, ssse3, sse4.1, sse4.2, popcnt, avx, avx2, aes, erms, ht, tsc, tscinvbit

/proc/cpuinfo:
processor	: 0
vendor_id	: GenuineIntel
cpu family	: 6
model		: 61
model name	: Intel(R) Core(TM) i7-5500U CPU @ 2.40GHz
stepping	: 4
microcode	: 0x22
cpu MHz		: 1744.406
cache size	: 4096 KB
physical id	: 0
siblings	: 4
core id		: 0
cpu cores	: 2
apicid		: 0
initial apicid	: 0
fpu		: yes
fpu_exception	: yes
cpuid level	: 20
wp		: yes
flags		: fpu vme de pse tsc msr pae mce cx8 apic sep mtrr pge mca cmov pat pse36 clflush dts acpi mmx fxsr sse sse2 ss ht tm pbe syscall nx pdpe1gb rdtscp lm constant_tsc arch_perfmon pebs bts rep_good nopl xtopology nonstop_tsc aperfmperf eagerfpu pni pclmulqdq dtes64 monitor ds_cpl vmx est tm2 ssse3 sdbg fma cx16 xtpr pdcm pcid sse4_1 sse4_2 x2apic movbe popcnt tsc_deadline_timer aes xsave avx f16c rdrand lahf_lm abm 3dnowprefetch epb intel_pt tpr_shadow vnmi flexpriority ept vpid fsgsbase tsc_adjust bmi1 avx2 smep bmi2 erms invpcid rdseed adx smap xsaveopt dtherm ida arat pln pts
bugs		:
bogomips	: 4788.87
clflush size	: 64
cache_alignment	: 64
address sizes	: 39 bits physical, 48 bits virtual
power management:

processor	: 1
vendor_id	: GenuineIntel
cpu family	: 6
model		: 61
model name	: Intel(R) Core(TM) i7-5500U CPU @ 2.40GHz
stepping	: 4
microcode	: 0x22
cpu MHz		: 765.656
cache size	: 4096 KB
physical id	: 0
siblings	: 4
core id		: 1
cpu cores	: 2
apicid		: 2
initial apicid	: 2
fpu		: yes
fpu_exception	: yes
cpuid level	: 20
wp		: yes
flags		: fpu vme de pse tsc msr pae mce cx8 apic sep mtrr pge mca cmov pat pse36 clflush dts acpi mmx fxsr sse sse2 ss ht tm pbe syscall nx pdpe1gb rdtscp lm constant_tsc arch_perfmon pebs bts rep_good nopl xtopology nonstop_tsc aperfmperf eagerfpu pni pclmulqdq dtes64 monitor ds_cpl vmx est tm2 ssse3 sdbg fma cx16 xtpr pdcm pcid sse4_1 sse4_2 x2apic movbe popcnt tsc_deadline_timer aes xsave avx f16c rdrand lahf_lm abm 3dnowprefetch epb intel_pt tpr_shadow vnmi flexpriority ept vpid fsgsbase tsc_adjust bmi1 avx2 smep bmi2 erms invpcid rdseed adx smap xsaveopt dtherm ida arat pln pts
bugs		:
bogomips	: 4788.87
clflush size	: 64
cache_alignment	: 64
address sizes	: 39 bits physical, 48 bits virtual
power management:

processor	: 2
vendor_id	: GenuineIntel
cpu family	: 6
model		: 61
model name	: Intel(R) Core(TM) i7-5500U CPU @ 2.40GHz
stepping	: 4
microcode	: 0x22
cpu MHz		: 1439.625
cache size	: 4096 KB
physical id	: 0
siblings	: 4
core id		: 0
cpu cores	: 2
apicid		: 1
initial apicid	: 1
fpu		: yes
fpu_exception	: yes
cpuid level	: 20
wp		: yes
flags		: fpu vme de pse tsc msr pae mce cx8 apic sep mtrr pge mca cmov pat pse36 clflush dts acpi mmx fxsr sse sse2 ss ht tm pbe syscall nx pdpe1gb rdtscp lm constant_tsc arch_perfmon pebs bts rep_good nopl xtopology nonstop_tsc aperfmperf eagerfpu pni pclmulqdq dtes64 monitor ds_cpl vmx est tm2 ssse3 sdbg fma cx16 xtpr pdcm pcid sse4_1 sse4_2 x2apic movbe popcnt tsc_deadline_timer aes xsave avx f16c rdrand lahf_lm abm 3dnowprefetch epb intel_pt tpr_shadow vnmi flexpriority ept vpid fsgsbase tsc_adjust bmi1 avx2 smep bmi2 erms invpcid rdseed adx smap xsaveopt dtherm ida arat pln pts
bugs		:
bogomips	: 4788.87
clflush size	: 64
cache_alignment	: 64
address sizes	: 39 bits physical, 48 bits virtual
power management:

processor	: 3
vendor_id	: GenuineIntel
cpu family	: 6
model		: 61
model name	: Intel(R) Core(TM) i7-5500U CPU @ 2.40GHz
stepping	: 4
microcode	: 0x22
cpu MHz		: 2048.062
cache size	: 4096 KB
physical id	: 0
siblings	: 4
core id		: 1
cpu cores	: 2
apicid		: 3
initial apicid	: 3
fpu		: yes
fpu_exception	: yes
cpuid level	: 20
wp		: yes
flags		: fpu vme de pse tsc msr pae mce cx8 apic sep mtrr pge mca cmov pat pse36 clflush dts acpi mmx fxsr sse sse2 ss ht tm pbe syscall nx pdpe1gb rdtscp lm constant_tsc arch_perfmon pebs bts rep_good nopl xtopology nonstop_tsc aperfmperf eagerfpu pni pclmulqdq dtes64 monitor ds_cpl vmx est tm2 ssse3 sdbg fma cx16 xtpr pdcm pcid sse4_1 sse4_2 x2apic movbe popcnt tsc_deadline_timer aes xsave avx f16c rdrand lahf_lm abm 3dnowprefetch epb intel_pt tpr_shadow vnmi flexpriority ept vpid fsgsbase tsc_adjust bmi1 avx2 smep bmi2 erms invpcid rdseed adx smap xsaveopt dtherm ida arat pln pts
bugs		:
bogomips	: 4788.87
clflush size	: 64
cache_alignment	: 64
address sizes	: 39 bits physical, 48 bits virtual
power management:



Memory: 4k page, physical 8083900k(123588k free), swap 0k(0k free)

vm_info: OpenJDK 64-Bit Server VM (24.121-b00) for linux-amd64 JRE (1.7.0_121-b00), built on Nov 16 2016 00:46:21 by "buildd" with gcc 4.8.4

time: Wed Nov 30 11:30:13 2016
elapsed time: 55 seconds

