#
# There is insufficient memory for the Java Runtime Environment to continue.
# Native memory allocation (malloc) failed to allocate 85458944 bytes for committing reserved memory.
# Possible reasons:
#   The system is out of physical RAM or swap space
#   In 32 bit mode, the process size limit was hit
# Possible solutions:
#   Reduce memory load on the system
#   Increase physical memory or swap space
#   Check if swap backing store is full
#   Use 64 bit Java on a 64 bit OS
#   Decrease Java heap size (-Xmx/-Xms)
#   Decrease number of Java threads
#   Decrease Java thread stack sizes (-Xss)
#   Set larger code cache with -XX:ReservedCodeCacheSize=
# This output file may be truncated or incomplete.
#
#  Out of Memory Error (os_linux.cpp:2809), pid=9948, tid=140408364865280
#
# JRE version:  (7.0_79-b14) (build )
# Java VM: OpenJDK 64-Bit Server VM (24.79-b02 mixed mode linux-amd64 compressed oops)
# Derivative: IcedTea 2.5.5
# Distribution: Ubuntu 14.04 LTS, package 7u79-2.5.5-0ubuntu0.14.04.2
# Failed to write core dump. Core dumps have been disabled. To enable core dumping, try "ulimit -c unlimited" before starting Java again
#

---------------  T H R E A D  ---------------

Current thread (0x00007fb35800a000):  JavaThread "Unknown thread" [_thread_in_vm, id=9949, stack(0x00007fb35ea61000,0x00007fb35eb62000)]

Stack: [0x00007fb35ea61000,0x00007fb35eb62000],  sp=0x00007fb35eb60500,  free space=1021k
Native frames: (J=compiled Java code, j=interpreted, Vv=VM code, C=native code)
V  [libjvm.so+0x94aec5]  VMError::report_and_die()+0x175
V  [libjvm.so+0x48b9c4]  report_vm_out_of_memory(char const*, int, unsigned long, char const*)+0x74
V  [libjvm.so+0x7c806b]  os::pd_commit_memory(char*, unsigned long, unsigned long, bool)+0xeb
V  [libjvm.so+0x7c2b0f]  os::commit_memory(char*, unsigned long, unsigned long, bool)+0x1f
V  [libjvm.so+0x83500b]  PSVirtualSpace::expand_by(unsigned long)+0x5b
V  [libjvm.so+0x82547e]  PSOldGen::initialize(ReservedSpace, unsigned long, char const*, int)+0xce
V  [libjvm.so+0x2a57ff]  AdjoiningGenerations::AdjoiningGenerations(ReservedSpace, unsigned long, unsigned long, unsigned long, unsigned long, unsigned long, unsigned long, unsigned long)+0x3af
V  [libjvm.so+0x7e8560]  ParallelScavengeHeap::initialize()+0x5b0
V  [libjvm.so+0x91b937]  Universe::initialize_heap()+0xc7
V  [libjvm.so+0x91bc67]  universe_init()+0x67
V  [libjvm.so+0x59d2a5]  init_globals()+0x55
V  [libjvm.so+0x8fe64f]  Threads::create_vm(JavaVMInitArgs*, bool*)+0x35f
V  [libjvm.so+0x608624]  JNI_CreateJavaVM+0x54
C  [libjli.so+0x2b48]


---------------  P R O C E S S  ---------------

Java Threads: ( => current thread )

Other Threads:

=>0x00007fb35800a000 (exited) JavaThread "Unknown thread" [_thread_in_vm, id=9949, stack(0x00007fb35ea61000,0x00007fb35eb62000)]

VM state:not at safepoint (not fully initialized)

VM Mutex/Monitor currently owned by a thread: None

GC Heap History (0 events):
No events

Deoptimization events (0 events):
No events

Internal exceptions (0 events):
No events

Events (0 events):
No events


Dynamic libraries:
00400000-00401000 r-xp 00000000 08:02 921023                             /usr/lib/jvm/java-7-openjdk-amd64/jre/bin/java
00600000-00601000 r--p 00000000 08:02 921023                             /usr/lib/jvm/java-7-openjdk-amd64/jre/bin/java
00601000-00602000 rw-p 00001000 08:02 921023                             /usr/lib/jvm/java-7-openjdk-amd64/jre/bin/java
009e7000-00a08000 rw-p 00000000 00:00 0                                  [heap]
77ac00000-785200000 rw-p 00000000 00:00 0 
78a380000-7d7080000 rw-p 00000000 00:00 0 
7d7080000-7d9980000 rw-p 00000000 00:00 0 
7d9980000-800000000 rw-p 00000000 00:00 0 
7fb35402f000-7fb354190000 rw-p 00000000 00:00 0 
7fb354190000-7fb354472000 rw-p 00000000 00:00 0 
7fb354472000-7fb354487000 rw-p 00000000 00:00 0 
7fb354487000-7fb3545ba000 rw-p 00000000 00:00 0 
7fb3545ba000-7fb3545bb000 rw-p 00000000 00:00 0 
7fb3545bb000-7fb35482b000 rwxp 00000000 00:00 0 
7fb35482b000-7fb3575bb000 rw-p 00000000 00:00 0 
7fb3575bb000-7fb3575c3000 r-xp 00000000 08:02 1196655                    /usr/lib/jvm/java-7-openjdk-amd64/jre/lib/amd64/libzip.so
7fb3575c3000-7fb3577c2000 ---p 00008000 08:02 1196655                    /usr/lib/jvm/java-7-openjdk-amd64/jre/lib/amd64/libzip.so
7fb3577c2000-7fb3577c3000 r--p 00007000 08:02 1196655                    /usr/lib/jvm/java-7-openjdk-amd64/jre/lib/amd64/libzip.so
7fb3577c3000-7fb3577c4000 rw-p 00008000 08:02 1196655                    /usr/lib/jvm/java-7-openjdk-amd64/jre/lib/amd64/libzip.so
7fb3577c4000-7fb3577cf000 r-xp 00000000 08:02 4456619                    /lib/x86_64-linux-gnu/libnss_files-2.19.so
7fb3577cf000-7fb3579ce000 ---p 0000b000 08:02 4456619                    /lib/x86_64-linux-gnu/libnss_files-2.19.so
7fb3579ce000-7fb3579cf000 r--p 0000a000 08:02 4456619                    /lib/x86_64-linux-gnu/libnss_files-2.19.so
7fb3579cf000-7fb3579d0000 rw-p 0000b000 08:02 4456619                    /lib/x86_64-linux-gnu/libnss_files-2.19.so
7fb3579d0000-7fb3579db000 r-xp 00000000 08:02 4456662                    /lib/x86_64-linux-gnu/libnss_nis-2.19.so
7fb3579db000-7fb357bda000 ---p 0000b000 08:02 4456662                    /lib/x86_64-linux-gnu/libnss_nis-2.19.so
7fb357bda000-7fb357bdb000 r--p 0000a000 08:02 4456662                    /lib/x86_64-linux-gnu/libnss_nis-2.19.so
7fb357bdb000-7fb357bdc000 rw-p 0000b000 08:02 4456662                    /lib/x86_64-linux-gnu/libnss_nis-2.19.so
7fb357bdc000-7fb357bf3000 r-xp 00000000 08:02 4456640                    /lib/x86_64-linux-gnu/libnsl-2.19.so
7fb357bf3000-7fb357df2000 ---p 00017000 08:02 4456640                    /lib/x86_64-linux-gnu/libnsl-2.19.so
7fb357df2000-7fb357df3000 r--p 00016000 08:02 4456640                    /lib/x86_64-linux-gnu/libnsl-2.19.so
7fb357df3000-7fb357df4000 rw-p 00017000 08:02 4456640                    /lib/x86_64-linux-gnu/libnsl-2.19.so
7fb357df4000-7fb357df6000 rw-p 00000000 00:00 0 
7fb357df6000-7fb357dff000 r-xp 00000000 08:02 4456638                    /lib/x86_64-linux-gnu/libnss_compat-2.19.so
7fb357dff000-7fb357ffe000 ---p 00009000 08:02 4456638                    /lib/x86_64-linux-gnu/libnss_compat-2.19.so
7fb357ffe000-7fb357fff000 r--p 00008000 08:02 4456638                    /lib/x86_64-linux-gnu/libnss_compat-2.19.so
7fb357fff000-7fb358000000 rw-p 00009000 08:02 4456638                    /lib/x86_64-linux-gnu/libnss_compat-2.19.so
7fb358000000-7fb358023000 rw-p 00000000 00:00 0 
7fb358023000-7fb35c000000 ---p 00000000 00:00 0 
7fb35c01b000-7fb35c0f4000 rw-p 00000000 00:00 0 
7fb35c0f4000-7fb35c11f000 r-xp 00000000 08:02 1202533                    /usr/lib/jvm/java-7-openjdk-amd64/jre/lib/amd64/libjava.so
7fb35c11f000-7fb35c31f000 ---p 0002b000 08:02 1202533                    /usr/lib/jvm/java-7-openjdk-amd64/jre/lib/amd64/libjava.so
7fb35c31f000-7fb35c320000 r--p 0002b000 08:02 1202533                    /usr/lib/jvm/java-7-openjdk-amd64/jre/lib/amd64/libjava.so
7fb35c320000-7fb35c322000 rw-p 0002c000 08:02 1202533                    /usr/lib/jvm/java-7-openjdk-amd64/jre/lib/amd64/libjava.so
7fb35c322000-7fb35c332000 r-xp 00000000 08:02 1196732                    /usr/lib/jvm/java-7-openjdk-amd64/jre/lib/amd64/libverify.so
7fb35c332000-7fb35c531000 ---p 00010000 08:02 1196732                    /usr/lib/jvm/java-7-openjdk-amd64/jre/lib/amd64/libverify.so
7fb35c531000-7fb35c533000 r--p 0000f000 08:02 1196732                    /usr/lib/jvm/java-7-openjdk-amd64/jre/lib/amd64/libverify.so
7fb35c533000-7fb35c534000 rw-p 00011000 08:02 1196732                    /usr/lib/jvm/java-7-openjdk-amd64/jre/lib/amd64/libverify.so
7fb35c534000-7fb35c53b000 r-xp 00000000 08:02 4456656                    /lib/x86_64-linux-gnu/librt-2.19.so
7fb35c53b000-7fb35c73a000 ---p 00007000 08:02 4456656                    /lib/x86_64-linux-gnu/librt-2.19.so
7fb35c73a000-7fb35c73b000 r--p 00006000 08:02 4456656                    /lib/x86_64-linux-gnu/librt-2.19.so
7fb35c73b000-7fb35c73c000 rw-p 00007000 08:02 4456656                    /lib/x86_64-linux-gnu/librt-2.19.so
7fb35c73c000-7fb35c752000 r-xp 00000000 08:02 4457452                    /lib/x86_64-linux-gnu/libgcc_s.so.1
7fb35c752000-7fb35c951000 ---p 00016000 08:02 4457452                    /lib/x86_64-linux-gnu/libgcc_s.so.1
7fb35c951000-7fb35c952000 rw-p 00015000 08:02 4457452                    /lib/x86_64-linux-gnu/libgcc_s.so.1
7fb35c952000-7fb35ca57000 r-xp 00000000 08:02 4456618                    /lib/x86_64-linux-gnu/libm-2.19.so
7fb35ca57000-7fb35cc56000 ---p 00105000 08:02 4456618                    /lib/x86_64-linux-gnu/libm-2.19.so
7fb35cc56000-7fb35cc57000 r--p 00104000 08:02 4456618                    /lib/x86_64-linux-gnu/libm-2.19.so
7fb35cc57000-7fb35cc58000 rw-p 00105000 08:02 4456618                    /lib/x86_64-linux-gnu/libm-2.19.so
7fb35cc58000-7fb35cd3e000 r-xp 00000000 08:02 664521                     /usr/lib/x86_64-linux-gnu/libstdc++.so.6.0.19
7fb35cd3e000-7fb35cf3d000 ---p 000e6000 08:02 664521                     /usr/lib/x86_64-linux-gnu/libstdc++.so.6.0.19
7fb35cf3d000-7fb35cf45000 r--p 000e5000 08:02 664521                     /usr/lib/x86_64-linux-gnu/libstdc++.so.6.0.19
7fb35cf45000-7fb35cf47000 rw-p 000ed000 08:02 664521                     /usr/lib/x86_64-linux-gnu/libstdc++.so.6.0.19
7fb35cf47000-7fb35cf5c000 rw-p 00000000 00:00 0 
7fb35cf5c000-7fb35da74000 r-xp 00000000 08:02 1315314                    /usr/lib/jvm/java-7-openjdk-amd64/jre/lib/amd64/server/libjvm.so
7fb35da74000-7fb35dc74000 ---p 00b18000 08:02 1315314                    /usr/lib/jvm/java-7-openjdk-amd64/jre/lib/amd64/server/libjvm.so
7fb35dc74000-7fb35dd0e000 r--p 00b18000 08:02 1315314                    /usr/lib/jvm/java-7-openjdk-amd64/jre/lib/amd64/server/libjvm.so
7fb35dd0e000-7fb35dd31000 rw-p 00bb2000 08:02 1315314                    /usr/lib/jvm/java-7-openjdk-amd64/jre/lib/amd64/server/libjvm.so
7fb35dd31000-7fb35dd5f000 rw-p 00000000 00:00 0 
7fb35dd5f000-7fb35dd77000 r-xp 00000000 08:02 4460671                    /lib/x86_64-linux-gnu/libz.so.1.2.8
7fb35dd77000-7fb35df76000 ---p 00018000 08:02 4460671                    /lib/x86_64-linux-gnu/libz.so.1.2.8
7fb35df76000-7fb35df77000 r--p 00017000 08:02 4460671                    /lib/x86_64-linux-gnu/libz.so.1.2.8
7fb35df77000-7fb35df78000 rw-p 00018000 08:02 4460671                    /lib/x86_64-linux-gnu/libz.so.1.2.8
7fb35df78000-7fb35df91000 r-xp 00000000 08:02 4456652                    /lib/x86_64-linux-gnu/libpthread-2.19.so
7fb35df91000-7fb35e190000 ---p 00019000 08:02 4456652                    /lib/x86_64-linux-gnu/libpthread-2.19.so
7fb35e190000-7fb35e191000 r--p 00018000 08:02 4456652                    /lib/x86_64-linux-gnu/libpthread-2.19.so
7fb35e191000-7fb35e192000 rw-p 00019000 08:02 4456652                    /lib/x86_64-linux-gnu/libpthread-2.19.so
7fb35e192000-7fb35e196000 rw-p 00000000 00:00 0 
7fb35e196000-7fb35e199000 r-xp 00000000 08:02 4456631                    /lib/x86_64-linux-gnu/libdl-2.19.so
7fb35e199000-7fb35e398000 ---p 00003000 08:02 4456631                    /lib/x86_64-linux-gnu/libdl-2.19.so
7fb35e398000-7fb35e399000 r--p 00002000 08:02 4456631                    /lib/x86_64-linux-gnu/libdl-2.19.so
7fb35e399000-7fb35e39a000 rw-p 00003000 08:02 4456631                    /lib/x86_64-linux-gnu/libdl-2.19.so
7fb35e39a000-7fb35e555000 r-xp 00000000 08:02 4456650                    /lib/x86_64-linux-gnu/libc-2.19.so
7fb35e555000-7fb35e754000 ---p 001bb000 08:02 4456650                    /lib/x86_64-linux-gnu/libc-2.19.so
7fb35e754000-7fb35e758000 r--p 001ba000 08:02 4456650                    /lib/x86_64-linux-gnu/libc-2.19.so
7fb35e758000-7fb35e75a000 rw-p 001be000 08:02 4456650                    /lib/x86_64-linux-gnu/libc-2.19.so
7fb35e75a000-7fb35e75f000 rw-p 00000000 00:00 0 
7fb35e75f000-7fb35e76c000 r-xp 00000000 08:02 1315313                    /usr/lib/jvm/java-7-openjdk-amd64/jre/lib/amd64/jli/libjli.so
7fb35e76c000-7fb35e96b000 ---p 0000d000 08:02 1315313                    /usr/lib/jvm/java-7-openjdk-amd64/jre/lib/amd64/jli/libjli.so
7fb35e96b000-7fb35e96c000 r--p 0000c000 08:02 1315313                    /usr/lib/jvm/java-7-openjdk-amd64/jre/lib/amd64/jli/libjli.so
7fb35e96c000-7fb35e96d000 rw-p 0000d000 08:02 1315313                    /usr/lib/jvm/java-7-openjdk-amd64/jre/lib/amd64/jli/libjli.so
7fb35e96d000-7fb35e990000 r-xp 00000000 08:02 4456644                    /lib/x86_64-linux-gnu/ld-2.19.so
7fb35e9a1000-7fb35e9ab000 rw-p 00000000 00:00 0 
7fb35e9ab000-7fb35ea61000 rw-p 00000000 00:00 0 
7fb35ea61000-7fb35ea64000 ---p 00000000 00:00 0 
7fb35ea64000-7fb35eb67000 rw-p 00000000 00:00 0                          [stack:9949]
7fb35eb81000-7fb35eb83000 rw-p 00000000 00:00 0 
7fb35eb83000-7fb35eb8b000 rw-s 00000000 08:02 4335352                    /tmp/hsperfdata_buddhika/9948
7fb35eb8b000-7fb35eb8c000 rw-p 00000000 00:00 0 
7fb35eb8c000-7fb35eb8d000 r--p 00000000 00:00 0 
7fb35eb8d000-7fb35eb8f000 rw-p 00000000 00:00 0 
7fb35eb8f000-7fb35eb90000 r--p 00022000 08:02 4456644                    /lib/x86_64-linux-gnu/ld-2.19.so
7fb35eb90000-7fb35eb91000 rw-p 00023000 08:02 4456644                    /lib/x86_64-linux-gnu/ld-2.19.so
7fb35eb91000-7fb35eb92000 rw-p 00000000 00:00 0 
7ffd3bedc000-7ffd3befd000 rw-p 00000000 00:00 0                          [stack]
7ffd3bf54000-7ffd3bf56000 r-xp 00000000 00:00 0                          [vdso]
ffffffffff600000-ffffffffff601000 r-xp 00000000 00:00 0                  [vsyscall]

VM Arguments:
java_command: /home/buddhika/Development/ruhunu/target/surefire/surefirebooter6317978071953014538.jar /home/buddhika/Development/ruhunu/target/surefire/surefire4441665220983772261tmp /home/buddhika/Development/ruhunu/target/surefire/surefire2896164840562901603tmp
Launcher Type: SUN_STANDARD

Environment Variables:
JAVA_HOME=/usr/lib/jvm/java-7-openjdk-amd64
PATH=/usr/local/sbin:/usr/local/bin:/usr/sbin:/usr/bin:/sbin:/bin:/usr/games:/usr/local/games:/home/buddhika/bin:/usr/lib/jvm/java-7-openjdk-amd64/bin
USERNAME=buddhika
LD_LIBRARY_PATH=/usr/lib/jvm/java-7-openjdk-amd64/jre/lib/amd64:/usr/lib/jvm/java-7-openjdk-amd64/jre/lib/i386:
SHELL=/bin/bash
DISPLAY=:0

Signal Handlers:
SIGSEGV: [libjvm.so+0x94b9a0], sa_mask[0]=0x7ffbfeff, sa_flags=0x10000004
SIGBUS: [libjvm.so+0x94b9a0], sa_mask[0]=0x7ffbfeff, sa_flags=0x10000004
SIGFPE: [libjvm.so+0x7c3880], sa_mask[0]=0x7ffbfeff, sa_flags=0x10000004
SIGPIPE: [libjvm.so+0x7c3880], sa_mask[0]=0x7ffbfeff, sa_flags=0x10000004
SIGXFSZ: [libjvm.so+0x7c3880], sa_mask[0]=0x7ffbfeff, sa_flags=0x10000004
SIGILL: [libjvm.so+0x7c3880], sa_mask[0]=0x7ffbfeff, sa_flags=0x10000004
SIGUSR1: SIG_DFL, sa_mask[0]=0x00000000, sa_flags=0x00000000
SIGUSR2: [libjvm.so+0x7c3720], sa_mask[0]=0x00000004, sa_flags=0x10000004
SIGHUP: SIG_DFL, sa_mask[0]=0x00000000, sa_flags=0x00000000
SIGINT: SIG_IGN, sa_mask[0]=0x00000000, sa_flags=0x00000000
SIGTERM: SIG_DFL, sa_mask[0]=0x00000000, sa_flags=0x00000000
SIGQUIT: SIG_DFL, sa_mask[0]=0x00000000, sa_flags=0x00000000
SIGTRAP: SIG_DFL, sa_mask[0]=0x00000000, sa_flags=0x00000000


---------------  S Y S T E M  ---------------

OS:Ubuntu 14.04 (trusty)
uname:Linux 3.13.0-52-generic #86-Ubuntu SMP Mon May 4 04:32:59 UTC 2015 x86_64
libc:glibc 2.19 NPTL 2.19 
rlimit: STACK 8192k, CORE 0k, NPROC 62675, NOFILE 4096, AS infinity
load average:4.92 1.72 0.73

/proc/meminfo:
MemTotal:        8052332 kB
MemFree:          115152 kB
Buffers:            6232 kB
Cached:           497304 kB
SwapCached:            0 kB
Active:          7231384 kB
Inactive:         475908 kB
Active(anon):    7206452 kB
Inactive(anon):   445088 kB
Active(file):      24932 kB
Inactive(file):    30820 kB
Unevictable:        1424 kB
Mlocked:            1424 kB
SwapTotal:             0 kB
SwapFree:              0 kB
Dirty:              1688 kB
Writeback:             0 kB
AnonPages:       7205616 kB
Mapped:           188804 kB
Shmem:            447076 kB
Slab:              77760 kB
SReclaimable:      35672 kB
SUnreclaim:        42088 kB
KernelStack:        8016 kB
PageTables:        62432 kB
NFS_Unstable:          0 kB
Bounce:                0 kB
WritebackTmp:          0 kB
CommitLimit:     4026164 kB
Committed_AS:   13380196 kB
VmallocTotal:   34359738367 kB
VmallocUsed:      356636 kB
VmallocChunk:   34359374336 kB
HardwareCorrupted:     0 kB
AnonHugePages:   4831232 kB
HugePages_Total:       0
HugePages_Free:        0
HugePages_Rsvd:        0
HugePages_Surp:        0
Hugepagesize:       2048 kB
DirectMap4k:       57764 kB
DirectMap2M:     1914880 kB
DirectMap1G:     6291456 kB


CPU:total 4 (2 cores per cpu, 2 threads per core) family 6 model 60 stepping 3, cmov, cx8, fxsr, mmx, sse, sse2, sse3, ssse3, sse4.1, sse4.2, popcnt, avx, avx2, aes, erms, ht, tsc, tscinvbit

/proc/cpuinfo:
processor	: 0
vendor_id	: GenuineIntel
cpu family	: 6
model		: 60
model name	: Intel(R) Core(TM) i3-4130 CPU @ 3.40GHz
stepping	: 3
microcode	: 0x17
cpu MHz		: 3400.000
cache size	: 3072 KB
physical id	: 0
siblings	: 4
core id		: 0
cpu cores	: 2
apicid		: 0
initial apicid	: 0
fpu		: yes
fpu_exception	: yes
cpuid level	: 13
wp		: yes
flags		: fpu vme de pse tsc msr pae mce cx8 apic sep mtrr pge mca cmov pat pse36 clflush dts acpi mmx fxsr sse sse2 ss ht tm pbe syscall nx pdpe1gb rdtscp lm constant_tsc arch_perfmon pebs bts rep_good nopl xtopology nonstop_tsc aperfmperf eagerfpu pni pclmulqdq dtes64 monitor ds_cpl vmx est tm2 ssse3 fma cx16 xtpr pdcm pcid sse4_1 sse4_2 movbe popcnt tsc_deadline_timer aes xsave avx f16c rdrand lahf_lm abm arat xsaveopt pln pts dtherm tpr_shadow vnmi flexpriority ept vpid fsgsbase tsc_adjust bmi1 avx2 smep bmi2 erms invpcid
bogomips	: 6799.58
clflush size	: 64
cache_alignment	: 64
address sizes	: 39 bits physical, 48 bits virtual
power management:

processor	: 1
vendor_id	: GenuineIntel
cpu family	: 6
model		: 60
model name	: Intel(R) Core(TM) i3-4130 CPU @ 3.40GHz
stepping	: 3
microcode	: 0x17
cpu MHz		: 800.000
cache size	: 3072 KB
physical id	: 0
siblings	: 4
core id		: 1
cpu cores	: 2
apicid		: 2
initial apicid	: 2
fpu		: yes
fpu_exception	: yes
cpuid level	: 13
wp		: yes
flags		: fpu vme de pse tsc msr pae mce cx8 apic sep mtrr pge mca cmov pat pse36 clflush dts acpi mmx fxsr sse sse2 ss ht tm pbe syscall nx pdpe1gb rdtscp lm constant_tsc arch_perfmon pebs bts rep_good nopl xtopology nonstop_tsc aperfmperf eagerfpu pni pclmulqdq dtes64 monitor ds_cpl vmx est tm2 ssse3 fma cx16 xtpr pdcm pcid sse4_1 sse4_2 movbe popcnt tsc_deadline_timer aes xsave avx f16c rdrand lahf_lm abm arat xsaveopt pln pts dtherm tpr_shadow vnmi flexpriority ept vpid fsgsbase tsc_adjust bmi1 avx2 smep bmi2 erms invpcid
bogomips	: 6799.58
clflush size	: 64
cache_alignment	: 64
address sizes	: 39 bits physical, 48 bits virtual
power management:

processor	: 2
vendor_id	: GenuineIntel
cpu family	: 6
model		: 60
model name	: Intel(R) Core(TM) i3-4130 CPU @ 3.40GHz
stepping	: 3
microcode	: 0x17
cpu MHz		: 3400.000
cache size	: 3072 KB
physical id	: 0
siblings	: 4
core id		: 0
cpu cores	: 2
apicid		: 1
initial apicid	: 1
fpu		: yes
fpu_exception	: yes
cpuid level	: 13
wp		: yes
flags		: fpu vme de pse tsc msr pae mce cx8 apic sep mtrr pge mca cmov pat pse36 clflush dts acpi mmx fxsr sse sse2 ss ht tm pbe syscall nx pdpe1gb rdtscp lm constant_tsc arch_perfmon pebs bts rep_good nopl xtopology nonstop_tsc aperfmperf eagerfpu pni pclmulqdq dtes64 monitor ds_cpl vmx est tm2 ssse3 fma cx16 xtpr pdcm pcid sse4_1 sse4_2 movbe popcnt tsc_deadline_timer aes xsave avx f16c rdrand lahf_lm abm arat xsaveopt pln pts dtherm tpr_shadow vnmi flexpriority ept vpid fsgsbase tsc_adjust bmi1 avx2 smep bmi2 erms invpcid
bogomips	: 6799.58
clflush size	: 64
cache_alignment	: 64
address sizes	: 39 bits physical, 48 bits virtual
power management:

processor	: 3
vendor_id	: GenuineIntel
cpu family	: 6
model		: 60
model name	: Intel(R) Core(TM) i3-4130 CPU @ 3.40GHz
stepping	: 3
microcode	: 0x17
cpu MHz		: 1100.000
cache size	: 3072 KB
physical id	: 0
siblings	: 4
core id		: 1
cpu cores	: 2
apicid		: 3
initial apicid	: 3
fpu		: yes
fpu_exception	: yes
cpuid level	: 13
wp		: yes
flags		: fpu vme de pse tsc msr pae mce cx8 apic sep mtrr pge mca cmov pat pse36 clflush dts acpi mmx fxsr sse sse2 ss ht tm pbe syscall nx pdpe1gb rdtscp lm constant_tsc arch_perfmon pebs bts rep_good nopl xtopology nonstop_tsc aperfmperf eagerfpu pni pclmulqdq dtes64 monitor ds_cpl vmx est tm2 ssse3 fma cx16 xtpr pdcm pcid sse4_1 sse4_2 movbe popcnt tsc_deadline_timer aes xsave avx f16c rdrand lahf_lm abm arat xsaveopt pln pts dtherm tpr_shadow vnmi flexpriority ept vpid fsgsbase tsc_adjust bmi1 avx2 smep bmi2 erms invpcid
bogomips	: 6799.58
clflush size	: 64
cache_alignment	: 64
address sizes	: 39 bits physical, 48 bits virtual
power management:



Memory: 4k page, physical 8052332k(115152k free), swap 0k(0k free)

vm_info: OpenJDK 64-Bit Server VM (24.79-b02) for linux-amd64 JRE (1.7.0_79-b14), built on Apr 16 2015 08:21:58 by "buildd" with gcc 4.8.2

time: Fri May 15 16:12:03 2015
elapsed time: 0 seconds

